INFO - 2025-06-18 00:03:41 --> Session: Class initialized using 'CodeIgniter\Session\Handlers\FileHandler' driver.
INFO - 2025-06-18 00:03:41 --> Cart Class Initialized
INFO - 2025-06-18 00:03:42 --> Session: Class initialized using 'CodeIgniter\Session\Handlers\FileHandler' driver.
INFO - 2025-06-18 00:03:42 --> Cart Class Initialized
INFO - 2025-06-18 00:03:42 --> Session: Class initialized using 'CodeIgniter\Session\Handlers\FileHandler' driver.
INFO - 2025-06-18 00:03:42 --> Cart Class Initialized
INFO - 2025-06-18 00:03:43 --> Session: Class initialized using 'CodeIgniter\Session\Handlers\FileHandler' driver.
INFO - 2025-06-18 00:03:43 --> Cart Class Initialized
INFO - 2025-06-18 00:03:45 --> Session: Class initialized using 'CodeIgniter\Session\Handlers\FileHandler' driver.
INFO - 2025-06-18 00:03:45 --> Cart Class Initialized
INFO - 2025-06-18 00:04:02 --> Session: Class initialized using 'CodeIgniter\Session\Handlers\FileHandler' driver.
INFO - 2025-06-18 00:04:02 --> Cart Class Initialized
INFO - 2025-06-18 00:04:42 --> Session: Class initialized using 'CodeIgniter\Session\Handlers\FileHandler' driver.
INFO - 2025-06-18 00:04:42 --> Cart Class Initialized
INFO - 2025-06-18 00:04:43 --> Session: Class initialized using 'CodeIgniter\Session\Handlers\FileHandler' driver.
INFO - 2025-06-18 00:04:43 --> Cart Class Initialized
INFO - 2025-06-18 00:04:43 --> Session: Class initialized using 'CodeIgniter\Session\Handlers\FileHandler' driver.
INFO - 2025-06-18 00:04:43 --> Cart Class Initialized
INFO - 2025-06-18 00:04:44 --> Session: Class initialized using 'CodeIgniter\Session\Handlers\FileHandler' driver.
INFO - 2025-06-18 00:04:44 --> Cart Class Initialized
INFO - 2025-06-18 00:04:44 --> Session: Class initialized using 'CodeIgniter\Session\Handlers\FileHandler' driver.
INFO - 2025-06-18 00:04:44 --> Cart Class Initialized
INFO - 2025-06-18 00:04:45 --> Session: Class initialized using 'CodeIgniter\Session\Handlers\FileHandler' driver.
INFO - 2025-06-18 00:04:45 --> Cart Class Initialized
INFO - 2025-06-18 00:04:45 --> Session: Class initialized using 'CodeIgniter\Session\Handlers\FileHandler' driver.
INFO - 2025-06-18 00:04:45 --> Cart Class Initialized
INFO - 2025-06-18 00:04:48 --> Session: Class initialized using 'CodeIgniter\Session\Handlers\FileHandler' driver.
INFO - 2025-06-18 00:04:48 --> Cart Class Initialized
INFO - 2025-06-18 00:04:48 --> Session: Class initialized using 'CodeIgniter\Session\Handlers\FileHandler' driver.
INFO - 2025-06-18 00:04:48 --> Cart Class Initialized
INFO - 2025-06-18 00:04:50 --> Session: Class initialized using 'CodeIgniter\Session\Handlers\FileHandler' driver.
INFO - 2025-06-18 00:04:50 --> Cart Class Initialized
INFO - 2025-06-18 00:04:52 --> Session: Class initialized using 'CodeIgniter\Session\Handlers\FileHandler' driver.
INFO - 2025-06-18 00:04:52 --> Cart Class Initialized
INFO - 2025-06-18 00:05:07 --> Session: Class initialized using 'CodeIgniter\Session\Handlers\FileHandler' driver.
INFO - 2025-06-18 00:05:07 --> Cart Class Initialized
INFO - 2025-06-18 00:05:13 --> Session: Class initialized using 'CodeIgniter\Session\Handlers\FileHandler' driver.
INFO - 2025-06-18 00:05:13 --> Cart Class Initialized
INFO - 2025-06-18 00:05:14 --> Session: Class initialized using 'CodeIgniter\Session\Handlers\FileHandler' driver.
INFO - 2025-06-18 00:05:14 --> Cart Class Initialized
INFO - 2025-06-18 00:05:15 --> Session: Class initialized using 'CodeIgniter\Session\Handlers\FileHandler' driver.
INFO - 2025-06-18 00:05:15 --> Cart Class Initialized
INFO - 2025-06-18 00:05:16 --> Session: Class initialized using 'CodeIgniter\Session\Handlers\FileHandler' driver.
INFO - 2025-06-18 00:05:16 --> Cart Class Initialized
INFO - 2025-06-18 00:05:17 --> Session: Class initialized using 'CodeIgniter\Session\Handlers\FileHandler' driver.
INFO - 2025-06-18 00:05:17 --> Cart Class Initialized
INFO - 2025-06-18 00:05:19 --> Session: Class initialized using 'CodeIgniter\Session\Handlers\FileHandler' driver.
INFO - 2025-06-18 00:05:19 --> Cart Class Initialized
INFO - 2025-06-18 00:05:19 --> Session: Class initialized using 'CodeIgniter\Session\Handlers\FileHandler' driver.
INFO - 2025-06-18 00:05:19 --> Cart Class Initialized
INFO - 2025-06-18 00:05:22 --> Session: Class initialized using 'CodeIgniter\Session\Handlers\FileHandler' driver.
INFO - 2025-06-18 00:05:22 --> Cart Class Initialized
INFO - 2025-06-18 00:05:22 --> Session: Class initialized using 'CodeIgniter\Session\Handlers\FileHandler' driver.
INFO - 2025-06-18 00:05:22 --> Cart Class Initialized
INFO - 2025-06-18 00:05:23 --> Session: Class initialized using 'CodeIgniter\Session\Handlers\FileHandler' driver.
INFO - 2025-06-18 00:05:23 --> Cart Class Initialized
INFO - 2025-06-18 00:05:26 --> Session: Class initialized using 'CodeIgniter\Session\Handlers\FileHandler' driver.
INFO - 2025-06-18 00:05:26 --> Cart Class Initialized
INFO - 2025-06-18 00:05:26 --> Session: Class initialized using 'CodeIgniter\Session\Handlers\FileHandler' driver.
INFO - 2025-06-18 00:05:26 --> Cart Class Initialized
INFO - 2025-06-18 00:05:31 --> Session: Class initialized using 'CodeIgniter\Session\Handlers\FileHandler' driver.
INFO - 2025-06-18 00:05:31 --> Cart Class Initialized
INFO - 2025-06-18 00:05:31 --> Session: Class initialized using 'CodeIgniter\Session\Handlers\FileHandler' driver.
INFO - 2025-06-18 00:05:31 --> Cart Class Initialized
INFO - 2025-06-18 00:05:32 --> Session: Class initialized using 'CodeIgniter\Session\Handlers\FileHandler' driver.
INFO - 2025-06-18 00:05:32 --> Cart Class Initialized
INFO - 2025-06-18 00:05:59 --> Session: Class initialized using 'CodeIgniter\Session\Handlers\FileHandler' driver.
INFO - 2025-06-18 00:05:59 --> Cart Class Initialized
INFO - 2025-06-18 00:07:05 --> Session: Class initialized using 'CodeIgniter\Session\Handlers\FileHandler' driver.
INFO - 2025-06-18 00:07:05 --> Cart Class Initialized
INFO - 2025-06-18 00:07:08 --> Session: Class initialized using 'CodeIgniter\Session\Handlers\FileHandler' driver.
INFO - 2025-06-18 00:07:08 --> Cart Class Initialized
INFO - 2025-06-18 00:07:08 --> Session: Class initialized using 'CodeIgniter\Session\Handlers\FileHandler' driver.
INFO - 2025-06-18 00:07:08 --> Cart Class Initialized
INFO - 2025-06-18 00:07:11 --> Session: Class initialized using 'CodeIgniter\Session\Handlers\FileHandler' driver.
INFO - 2025-06-18 00:07:11 --> Cart Class Initialized
INFO - 2025-06-18 00:07:12 --> Session: Class initialized using 'CodeIgniter\Session\Handlers\FileHandler' driver.
INFO - 2025-06-18 00:07:12 --> Cart Class Initialized
INFO - 2025-06-18 00:07:12 --> Session: Class initialized using 'CodeIgniter\Session\Handlers\FileHandler' driver.
INFO - 2025-06-18 00:07:12 --> Cart Class Initialized
INFO - 2025-06-18 00:07:13 --> Session: Class initialized using 'CodeIgniter\Session\Handlers\FileHandler' driver.
INFO - 2025-06-18 00:07:13 --> Cart Class Initialized
INFO - 2025-06-18 00:07:13 --> Session: Class initialized using 'CodeIgniter\Session\Handlers\FileHandler' driver.
INFO - 2025-06-18 00:07:13 --> Cart Class Initialized
INFO - 2025-06-18 00:07:14 --> Session: Class initialized using 'CodeIgniter\Session\Handlers\FileHandler' driver.
INFO - 2025-06-18 00:07:14 --> Cart Class Initialized
INFO - 2025-06-18 00:07:35 --> Session: Class initialized using 'CodeIgniter\Session\Handlers\FileHandler' driver.
INFO - 2025-06-18 00:07:35 --> Cart Class Initialized
INFO - 2025-06-18 00:08:05 --> Session: Class initialized using 'CodeIgniter\Session\Handlers\FileHandler' driver.
INFO - 2025-06-18 00:08:05 --> Cart Class Initialized
INFO - 2025-06-18 00:08:43 --> Session: Class initialized using 'CodeIgniter\Session\Handlers\FileHandler' driver.
INFO - 2025-06-18 00:08:43 --> Cart Class Initialized
INFO - 2025-06-18 00:08:47 --> Session: Class initialized using 'CodeIgniter\Session\Handlers\FileHandler' driver.
INFO - 2025-06-18 00:08:47 --> Cart Class Initialized
INFO - 2025-06-18 00:08:49 --> Session: Class initialized using 'CodeIgniter\Session\Handlers\FileHandler' driver.
INFO - 2025-06-18 00:08:49 --> Cart Class Initialized
INFO - 2025-06-18 00:08:53 --> Session: Class initialized using 'CodeIgniter\Session\Handlers\FileHandler' driver.
INFO - 2025-06-18 00:08:53 --> Cart Class Initialized
INFO - 2025-06-18 00:08:53 --> Session: Class initialized using 'CodeIgniter\Session\Handlers\FileHandler' driver.
INFO - 2025-06-18 00:08:53 --> Cart Class Initialized
INFO - 2025-06-18 00:08:56 --> Session: Class initialized using 'CodeIgniter\Session\Handlers\FileHandler' driver.
INFO - 2025-06-18 00:08:56 --> Cart Class Initialized
INFO - 2025-06-18 00:08:56 --> Session: Class initialized using 'CodeIgniter\Session\Handlers\FileHandler' driver.
INFO - 2025-06-18 00:08:56 --> Cart Class Initialized
INFO - 2025-06-18 00:08:59 --> Session: Class initialized using 'CodeIgniter\Session\Handlers\FileHandler' driver.
INFO - 2025-06-18 00:08:59 --> Cart Class Initialized
INFO - 2025-06-18 00:08:59 --> Session: Class initialized using 'CodeIgniter\Session\Handlers\FileHandler' driver.
INFO - 2025-06-18 00:08:59 --> Cart Class Initialized
INFO - 2025-06-18 00:09:00 --> Session: Class initialized using 'CodeIgniter\Session\Handlers\FileHandler' driver.
INFO - 2025-06-18 00:09:00 --> Cart Class Initialized
INFO - 2025-06-18 00:09:03 --> Session: Class initialized using 'CodeIgniter\Session\Handlers\FileHandler' driver.
INFO - 2025-06-18 00:09:03 --> Cart Class Initialized
INFO - 2025-06-18 00:11:58 --> Session: Class initialized using 'CodeIgniter\Session\Handlers\FileHandler' driver.
INFO - 2025-06-18 00:11:58 --> Cart Class Initialized
INFO - 2025-06-18 00:12:03 --> Session: Class initialized using 'CodeIgniter\Session\Handlers\FileHandler' driver.
INFO - 2025-06-18 00:12:03 --> Cart Class Initialized
INFO - 2025-06-18 00:12:03 --> Session: Class initialized using 'CodeIgniter\Session\Handlers\FileHandler' driver.
INFO - 2025-06-18 00:12:03 --> Cart Class Initialized
INFO - 2025-06-18 00:12:05 --> Session: Class initialized using 'CodeIgniter\Session\Handlers\FileHandler' driver.
INFO - 2025-06-18 00:12:05 --> Cart Class Initialized
INFO - 2025-06-18 00:12:05 --> Session: Class initialized using 'CodeIgniter\Session\Handlers\FileHandler' driver.
INFO - 2025-06-18 00:12:05 --> Cart Class Initialized
INFO - 2025-06-18 00:12:08 --> Session: Class initialized using 'CodeIgniter\Session\Handlers\FileHandler' driver.
INFO - 2025-06-18 00:12:08 --> Cart Class Initialized
INFO - 2025-06-18 00:12:08 --> Session: Class initialized using 'CodeIgniter\Session\Handlers\FileHandler' driver.
INFO - 2025-06-18 00:12:08 --> Cart Class Initialized
INFO - 2025-06-18 00:12:09 --> Session: Class initialized using 'CodeIgniter\Session\Handlers\FileHandler' driver.
INFO - 2025-06-18 00:12:09 --> Cart Class Initialized
INFO - 2025-06-18 00:12:11 --> Session: Class initialized using 'CodeIgniter\Session\Handlers\FileHandler' driver.
INFO - 2025-06-18 00:12:11 --> Cart Class Initialized
ERROR - 2025-06-18 00:12:11 --> mysqli_sql_exception: Unknown column 'u.id' in 'on clause' in C:\xampp\htdocs\Proyecto-Emilio-Erk\system\Database\MySQLi\Connection.php:295
Stack trace:
#0 C:\xampp\htdocs\Proyecto-Emilio-Erk\system\Database\MySQLi\Connection.php(295): mysqli->query('SELECT `vc`.*, ...', 0)
#1 C:\xampp\htdocs\Proyecto-Emilio-Erk\system\Database\BaseConnection.php(691): CodeIgniter\Database\MySQLi\Connection->execute('SELECT `vc`.*, ...')
#2 C:\xampp\htdocs\Proyecto-Emilio-Erk\system\Database\BaseConnection.php(605): CodeIgniter\Database\BaseConnection->simpleQuery('SELECT `vc`.*, ...')
#3 C:\xampp\htdocs\Proyecto-Emilio-Erk\system\Database\BaseBuilder.php(1616): CodeIgniter\Database\BaseConnection->query('SELECT `vc`.*, ...', Array, false)
#4 C:\xampp\htdocs\Proyecto-Emilio-Erk\app\Controllers\Ventascontroller.php(264): CodeIgniter\Database\BaseBuilder->get()
#5 C:\xampp\htdocs\Proyecto-Emilio-Erk\system\CodeIgniter.php(934): App\Controllers\Ventascontroller->factura('81')
#6 C:\xampp\htdocs\Proyecto-Emilio-Erk\system\CodeIgniter.php(499): CodeIgniter\CodeIgniter->runController(Object(App\Controllers\Ventascontroller))
#7 C:\xampp\htdocs\Proyecto-Emilio-Erk\system\CodeIgniter.php(368): CodeIgniter\CodeIgniter->handleRequest(NULL, Object(Config\Cache), false)
#8 C:\xampp\htdocs\Proyecto-Emilio-Erk\index.php(67): CodeIgniter\CodeIgniter->run()
#9 {main}
CRITICAL - 2025-06-18 00:12:11 --> Unknown column 'u.id' in 'on clause'
in SYSTEMPATH\Database\BaseConnection.php on line 645.
 1 SYSTEMPATH\Database\BaseBuilder.php(1616): CodeIgniter\Database\BaseConnection->query('SELECT `vc`.*, `u`.`Nombre` as `nombre_usuario`
FROM `venta_cabecera` `vc`
JOIN `usuarios` `u` ON `vc`.`usuario_id` = `u`.`id`
WHERE `vc`.`id` = :vc.id:', [...], false)
 2 APPPATH\Controllers\Ventascontroller.php(264): CodeIgniter\Database\BaseBuilder->get()
 3 SYSTEMPATH\CodeIgniter.php(934): App\Controllers\Ventascontroller->factura('81')
 4 SYSTEMPATH\CodeIgniter.php(499): CodeIgniter\CodeIgniter->runController(Object(App\Controllers\Ventascontroller))
 5 SYSTEMPATH\CodeIgniter.php(368): CodeIgniter\CodeIgniter->handleRequest(null, Object(Config\Cache), false)
 6 FCPATH\index.php(67): CodeIgniter\CodeIgniter->run()
ERROR - 2025-06-18 00:13:10 --> mysqli_sql_exception: Table 'emilio.productos' doesn't exist in C:\xampp\htdocs\Proyecto-Emilio-Erk\system\Database\MySQLi\Connection.php:295
Stack trace:
#0 C:\xampp\htdocs\Proyecto-Emilio-Erk\system\Database\MySQLi\Connection.php(295): mysqli->query('SELECT `product...', 0)
#1 C:\xampp\htdocs\Proyecto-Emilio-Erk\system\Database\BaseConnection.php(691): CodeIgniter\Database\MySQLi\Connection->execute('SELECT `product...')
#2 C:\xampp\htdocs\Proyecto-Emilio-Erk\system\Database\BaseConnection.php(605): CodeIgniter\Database\BaseConnection->simpleQuery('SELECT `product...')
#3 C:\xampp\htdocs\Proyecto-Emilio-Erk\system\Database\BaseBuilder.php(1616): CodeIgniter\Database\BaseConnection->query('SELECT `product...', Array, false)
#4 C:\xampp\htdocs\Proyecto-Emilio-Erk\system\Model.php(241): CodeIgniter\Database\BaseBuilder->get()
#5 C:\xampp\htdocs\Proyecto-Emilio-Erk\system\BaseModel.php(618): CodeIgniter\Model->doFindAll(0, 0)
#6 C:\xampp\htdocs\Proyecto-Emilio-Erk\app\Controllers\Ventascontroller.php(272): CodeIgniter\BaseModel->findAll()
#7 C:\xampp\htdocs\Proyecto-Emilio-Erk\system\CodeIgniter.php(934): App\Controllers\Ventascontroller->factura('81')
#8 C:\xampp\htdocs\Proyecto-Emilio-Erk\system\CodeIgniter.php(499): CodeIgniter\CodeIgniter->runController(Object(App\Controllers\Ventascontroller))
#9 C:\xampp\htdocs\Proyecto-Emilio-Erk\system\CodeIgniter.php(368): CodeIgniter\CodeIgniter->handleRequest(NULL, Object(Config\Cache), false)
#10 C:\xampp\htdocs\Proyecto-Emilio-Erk\index.php(67): CodeIgniter\CodeIgniter->run()
#11 {main}
CRITICAL - 2025-06-18 00:13:10 --> Table 'emilio.productos' doesn't exist
in SYSTEMPATH\Database\BaseConnection.php on line 645.
 1 SYSTEMPATH\Database\BaseBuilder.php(1616): CodeIgniter\Database\BaseConnection->query('SELECT `productos`.`Nombre`, `ventas_detalle`.*
FROM `venta_detalle`
JOIN `productos` ON `productos`.`id` = `ventas_detalle`.`producto_id`
WHERE `venta_id` = :venta_id:', [...], false)
 2 SYSTEMPATH\Model.php(241): CodeIgniter\Database\BaseBuilder->get()
 3 SYSTEMPATH\BaseModel.php(618): CodeIgniter\Model->doFindAll(0, 0)
 4 APPPATH\Controllers\Ventascontroller.php(272): CodeIgniter\BaseModel->findAll()
 5 SYSTEMPATH\CodeIgniter.php(934): App\Controllers\Ventascontroller->factura('81')
 6 SYSTEMPATH\CodeIgniter.php(499): CodeIgniter\CodeIgniter->runController(Object(App\Controllers\Ventascontroller))
 7 SYSTEMPATH\CodeIgniter.php(368): CodeIgniter\CodeIgniter->handleRequest(null, Object(Config\Cache), false)
 8 FCPATH\index.php(67): CodeIgniter\CodeIgniter->run()
ERROR - 2025-06-18 00:14:21 --> mysqli_sql_exception: Unknown table 'emilio.ventas_detalle' in C:\xampp\htdocs\Proyecto-Emilio-Erk\system\Database\MySQLi\Connection.php:295
Stack trace:
#0 C:\xampp\htdocs\Proyecto-Emilio-Erk\system\Database\MySQLi\Connection.php(295): mysqli->query('SELECT `product...', 0)
#1 C:\xampp\htdocs\Proyecto-Emilio-Erk\system\Database\BaseConnection.php(691): CodeIgniter\Database\MySQLi\Connection->execute('SELECT `product...')
#2 C:\xampp\htdocs\Proyecto-Emilio-Erk\system\Database\BaseConnection.php(605): CodeIgniter\Database\BaseConnection->simpleQuery('SELECT `product...')
#3 C:\xampp\htdocs\Proyecto-Emilio-Erk\system\Database\BaseBuilder.php(1616): CodeIgniter\Database\BaseConnection->query('SELECT `product...', Array, false)
#4 C:\xampp\htdocs\Proyecto-Emilio-Erk\system\Model.php(241): CodeIgniter\Database\BaseBuilder->get()
#5 C:\xampp\htdocs\Proyecto-Emilio-Erk\system\BaseModel.php(618): CodeIgniter\Model->doFindAll(0, 0)
#6 C:\xampp\htdocs\Proyecto-Emilio-Erk\app\Controllers\Ventascontroller.php(272): CodeIgniter\BaseModel->findAll()
#7 C:\xampp\htdocs\Proyecto-Emilio-Erk\system\CodeIgniter.php(934): App\Controllers\Ventascontroller->factura('81')
#8 C:\xampp\htdocs\Proyecto-Emilio-Erk\system\CodeIgniter.php(499): CodeIgniter\CodeIgniter->runController(Object(App\Controllers\Ventascontroller))
#9 C:\xampp\htdocs\Proyecto-Emilio-Erk\system\CodeIgniter.php(368): CodeIgniter\CodeIgniter->handleRequest(NULL, Object(Config\Cache), false)
#10 C:\xampp\htdocs\Proyecto-Emilio-Erk\index.php(67): CodeIgniter\CodeIgniter->run()
#11 {main}
CRITICAL - 2025-06-18 00:14:21 --> Unknown table 'emilio.ventas_detalle'
in SYSTEMPATH\Database\BaseConnection.php on line 645.
 1 SYSTEMPATH\Database\BaseBuilder.php(1616): CodeIgniter\Database\BaseConnection->query('SELECT `producto`.`Nombre`, `ventas_detalle`.*
FROM `venta_detalle`
JOIN `producto` ON `productos`.`ID_Pro` = `ventas_detalle`.`producto_id`
WHERE `venta_id` = :venta_id:', [...], false)
 2 SYSTEMPATH\Model.php(241): CodeIgniter\Database\BaseBuilder->get()
 3 SYSTEMPATH\BaseModel.php(618): CodeIgniter\Model->doFindAll(0, 0)
 4 APPPATH\Controllers\Ventascontroller.php(272): CodeIgniter\BaseModel->findAll()
 5 SYSTEMPATH\CodeIgniter.php(934): App\Controllers\Ventascontroller->factura('81')
 6 SYSTEMPATH\CodeIgniter.php(499): CodeIgniter\CodeIgniter->runController(Object(App\Controllers\Ventascontroller))
 7 SYSTEMPATH\CodeIgniter.php(368): CodeIgniter\CodeIgniter->handleRequest(null, Object(Config\Cache), false)
 8 FCPATH\index.php(67): CodeIgniter\CodeIgniter->run()
ERROR - 2025-06-18 00:14:44 --> mysqli_sql_exception: Unknown column 'productos.ID_Pro' in 'on clause' in C:\xampp\htdocs\Proyecto-Emilio-Erk\system\Database\MySQLi\Connection.php:295
Stack trace:
#0 C:\xampp\htdocs\Proyecto-Emilio-Erk\system\Database\MySQLi\Connection.php(295): mysqli->query('SELECT `product...', 0)
#1 C:\xampp\htdocs\Proyecto-Emilio-Erk\system\Database\BaseConnection.php(691): CodeIgniter\Database\MySQLi\Connection->execute('SELECT `product...')
#2 C:\xampp\htdocs\Proyecto-Emilio-Erk\system\Database\BaseConnection.php(605): CodeIgniter\Database\BaseConnection->simpleQuery('SELECT `product...')
#3 C:\xampp\htdocs\Proyecto-Emilio-Erk\system\Database\BaseBuilder.php(1616): CodeIgniter\Database\BaseConnection->query('SELECT `product...', Array, false)
#4 C:\xampp\htdocs\Proyecto-Emilio-Erk\system\Model.php(241): CodeIgniter\Database\BaseBuilder->get()
#5 C:\xampp\htdocs\Proyecto-Emilio-Erk\system\BaseModel.php(618): CodeIgniter\Model->doFindAll(0, 0)
#6 C:\xampp\htdocs\Proyecto-Emilio-Erk\app\Controllers\Ventascontroller.php(272): CodeIgniter\BaseModel->findAll()
#7 C:\xampp\htdocs\Proyecto-Emilio-Erk\system\CodeIgniter.php(934): App\Controllers\Ventascontroller->factura('81')
#8 C:\xampp\htdocs\Proyecto-Emilio-Erk\system\CodeIgniter.php(499): CodeIgniter\CodeIgniter->runController(Object(App\Controllers\Ventascontroller))
#9 C:\xampp\htdocs\Proyecto-Emilio-Erk\system\CodeIgniter.php(368): CodeIgniter\CodeIgniter->handleRequest(NULL, Object(Config\Cache), false)
#10 C:\xampp\htdocs\Proyecto-Emilio-Erk\index.php(67): CodeIgniter\CodeIgniter->run()
#11 {main}
CRITICAL - 2025-06-18 00:14:44 --> Unknown column 'productos.ID_Pro' in 'on clause'
in SYSTEMPATH\Database\BaseConnection.php on line 645.
 1 SYSTEMPATH\Database\BaseBuilder.php(1616): CodeIgniter\Database\BaseConnection->query('SELECT `producto`.`Nombre`, `venta_detalle`.*
FROM `venta_detalle`
JOIN `producto` ON `productos`.`ID_Pro` = `venta_detalle`.`producto_id`
WHERE `venta_id` = :venta_id:', [...], false)
 2 SYSTEMPATH\Model.php(241): CodeIgniter\Database\BaseBuilder->get()
 3 SYSTEMPATH\BaseModel.php(618): CodeIgniter\Model->doFindAll(0, 0)
 4 APPPATH\Controllers\Ventascontroller.php(272): CodeIgniter\BaseModel->findAll()
 5 SYSTEMPATH\CodeIgniter.php(934): App\Controllers\Ventascontroller->factura('81')
 6 SYSTEMPATH\CodeIgniter.php(499): CodeIgniter\CodeIgniter->runController(Object(App\Controllers\Ventascontroller))
 7 SYSTEMPATH\CodeIgniter.php(368): CodeIgniter\CodeIgniter->handleRequest(null, Object(Config\Cache), false)
 8 FCPATH\index.php(67): CodeIgniter\CodeIgniter->run()
CRITICAL - 2025-06-18 00:14:52 --> Undefined index: nombre_usuario
in APPPATH\Views\Ventas\factura.php on line 33.
 1 APPPATH\Views\Ventas\factura.php(33): CodeIgniter\Debug\Exceptions->errorHandler(8, 'Undefined index: nombre_usuario', 'APPPATH\\Views\\Ventas\\factura.php', 33, [...])
 2 SYSTEMPATH\View\View.php(213): include('APPPATH\\Views\\Ventas\\factura.php')
 3 SYSTEMPATH\View\View.php(216): CodeIgniter\View\View->CodeIgniter\View\{closure}()
 4 SYSTEMPATH\Common.php(1184): CodeIgniter\View\View->render('Ventas/factura', [], true)
 5 APPPATH\Controllers\Ventascontroller.php(276): view('Ventas/factura', [...])
 6 SYSTEMPATH\CodeIgniter.php(934): App\Controllers\Ventascontroller->factura('81')
 7 SYSTEMPATH\CodeIgniter.php(499): CodeIgniter\CodeIgniter->runController(Object(App\Controllers\Ventascontroller))
 8 SYSTEMPATH\CodeIgniter.php(368): CodeIgniter\CodeIgniter->handleRequest(null, Object(Config\Cache), false)
 9 FCPATH\index.php(67): CodeIgniter\CodeIgniter->run()
CRITICAL - 2025-06-18 00:17:17 --> Undefined index: nombre_producto
in APPPATH\Views\Ventas\factura.php on line 33.
 1 APPPATH\Views\Ventas\factura.php(33): CodeIgniter\Debug\Exceptions->errorHandler(8, 'Undefined index: nombre_producto', 'APPPATH\\Views\\Ventas\\factura.php', 33, [...])
 2 SYSTEMPATH\View\View.php(213): include('APPPATH\\Views\\Ventas\\factura.php')
 3 SYSTEMPATH\View\View.php(216): CodeIgniter\View\View->CodeIgniter\View\{closure}()
 4 SYSTEMPATH\Common.php(1184): CodeIgniter\View\View->render('Ventas/factura', [], true)
 5 APPPATH\Controllers\Ventascontroller.php(276): view('Ventas/factura', [...])
 6 SYSTEMPATH\CodeIgniter.php(934): App\Controllers\Ventascontroller->factura('81')
 7 SYSTEMPATH\CodeIgniter.php(499): CodeIgniter\CodeIgniter->runController(Object(App\Controllers\Ventascontroller))
 8 SYSTEMPATH\CodeIgniter.php(368): CodeIgniter\CodeIgniter->handleRequest(null, Object(Config\Cache), false)
 9 FCPATH\index.php(67): CodeIgniter\CodeIgniter->run()
CRITICAL - 2025-06-18 00:19:17 --> Undefined variable: total
in APPPATH\Views\Ventas\factura.php on line 47.
 1 APPPATH\Views\Ventas\factura.php(47): CodeIgniter\Debug\Exceptions->errorHandler(8, 'Undefined variable: total', 'APPPATH\\Views\\Ventas\\factura.php', 47, [...])
 2 SYSTEMPATH\View\View.php(213): include('APPPATH\\Views\\Ventas\\factura.php')
 3 SYSTEMPATH\View\View.php(216): CodeIgniter\View\View->CodeIgniter\View\{closure}()
 4 SYSTEMPATH\Common.php(1184): CodeIgniter\View\View->render('Ventas/factura', [], true)
 5 APPPATH\Controllers\Ventascontroller.php(276): view('Ventas/factura', [...])
 6 SYSTEMPATH\CodeIgniter.php(934): App\Controllers\Ventascontroller->factura('81')
 7 SYSTEMPATH\CodeIgniter.php(499): CodeIgniter\CodeIgniter->runController(Object(App\Controllers\Ventascontroller))
 8 SYSTEMPATH\CodeIgniter.php(368): CodeIgniter\CodeIgniter->handleRequest(null, Object(Config\Cache), false)
 9 FCPATH\index.php(67): CodeIgniter\CodeIgniter->run()
CRITICAL - 2025-06-18 00:20:24 --> syntax error, unexpected ''total'' (T_CONSTANT_ENCAPSED_STRING), expecting ']'
in APPPATH\Controllers\Ventascontroller.php on line 277.
 1 SYSTEMPATH\Autoloader\Autoloader.php(289): CodeIgniter\Autoloader\Autoloader->includeFile('APPPATH\\Controllers\\Ventascontroller.php')
 2 SYSTEMPATH\Autoloader\Autoloader.php(267): CodeIgniter\Autoloader\Autoloader->loadInNamespace('App\\Controllers\\Ventascontroller')
 3 [internal function]: CodeIgniter\Autoloader\Autoloader->loadClass('App\\Controllers\\Ventascontroller')
 4 [internal function]: spl_autoload_call('App\\Controllers\\Ventascontroller')
 5 SYSTEMPATH\CodeIgniter.php(892): class_exists('\\App\\Controllers\\Ventascontroller', true)
 6 SYSTEMPATH\CodeIgniter.php(486): CodeIgniter\CodeIgniter->startController()
 7 SYSTEMPATH\CodeIgniter.php(368): CodeIgniter\CodeIgniter->handleRequest(null, Object(Config\Cache), false)
 8 FCPATH\index.php(67): CodeIgniter\CodeIgniter->run()
CRITICAL - 2025-06-18 00:21:26 --> Undefined variable: total
in APPPATH\Controllers\Ventascontroller.php on line 277.
 1 APPPATH\Controllers\Ventascontroller.php(277): CodeIgniter\Debug\Exceptions->errorHandler(8, 'Undefined variable: total', 'APPPATH\\Controllers\\Ventascontroller.php', 277, [...])
 2 SYSTEMPATH\CodeIgniter.php(934): App\Controllers\Ventascontroller->factura('81')
 3 SYSTEMPATH\CodeIgniter.php(499): CodeIgniter\CodeIgniter->runController(Object(App\Controllers\Ventascontroller))
 4 SYSTEMPATH\CodeIgniter.php(368): CodeIgniter\CodeIgniter->handleRequest(null, Object(Config\Cache), false)
 5 FCPATH\index.php(67): CodeIgniter\CodeIgniter->run()
CRITICAL - 2025-06-18 00:23:00 --> Undefined variable: total
in APPPATH\Controllers\Ventascontroller.php on line 277.
 1 APPPATH\Controllers\Ventascontroller.php(277): CodeIgniter\Debug\Exceptions->errorHandler(8, 'Undefined variable: total', 'APPPATH\\Controllers\\Ventascontroller.php', 277, [...])
 2 SYSTEMPATH\CodeIgniter.php(934): App\Controllers\Ventascontroller->factura('81')
 3 SYSTEMPATH\CodeIgniter.php(499): CodeIgniter\CodeIgniter->runController(Object(App\Controllers\Ventascontroller))
 4 SYSTEMPATH\CodeIgniter.php(368): CodeIgniter\CodeIgniter->handleRequest(null, Object(Config\Cache), false)
 5 FCPATH\index.php(67): CodeIgniter\CodeIgniter->run()
INFO - 2025-06-18 00:27:51 --> Session: Class initialized using 'CodeIgniter\Session\Handlers\FileHandler' driver.
INFO - 2025-06-18 00:27:51 --> Cart Class Initialized
INFO - 2025-06-18 00:27:56 --> Session: Class initialized using 'CodeIgniter\Session\Handlers\FileHandler' driver.
INFO - 2025-06-18 00:27:56 --> Cart Class Initialized
INFO - 2025-06-18 00:27:56 --> Session: Class initialized using 'CodeIgniter\Session\Handlers\FileHandler' driver.
INFO - 2025-06-18 00:27:56 --> Cart Class Initialized
INFO - 2025-06-18 00:27:58 --> Session: Class initialized using 'CodeIgniter\Session\Handlers\FileHandler' driver.
INFO - 2025-06-18 00:27:58 --> Cart Class Initialized
INFO - 2025-06-18 00:27:58 --> Session: Class initialized using 'CodeIgniter\Session\Handlers\FileHandler' driver.
INFO - 2025-06-18 00:27:58 --> Cart Class Initialized
INFO - 2025-06-18 00:28:01 --> Session: Class initialized using 'CodeIgniter\Session\Handlers\FileHandler' driver.
INFO - 2025-06-18 00:28:01 --> Cart Class Initialized
INFO - 2025-06-18 00:28:01 --> Session: Class initialized using 'CodeIgniter\Session\Handlers\FileHandler' driver.
INFO - 2025-06-18 00:28:01 --> Cart Class Initialized
INFO - 2025-06-18 00:28:04 --> Session: Class initialized using 'CodeIgniter\Session\Handlers\FileHandler' driver.
INFO - 2025-06-18 00:28:04 --> Cart Class Initialized
INFO - 2025-06-18 00:28:04 --> Session: Class initialized using 'CodeIgniter\Session\Handlers\FileHandler' driver.
INFO - 2025-06-18 00:28:04 --> Cart Class Initialized
INFO - 2025-06-18 00:28:05 --> Session: Class initialized using 'CodeIgniter\Session\Handlers\FileHandler' driver.
INFO - 2025-06-18 00:28:05 --> Cart Class Initialized
INFO - 2025-06-18 00:28:08 --> Session: Class initialized using 'CodeIgniter\Session\Handlers\FileHandler' driver.
INFO - 2025-06-18 00:28:08 --> Cart Class Initialized
INFO - 2025-06-18 00:28:45 --> Session: Class initialized using 'CodeIgniter\Session\Handlers\FileHandler' driver.
INFO - 2025-06-18 00:28:45 --> Cart Class Initialized
INFO - 2025-06-18 00:28:46 --> Session: Class initialized using 'CodeIgniter\Session\Handlers\FileHandler' driver.
INFO - 2025-06-18 00:28:46 --> Cart Class Initialized
INFO - 2025-06-18 00:28:50 --> Session: Class initialized using 'CodeIgniter\Session\Handlers\FileHandler' driver.
INFO - 2025-06-18 00:28:50 --> Cart Class Initialized
INFO - 2025-06-18 00:28:50 --> Session: Class initialized using 'CodeIgniter\Session\Handlers\FileHandler' driver.
INFO - 2025-06-18 00:28:50 --> Cart Class Initialized
INFO - 2025-06-18 00:28:52 --> Session: Class initialized using 'CodeIgniter\Session\Handlers\FileHandler' driver.
INFO - 2025-06-18 00:28:52 --> Cart Class Initialized
INFO - 2025-06-18 00:28:52 --> Session: Class initialized using 'CodeIgniter\Session\Handlers\FileHandler' driver.
INFO - 2025-06-18 00:28:52 --> Cart Class Initialized
INFO - 2025-06-18 00:28:54 --> Session: Class initialized using 'CodeIgniter\Session\Handlers\FileHandler' driver.
INFO - 2025-06-18 00:28:54 --> Cart Class Initialized
INFO - 2025-06-18 00:28:54 --> Session: Class initialized using 'CodeIgniter\Session\Handlers\FileHandler' driver.
INFO - 2025-06-18 00:28:54 --> Cart Class Initialized
INFO - 2025-06-18 00:28:56 --> Session: Class initialized using 'CodeIgniter\Session\Handlers\FileHandler' driver.
INFO - 2025-06-18 00:28:56 --> Cart Class Initialized
INFO - 2025-06-18 00:28:56 --> Session: Class initialized using 'CodeIgniter\Session\Handlers\FileHandler' driver.
INFO - 2025-06-18 00:28:56 --> Cart Class Initialized
INFO - 2025-06-18 00:28:58 --> Session: Class initialized using 'CodeIgniter\Session\Handlers\FileHandler' driver.
INFO - 2025-06-18 00:28:58 --> Cart Class Initialized
INFO - 2025-06-18 00:29:14 --> Session: Class initialized using 'CodeIgniter\Session\Handlers\FileHandler' driver.
INFO - 2025-06-18 00:29:14 --> Cart Class Initialized
INFO - 2025-06-18 00:31:49 --> Session: Class initialized using 'CodeIgniter\Session\Handlers\FileHandler' driver.
INFO - 2025-06-18 00:31:49 --> Cart Class Initialized
INFO - 2025-06-18 00:31:51 --> Session: Class initialized using 'CodeIgniter\Session\Handlers\FileHandler' driver.
INFO - 2025-06-18 00:31:51 --> Cart Class Initialized
INFO - 2025-06-18 00:31:51 --> Session: Class initialized using 'CodeIgniter\Session\Handlers\FileHandler' driver.
INFO - 2025-06-18 00:31:51 --> Cart Class Initialized
INFO - 2025-06-18 00:31:54 --> Session: Class initialized using 'CodeIgniter\Session\Handlers\FileHandler' driver.
INFO - 2025-06-18 00:31:54 --> Cart Class Initialized
INFO - 2025-06-18 00:31:54 --> Session: Class initialized using 'CodeIgniter\Session\Handlers\FileHandler' driver.
INFO - 2025-06-18 00:31:54 --> Cart Class Initialized
INFO - 2025-06-18 00:31:55 --> Session: Class initialized using 'CodeIgniter\Session\Handlers\FileHandler' driver.
INFO - 2025-06-18 00:31:55 --> Cart Class Initialized
INFO - 2025-06-18 00:31:58 --> Session: Class initialized using 'CodeIgniter\Session\Handlers\FileHandler' driver.
INFO - 2025-06-18 00:31:58 --> Cart Class Initialized
INFO - 2025-06-18 00:32:07 --> Session: Class initialized using 'CodeIgniter\Session\Handlers\FileHandler' driver.
INFO - 2025-06-18 00:32:07 --> Cart Class Initialized
INFO - 2025-06-18 00:32:16 --> Session: Class initialized using 'CodeIgniter\Session\Handlers\FileHandler' driver.
INFO - 2025-06-18 00:32:16 --> Cart Class Initialized
INFO - 2025-06-18 00:32:17 --> Session: Class initialized using 'CodeIgniter\Session\Handlers\FileHandler' driver.
INFO - 2025-06-18 00:32:17 --> Cart Class Initialized
INFO - 2025-06-18 00:32:19 --> Session: Class initialized using 'CodeIgniter\Session\Handlers\FileHandler' driver.
INFO - 2025-06-18 00:32:19 --> Cart Class Initialized
INFO - 2025-06-18 00:32:20 --> Session: Class initialized using 'CodeIgniter\Session\Handlers\FileHandler' driver.
INFO - 2025-06-18 00:32:20 --> Cart Class Initialized
INFO - 2025-06-18 00:32:22 --> Session: Class initialized using 'CodeIgniter\Session\Handlers\FileHandler' driver.
INFO - 2025-06-18 00:32:22 --> Cart Class Initialized
INFO - 2025-06-18 00:32:22 --> Session: Class initialized using 'CodeIgniter\Session\Handlers\FileHandler' driver.
INFO - 2025-06-18 00:32:22 --> Cart Class Initialized
INFO - 2025-06-18 00:32:24 --> Session: Class initialized using 'CodeIgniter\Session\Handlers\FileHandler' driver.
INFO - 2025-06-18 00:32:24 --> Cart Class Initialized
INFO - 2025-06-18 00:33:25 --> Session: Class initialized using 'CodeIgniter\Session\Handlers\FileHandler' driver.
INFO - 2025-06-18 00:33:25 --> Cart Class Initialized
INFO - 2025-06-18 00:33:25 --> Session: Class initialized using 'CodeIgniter\Session\Handlers\FileHandler' driver.
INFO - 2025-06-18 00:33:25 --> Cart Class Initialized
INFO - 2025-06-18 00:33:26 --> Session: Class initialized using 'CodeIgniter\Session\Handlers\FileHandler' driver.
INFO - 2025-06-18 00:33:26 --> Cart Class Initialized
INFO - 2025-06-18 00:33:26 --> Session: Class initialized using 'CodeIgniter\Session\Handlers\FileHandler' driver.
INFO - 2025-06-18 00:33:26 --> Cart Class Initialized
INFO - 2025-06-18 00:33:26 --> Session: Class initialized using 'CodeIgniter\Session\Handlers\FileHandler' driver.
INFO - 2025-06-18 00:33:26 --> Cart Class Initialized
INFO - 2025-06-18 00:33:26 --> Session: Class initialized using 'CodeIgniter\Session\Handlers\FileHandler' driver.
INFO - 2025-06-18 00:33:26 --> Cart Class Initialized
INFO - 2025-06-18 00:33:27 --> Session: Class initialized using 'CodeIgniter\Session\Handlers\FileHandler' driver.
INFO - 2025-06-18 00:33:27 --> Cart Class Initialized
INFO - 2025-06-18 00:33:27 --> Session: Class initialized using 'CodeIgniter\Session\Handlers\FileHandler' driver.
INFO - 2025-06-18 00:33:27 --> Cart Class Initialized
INFO - 2025-06-18 00:33:28 --> Session: Class initialized using 'CodeIgniter\Session\Handlers\FileHandler' driver.
INFO - 2025-06-18 00:33:28 --> Cart Class Initialized
INFO - 2025-06-18 00:33:37 --> Session: Class initialized using 'CodeIgniter\Session\Handlers\FileHandler' driver.
INFO - 2025-06-18 00:33:38 --> Cart Class Initialized
INFO - 2025-06-18 00:40:18 --> Session: Class initialized using 'CodeIgniter\Session\Handlers\FileHandler' driver.
INFO - 2025-06-18 00:40:18 --> Cart Class Initialized
INFO - 2025-06-18 00:42:48 --> Session: Class initialized using 'CodeIgniter\Session\Handlers\FileHandler' driver.
INFO - 2025-06-18 00:42:48 --> Session: Class initialized using 'CodeIgniter\Session\Handlers\FileHandler' driver.
INFO - 2025-06-18 00:42:48 --> Cart Class Initialized
INFO - 2025-06-18 00:43:24 --> Session: Class initialized using 'CodeIgniter\Session\Handlers\FileHandler' driver.
INFO - 2025-06-18 00:43:24 --> Cart Class Initialized
INFO - 2025-06-18 00:44:15 --> Session: Class initialized using 'CodeIgniter\Session\Handlers\FileHandler' driver.
INFO - 2025-06-18 00:44:15 --> Session: Class initialized using 'CodeIgniter\Session\Handlers\FileHandler' driver.
INFO - 2025-06-18 00:44:15 --> Cart Class Initialized
INFO - 2025-06-18 00:44:54 --> Session: Class initialized using 'CodeIgniter\Session\Handlers\FileHandler' driver.
INFO - 2025-06-18 00:44:54 --> Session: Class initialized using 'CodeIgniter\Session\Handlers\FileHandler' driver.
INFO - 2025-06-18 00:44:54 --> Cart Class Initialized
INFO - 2025-06-18 01:49:59 --> Session: Class initialized using 'CodeIgniter\Session\Handlers\FileHandler' driver.
INFO - 2025-06-18 01:49:59 --> Cart Class Initialized
INFO - 2025-06-18 01:50:31 --> Session: Class initialized using 'CodeIgniter\Session\Handlers\FileHandler' driver.
INFO - 2025-06-18 01:50:31 --> Cart Class Initialized
INFO - 2025-06-18 01:50:36 --> Session: Class initialized using 'CodeIgniter\Session\Handlers\FileHandler' driver.
INFO - 2025-06-18 01:50:36 --> Session: Class initialized using 'CodeIgniter\Session\Handlers\FileHandler' driver.
INFO - 2025-06-18 01:50:36 --> Cart Class Initialized
INFO - 2025-06-18 01:55:10 --> Session: Class initialized using 'CodeIgniter\Session\Handlers\FileHandler' driver.
INFO - 2025-06-18 01:55:10 --> Cart Class Initialized
INFO - 2025-06-18 01:55:12 --> Session: Class initialized using 'CodeIgniter\Session\Handlers\FileHandler' driver.
INFO - 2025-06-18 01:55:12 --> Cart Class Initialized
INFO - 2025-06-18 01:55:12 --> Session: Class initialized using 'CodeIgniter\Session\Handlers\FileHandler' driver.
INFO - 2025-06-18 01:55:12 --> Cart Class Initialized
INFO - 2025-06-18 01:55:13 --> Session: Class initialized using 'CodeIgniter\Session\Handlers\FileHandler' driver.
INFO - 2025-06-18 01:55:13 --> Cart Class Initialized
INFO - 2025-06-18 01:55:13 --> Session: Class initialized using 'CodeIgniter\Session\Handlers\FileHandler' driver.
INFO - 2025-06-18 01:55:13 --> Cart Class Initialized
INFO - 2025-06-18 01:55:15 --> Session: Class initialized using 'CodeIgniter\Session\Handlers\FileHandler' driver.
INFO - 2025-06-18 01:55:15 --> Cart Class Initialized
INFO - 2025-06-18 01:55:15 --> Session: Class initialized using 'CodeIgniter\Session\Handlers\FileHandler' driver.
INFO - 2025-06-18 01:55:15 --> Cart Class Initialized
INFO - 2025-06-18 01:55:16 --> Session: Class initialized using 'CodeIgniter\Session\Handlers\FileHandler' driver.
INFO - 2025-06-18 01:55:16 --> Cart Class Initialized
INFO - 2025-06-18 01:55:18 --> Session: Class initialized using 'CodeIgniter\Session\Handlers\FileHandler' driver.
INFO - 2025-06-18 01:55:18 --> Cart Class Initialized
INFO - 2025-06-18 01:55:18 --> Session: Class initialized using 'CodeIgniter\Session\Handlers\FileHandler' driver.
INFO - 2025-06-18 01:55:18 --> Cart Class Initialized
INFO - 2025-06-18 01:55:22 --> Session: Class initialized using 'CodeIgniter\Session\Handlers\FileHandler' driver.
INFO - 2025-06-18 01:55:22 --> Session: Class initialized using 'CodeIgniter\Session\Handlers\FileHandler' driver.
INFO - 2025-06-18 01:55:22 --> Cart Class Initialized
INFO - 2025-06-18 01:55:28 --> Session: Class initialized using 'CodeIgniter\Session\Handlers\FileHandler' driver.
INFO - 2025-06-18 01:55:28 --> Session: Class initialized using 'CodeIgniter\Session\Handlers\FileHandler' driver.
INFO - 2025-06-18 01:55:28 --> Cart Class Initialized
INFO - 2025-06-18 01:55:32 --> Session: Class initialized using 'CodeIgniter\Session\Handlers\FileHandler' driver.
INFO - 2025-06-18 01:55:32 --> Cart Class Initialized
INFO - 2025-06-18 01:55:35 --> Session: Class initialized using 'CodeIgniter\Session\Handlers\FileHandler' driver.
INFO - 2025-06-18 01:55:36 --> Session: Class initialized using 'CodeIgniter\Session\Handlers\FileHandler' driver.
INFO - 2025-06-18 01:55:36 --> Cart Class Initialized
INFO - 2025-06-18 01:55:37 --> Session: Class initialized using 'CodeIgniter\Session\Handlers\FileHandler' driver.
INFO - 2025-06-18 01:55:37 --> Session: Class initialized using 'CodeIgniter\Session\Handlers\FileHandler' driver.
INFO - 2025-06-18 01:55:37 --> Cart Class Initialized
INFO - 2025-06-18 01:55:46 --> Session: Class initialized using 'CodeIgniter\Session\Handlers\FileHandler' driver.
INFO - 2025-06-18 01:55:46 --> Session: Class initialized using 'CodeIgniter\Session\Handlers\FileHandler' driver.
INFO - 2025-06-18 01:55:46 --> Cart Class Initialized
INFO - 2025-06-18 01:55:50 --> Session: Class initialized using 'CodeIgniter\Session\Handlers\FileHandler' driver.
INFO - 2025-06-18 01:55:50 --> Cart Class Initialized
INFO - 2025-06-18 01:55:51 --> Session: Class initialized using 'CodeIgniter\Session\Handlers\FileHandler' driver.
INFO - 2025-06-18 01:55:51 --> Cart Class Initialized
INFO - 2025-06-18 01:55:53 --> Session: Class initialized using 'CodeIgniter\Session\Handlers\FileHandler' driver.
INFO - 2025-06-18 01:55:53 --> Cart Class Initialized
INFO - 2025-06-18 01:55:53 --> Session: Class initialized using 'CodeIgniter\Session\Handlers\FileHandler' driver.
INFO - 2025-06-18 01:55:53 --> Cart Class Initialized
INFO - 2025-06-18 01:55:54 --> Session: Class initialized using 'CodeIgniter\Session\Handlers\FileHandler' driver.
INFO - 2025-06-18 01:55:54 --> Cart Class Initialized
INFO - 2025-06-18 01:55:54 --> Session: Class initialized using 'CodeIgniter\Session\Handlers\FileHandler' driver.
INFO - 2025-06-18 01:55:54 --> Cart Class Initialized
INFO - 2025-06-18 01:55:56 --> Session: Class initialized using 'CodeIgniter\Session\Handlers\FileHandler' driver.
INFO - 2025-06-18 01:55:56 --> Cart Class Initialized
INFO - 2025-06-18 01:55:56 --> Session: Class initialized using 'CodeIgniter\Session\Handlers\FileHandler' driver.
INFO - 2025-06-18 01:55:56 --> Cart Class Initialized
INFO - 2025-06-18 01:55:57 --> Session: Class initialized using 'CodeIgniter\Session\Handlers\FileHandler' driver.
INFO - 2025-06-18 01:55:57 --> Cart Class Initialized
INFO - 2025-06-18 01:55:58 --> Session: Class initialized using 'CodeIgniter\Session\Handlers\FileHandler' driver.
INFO - 2025-06-18 01:55:59 --> Cart Class Initialized
INFO - 2025-06-18 02:05:51 --> Session: Class initialized using 'CodeIgniter\Session\Handlers\FileHandler' driver.
INFO - 2025-06-18 02:05:51 --> Cart Class Initialized
INFO - 2025-06-18 02:05:54 --> Session: Class initialized using 'CodeIgniter\Session\Handlers\FileHandler' driver.
INFO - 2025-06-18 02:05:54 --> Cart Class Initialized
INFO - 2025-06-18 02:05:54 --> Session: Class initialized using 'CodeIgniter\Session\Handlers\FileHandler' driver.
INFO - 2025-06-18 02:05:54 --> Cart Class Initialized
INFO - 2025-06-18 02:05:55 --> Session: Class initialized using 'CodeIgniter\Session\Handlers\FileHandler' driver.
INFO - 2025-06-18 02:05:55 --> Cart Class Initialized
INFO - 2025-06-18 02:05:55 --> Session: Class initialized using 'CodeIgniter\Session\Handlers\FileHandler' driver.
INFO - 2025-06-18 02:05:55 --> Cart Class Initialized
INFO - 2025-06-18 02:05:57 --> Session: Class initialized using 'CodeIgniter\Session\Handlers\FileHandler' driver.
INFO - 2025-06-18 02:05:57 --> Cart Class Initialized
INFO - 2025-06-18 02:05:57 --> Session: Class initialized using 'CodeIgniter\Session\Handlers\FileHandler' driver.
INFO - 2025-06-18 02:05:57 --> Cart Class Initialized
INFO - 2025-06-18 02:05:59 --> Session: Class initialized using 'CodeIgniter\Session\Handlers\FileHandler' driver.
INFO - 2025-06-18 02:05:59 --> Cart Class Initialized
INFO - 2025-06-18 02:06:07 --> Session: Class initialized using 'CodeIgniter\Session\Handlers\FileHandler' driver.
INFO - 2025-06-18 02:06:07 --> Cart Class Initialized
INFO - 2025-06-18 02:06:25 --> Session: Class initialized using 'CodeIgniter\Session\Handlers\FileHandler' driver.
INFO - 2025-06-18 02:06:25 --> Cart Class Initialized
INFO - 2025-06-18 02:11:08 --> Session: Class initialized using 'CodeIgniter\Session\Handlers\FileHandler' driver.
INFO - 2025-06-18 02:11:08 --> Cart Class Initialized
INFO - 2025-06-18 02:11:11 --> Session: Class initialized using 'CodeIgniter\Session\Handlers\FileHandler' driver.
INFO - 2025-06-18 02:11:11 --> Session: Class initialized using 'CodeIgniter\Session\Handlers\FileHandler' driver.
INFO - 2025-06-18 02:11:11 --> Cart Class Initialized
INFO - 2025-06-18 02:11:18 --> Session: Class initialized using 'CodeIgniter\Session\Handlers\FileHandler' driver.
INFO - 2025-06-18 02:11:18 --> Cart Class Initialized
INFO - 2025-06-18 02:11:20 --> Session: Class initialized using 'CodeIgniter\Session\Handlers\FileHandler' driver.
INFO - 2025-06-18 02:11:20 --> Cart Class Initialized
INFO - 2025-06-18 02:11:24 --> Session: Class initialized using 'CodeIgniter\Session\Handlers\FileHandler' driver.
INFO - 2025-06-18 02:11:24 --> Cart Class Initialized
INFO - 2025-06-18 02:11:59 --> Session: Class initialized using 'CodeIgniter\Session\Handlers\FileHandler' driver.
INFO - 2025-06-18 02:11:59 --> Cart Class Initialized
INFO - 2025-06-18 02:12:15 --> Session: Class initialized using 'CodeIgniter\Session\Handlers\FileHandler' driver.
INFO - 2025-06-18 02:12:15 --> Cart Class Initialized
INFO - 2025-06-18 02:12:25 --> Session: Class initialized using 'CodeIgniter\Session\Handlers\FileHandler' driver.
INFO - 2025-06-18 02:12:25 --> Cart Class Initialized
INFO - 2025-06-18 02:14:39 --> Session: Class initialized using 'CodeIgniter\Session\Handlers\FileHandler' driver.
INFO - 2025-06-18 02:14:39 --> Cart Class Initialized
INFO - 2025-06-18 02:15:57 --> Session: Class initialized using 'CodeIgniter\Session\Handlers\FileHandler' driver.
INFO - 2025-06-18 02:15:57 --> Cart Class Initialized
INFO - 2025-06-18 02:16:04 --> Session: Class initialized using 'CodeIgniter\Session\Handlers\FileHandler' driver.
INFO - 2025-06-18 02:16:04 --> Cart Class Initialized
INFO - 2025-06-18 02:16:19 --> Session: Class initialized using 'CodeIgniter\Session\Handlers\FileHandler' driver.
INFO - 2025-06-18 02:16:19 --> Cart Class Initialized
INFO - 2025-06-18 02:16:20 --> Session: Class initialized using 'CodeIgniter\Session\Handlers\FileHandler' driver.
INFO - 2025-06-18 02:16:20 --> Cart Class Initialized
INFO - 2025-06-18 02:16:28 --> Session: Class initialized using 'CodeIgniter\Session\Handlers\FileHandler' driver.
INFO - 2025-06-18 02:16:28 --> Cart Class Initialized
INFO - 2025-06-18 02:16:38 --> Session: Class initialized using 'CodeIgniter\Session\Handlers\FileHandler' driver.
INFO - 2025-06-18 02:16:38 --> Cart Class Initialized
INFO - 2025-06-18 02:16:39 --> Session: Class initialized using 'CodeIgniter\Session\Handlers\FileHandler' driver.
INFO - 2025-06-18 02:16:39 --> Cart Class Initialized
INFO - 2025-06-18 02:16:40 --> Session: Class initialized using 'CodeIgniter\Session\Handlers\FileHandler' driver.
INFO - 2025-06-18 02:16:40 --> Cart Class Initialized
INFO - 2025-06-18 02:16:45 --> Session: Class initialized using 'CodeIgniter\Session\Handlers\FileHandler' driver.
INFO - 2025-06-18 02:16:45 --> Cart Class Initialized
INFO - 2025-06-18 02:16:48 --> Session: Class initialized using 'CodeIgniter\Session\Handlers\FileHandler' driver.
INFO - 2025-06-18 02:16:48 --> Cart Class Initialized
INFO - 2025-06-18 02:16:59 --> Session: Class initialized using 'CodeIgniter\Session\Handlers\FileHandler' driver.
INFO - 2025-06-18 02:16:59 --> Cart Class Initialized
INFO - 2025-06-18 02:17:05 --> Session: Class initialized using 'CodeIgniter\Session\Handlers\FileHandler' driver.
INFO - 2025-06-18 02:17:05 --> Cart Class Initialized
INFO - 2025-06-18 02:17:07 --> Session: Class initialized using 'CodeIgniter\Session\Handlers\FileHandler' driver.
INFO - 2025-06-18 02:17:07 --> Cart Class Initialized
INFO - 2025-06-18 02:17:09 --> Session: Class initialized using 'CodeIgniter\Session\Handlers\FileHandler' driver.
INFO - 2025-06-18 02:17:09 --> Cart Class Initialized
INFO - 2025-06-18 02:17:10 --> Session: Class initialized using 'CodeIgniter\Session\Handlers\FileHandler' driver.
INFO - 2025-06-18 02:17:10 --> Cart Class Initialized
INFO - 2025-06-18 02:17:21 --> Session: Class initialized using 'CodeIgniter\Session\Handlers\FileHandler' driver.
INFO - 2025-06-18 02:17:21 --> Cart Class Initialized
INFO - 2025-06-18 02:17:27 --> Session: Class initialized using 'CodeIgniter\Session\Handlers\FileHandler' driver.
INFO - 2025-06-18 02:17:27 --> Session: Class initialized using 'CodeIgniter\Session\Handlers\FileHandler' driver.
INFO - 2025-06-18 02:17:27 --> Cart Class Initialized
INFO - 2025-06-18 02:17:30 --> Session: Class initialized using 'CodeIgniter\Session\Handlers\FileHandler' driver.
INFO - 2025-06-18 02:17:30 --> Cart Class Initialized
INFO - 2025-06-18 02:17:45 --> Session: Class initialized using 'CodeIgniter\Session\Handlers\FileHandler' driver.
INFO - 2025-06-18 02:17:45 --> Cart Class Initialized
INFO - 2025-06-18 02:17:47 --> Session: Class initialized using 'CodeIgniter\Session\Handlers\FileHandler' driver.
INFO - 2025-06-18 02:17:47 --> Cart Class Initialized
INFO - 2025-06-18 02:17:49 --> Session: Class initialized using 'CodeIgniter\Session\Handlers\FileHandler' driver.
INFO - 2025-06-18 02:17:49 --> Cart Class Initialized
INFO - 2025-06-18 02:18:12 --> Session: Class initialized using 'CodeIgniter\Session\Handlers\FileHandler' driver.
INFO - 2025-06-18 02:18:12 --> Session: Class initialized using 'CodeIgniter\Session\Handlers\FileHandler' driver.
INFO - 2025-06-18 02:18:12 --> Cart Class Initialized
INFO - 2025-06-18 02:18:23 --> Session: Class initialized using 'CodeIgniter\Session\Handlers\FileHandler' driver.
INFO - 2025-06-18 02:18:23 --> Session: Class initialized using 'CodeIgniter\Session\Handlers\FileHandler' driver.
INFO - 2025-06-18 02:18:23 --> Cart Class Initialized
INFO - 2025-06-18 02:18:27 --> Session: Class initialized using 'CodeIgniter\Session\Handlers\FileHandler' driver.
INFO - 2025-06-18 02:18:27 --> Session: Class initialized using 'CodeIgniter\Session\Handlers\FileHandler' driver.
INFO - 2025-06-18 02:18:27 --> Cart Class Initialized
INFO - 2025-06-18 02:18:29 --> Session: Class initialized using 'CodeIgniter\Session\Handlers\FileHandler' driver.
INFO - 2025-06-18 02:18:29 --> Session: Class initialized using 'CodeIgniter\Session\Handlers\FileHandler' driver.
INFO - 2025-06-18 02:18:29 --> Cart Class Initialized
INFO - 2025-06-18 02:18:30 --> Session: Class initialized using 'CodeIgniter\Session\Handlers\FileHandler' driver.
INFO - 2025-06-18 02:18:30 --> Session: Class initialized using 'CodeIgniter\Session\Handlers\FileHandler' driver.
INFO - 2025-06-18 02:18:30 --> Cart Class Initialized
INFO - 2025-06-18 02:18:32 --> Session: Class initialized using 'CodeIgniter\Session\Handlers\FileHandler' driver.
INFO - 2025-06-18 02:18:32 --> Session: Class initialized using 'CodeIgniter\Session\Handlers\FileHandler' driver.
INFO - 2025-06-18 02:18:32 --> Cart Class Initialized
INFO - 2025-06-18 02:18:35 --> Session: Class initialized using 'CodeIgniter\Session\Handlers\FileHandler' driver.
INFO - 2025-06-18 02:18:35 --> Session: Class initialized using 'CodeIgniter\Session\Handlers\FileHandler' driver.
INFO - 2025-06-18 02:18:35 --> Cart Class Initialized
INFO - 2025-06-18 02:18:37 --> Session: Class initialized using 'CodeIgniter\Session\Handlers\FileHandler' driver.
INFO - 2025-06-18 02:18:37 --> Session: Class initialized using 'CodeIgniter\Session\Handlers\FileHandler' driver.
INFO - 2025-06-18 02:18:37 --> Cart Class Initialized
INFO - 2025-06-18 02:18:39 --> Session: Class initialized using 'CodeIgniter\Session\Handlers\FileHandler' driver.
INFO - 2025-06-18 02:18:39 --> Session: Class initialized using 'CodeIgniter\Session\Handlers\FileHandler' driver.
INFO - 2025-06-18 02:18:39 --> Cart Class Initialized
INFO - 2025-06-18 02:18:43 --> Session: Class initialized using 'CodeIgniter\Session\Handlers\FileHandler' driver.
INFO - 2025-06-18 02:18:43 --> Session: Class initialized using 'CodeIgniter\Session\Handlers\FileHandler' driver.
INFO - 2025-06-18 02:18:43 --> Cart Class Initialized
INFO - 2025-06-18 02:18:44 --> Session: Class initialized using 'CodeIgniter\Session\Handlers\FileHandler' driver.
INFO - 2025-06-18 02:18:44 --> Session: Class initialized using 'CodeIgniter\Session\Handlers\FileHandler' driver.
INFO - 2025-06-18 02:18:44 --> Cart Class Initialized
INFO - 2025-06-18 02:18:46 --> Session: Class initialized using 'CodeIgniter\Session\Handlers\FileHandler' driver.
INFO - 2025-06-18 02:18:46 --> Session: Class initialized using 'CodeIgniter\Session\Handlers\FileHandler' driver.
INFO - 2025-06-18 02:18:46 --> Cart Class Initialized
INFO - 2025-06-18 02:18:48 --> Session: Class initialized using 'CodeIgniter\Session\Handlers\FileHandler' driver.
INFO - 2025-06-18 02:18:48 --> Session: Class initialized using 'CodeIgniter\Session\Handlers\FileHandler' driver.
INFO - 2025-06-18 02:18:48 --> Cart Class Initialized
INFO - 2025-06-18 02:19:02 --> Session: Class initialized using 'CodeIgniter\Session\Handlers\FileHandler' driver.
INFO - 2025-06-18 02:19:02 --> Session: Class initialized using 'CodeIgniter\Session\Handlers\FileHandler' driver.
INFO - 2025-06-18 02:19:02 --> Cart Class Initialized
INFO - 2025-06-18 02:19:08 --> Session: Class initialized using 'CodeIgniter\Session\Handlers\FileHandler' driver.
INFO - 2025-06-18 02:19:24 --> Session: Class initialized using 'CodeIgniter\Session\Handlers\FileHandler' driver.
INFO - 2025-06-18 02:33:30 --> Session: Class initialized using 'CodeIgniter\Session\Handlers\FileHandler' driver.
INFO - 2025-06-18 02:33:30 --> Cart Class Initialized
INFO - 2025-06-18 02:33:38 --> Session: Class initialized using 'CodeIgniter\Session\Handlers\FileHandler' driver.
INFO - 2025-06-18 02:33:38 --> Session: Class initialized using 'CodeIgniter\Session\Handlers\FileHandler' driver.
INFO - 2025-06-18 02:33:38 --> Cart Class Initialized
INFO - 2025-06-18 02:34:02 --> Session: Class initialized using 'CodeIgniter\Session\Handlers\FileHandler' driver.
INFO - 2025-06-18 02:34:02 --> Session: Class initialized using 'CodeIgniter\Session\Handlers\FileHandler' driver.
INFO - 2025-06-18 02:34:02 --> Cart Class Initialized
INFO - 2025-06-18 02:34:04 --> Session: Class initialized using 'CodeIgniter\Session\Handlers\FileHandler' driver.
INFO - 2025-06-18 02:34:04 --> Cart Class Initialized
INFO - 2025-06-18 02:34:06 --> Session: Class initialized using 'CodeIgniter\Session\Handlers\FileHandler' driver.
INFO - 2025-06-18 02:34:07 --> Session: Class initialized using 'CodeIgniter\Session\Handlers\FileHandler' driver.
INFO - 2025-06-18 02:34:07 --> Cart Class Initialized
INFO - 2025-06-18 02:34:08 --> Session: Class initialized using 'CodeIgniter\Session\Handlers\FileHandler' driver.
INFO - 2025-06-18 02:34:09 --> Session: Class initialized using 'CodeIgniter\Session\Handlers\FileHandler' driver.
INFO - 2025-06-18 02:34:09 --> Cart Class Initialized
INFO - 2025-06-18 02:34:10 --> Session: Class initialized using 'CodeIgniter\Session\Handlers\FileHandler' driver.
INFO - 2025-06-18 02:34:10 --> Session: Class initialized using 'CodeIgniter\Session\Handlers\FileHandler' driver.
INFO - 2025-06-18 02:34:10 --> Cart Class Initialized
INFO - 2025-06-18 02:34:11 --> Session: Class initialized using 'CodeIgniter\Session\Handlers\FileHandler' driver.
INFO - 2025-06-18 02:34:11 --> Session: Class initialized using 'CodeIgniter\Session\Handlers\FileHandler' driver.
INFO - 2025-06-18 02:34:11 --> Cart Class Initialized
INFO - 2025-06-18 02:34:12 --> Session: Class initialized using 'CodeIgniter\Session\Handlers\FileHandler' driver.
INFO - 2025-06-18 02:34:13 --> Session: Class initialized using 'CodeIgniter\Session\Handlers\FileHandler' driver.
INFO - 2025-06-18 02:34:13 --> Cart Class Initialized
INFO - 2025-06-18 02:34:13 --> Session: Class initialized using 'CodeIgniter\Session\Handlers\FileHandler' driver.
INFO - 2025-06-18 02:34:13 --> Session: Class initialized using 'CodeIgniter\Session\Handlers\FileHandler' driver.
INFO - 2025-06-18 02:34:13 --> Cart Class Initialized
INFO - 2025-06-18 02:34:25 --> Session: Class initialized using 'CodeIgniter\Session\Handlers\FileHandler' driver.
INFO - 2025-06-18 02:34:25 --> Cart Class Initialized
INFO - 2025-06-18 02:34:27 --> Session: Class initialized using 'CodeIgniter\Session\Handlers\FileHandler' driver.
INFO - 2025-06-18 02:34:27 --> Cart Class Initialized
INFO - 2025-06-18 02:35:05 --> Session: Class initialized using 'CodeIgniter\Session\Handlers\FileHandler' driver.
INFO - 2025-06-18 02:35:05 --> Cart Class Initialized
INFO - 2025-06-18 02:35:09 --> Session: Class initialized using 'CodeIgniter\Session\Handlers\FileHandler' driver.
INFO - 2025-06-18 02:35:09 --> Cart Class Initialized
INFO - 2025-06-18 02:36:11 --> Session: Class initialized using 'CodeIgniter\Session\Handlers\FileHandler' driver.
INFO - 2025-06-18 02:36:11 --> Cart Class Initialized
INFO - 2025-06-18 02:36:12 --> Session: Class initialized using 'CodeIgniter\Session\Handlers\FileHandler' driver.
INFO - 2025-06-18 02:36:12 --> Cart Class Initialized
INFO - 2025-06-18 02:36:16 --> Session: Class initialized using 'CodeIgniter\Session\Handlers\FileHandler' driver.
INFO - 2025-06-18 02:36:16 --> Cart Class Initialized
INFO - 2025-06-18 02:36:25 --> Session: Class initialized using 'CodeIgniter\Session\Handlers\FileHandler' driver.
INFO - 2025-06-18 02:36:25 --> Cart Class Initialized
INFO - 2025-06-18 02:36:26 --> Session: Class initialized using 'CodeIgniter\Session\Handlers\FileHandler' driver.
INFO - 2025-06-18 02:36:26 --> Cart Class Initialized
INFO - 2025-06-18 02:36:28 --> Session: Class initialized using 'CodeIgniter\Session\Handlers\FileHandler' driver.
INFO - 2025-06-18 02:36:28 --> Cart Class Initialized
INFO - 2025-06-18 02:36:29 --> Session: Class initialized using 'CodeIgniter\Session\Handlers\FileHandler' driver.
INFO - 2025-06-18 02:36:29 --> Session: Class initialized using 'CodeIgniter\Session\Handlers\FileHandler' driver.
INFO - 2025-06-18 02:36:29 --> Cart Class Initialized
INFO - 2025-06-18 02:36:40 --> Session: Class initialized using 'CodeIgniter\Session\Handlers\FileHandler' driver.
INFO - 2025-06-18 02:36:40 --> Session: Class initialized using 'CodeIgniter\Session\Handlers\FileHandler' driver.
INFO - 2025-06-18 02:36:40 --> Cart Class Initialized
INFO - 2025-06-18 02:36:44 --> Session: Class initialized using 'CodeIgniter\Session\Handlers\FileHandler' driver.
INFO - 2025-06-18 02:36:44 --> Cart Class Initialized
INFO - 2025-06-18 02:47:00 --> Session: Class initialized using 'CodeIgniter\Session\Handlers\FileHandler' driver.
INFO - 2025-06-18 02:47:00 --> Cart Class Initialized
INFO - 2025-06-18 02:51:14 --> Session: Class initialized using 'CodeIgniter\Session\Handlers\FileHandler' driver.
INFO - 2025-06-18 02:51:14 --> Cart Class Initialized
INFO - 2025-06-18 03:02:46 --> Session: Class initialized using 'CodeIgniter\Session\Handlers\FileHandler' driver.
INFO - 2025-06-18 03:02:46 --> Session: Class initialized using 'CodeIgniter\Session\Handlers\FileHandler' driver.
INFO - 2025-06-18 03:02:46 --> Cart Class Initialized
INFO - 2025-06-18 03:02:53 --> Session: Class initialized using 'CodeIgniter\Session\Handlers\FileHandler' driver.
INFO - 2025-06-18 03:02:53 --> Session: Class initialized using 'CodeIgniter\Session\Handlers\FileHandler' driver.
INFO - 2025-06-18 03:02:53 --> Cart Class Initialized
INFO - 2025-06-18 03:06:16 --> Session: Class initialized using 'CodeIgniter\Session\Handlers\FileHandler' driver.
INFO - 2025-06-18 03:06:16 --> Cart Class Initialized
INFO - 2025-06-18 03:06:25 --> Session: Class initialized using 'CodeIgniter\Session\Handlers\FileHandler' driver.
INFO - 2025-06-18 03:06:25 --> Cart Class Initialized
INFO - 2025-06-18 03:06:29 --> Session: Class initialized using 'CodeIgniter\Session\Handlers\FileHandler' driver.
INFO - 2025-06-18 03:06:29 --> Cart Class Initialized
INFO - 2025-06-18 03:06:39 --> Session: Class initialized using 'CodeIgniter\Session\Handlers\FileHandler' driver.
INFO - 2025-06-18 03:06:39 --> Session: Class initialized using 'CodeIgniter\Session\Handlers\FileHandler' driver.
INFO - 2025-06-18 03:06:39 --> Cart Class Initialized
INFO - 2025-06-18 03:06:45 --> Session: Class initialized using 'CodeIgniter\Session\Handlers\FileHandler' driver.
INFO - 2025-06-18 03:06:45 --> Session: Class initialized using 'CodeIgniter\Session\Handlers\FileHandler' driver.
INFO - 2025-06-18 03:06:45 --> Cart Class Initialized
INFO - 2025-06-18 03:07:17 --> Session: Class initialized using 'CodeIgniter\Session\Handlers\FileHandler' driver.
INFO - 2025-06-18 03:07:17 --> Cart Class Initialized
INFO - 2025-06-18 03:07:28 --> Session: Class initialized using 'CodeIgniter\Session\Handlers\FileHandler' driver.
INFO - 2025-06-18 03:07:28 --> Cart Class Initialized
INFO - 2025-06-18 03:07:31 --> Session: Class initialized using 'CodeIgniter\Session\Handlers\FileHandler' driver.
INFO - 2025-06-18 03:07:31 --> Cart Class Initialized
INFO - 2025-06-18 03:07:32 --> Session: Class initialized using 'CodeIgniter\Session\Handlers\FileHandler' driver.
INFO - 2025-06-18 03:07:32 --> Cart Class Initialized
INFO - 2025-06-18 03:11:03 --> Session: Class initialized using 'CodeIgniter\Session\Handlers\FileHandler' driver.
INFO - 2025-06-18 03:11:03 --> Cart Class Initialized
INFO - 2025-06-18 03:11:05 --> Session: Class initialized using 'CodeIgniter\Session\Handlers\FileHandler' driver.
INFO - 2025-06-18 03:11:05 --> Cart Class Initialized
INFO - 2025-06-18 03:11:41 --> Session: Class initialized using 'CodeIgniter\Session\Handlers\FileHandler' driver.
INFO - 2025-06-18 03:11:41 --> Session: Class initialized using 'CodeIgniter\Session\Handlers\FileHandler' driver.
INFO - 2025-06-18 03:11:41 --> Cart Class Initialized
INFO - 2025-06-18 03:11:47 --> Session: Class initialized using 'CodeIgniter\Session\Handlers\FileHandler' driver.
INFO - 2025-06-18 03:11:47 --> Session: Class initialized using 'CodeIgniter\Session\Handlers\FileHandler' driver.
INFO - 2025-06-18 03:11:47 --> Cart Class Initialized
INFO - 2025-06-18 03:11:49 --> Session: Class initialized using 'CodeIgniter\Session\Handlers\FileHandler' driver.
INFO - 2025-06-18 03:11:49 --> Cart Class Initialized
INFO - 2025-06-18 03:11:58 --> Session: Class initialized using 'CodeIgniter\Session\Handlers\FileHandler' driver.
INFO - 2025-06-18 03:11:58 --> Cart Class Initialized
INFO - 2025-06-18 03:12:07 --> Session: Class initialized using 'CodeIgniter\Session\Handlers\FileHandler' driver.
INFO - 2025-06-18 03:12:07 --> Cart Class Initialized
INFO - 2025-06-18 03:12:14 --> Session: Class initialized using 'CodeIgniter\Session\Handlers\FileHandler' driver.
INFO - 2025-06-18 03:12:14 --> Cart Class Initialized
INFO - 2025-06-18 03:12:15 --> Session: Class initialized using 'CodeIgniter\Session\Handlers\FileHandler' driver.
INFO - 2025-06-18 03:12:15 --> Session: Class initialized using 'CodeIgniter\Session\Handlers\FileHandler' driver.
INFO - 2025-06-18 03:12:15 --> Cart Class Initialized
INFO - 2025-06-18 03:12:48 --> Session: Class initialized using 'CodeIgniter\Session\Handlers\FileHandler' driver.
INFO - 2025-06-18 03:12:48 --> Cart Class Initialized
INFO - 2025-06-18 03:12:58 --> Session: Class initialized using 'CodeIgniter\Session\Handlers\FileHandler' driver.
INFO - 2025-06-18 03:12:58 --> Cart Class Initialized
INFO - 2025-06-18 03:12:59 --> Session: Class initialized using 'CodeIgniter\Session\Handlers\FileHandler' driver.
INFO - 2025-06-18 03:12:59 --> Cart Class Initialized
INFO - 2025-06-18 03:13:00 --> Session: Class initialized using 'CodeIgniter\Session\Handlers\FileHandler' driver.
INFO - 2025-06-18 03:13:00 --> Cart Class Initialized
INFO - 2025-06-18 03:13:00 --> Session: Class initialized using 'CodeIgniter\Session\Handlers\FileHandler' driver.
INFO - 2025-06-18 03:13:00 --> Cart Class Initialized
INFO - 2025-06-18 03:13:07 --> Session: Class initialized using 'CodeIgniter\Session\Handlers\FileHandler' driver.
INFO - 2025-06-18 03:13:07 --> Cart Class Initialized
INFO - 2025-06-18 03:13:13 --> Session: Class initialized using 'CodeIgniter\Session\Handlers\FileHandler' driver.
INFO - 2025-06-18 03:13:13 --> Session: Class initialized using 'CodeIgniter\Session\Handlers\FileHandler' driver.
INFO - 2025-06-18 03:13:13 --> Cart Class Initialized
INFO - 2025-06-18 03:13:15 --> Session: Class initialized using 'CodeIgniter\Session\Handlers\FileHandler' driver.
INFO - 2025-06-18 03:13:15 --> Cart Class Initialized
INFO - 2025-06-18 03:13:20 --> Session: Class initialized using 'CodeIgniter\Session\Handlers\FileHandler' driver.
INFO - 2025-06-18 03:13:20 --> Cart Class Initialized
INFO - 2025-06-18 03:13:22 --> Session: Class initialized using 'CodeIgniter\Session\Handlers\FileHandler' driver.
INFO - 2025-06-18 03:13:22 --> Cart Class Initialized
INFO - 2025-06-18 03:13:25 --> Session: Class initialized using 'CodeIgniter\Session\Handlers\FileHandler' driver.
INFO - 2025-06-18 03:13:25 --> Cart Class Initialized
INFO - 2025-06-18 03:13:27 --> Session: Class initialized using 'CodeIgniter\Session\Handlers\FileHandler' driver.
INFO - 2025-06-18 03:13:27 --> Cart Class Initialized
INFO - 2025-06-18 03:13:34 --> Session: Class initialized using 'CodeIgniter\Session\Handlers\FileHandler' driver.
INFO - 2025-06-18 03:13:34 --> Cart Class Initialized
INFO - 2025-06-18 03:13:39 --> Session: Class initialized using 'CodeIgniter\Session\Handlers\FileHandler' driver.
INFO - 2025-06-18 03:13:39 --> Cart Class Initialized
INFO - 2025-06-18 03:13:48 --> Session: Class initialized using 'CodeIgniter\Session\Handlers\FileHandler' driver.
INFO - 2025-06-18 03:13:48 --> Cart Class Initialized
INFO - 2025-06-18 03:14:37 --> Session: Class initialized using 'CodeIgniter\Session\Handlers\FileHandler' driver.
INFO - 2025-06-18 03:14:37 --> Cart Class Initialized
INFO - 2025-06-18 03:18:59 --> Session: Class initialized using 'CodeIgniter\Session\Handlers\FileHandler' driver.
INFO - 2025-06-18 03:18:59 --> Cart Class Initialized
INFO - 2025-06-18 03:19:01 --> Session: Class initialized using 'CodeIgniter\Session\Handlers\FileHandler' driver.
INFO - 2025-06-18 03:19:01 --> Cart Class Initialized
INFO - 2025-06-18 03:19:04 --> Session: Class initialized using 'CodeIgniter\Session\Handlers\FileHandler' driver.
INFO - 2025-06-18 03:19:04 --> Cart Class Initialized
INFO - 2025-06-18 03:21:18 --> Session: Class initialized using 'CodeIgniter\Session\Handlers\FileHandler' driver.
INFO - 2025-06-18 03:21:18 --> Cart Class Initialized
INFO - 2025-06-18 03:23:14 --> Session: Class initialized using 'CodeIgniter\Session\Handlers\FileHandler' driver.
INFO - 2025-06-18 03:23:14 --> Cart Class Initialized
