INFO - 2025-06-11 02:17:04 --> Session: Class initialized using 'CodeIgniter\Session\Handlers\FileHandler' driver.
INFO - 2025-06-11 02:17:04 --> Cart Class Initialized
INFO - 2025-06-11 02:17:18 --> Session: Class initialized using 'CodeIgniter\Session\Handlers\FileHandler' driver.
INFO - 2025-06-11 02:17:18 --> Cart Class Initialized
INFO - 2025-06-11 02:17:25 --> Session: Class initialized using 'CodeIgniter\Session\Handlers\FileHandler' driver.
INFO - 2025-06-11 02:17:25 --> Cart Class Initialized
INFO - 2025-06-11 02:21:39 --> Session: Class initialized using 'CodeIgniter\Session\Handlers\FileHandler' driver.
INFO - 2025-06-11 02:21:39 --> Cart Class Initialized
INFO - 2025-06-11 02:28:13 --> Session: Class initialized using 'CodeIgniter\Session\Handlers\FileHandler' driver.
INFO - 2025-06-11 02:28:13 --> Cart Class Initialized
INFO - 2025-06-11 02:32:47 --> Session: Class initialized using 'CodeIgniter\Session\Handlers\FileHandler' driver.
INFO - 2025-06-11 02:32:47 --> Cart Class Initialized
INFO - 2025-06-11 02:33:07 --> Session: Class initialized using 'CodeIgniter\Session\Handlers\FileHandler' driver.
INFO - 2025-06-11 02:33:07 --> Cart Class Initialized
INFO - 2025-06-11 02:36:37 --> Session: Class initialized using 'CodeIgniter\Session\Handlers\FileHandler' driver.
INFO - 2025-06-11 02:36:37 --> Cart Class Initialized
INFO - 2025-06-11 02:37:02 --> Session: Class initialized using 'CodeIgniter\Session\Handlers\FileHandler' driver.
INFO - 2025-06-11 02:37:02 --> Cart Class Initialized
INFO - 2025-06-11 12:31:48 --> Session: Class initialized using 'CodeIgniter\Session\Handlers\FileHandler' driver.
INFO - 2025-06-11 12:31:48 --> Cart Class Initialized
INFO - 2025-06-11 12:38:04 --> Session: Class initialized using 'CodeIgniter\Session\Handlers\FileHandler' driver.
INFO - 2025-06-11 12:38:04 --> Cart Class Initialized
INFO - 2025-06-11 20:25:47 --> Session: Class initialized using 'CodeIgniter\Session\Handlers\FileHandler' driver.
INFO - 2025-06-11 20:25:47 --> Cart Class Initialized
INFO - 2025-06-11 20:32:04 --> Session: Class initialized using 'CodeIgniter\Session\Handlers\FileHandler' driver.
INFO - 2025-06-11 20:32:04 --> Cart Class Initialized
INFO - 2025-06-11 20:39:07 --> Session: Class initialized using 'CodeIgniter\Session\Handlers\FileHandler' driver.
INFO - 2025-06-11 20:39:07 --> Cart Class Initialized
INFO - 2025-06-11 20:39:08 --> Session: Class initialized using 'CodeIgniter\Session\Handlers\FileHandler' driver.
INFO - 2025-06-11 20:39:08 --> Cart Class Initialized
INFO - 2025-06-11 20:43:07 --> Session: Class initialized using 'CodeIgniter\Session\Handlers\FileHandler' driver.
INFO - 2025-06-11 20:43:07 --> Cart Class Initialized
INFO - 2025-06-11 20:44:30 --> Session: Class initialized using 'CodeIgniter\Session\Handlers\FileHandler' driver.
INFO - 2025-06-11 20:44:30 --> Cart Class Initialized
CRITICAL - 2025-06-11 20:44:30 --> Undefined variable: validation
in APPPATH\Views\Front\Login.php on line 62.
 1 APPPATH\Views\Front\Login.php(62): CodeIgniter\Debug\Exceptions->errorHandler(8, 'Undefined variable: validation', 'APPPATH\\Views\\Front\\Login.php', 62, [])
 2 SYSTEMPATH\View\View.php(213): include('APPPATH\\Views\\Front\\Login.php')
 3 SYSTEMPATH\View\View.php(216): CodeIgniter\View\View->CodeIgniter\View\{closure}()
 4 SYSTEMPATH\Common.php(1184): CodeIgniter\View\View->render('Views/Front/Login', [], true)
 5 APPPATH\Controllers\Home.php(52): view('Views/Front/Login')
 6 SYSTEMPATH\CodeIgniter.php(934): App\Controllers\Home->Login()
 7 SYSTEMPATH\CodeIgniter.php(499): CodeIgniter\CodeIgniter->runController(Object(App\Controllers\Home))
 8 SYSTEMPATH\CodeIgniter.php(368): CodeIgniter\CodeIgniter->handleRequest(null, Object(Config\Cache), false)
 9 FCPATH\index.php(67): CodeIgniter\CodeIgniter->run()
INFO - 2025-06-11 20:49:52 --> Session: Class initialized using 'CodeIgniter\Session\Handlers\FileHandler' driver.
INFO - 2025-06-11 20:49:52 --> Cart Class Initialized
CRITICAL - 2025-06-11 20:49:52 --> Undefined variable: validation
in APPPATH\Views\Front\Login.php on line 62.
 1 APPPATH\Views\Front\Login.php(62): CodeIgniter\Debug\Exceptions->errorHandler(8, 'Undefined variable: validation', 'APPPATH\\Views\\Front\\Login.php', 62, [])
 2 SYSTEMPATH\View\View.php(213): include('APPPATH\\Views\\Front\\Login.php')
 3 SYSTEMPATH\View\View.php(216): CodeIgniter\View\View->CodeIgniter\View\{closure}()
 4 SYSTEMPATH\Common.php(1184): CodeIgniter\View\View->render('Views/Front/Login', [], true)
 5 APPPATH\Controllers\Home.php(52): view('Views/Front/Login')
 6 SYSTEMPATH\CodeIgniter.php(934): App\Controllers\Home->Login()
 7 SYSTEMPATH\CodeIgniter.php(499): CodeIgniter\CodeIgniter->runController(Object(App\Controllers\Home))
 8 SYSTEMPATH\CodeIgniter.php(368): CodeIgniter\CodeIgniter->handleRequest(null, Object(Config\Cache), false)
 9 FCPATH\index.php(67): CodeIgniter\CodeIgniter->run()
INFO - 2025-06-11 20:49:53 --> Session: Class initialized using 'CodeIgniter\Session\Handlers\FileHandler' driver.
INFO - 2025-06-11 20:49:53 --> Cart Class Initialized
CRITICAL - 2025-06-11 20:49:53 --> Undefined variable: validation
in APPPATH\Views\Front\Login.php on line 62.
 1 APPPATH\Views\Front\Login.php(62): CodeIgniter\Debug\Exceptions->errorHandler(8, 'Undefined variable: validation', 'APPPATH\\Views\\Front\\Login.php', 62, [])
 2 SYSTEMPATH\View\View.php(213): include('APPPATH\\Views\\Front\\Login.php')
 3 SYSTEMPATH\View\View.php(216): CodeIgniter\View\View->CodeIgniter\View\{closure}()
 4 SYSTEMPATH\Common.php(1184): CodeIgniter\View\View->render('Views/Front/Login', [], true)
 5 APPPATH\Controllers\Home.php(52): view('Views/Front/Login')
 6 SYSTEMPATH\CodeIgniter.php(934): App\Controllers\Home->Login()
 7 SYSTEMPATH\CodeIgniter.php(499): CodeIgniter\CodeIgniter->runController(Object(App\Controllers\Home))
 8 SYSTEMPATH\CodeIgniter.php(368): CodeIgniter\CodeIgniter->handleRequest(null, Object(Config\Cache), false)
 9 FCPATH\index.php(67): CodeIgniter\CodeIgniter->run()
INFO - 2025-06-11 20:58:30 --> Session: Class initialized using 'CodeIgniter\Session\Handlers\FileHandler' driver.
INFO - 2025-06-11 20:58:30 --> Cart Class Initialized
INFO - 2025-06-11 20:58:31 --> Session: Class initialized using 'CodeIgniter\Session\Handlers\FileHandler' driver.
INFO - 2025-06-11 20:58:31 --> Cart Class Initialized
INFO - 2025-06-11 21:05:21 --> Session: Class initialized using 'CodeIgniter\Session\Handlers\FileHandler' driver.
INFO - 2025-06-11 21:17:56 --> Session: Class initialized using 'CodeIgniter\Session\Handlers\FileHandler' driver.
INFO - 2025-06-11 21:17:56 --> Cart Class Initialized
INFO - 2025-06-11 21:18:04 --> Session: Class initialized using 'CodeIgniter\Session\Handlers\FileHandler' driver.
INFO - 2025-06-11 21:18:04 --> Cart Class Initialized
CRITICAL - 2025-06-11 21:18:04 --> "alert" is not a valid Validation template.
in SYSTEMPATH\Validation\Validation.php on line 577.
 1 SYSTEMPATH\Validation\Validation.php(577): CodeIgniter\Validation\Exceptions\ValidationException::forInvalidTemplate('alert')
 2 APPPATH\Views\Registrar.php(34): CodeIgniter\Validation\Validation->showError('email', 'alert')
 3 SYSTEMPATH\View\View.php(213): include('APPPATH\\Views\\Registrar.php')
 4 SYSTEMPATH\View\View.php(216): CodeIgniter\View\View->CodeIgniter\View\{closure}()
 5 SYSTEMPATH\Common.php(1184): CodeIgniter\View\View->render('Registrar', [], true)
 6 APPPATH\Controllers\usuario_controller.php(78): view('Registrar', [...])
 7 SYSTEMPATH\CodeIgniter.php(934): App\Controllers\usuario_controller->formValidation()
 8 SYSTEMPATH\CodeIgniter.php(499): CodeIgniter\CodeIgniter->runController(Object(App\Controllers\usuario_controller))
 9 SYSTEMPATH\CodeIgniter.php(368): CodeIgniter\CodeIgniter->handleRequest(null, Object(Config\Cache), false)
10 FCPATH\index.php(67): CodeIgniter\CodeIgniter->run()
INFO - 2025-06-11 21:19:05 --> Session: Class initialized using 'CodeIgniter\Session\Handlers\FileHandler' driver.
INFO - 2025-06-11 21:19:05 --> Cart Class Initialized
INFO - 2025-06-11 21:19:11 --> Session: Class initialized using 'CodeIgniter\Session\Handlers\FileHandler' driver.
INFO - 2025-06-11 21:19:11 --> Cart Class Initialized
CRITICAL - 2025-06-11 21:19:11 --> "alert" is not a valid Validation template.
in SYSTEMPATH\Validation\Validation.php on line 577.
 1 SYSTEMPATH\Validation\Validation.php(577): CodeIgniter\Validation\Exceptions\ValidationException::forInvalidTemplate('alert')
 2 APPPATH\Views\Registrar.php(34): CodeIgniter\Validation\Validation->showError('email', 'alert')
 3 SYSTEMPATH\View\View.php(213): include('APPPATH\\Views\\Registrar.php')
 4 SYSTEMPATH\View\View.php(216): CodeIgniter\View\View->CodeIgniter\View\{closure}()
 5 SYSTEMPATH\Common.php(1184): CodeIgniter\View\View->render('Registrar', [], true)
 6 APPPATH\Controllers\usuario_controller.php(78): view('Registrar', [...])
 7 SYSTEMPATH\CodeIgniter.php(934): App\Controllers\usuario_controller->formValidation()
 8 SYSTEMPATH\CodeIgniter.php(499): CodeIgniter\CodeIgniter->runController(Object(App\Controllers\usuario_controller))
 9 SYSTEMPATH\CodeIgniter.php(368): CodeIgniter\CodeIgniter->handleRequest(null, Object(Config\Cache), false)
10 FCPATH\index.php(67): CodeIgniter\CodeIgniter->run()
INFO - 2025-06-11 21:21:05 --> Session: Class initialized using 'CodeIgniter\Session\Handlers\FileHandler' driver.
INFO - 2025-06-11 21:21:05 --> Cart Class Initialized
INFO - 2025-06-11 21:21:09 --> Session: Class initialized using 'CodeIgniter\Session\Handlers\FileHandler' driver.
INFO - 2025-06-11 21:21:09 --> Cart Class Initialized
CRITICAL - 2025-06-11 21:21:09 --> "alert" is not a valid Validation template.
in SYSTEMPATH\Validation\Validation.php on line 577.
 1 SYSTEMPATH\Validation\Validation.php(577): CodeIgniter\Validation\Exceptions\ValidationException::forInvalidTemplate('alert')
 2 APPPATH\Views\Registrar.php(34): CodeIgniter\Validation\Validation->showError('email', 'alert')
 3 SYSTEMPATH\View\View.php(213): include('APPPATH\\Views\\Registrar.php')
 4 SYSTEMPATH\View\View.php(216): CodeIgniter\View\View->CodeIgniter\View\{closure}()
 5 SYSTEMPATH\Common.php(1184): CodeIgniter\View\View->render('Registrar', [], true)
 6 APPPATH\Controllers\usuario_controller.php(78): view('Registrar', [...])
 7 SYSTEMPATH\CodeIgniter.php(934): App\Controllers\usuario_controller->formValidation()
 8 SYSTEMPATH\CodeIgniter.php(499): CodeIgniter\CodeIgniter->runController(Object(App\Controllers\usuario_controller))
 9 SYSTEMPATH\CodeIgniter.php(368): CodeIgniter\CodeIgniter->handleRequest(null, Object(Config\Cache), false)
10 FCPATH\index.php(67): CodeIgniter\CodeIgniter->run()
INFO - 2025-06-11 21:22:52 --> Session: Class initialized using 'CodeIgniter\Session\Handlers\FileHandler' driver.
INFO - 2025-06-11 21:22:52 --> Cart Class Initialized
INFO - 2025-06-11 21:22:57 --> Session: Class initialized using 'CodeIgniter\Session\Handlers\FileHandler' driver.
INFO - 2025-06-11 21:22:57 --> Cart Class Initialized
CRITICAL - 2025-06-11 21:22:57 --> "alert" is not a valid Validation template.
in SYSTEMPATH\Validation\Validation.php on line 577.
 1 SYSTEMPATH\Validation\Validation.php(577): CodeIgniter\Validation\Exceptions\ValidationException::forInvalidTemplate('alert')
 2 APPPATH\Views\Registrar.php(34): CodeIgniter\Validation\Validation->showError('email', 'alert')
 3 SYSTEMPATH\View\View.php(213): include('APPPATH\\Views\\Registrar.php')
 4 SYSTEMPATH\View\View.php(216): CodeIgniter\View\View->CodeIgniter\View\{closure}()
 5 SYSTEMPATH\Common.php(1184): CodeIgniter\View\View->render('Registrar', [], true)
 6 APPPATH\Controllers\usuario_controller.php(78): view('Registrar', [...])
 7 SYSTEMPATH\CodeIgniter.php(934): App\Controllers\usuario_controller->formValidation()
 8 SYSTEMPATH\CodeIgniter.php(499): CodeIgniter\CodeIgniter->runController(Object(App\Controllers\usuario_controller))
 9 SYSTEMPATH\CodeIgniter.php(368): CodeIgniter\CodeIgniter->handleRequest(null, Object(Config\Cache), false)
10 FCPATH\index.php(67): CodeIgniter\CodeIgniter->run()
INFO - 2025-06-11 21:43:49 --> Session: Class initialized using 'CodeIgniter\Session\Handlers\FileHandler' driver.
INFO - 2025-06-11 21:43:49 --> Cart Class Initialized
INFO - 2025-06-11 21:43:55 --> Session: Class initialized using 'CodeIgniter\Session\Handlers\FileHandler' driver.
INFO - 2025-06-11 21:43:55 --> Cart Class Initialized
INFO - 2025-06-11 21:44:25 --> Session: Class initialized using 'CodeIgniter\Session\Handlers\FileHandler' driver.
INFO - 2025-06-11 21:44:25 --> Cart Class Initialized
INFO - 2025-06-11 21:44:29 --> Session: Class initialized using 'CodeIgniter\Session\Handlers\FileHandler' driver.
INFO - 2025-06-11 21:44:29 --> Cart Class Initialized
INFO - 2025-06-11 21:44:46 --> Session: Class initialized using 'CodeIgniter\Session\Handlers\FileHandler' driver.
INFO - 2025-06-11 21:44:46 --> Cart Class Initialized
INFO - 2025-06-11 21:45:53 --> Session: Class initialized using 'CodeIgniter\Session\Handlers\FileHandler' driver.
INFO - 2025-06-11 21:45:53 --> Cart Class Initialized
INFO - 2025-06-11 21:47:14 --> Session: Class initialized using 'CodeIgniter\Session\Handlers\FileHandler' driver.
INFO - 2025-06-11 21:47:14 --> Cart Class Initialized
INFO - 2025-06-11 22:04:17 --> Session: Class initialized using 'CodeIgniter\Session\Handlers\FileHandler' driver.
INFO - 2025-06-11 22:04:17 --> Cart Class Initialized
INFO - 2025-06-11 22:04:18 --> Session: Class initialized using 'CodeIgniter\Session\Handlers\FileHandler' driver.
INFO - 2025-06-11 22:04:18 --> Cart Class Initialized
INFO - 2025-06-11 22:06:12 --> Session: Class initialized using 'CodeIgniter\Session\Handlers\FileHandler' driver.
INFO - 2025-06-11 22:06:12 --> Cart Class Initialized
INFO - 2025-06-11 22:07:00 --> Session: Class initialized using 'CodeIgniter\Session\Handlers\FileHandler' driver.
INFO - 2025-06-11 22:07:00 --> Session: Class initialized using 'CodeIgniter\Session\Handlers\FileHandler' driver.
INFO - 2025-06-11 22:07:00 --> Cart Class Initialized
INFO - 2025-06-11 22:11:59 --> Session: Class initialized using 'CodeIgniter\Session\Handlers\FileHandler' driver.
INFO - 2025-06-11 22:11:59 --> Cart Class Initialized
INFO - 2025-06-11 22:12:49 --> Session: Class initialized using 'CodeIgniter\Session\Handlers\FileHandler' driver.
INFO - 2025-06-11 22:12:49 --> Cart Class Initialized
INFO - 2025-06-11 22:14:44 --> Session: Class initialized using 'CodeIgniter\Session\Handlers\FileHandler' driver.
INFO - 2025-06-11 22:14:44 --> Cart Class Initialized
INFO - 2025-06-11 22:18:08 --> Session: Class initialized using 'CodeIgniter\Session\Handlers\FileHandler' driver.
INFO - 2025-06-11 22:18:08 --> Cart Class Initialized
INFO - 2025-06-11 22:18:11 --> Session: Class initialized using 'CodeIgniter\Session\Handlers\FileHandler' driver.
INFO - 2025-06-11 22:18:11 --> Cart Class Initialized
INFO - 2025-06-11 22:18:13 --> Session: Class initialized using 'CodeIgniter\Session\Handlers\FileHandler' driver.
INFO - 2025-06-11 22:18:13 --> Cart Class Initialized
INFO - 2025-06-11 22:18:26 --> Session: Class initialized using 'CodeIgniter\Session\Handlers\FileHandler' driver.
INFO - 2025-06-11 22:18:26 --> Cart Class Initialized
INFO - 2025-06-11 22:18:36 --> Session: Class initialized using 'CodeIgniter\Session\Handlers\FileHandler' driver.
INFO - 2025-06-11 22:18:36 --> Cart Class Initialized
INFO - 2025-06-11 22:18:39 --> Session: Class initialized using 'CodeIgniter\Session\Handlers\FileHandler' driver.
INFO - 2025-06-11 22:18:39 --> Cart Class Initialized
INFO - 2025-06-11 22:18:41 --> Session: Class initialized using 'CodeIgniter\Session\Handlers\FileHandler' driver.
INFO - 2025-06-11 22:18:41 --> Cart Class Initialized
INFO - 2025-06-11 22:20:48 --> Session: Class initialized using 'CodeIgniter\Session\Handlers\FileHandler' driver.
INFO - 2025-06-11 22:20:48 --> Cart Class Initialized
INFO - 2025-06-11 22:20:59 --> Session: Class initialized using 'CodeIgniter\Session\Handlers\FileHandler' driver.
INFO - 2025-06-11 22:20:59 --> Cart Class Initialized
INFO - 2025-06-11 22:23:11 --> Session: Class initialized using 'CodeIgniter\Session\Handlers\FileHandler' driver.
INFO - 2025-06-11 22:23:11 --> Cart Class Initialized
INFO - 2025-06-11 22:24:26 --> Session: Class initialized using 'CodeIgniter\Session\Handlers\FileHandler' driver.
INFO - 2025-06-11 22:24:26 --> Cart Class Initialized
INFO - 2025-06-11 22:27:30 --> Session: Class initialized using 'CodeIgniter\Session\Handlers\FileHandler' driver.
INFO - 2025-06-11 22:27:30 --> Cart Class Initialized
INFO - 2025-06-11 22:27:36 --> Session: Class initialized using 'CodeIgniter\Session\Handlers\FileHandler' driver.
INFO - 2025-06-11 22:27:37 --> Session: Class initialized using 'CodeIgniter\Session\Handlers\FileHandler' driver.
INFO - 2025-06-11 22:27:37 --> Cart Class Initialized
INFO - 2025-06-11 22:27:41 --> Session: Class initialized using 'CodeIgniter\Session\Handlers\FileHandler' driver.
INFO - 2025-06-11 22:27:41 --> Cart Class Initialized
INFO - 2025-06-11 22:29:17 --> Session: Class initialized using 'CodeIgniter\Session\Handlers\FileHandler' driver.
INFO - 2025-06-11 22:29:17 --> Cart Class Initialized
INFO - 2025-06-11 22:29:38 --> Session: Class initialized using 'CodeIgniter\Session\Handlers\FileHandler' driver.
INFO - 2025-06-11 22:29:38 --> Cart Class Initialized
INFO - 2025-06-11 22:32:52 --> Session: Class initialized using 'CodeIgniter\Session\Handlers\FileHandler' driver.
INFO - 2025-06-11 22:32:52 --> Cart Class Initialized
INFO - 2025-06-11 22:34:40 --> Session: Class initialized using 'CodeIgniter\Session\Handlers\FileHandler' driver.
INFO - 2025-06-11 22:34:40 --> Cart Class Initialized
INFO - 2025-06-11 22:36:05 --> Session: Class initialized using 'CodeIgniter\Session\Handlers\FileHandler' driver.
INFO - 2025-06-11 22:36:05 --> Cart Class Initialized
INFO - 2025-06-11 22:36:46 --> Session: Class initialized using 'CodeIgniter\Session\Handlers\FileHandler' driver.
INFO - 2025-06-11 22:36:46 --> Cart Class Initialized
INFO - 2025-06-11 22:38:09 --> Session: Class initialized using 'CodeIgniter\Session\Handlers\FileHandler' driver.
INFO - 2025-06-11 22:38:09 --> Session: Class initialized using 'CodeIgniter\Session\Handlers\FileHandler' driver.
INFO - 2025-06-11 22:38:09 --> Cart Class Initialized
INFO - 2025-06-11 22:38:14 --> Session: Class initialized using 'CodeIgniter\Session\Handlers\FileHandler' driver.
INFO - 2025-06-11 22:38:14 --> Session: Class initialized using 'CodeIgniter\Session\Handlers\FileHandler' driver.
INFO - 2025-06-11 22:38:14 --> Cart Class Initialized
INFO - 2025-06-11 22:42:26 --> Session: Class initialized using 'CodeIgniter\Session\Handlers\FileHandler' driver.
INFO - 2025-06-11 22:42:26 --> Cart Class Initialized
INFO - 2025-06-11 22:42:49 --> Session: Class initialized using 'CodeIgniter\Session\Handlers\FileHandler' driver.
INFO - 2025-06-11 22:42:49 --> Cart Class Initialized
CRITICAL - 2025-06-11 22:42:49 --> Undefined index: nombre_usuario
in APPPATH\Views\Productos\Muestra_Ventas.php on line 37.
 1 APPPATH\Views\Productos\Muestra_Ventas.php(37): CodeIgniter\Debug\Exceptions->errorHandler(8, 'Undefined index: nombre_usuario', 'APPPATH\\Views\\Productos\\Muestra_Ventas.php', 37, [...])
 2 SYSTEMPATH\View\View.php(213): include('APPPATH\\Views\\Productos\\Muestra_Ventas.php')
 3 SYSTEMPATH\View\View.php(216): CodeIgniter\View\View->CodeIgniter\View\{closure}()
 4 SYSTEMPATH\Common.php(1184): CodeIgniter\View\View->render('Productos/Muestra_Ventas', [], true)
 5 APPPATH\Controllers\Ventascontroller.php(191): view('Productos/Muestra_Ventas', [...])
 6 SYSTEMPATH\CodeIgniter.php(934): App\Controllers\Ventascontroller->mostrar()
 7 SYSTEMPATH\CodeIgniter.php(499): CodeIgniter\CodeIgniter->runController(Object(App\Controllers\Ventascontroller))
 8 SYSTEMPATH\CodeIgniter.php(368): CodeIgniter\CodeIgniter->handleRequest(null, Object(Config\Cache), false)
 9 FCPATH\index.php(67): CodeIgniter\CodeIgniter->run()
INFO - 2025-06-11 22:46:14 --> Session: Class initialized using 'CodeIgniter\Session\Handlers\FileHandler' driver.
INFO - 2025-06-11 22:46:14 --> Cart Class Initialized
CRITICAL - 2025-06-11 22:46:14 --> Undefined index: nombre_usuario
in APPPATH\Views\Productos\Muestra_Ventas.php on line 37.
 1 APPPATH\Views\Productos\Muestra_Ventas.php(37): CodeIgniter\Debug\Exceptions->errorHandler(8, 'Undefined index: nombre_usuario', 'APPPATH\\Views\\Productos\\Muestra_Ventas.php', 37, [...])
 2 SYSTEMPATH\View\View.php(213): include('APPPATH\\Views\\Productos\\Muestra_Ventas.php')
 3 SYSTEMPATH\View\View.php(216): CodeIgniter\View\View->CodeIgniter\View\{closure}()
 4 SYSTEMPATH\Common.php(1184): CodeIgniter\View\View->render('Productos/Muestra_Ventas', [], true)
 5 APPPATH\Controllers\Ventascontroller.php(191): view('Productos/Muestra_Ventas', [...])
 6 SYSTEMPATH\CodeIgniter.php(934): App\Controllers\Ventascontroller->mostrar()
 7 SYSTEMPATH\CodeIgniter.php(499): CodeIgniter\CodeIgniter->runController(Object(App\Controllers\Ventascontroller))
 8 SYSTEMPATH\CodeIgniter.php(368): CodeIgniter\CodeIgniter->handleRequest(null, Object(Config\Cache), false)
 9 FCPATH\index.php(67): CodeIgniter\CodeIgniter->run()
INFO - 2025-06-11 22:53:10 --> Session: Class initialized using 'CodeIgniter\Session\Handlers\FileHandler' driver.
CRITICAL - 2025-06-11 22:53:10 --> syntax error, unexpected 'ppublic' (T_STRING), expecting function (T_FUNCTION) or const (T_CONST)
in APPPATH\Models\Ventas_cabecera_model.php on line 31.
 1 SYSTEMPATH\Autoloader\Autoloader.php(289): CodeIgniter\Autoloader\Autoloader->includeFile('APPPATH\\Models\\Ventas_cabecera_model.php')
 2 SYSTEMPATH\Autoloader\Autoloader.php(267): CodeIgniter\Autoloader\Autoloader->loadInNamespace('App\\Models\\Ventas_cabecera_model')
 3 [internal function]: CodeIgniter\Autoloader\Autoloader->loadClass('App\\Models\\Ventas_cabecera_model')
 4 APPPATH\Controllers\Ventascontroller.php(168): spl_autoload_call('App\\Models\\Ventas_cabecera_model')
 5 SYSTEMPATH\CodeIgniter.php(934): App\Controllers\Ventascontroller->mostrar()
 6 SYSTEMPATH\CodeIgniter.php(499): CodeIgniter\CodeIgniter->runController(Object(App\Controllers\Ventascontroller))
 7 SYSTEMPATH\CodeIgniter.php(368): CodeIgniter\CodeIgniter->handleRequest(null, Object(Config\Cache), false)
 8 FCPATH\index.php(67): CodeIgniter\CodeIgniter->run()
INFO - 2025-06-11 22:53:11 --> Session: Class initialized using 'CodeIgniter\Session\Handlers\FileHandler' driver.
CRITICAL - 2025-06-11 22:53:11 --> syntax error, unexpected 'ppublic' (T_STRING), expecting function (T_FUNCTION) or const (T_CONST)
in APPPATH\Models\Ventas_cabecera_model.php on line 31.
 1 SYSTEMPATH\Autoloader\Autoloader.php(289): CodeIgniter\Autoloader\Autoloader->includeFile('APPPATH\\Models\\Ventas_cabecera_model.php')
 2 SYSTEMPATH\Autoloader\Autoloader.php(267): CodeIgniter\Autoloader\Autoloader->loadInNamespace('App\\Models\\Ventas_cabecera_model')
 3 [internal function]: CodeIgniter\Autoloader\Autoloader->loadClass('App\\Models\\Ventas_cabecera_model')
 4 APPPATH\Controllers\Ventascontroller.php(168): spl_autoload_call('App\\Models\\Ventas_cabecera_model')
 5 SYSTEMPATH\CodeIgniter.php(934): App\Controllers\Ventascontroller->mostrar()
 6 SYSTEMPATH\CodeIgniter.php(499): CodeIgniter\CodeIgniter->runController(Object(App\Controllers\Ventascontroller))
 7 SYSTEMPATH\CodeIgniter.php(368): CodeIgniter\CodeIgniter->handleRequest(null, Object(Config\Cache), false)
 8 FCPATH\index.php(67): CodeIgniter\CodeIgniter->run()
INFO - 2025-06-11 22:53:58 --> Session: Class initialized using 'CodeIgniter\Session\Handlers\FileHandler' driver.
INFO - 2025-06-11 22:53:58 --> Cart Class Initialized
CRITICAL - 2025-06-11 22:53:58 --> Undefined index: nombre_usuario
in APPPATH\Views\Productos\Muestra_Ventas.php on line 37.
 1 APPPATH\Views\Productos\Muestra_Ventas.php(37): CodeIgniter\Debug\Exceptions->errorHandler(8, 'Undefined index: nombre_usuario', 'APPPATH\\Views\\Productos\\Muestra_Ventas.php', 37, [...])
 2 SYSTEMPATH\View\View.php(213): include('APPPATH\\Views\\Productos\\Muestra_Ventas.php')
 3 SYSTEMPATH\View\View.php(216): CodeIgniter\View\View->CodeIgniter\View\{closure}()
 4 SYSTEMPATH\Common.php(1184): CodeIgniter\View\View->render('Productos/Muestra_Ventas', [], true)
 5 APPPATH\Controllers\Ventascontroller.php(191): view('Productos/Muestra_Ventas', [...])
 6 SYSTEMPATH\CodeIgniter.php(934): App\Controllers\Ventascontroller->mostrar()
 7 SYSTEMPATH\CodeIgniter.php(499): CodeIgniter\CodeIgniter->runController(Object(App\Controllers\Ventascontroller))
 8 SYSTEMPATH\CodeIgniter.php(368): CodeIgniter\CodeIgniter->handleRequest(null, Object(Config\Cache), false)
 9 FCPATH\index.php(67): CodeIgniter\CodeIgniter->run()
