INFO - 2025-05-22 11:47:28 --> Session: Class initialized using 'CodeIgniter\Session\Handlers\FileHandler' driver.
INFO - 2025-05-22 11:47:28 --> Cart Class Initialized
INFO - 2025-05-22 11:51:51 --> Session: Class initialized using 'CodeIgniter\Session\Handlers\FileHandler' driver.
INFO - 2025-05-22 11:51:51 --> Cart Class Initialized
INFO - 2025-05-22 11:54:40 --> Session: Class initialized using 'CodeIgniter\Session\Handlers\FileHandler' driver.
INFO - 2025-05-22 11:54:40 --> Cart Class Initialized
INFO - 2025-05-22 11:54:47 --> Session: Class initialized using 'CodeIgniter\Session\Handlers\FileHandler' driver.
INFO - 2025-05-22 11:54:48 --> Session: Class initialized using 'CodeIgniter\Session\Handlers\FileHandler' driver.
INFO - 2025-05-22 11:54:48 --> Cart Class Initialized
INFO - 2025-05-22 11:54:51 --> Session: Class initialized using 'CodeIgniter\Session\Handlers\FileHandler' driver.
INFO - 2025-05-22 11:54:51 --> Cart Class Initialized
INFO - 2025-05-22 11:54:57 --> Session: Class initialized using 'CodeIgniter\Session\Handlers\FileHandler' driver.
INFO - 2025-05-22 11:54:57 --> Cart Class Initialized
INFO - 2025-05-22 11:55:52 --> Session: Class initialized using 'CodeIgniter\Session\Handlers\FileHandler' driver.
INFO - 2025-05-22 11:55:52 --> Session: Class initialized using 'CodeIgniter\Session\Handlers\FileHandler' driver.
INFO - 2025-05-22 11:55:52 --> Cart Class Initialized
INFO - 2025-05-22 11:56:01 --> Session: Class initialized using 'CodeIgniter\Session\Handlers\FileHandler' driver.
INFO - 2025-05-22 11:56:01 --> Cart Class Initialized
INFO - 2025-05-22 11:56:09 --> Session: Class initialized using 'CodeIgniter\Session\Handlers\FileHandler' driver.
INFO - 2025-05-22 11:56:09 --> Cart Class Initialized
INFO - 2025-05-22 11:56:27 --> Session: Class initialized using 'CodeIgniter\Session\Handlers\FileHandler' driver.
INFO - 2025-05-22 11:56:27 --> Session: Class initialized using 'CodeIgniter\Session\Handlers\FileHandler' driver.
INFO - 2025-05-22 11:56:27 --> Cart Class Initialized
INFO - 2025-05-22 11:56:38 --> Session: Class initialized using 'CodeIgniter\Session\Handlers\FileHandler' driver.
INFO - 2025-05-22 11:56:38 --> Cart Class Initialized
INFO - 2025-05-22 11:56:42 --> Session: Class initialized using 'CodeIgniter\Session\Handlers\FileHandler' driver.
INFO - 2025-05-22 11:56:42 --> Cart Class Initialized
INFO - 2025-05-22 11:57:00 --> Session: Class initialized using 'CodeIgniter\Session\Handlers\FileHandler' driver.
INFO - 2025-05-22 11:57:01 --> Session: Class initialized using 'CodeIgniter\Session\Handlers\FileHandler' driver.
INFO - 2025-05-22 11:57:01 --> Cart Class Initialized
INFO - 2025-05-22 11:57:38 --> Session: Class initialized using 'CodeIgniter\Session\Handlers\FileHandler' driver.
INFO - 2025-05-22 11:57:39 --> Session: Class initialized using 'CodeIgniter\Session\Handlers\FileHandler' driver.
INFO - 2025-05-22 11:57:39 --> Cart Class Initialized
INFO - 2025-05-22 11:57:39 --> Session: Class initialized using 'CodeIgniter\Session\Handlers\FileHandler' driver.
INFO - 2025-05-22 11:57:40 --> Session: Class initialized using 'CodeIgniter\Session\Handlers\FileHandler' driver.
INFO - 2025-05-22 11:57:40 --> Cart Class Initialized
INFO - 2025-05-22 11:57:50 --> Session: Class initialized using 'CodeIgniter\Session\Handlers\FileHandler' driver.
INFO - 2025-05-22 11:57:50 --> Cart Class Initialized
INFO - 2025-05-22 11:57:56 --> Session: Class initialized using 'CodeIgniter\Session\Handlers\FileHandler' driver.
INFO - 2025-05-22 11:57:56 --> Cart Class Initialized
INFO - 2025-05-22 11:58:40 --> Session: Class initialized using 'CodeIgniter\Session\Handlers\FileHandler' driver.
INFO - 2025-05-22 11:58:40 --> Cart Class Initialized
INFO - 2025-05-22 11:58:50 --> Session: Class initialized using 'CodeIgniter\Session\Handlers\FileHandler' driver.
INFO - 2025-05-22 11:58:50 --> Cart Class Initialized
INFO - 2025-05-22 11:59:05 --> Session: Class initialized using 'CodeIgniter\Session\Handlers\FileHandler' driver.
INFO - 2025-05-22 11:59:06 --> Session: Class initialized using 'CodeIgniter\Session\Handlers\FileHandler' driver.
INFO - 2025-05-22 11:59:06 --> Cart Class Initialized
INFO - 2025-05-22 11:59:09 --> Session: Class initialized using 'CodeIgniter\Session\Handlers\FileHandler' driver.
INFO - 2025-05-22 11:59:09 --> Cart Class Initialized
INFO - 2025-05-22 12:01:22 --> Session: Class initialized using 'CodeIgniter\Session\Handlers\FileHandler' driver.
INFO - 2025-05-22 12:01:22 --> Cart Class Initialized
INFO - 2025-05-22 12:01:35 --> Session: Class initialized using 'CodeIgniter\Session\Handlers\FileHandler' driver.
INFO - 2025-05-22 12:01:35 --> Session: Class initialized using 'CodeIgniter\Session\Handlers\FileHandler' driver.
INFO - 2025-05-22 12:01:35 --> Cart Class Initialized
INFO - 2025-05-22 12:01:47 --> Session: Class initialized using 'CodeIgniter\Session\Handlers\FileHandler' driver.
INFO - 2025-05-22 12:01:47 --> Cart Class Initialized
INFO - 2025-05-22 12:01:55 --> Session: Class initialized using 'CodeIgniter\Session\Handlers\FileHandler' driver.
INFO - 2025-05-22 12:01:55 --> Session: Class initialized using 'CodeIgniter\Session\Handlers\FileHandler' driver.
INFO - 2025-05-22 12:01:55 --> Cart Class Initialized
INFO - 2025-05-22 12:02:03 --> Session: Class initialized using 'CodeIgniter\Session\Handlers\FileHandler' driver.
INFO - 2025-05-22 12:02:04 --> Session: Class initialized using 'CodeIgniter\Session\Handlers\FileHandler' driver.
INFO - 2025-05-22 12:02:04 --> Cart Class Initialized
INFO - 2025-05-22 12:02:07 --> Session: Class initialized using 'CodeIgniter\Session\Handlers\FileHandler' driver.
INFO - 2025-05-22 12:02:07 --> Cart Class Initialized
INFO - 2025-05-22 12:02:26 --> Session: Class initialized using 'CodeIgniter\Session\Handlers\FileHandler' driver.
INFO - 2025-05-22 12:02:26 --> Cart Class Initialized
INFO - 2025-05-22 12:02:27 --> Session: Class initialized using 'CodeIgniter\Session\Handlers\FileHandler' driver.
INFO - 2025-05-22 12:02:27 --> Cart Class Initialized
INFO - 2025-05-22 12:02:29 --> Session: Class initialized using 'CodeIgniter\Session\Handlers\FileHandler' driver.
INFO - 2025-05-22 12:02:29 --> Cart Class Initialized
INFO - 2025-05-22 12:02:30 --> Session: Class initialized using 'CodeIgniter\Session\Handlers\FileHandler' driver.
INFO - 2025-05-22 12:02:30 --> Cart Class Initialized
INFO - 2025-05-22 12:02:34 --> Session: Class initialized using 'CodeIgniter\Session\Handlers\FileHandler' driver.
INFO - 2025-05-22 12:02:34 --> Cart Class Initialized
INFO - 2025-05-22 12:02:37 --> Session: Class initialized using 'CodeIgniter\Session\Handlers\FileHandler' driver.
INFO - 2025-05-22 12:02:37 --> Cart Class Initialized
INFO - 2025-05-22 12:02:42 --> Session: Class initialized using 'CodeIgniter\Session\Handlers\FileHandler' driver.
INFO - 2025-05-22 12:02:42 --> Cart Class Initialized
INFO - 2025-05-22 12:02:48 --> Session: Class initialized using 'CodeIgniter\Session\Handlers\FileHandler' driver.
INFO - 2025-05-22 12:02:49 --> Session: Class initialized using 'CodeIgniter\Session\Handlers\FileHandler' driver.
INFO - 2025-05-22 12:02:49 --> Cart Class Initialized
INFO - 2025-05-22 12:02:52 --> Session: Class initialized using 'CodeIgniter\Session\Handlers\FileHandler' driver.
INFO - 2025-05-22 12:02:52 --> Cart Class Initialized
CRITICAL - 2025-05-22 12:08:24 --> Class 'App\Models\ConsultaModel' not found
in APPPATH\Controllers\Consulta_Controller.php on line 37.
 1 SYSTEMPATH\CodeIgniter.php(934): App\Controllers\Consulta_Controller->guardar()
 2 SYSTEMPATH\CodeIgniter.php(499): CodeIgniter\CodeIgniter->runController(Object(App\Controllers\Consulta_Controller))
 3 SYSTEMPATH\CodeIgniter.php(368): CodeIgniter\CodeIgniter->handleRequest(null, Object(Config\Cache), false)
 4 FCPATH\index.php(67): CodeIgniter\CodeIgniter->run()
INFO - 2025-05-22 12:09:32 --> Session: Class initialized using 'CodeIgniter\Session\Handlers\FileHandler' driver.
INFO - 2025-05-22 12:09:32 --> Cart Class Initialized
CRITICAL - 2025-05-22 12:09:39 --> Class 'App\Models\Consulta_model' not found
in APPPATH\Controllers\Consulta_Controller.php on line 37.
 1 SYSTEMPATH\CodeIgniter.php(934): App\Controllers\Consulta_Controller->guardar()
 2 SYSTEMPATH\CodeIgniter.php(499): CodeIgniter\CodeIgniter->runController(Object(App\Controllers\Consulta_Controller))
 3 SYSTEMPATH\CodeIgniter.php(368): CodeIgniter\CodeIgniter->handleRequest(null, Object(Config\Cache), false)
 4 FCPATH\index.php(67): CodeIgniter\CodeIgniter->run()
INFO - 2025-05-22 12:09:57 --> Session: Class initialized using 'CodeIgniter\Session\Handlers\FileHandler' driver.
INFO - 2025-05-22 12:09:57 --> Cart Class Initialized
INFO - 2025-05-22 12:10:01 --> Session: Class initialized using 'CodeIgniter\Session\Handlers\FileHandler' driver.
INFO - 2025-05-22 12:17:27 --> Session: Class initialized using 'CodeIgniter\Session\Handlers\FileHandler' driver.
INFO - 2025-05-22 12:17:27 --> Cart Class Initialized
INFO - 2025-05-22 12:17:52 --> Session: Class initialized using 'CodeIgniter\Session\Handlers\FileHandler' driver.
INFO - 2025-05-22 12:22:14 --> Session: Class initialized using 'CodeIgniter\Session\Handlers\FileHandler' driver.
INFO - 2025-05-22 12:22:14 --> Cart Class Initialized
INFO - 2025-05-22 12:23:08 --> Session: Class initialized using 'CodeIgniter\Session\Handlers\FileHandler' driver.
INFO - 2025-05-22 12:33:14 --> Session: Class initialized using 'CodeIgniter\Session\Handlers\FileHandler' driver.
INFO - 2025-05-22 12:33:14 --> Cart Class Initialized
INFO - 2025-05-22 12:33:21 --> Session: Class initialized using 'CodeIgniter\Session\Handlers\FileHandler' driver.
INFO - 2025-05-22 12:36:19 --> Session: Class initialized using 'CodeIgniter\Session\Handlers\FileHandler' driver.
INFO - 2025-05-22 12:36:19 --> Cart Class Initialized
INFO - 2025-05-22 12:37:00 --> Session: Class initialized using 'CodeIgniter\Session\Handlers\FileHandler' driver.
INFO - 2025-05-22 12:37:00 --> Cart Class Initialized
INFO - 2025-05-22 12:37:14 --> Session: Class initialized using 'CodeIgniter\Session\Handlers\FileHandler' driver.
INFO - 2025-05-22 12:37:14 --> Cart Class Initialized
INFO - 2025-05-22 12:37:18 --> Session: Class initialized using 'CodeIgniter\Session\Handlers\FileHandler' driver.
INFO - 2025-05-22 12:37:18 --> Cart Class Initialized
INFO - 2025-05-22 12:37:44 --> Session: Class initialized using 'CodeIgniter\Session\Handlers\FileHandler' driver.
INFO - 2025-05-22 12:37:44 --> Session: Class initialized using 'CodeIgniter\Session\Handlers\FileHandler' driver.
INFO - 2025-05-22 12:37:44 --> Cart Class Initialized
INFO - 2025-05-22 12:37:52 --> Session: Class initialized using 'CodeIgniter\Session\Handlers\FileHandler' driver.
INFO - 2025-05-22 12:37:52 --> Session: Class initialized using 'CodeIgniter\Session\Handlers\FileHandler' driver.
INFO - 2025-05-22 12:37:52 --> Cart Class Initialized
INFO - 2025-05-22 12:37:59 --> Session: Class initialized using 'CodeIgniter\Session\Handlers\FileHandler' driver.
INFO - 2025-05-22 12:37:59 --> Session: Class initialized using 'CodeIgniter\Session\Handlers\FileHandler' driver.
INFO - 2025-05-22 12:37:59 --> Cart Class Initialized
INFO - 2025-05-22 12:38:06 --> Session: Class initialized using 'CodeIgniter\Session\Handlers\FileHandler' driver.
INFO - 2025-05-22 12:38:06 --> Session: Class initialized using 'CodeIgniter\Session\Handlers\FileHandler' driver.
INFO - 2025-05-22 12:38:06 --> Cart Class Initialized
INFO - 2025-05-22 12:40:45 --> Session: Class initialized using 'CodeIgniter\Session\Handlers\FileHandler' driver.
INFO - 2025-05-22 12:40:45 --> Cart Class Initialized
INFO - 2025-05-22 12:56:17 --> Session: Class initialized using 'CodeIgniter\Session\Handlers\FileHandler' driver.
INFO - 2025-05-22 12:56:17 --> Cart Class Initialized
INFO - 2025-05-22 12:58:28 --> Session: Class initialized using 'CodeIgniter\Session\Handlers\FileHandler' driver.
CRITICAL - 2025-05-22 12:58:28 --> Undefined index: nombre
in APPPATH\Views\Consultas\Lista_Consulta.php on line 23.
 1 APPPATH\Views\Consultas\Lista_Consulta.php(23): CodeIgniter\Debug\Exceptions->errorHandler(8, 'Undefined index: nombre', 'APPPATH\\Views\\Consultas\\Lista_Consulta.php', 23, [...])
 2 SYSTEMPATH\View\View.php(213): include('APPPATH\\Views\\Consultas\\Lista_Consulta.php')
 3 SYSTEMPATH\View\View.php(216): CodeIgniter\View\View->CodeIgniter\View\{closure}()
 4 SYSTEMPATH\Common.php(1184): CodeIgniter\View\View->render('Consultas/Lista_Consulta', [], true)
 5 APPPATH\Controllers\Consulta_Controller.php(59): view('Consultas/Lista_Consulta', [...])
 6 SYSTEMPATH\CodeIgniter.php(934): App\Controllers\Consulta_Controller->listar()
 7 SYSTEMPATH\CodeIgniter.php(499): CodeIgniter\CodeIgniter->runController(Object(App\Controllers\Consulta_Controller))
 8 SYSTEMPATH\CodeIgniter.php(368): CodeIgniter\CodeIgniter->handleRequest(null, Object(Config\Cache), false)
 9 FCPATH\index.php(67): CodeIgniter\CodeIgniter->run()
INFO - 2025-05-22 12:59:38 --> Session: Class initialized using 'CodeIgniter\Session\Handlers\FileHandler' driver.
CRITICAL - 2025-05-22 12:59:38 --> Undefined index: apellido
in APPPATH\Views\Consultas\Lista_Consulta.php on line 24.
 1 APPPATH\Views\Consultas\Lista_Consulta.php(24): CodeIgniter\Debug\Exceptions->errorHandler(8, 'Undefined index: apellido', 'APPPATH\\Views\\Consultas\\Lista_Consulta.php', 24, [...])
 2 SYSTEMPATH\View\View.php(213): include('APPPATH\\Views\\Consultas\\Lista_Consulta.php')
 3 SYSTEMPATH\View\View.php(216): CodeIgniter\View\View->CodeIgniter\View\{closure}()
 4 SYSTEMPATH\Common.php(1184): CodeIgniter\View\View->render('Consultas/Lista_Consulta', [], true)
 5 APPPATH\Controllers\Consulta_Controller.php(59): view('Consultas/Lista_Consulta', [...])
 6 SYSTEMPATH\CodeIgniter.php(934): App\Controllers\Consulta_Controller->listar()
 7 SYSTEMPATH\CodeIgniter.php(499): CodeIgniter\CodeIgniter->runController(Object(App\Controllers\Consulta_Controller))
 8 SYSTEMPATH\CodeIgniter.php(368): CodeIgniter\CodeIgniter->handleRequest(null, Object(Config\Cache), false)
 9 FCPATH\index.php(67): CodeIgniter\CodeIgniter->run()
INFO - 2025-05-22 12:59:49 --> Session: Class initialized using 'CodeIgniter\Session\Handlers\FileHandler' driver.
INFO - 2025-05-22 13:00:03 --> Session: Class initialized using 'CodeIgniter\Session\Handlers\FileHandler' driver.
INFO - 2025-05-22 13:00:03 --> Cart Class Initialized
INFO - 2025-05-22 13:00:06 --> Session: Class initialized using 'CodeIgniter\Session\Handlers\FileHandler' driver.
INFO - 2025-05-22 13:02:11 --> Session: Class initialized using 'CodeIgniter\Session\Handlers\FileHandler' driver.
CRITICAL - 2025-05-22 13:02:11 --> Undefined index: nombre
in APPPATH\Views\Consultas\Lista_Consulta.php on line 35.
 1 APPPATH\Views\Consultas\Lista_Consulta.php(35): CodeIgniter\Debug\Exceptions->errorHandler(8, 'Undefined index: nombre', 'APPPATH\\Views\\Consultas\\Lista_Consulta.php', 35, [...])
 2 SYSTEMPATH\View\View.php(213): include('APPPATH\\Views\\Consultas\\Lista_Consulta.php')
 3 SYSTEMPATH\View\View.php(216): CodeIgniter\View\View->CodeIgniter\View\{closure}()
 4 SYSTEMPATH\Common.php(1184): CodeIgniter\View\View->render('Consultas/Lista_Consulta', [], true)
 5 APPPATH\Controllers\Consulta_Controller.php(59): view('Consultas/Lista_Consulta', [...])
 6 SYSTEMPATH\CodeIgniter.php(934): App\Controllers\Consulta_Controller->listar()
 7 SYSTEMPATH\CodeIgniter.php(499): CodeIgniter\CodeIgniter->runController(Object(App\Controllers\Consulta_Controller))
 8 SYSTEMPATH\CodeIgniter.php(368): CodeIgniter\CodeIgniter->handleRequest(null, Object(Config\Cache), false)
 9 FCPATH\index.php(67): CodeIgniter\CodeIgniter->run()
INFO - 2025-05-22 13:02:31 --> Session: Class initialized using 'CodeIgniter\Session\Handlers\FileHandler' driver.
INFO - 2025-05-22 13:02:37 --> Session: Class initialized using 'CodeIgniter\Session\Handlers\FileHandler' driver.
INFO - 2025-05-22 13:02:37 --> Cart Class Initialized
INFO - 2025-05-22 13:02:44 --> Session: Class initialized using 'CodeIgniter\Session\Handlers\FileHandler' driver.
INFO - 2025-05-22 13:03:11 --> Session: Class initialized using 'CodeIgniter\Session\Handlers\FileHandler' driver.
INFO - 2025-05-22 13:03:11 --> Cart Class Initialized
INFO - 2025-05-22 13:03:34 --> Session: Class initialized using 'CodeIgniter\Session\Handlers\FileHandler' driver.
INFO - 2025-05-22 13:03:36 --> Session: Class initialized using 'CodeIgniter\Session\Handlers\FileHandler' driver.
INFO - 2025-05-22 13:03:36 --> Cart Class Initialized
INFO - 2025-05-22 13:03:41 --> Session: Class initialized using 'CodeIgniter\Session\Handlers\FileHandler' driver.
INFO - 2025-05-22 13:10:55 --> Session: Class initialized using 'CodeIgniter\Session\Handlers\FileHandler' driver.
INFO - 2025-05-22 13:10:59 --> Session: Class initialized using 'CodeIgniter\Session\Handlers\FileHandler' driver.
INFO - 2025-05-22 13:11:42 --> Session: Class initialized using 'CodeIgniter\Session\Handlers\FileHandler' driver.
INFO - 2025-05-22 13:11:42 --> Cart Class Initialized
INFO - 2025-05-22 13:11:44 --> Session: Class initialized using 'CodeIgniter\Session\Handlers\FileHandler' driver.
INFO - 2025-05-22 13:11:47 --> Session: Class initialized using 'CodeIgniter\Session\Handlers\FileHandler' driver.
INFO - 2025-05-22 13:11:49 --> Session: Class initialized using 'CodeIgniter\Session\Handlers\FileHandler' driver.
INFO - 2025-05-22 13:11:49 --> Cart Class Initialized
INFO - 2025-05-22 13:12:26 --> Session: Class initialized using 'CodeIgniter\Session\Handlers\FileHandler' driver.
INFO - 2025-05-22 13:12:26 --> Cart Class Initialized
INFO - 2025-05-22 13:12:39 --> Session: Class initialized using 'CodeIgniter\Session\Handlers\FileHandler' driver.
INFO - 2025-05-22 13:12:39 --> Cart Class Initialized
INFO - 2025-05-22 13:20:14 --> Session: Class initialized using 'CodeIgniter\Session\Handlers\FileHandler' driver.
INFO - 2025-05-22 13:20:14 --> Cart Class Initialized
INFO - 2025-05-22 13:23:36 --> Session: Class initialized using 'CodeIgniter\Session\Handlers\FileHandler' driver.
INFO - 2025-05-22 13:23:36 --> Cart Class Initialized
INFO - 2025-05-22 13:23:51 --> Session: Class initialized using 'CodeIgniter\Session\Handlers\FileHandler' driver.
INFO - 2025-05-22 13:23:52 --> Cart Class Initialized
INFO - 2025-05-22 13:26:46 --> Session: Class initialized using 'CodeIgniter\Session\Handlers\FileHandler' driver.
INFO - 2025-05-22 13:26:46 --> Cart Class Initialized
INFO - 2025-05-22 13:27:02 --> Session: Class initialized using 'CodeIgniter\Session\Handlers\FileHandler' driver.
INFO - 2025-05-22 13:27:02 --> Cart Class Initialized
INFO - 2025-05-22 13:28:32 --> Session: Class initialized using 'CodeIgniter\Session\Handlers\FileHandler' driver.
INFO - 2025-05-22 13:28:32 --> Cart Class Initialized
INFO - 2025-05-22 13:28:34 --> Session: Class initialized using 'CodeIgniter\Session\Handlers\FileHandler' driver.
INFO - 2025-05-22 13:28:38 --> Session: Class initialized using 'CodeIgniter\Session\Handlers\FileHandler' driver.
INFO - 2025-05-22 13:28:38 --> Cart Class Initialized
INFO - 2025-05-22 13:28:43 --> Session: Class initialized using 'CodeIgniter\Session\Handlers\FileHandler' driver.
INFO - 2025-05-22 13:28:43 --> Cart Class Initialized
INFO - 2025-05-22 13:28:51 --> Session: Class initialized using 'CodeIgniter\Session\Handlers\FileHandler' driver.
INFO - 2025-05-22 13:28:52 --> Session: Class initialized using 'CodeIgniter\Session\Handlers\FileHandler' driver.
INFO - 2025-05-22 13:28:52 --> Cart Class Initialized
INFO - 2025-05-22 13:29:03 --> Session: Class initialized using 'CodeIgniter\Session\Handlers\FileHandler' driver.
INFO - 2025-05-22 13:29:03 --> Session: Class initialized using 'CodeIgniter\Session\Handlers\FileHandler' driver.
INFO - 2025-05-22 13:29:03 --> Cart Class Initialized
INFO - 2025-05-22 13:29:06 --> Session: Class initialized using 'CodeIgniter\Session\Handlers\FileHandler' driver.
INFO - 2025-05-22 13:29:06 --> Cart Class Initialized
INFO - 2025-05-22 13:29:20 --> Session: Class initialized using 'CodeIgniter\Session\Handlers\FileHandler' driver.
INFO - 2025-05-22 13:29:20 --> Cart Class Initialized
INFO - 2025-05-22 13:29:21 --> Session: Class initialized using 'CodeIgniter\Session\Handlers\FileHandler' driver.
INFO - 2025-05-22 13:29:21 --> Cart Class Initialized
INFO - 2025-05-22 13:29:24 --> Session: Class initialized using 'CodeIgniter\Session\Handlers\FileHandler' driver.
INFO - 2025-05-22 13:29:24 --> Cart Class Initialized
INFO - 2025-05-22 13:29:24 --> Session: Class initialized using 'CodeIgniter\Session\Handlers\FileHandler' driver.
INFO - 2025-05-22 13:29:24 --> Cart Class Initialized
INFO - 2025-05-22 13:29:27 --> Session: Class initialized using 'CodeIgniter\Session\Handlers\FileHandler' driver.
INFO - 2025-05-22 13:29:27 --> Cart Class Initialized
INFO - 2025-05-22 13:30:06 --> Session: Class initialized using 'CodeIgniter\Session\Handlers\FileHandler' driver.
INFO - 2025-05-22 13:30:06 --> Cart Class Initialized
INFO - 2025-05-22 13:52:35 --> Session: Class initialized using 'CodeIgniter\Session\Handlers\FileHandler' driver.
INFO - 2025-05-22 13:52:35 --> Cart Class Initialized
INFO - 2025-05-22 13:52:41 --> Session: Class initialized using 'CodeIgniter\Session\Handlers\FileHandler' driver.
INFO - 2025-05-22 13:52:41 --> Cart Class Initialized
INFO - 2025-05-22 13:53:40 --> Session: Class initialized using 'CodeIgniter\Session\Handlers\FileHandler' driver.
INFO - 2025-05-22 13:53:40 --> Cart Class Initialized
INFO - 2025-05-22 13:59:35 --> Session: Class initialized using 'CodeIgniter\Session\Handlers\FileHandler' driver.
INFO - 2025-05-22 13:59:35 --> Cart Class Initialized
INFO - 2025-05-22 14:03:20 --> Session: Class initialized using 'CodeIgniter\Session\Handlers\FileHandler' driver.
INFO - 2025-05-22 14:03:21 --> Cart Class Initialized
INFO - 2025-05-22 20:00:36 --> Session: Class initialized using 'CodeIgniter\Session\Handlers\FileHandler' driver.
INFO - 2025-05-22 20:00:36 --> Cart Class Initialized
INFO - 2025-05-22 20:01:08 --> Session: Class initialized using 'CodeIgniter\Session\Handlers\FileHandler' driver.
INFO - 2025-05-22 20:01:08 --> Cart Class Initialized
INFO - 2025-05-22 20:01:12 --> Session: Class initialized using 'CodeIgniter\Session\Handlers\FileHandler' driver.
INFO - 2025-05-22 20:01:12 --> Cart Class Initialized
INFO - 2025-05-22 20:01:20 --> Session: Class initialized using 'CodeIgniter\Session\Handlers\FileHandler' driver.
INFO - 2025-05-22 20:01:20 --> Cart Class Initialized
INFO - 2025-05-22 20:01:22 --> Session: Class initialized using 'CodeIgniter\Session\Handlers\FileHandler' driver.
INFO - 2025-05-22 20:01:22 --> Cart Class Initialized
INFO - 2025-05-22 20:01:36 --> Session: Class initialized using 'CodeIgniter\Session\Handlers\FileHandler' driver.
INFO - 2025-05-22 20:01:36 --> Session: Class initialized using 'CodeIgniter\Session\Handlers\FileHandler' driver.
INFO - 2025-05-22 20:01:36 --> Cart Class Initialized
INFO - 2025-05-22 20:01:54 --> Session: Class initialized using 'CodeIgniter\Session\Handlers\FileHandler' driver.
INFO - 2025-05-22 20:01:54 --> Cart Class Initialized
INFO - 2025-05-22 20:07:34 --> Session: Class initialized using 'CodeIgniter\Session\Handlers\FileHandler' driver.
INFO - 2025-05-22 20:07:34 --> Cart Class Initialized
INFO - 2025-05-22 20:11:03 --> Session: Class initialized using 'CodeIgniter\Session\Handlers\FileHandler' driver.
INFO - 2025-05-22 20:11:03 --> Cart Class Initialized
INFO - 2025-05-22 20:11:20 --> Session: Class initialized using 'CodeIgniter\Session\Handlers\FileHandler' driver.
INFO - 2025-05-22 20:11:20 --> Cart Class Initialized
INFO - 2025-05-22 20:12:33 --> Session: Class initialized using 'CodeIgniter\Session\Handlers\FileHandler' driver.
INFO - 2025-05-22 20:12:33 --> Cart Class Initialized
INFO - 2025-05-22 20:12:56 --> Session: Class initialized using 'CodeIgniter\Session\Handlers\FileHandler' driver.
INFO - 2025-05-22 20:12:56 --> Cart Class Initialized
INFO - 2025-05-22 20:13:28 --> Session: Class initialized using 'CodeIgniter\Session\Handlers\FileHandler' driver.
INFO - 2025-05-22 20:13:28 --> Cart Class Initialized
INFO - 2025-05-22 20:16:44 --> Session: Class initialized using 'CodeIgniter\Session\Handlers\FileHandler' driver.
INFO - 2025-05-22 20:16:44 --> Cart Class Initialized
INFO - 2025-05-22 20:17:30 --> Session: Class initialized using 'CodeIgniter\Session\Handlers\FileHandler' driver.
INFO - 2025-05-22 20:17:30 --> Cart Class Initialized
INFO - 2025-05-22 20:17:49 --> Session: Class initialized using 'CodeIgniter\Session\Handlers\FileHandler' driver.
INFO - 2025-05-22 20:17:49 --> Cart Class Initialized
INFO - 2025-05-22 20:18:02 --> Session: Class initialized using 'CodeIgniter\Session\Handlers\FileHandler' driver.
INFO - 2025-05-22 20:18:02 --> Cart Class Initialized
INFO - 2025-05-22 20:18:44 --> Session: Class initialized using 'CodeIgniter\Session\Handlers\FileHandler' driver.
INFO - 2025-05-22 20:18:44 --> Cart Class Initialized
INFO - 2025-05-22 20:19:55 --> Session: Class initialized using 'CodeIgniter\Session\Handlers\FileHandler' driver.
INFO - 2025-05-22 20:19:55 --> Cart Class Initialized
INFO - 2025-05-22 20:21:18 --> Session: Class initialized using 'CodeIgniter\Session\Handlers\FileHandler' driver.
INFO - 2025-05-22 20:21:18 --> Cart Class Initialized
INFO - 2025-05-22 20:21:42 --> Session: Class initialized using 'CodeIgniter\Session\Handlers\FileHandler' driver.
INFO - 2025-05-22 20:21:42 --> Cart Class Initialized
INFO - 2025-05-22 20:25:09 --> Session: Class initialized using 'CodeIgniter\Session\Handlers\FileHandler' driver.
INFO - 2025-05-22 20:25:10 --> Session: Class initialized using 'CodeIgniter\Session\Handlers\FileHandler' driver.
INFO - 2025-05-22 20:25:10 --> Cart Class Initialized
INFO - 2025-05-22 20:25:18 --> Session: Class initialized using 'CodeIgniter\Session\Handlers\FileHandler' driver.
INFO - 2025-05-22 20:25:19 --> Session: Class initialized using 'CodeIgniter\Session\Handlers\FileHandler' driver.
INFO - 2025-05-22 20:25:19 --> Cart Class Initialized
INFO - 2025-05-22 20:25:23 --> Session: Class initialized using 'CodeIgniter\Session\Handlers\FileHandler' driver.
INFO - 2025-05-22 20:25:23 --> Cart Class Initialized
INFO - 2025-05-22 20:25:26 --> Session: Class initialized using 'CodeIgniter\Session\Handlers\FileHandler' driver.
INFO - 2025-05-22 20:25:26 --> Cart Class Initialized
INFO - 2025-05-22 20:25:27 --> Session: Class initialized using 'CodeIgniter\Session\Handlers\FileHandler' driver.
INFO - 2025-05-22 20:25:27 --> Cart Class Initialized
INFO - 2025-05-22 20:25:29 --> Session: Class initialized using 'CodeIgniter\Session\Handlers\FileHandler' driver.
INFO - 2025-05-22 20:25:29 --> Cart Class Initialized
INFO - 2025-05-22 20:25:29 --> Session: Class initialized using 'CodeIgniter\Session\Handlers\FileHandler' driver.
INFO - 2025-05-22 20:25:29 --> Cart Class Initialized
INFO - 2025-05-22 20:25:32 --> Session: Class initialized using 'CodeIgniter\Session\Handlers\FileHandler' driver.
INFO - 2025-05-22 20:25:32 --> Cart Class Initialized
INFO - 2025-05-22 20:25:35 --> Session: Class initialized using 'CodeIgniter\Session\Handlers\FileHandler' driver.
INFO - 2025-05-22 20:29:51 --> Session: Class initialized using 'CodeIgniter\Session\Handlers\FileHandler' driver.
INFO - 2025-05-22 20:29:51 --> Cart Class Initialized
INFO - 2025-05-22 20:30:25 --> Session: Class initialized using 'CodeIgniter\Session\Handlers\FileHandler' driver.
INFO - 2025-05-22 20:30:25 --> Cart Class Initialized
INFO - 2025-05-22 20:30:31 --> Session: Class initialized using 'CodeIgniter\Session\Handlers\FileHandler' driver.
INFO - 2025-05-22 20:30:31 --> Cart Class Initialized
INFO - 2025-05-22 20:30:54 --> Session: Class initialized using 'CodeIgniter\Session\Handlers\FileHandler' driver.
INFO - 2025-05-22 20:30:54 --> Cart Class Initialized
INFO - 2025-05-22 20:31:04 --> Session: Class initialized using 'CodeIgniter\Session\Handlers\FileHandler' driver.
INFO - 2025-05-22 20:31:04 --> Cart Class Initialized
INFO - 2025-05-22 20:38:52 --> Session: Class initialized using 'CodeIgniter\Session\Handlers\FileHandler' driver.
INFO - 2025-05-22 20:38:52 --> Cart Class Initialized
CRITICAL - 2025-05-22 20:38:52 --> Class 'Config\Service' not found
in APPPATH\Controllers\Carrito_controller.php on line 60.
 1 SYSTEMPATH\CodeIgniter.php(934): App\Controllers\Carrito_controller->remove('eccbc87e4b5ce2fe28308fd9f2a7baf3')
 2 SYSTEMPATH\CodeIgniter.php(499): CodeIgniter\CodeIgniter->runController(Object(App\Controllers\Carrito_controller))
 3 SYSTEMPATH\CodeIgniter.php(368): CodeIgniter\CodeIgniter->handleRequest(null, Object(Config\Cache), false)
 4 FCPATH\index.php(67): CodeIgniter\CodeIgniter->run()
INFO - 2025-05-22 20:42:47 --> Session: Class initialized using 'CodeIgniter\Session\Handlers\FileHandler' driver.
INFO - 2025-05-22 20:42:47 --> Cart Class Initialized
INFO - 2025-05-22 20:42:47 --> Session: Class initialized using 'CodeIgniter\Session\Handlers\FileHandler' driver.
INFO - 2025-05-22 20:42:47 --> Cart Class Initialized
INFO - 2025-05-22 20:42:54 --> Session: Class initialized using 'CodeIgniter\Session\Handlers\FileHandler' driver.
INFO - 2025-05-22 20:42:54 --> Cart Class Initialized
INFO - 2025-05-22 20:42:54 --> Session: Class initialized using 'CodeIgniter\Session\Handlers\FileHandler' driver.
INFO - 2025-05-22 20:42:54 --> Cart Class Initialized
INFO - 2025-05-22 20:43:08 --> Session: Class initialized using 'CodeIgniter\Session\Handlers\FileHandler' driver.
INFO - 2025-05-22 20:43:08 --> Cart Class Initialized
INFO - 2025-05-22 20:43:17 --> Session: Class initialized using 'CodeIgniter\Session\Handlers\FileHandler' driver.
INFO - 2025-05-22 20:43:17 --> Cart Class Initialized
INFO - 2025-05-22 20:43:23 --> Session: Class initialized using 'CodeIgniter\Session\Handlers\FileHandler' driver.
INFO - 2025-05-22 20:43:23 --> Cart Class Initialized
INFO - 2025-05-22 20:43:26 --> Session: Class initialized using 'CodeIgniter\Session\Handlers\FileHandler' driver.
INFO - 2025-05-22 20:43:26 --> Cart Class Initialized
INFO - 2025-05-22 20:43:29 --> Session: Class initialized using 'CodeIgniter\Session\Handlers\FileHandler' driver.
INFO - 2025-05-22 20:43:29 --> Cart Class Initialized
INFO - 2025-05-22 20:43:30 --> Session: Class initialized using 'CodeIgniter\Session\Handlers\FileHandler' driver.
INFO - 2025-05-22 20:43:30 --> Cart Class Initialized
INFO - 2025-05-22 20:43:32 --> Session: Class initialized using 'CodeIgniter\Session\Handlers\FileHandler' driver.
INFO - 2025-05-22 20:43:32 --> Cart Class Initialized
INFO - 2025-05-22 20:43:32 --> Session: Class initialized using 'CodeIgniter\Session\Handlers\FileHandler' driver.
INFO - 2025-05-22 20:43:32 --> Cart Class Initialized
INFO - 2025-05-22 20:43:34 --> Session: Class initialized using 'CodeIgniter\Session\Handlers\FileHandler' driver.
INFO - 2025-05-22 20:43:34 --> Cart Class Initialized
INFO - 2025-05-22 20:43:35 --> Session: Class initialized using 'CodeIgniter\Session\Handlers\FileHandler' driver.
INFO - 2025-05-22 20:43:35 --> Cart Class Initialized
INFO - 2025-05-22 20:43:37 --> Session: Class initialized using 'CodeIgniter\Session\Handlers\FileHandler' driver.
INFO - 2025-05-22 20:43:37 --> Cart Class Initialized
INFO - 2025-05-22 20:43:37 --> Session: Class initialized using 'CodeIgniter\Session\Handlers\FileHandler' driver.
INFO - 2025-05-22 20:43:37 --> Cart Class Initialized
INFO - 2025-05-22 20:43:44 --> Session: Class initialized using 'CodeIgniter\Session\Handlers\FileHandler' driver.
INFO - 2025-05-22 20:43:44 --> Cart Class Initialized
INFO - 2025-05-22 20:43:44 --> Session: Class initialized using 'CodeIgniter\Session\Handlers\FileHandler' driver.
INFO - 2025-05-22 20:43:44 --> Cart Class Initialized
INFO - 2025-05-22 20:43:47 --> Session: Class initialized using 'CodeIgniter\Session\Handlers\FileHandler' driver.
INFO - 2025-05-22 20:43:47 --> Cart Class Initialized
INFO - 2025-05-22 20:44:06 --> Session: Class initialized using 'CodeIgniter\Session\Handlers\FileHandler' driver.
INFO - 2025-05-22 20:44:06 --> Cart Class Initialized
INFO - 2025-05-22 20:44:06 --> Session: Class initialized using 'CodeIgniter\Session\Handlers\FileHandler' driver.
INFO - 2025-05-22 20:44:06 --> Cart Class Initialized
INFO - 2025-05-22 20:44:19 --> Session: Class initialized using 'CodeIgniter\Session\Handlers\FileHandler' driver.
INFO - 2025-05-22 20:44:19 --> Cart Class Initialized
INFO - 2025-05-22 20:44:43 --> Session: Class initialized using 'CodeIgniter\Session\Handlers\FileHandler' driver.
INFO - 2025-05-22 20:44:43 --> Cart Class Initialized
INFO - 2025-05-22 20:44:47 --> Session: Class initialized using 'CodeIgniter\Session\Handlers\FileHandler' driver.
INFO - 2025-05-22 20:44:47 --> Cart Class Initialized
INFO - 2025-05-22 20:44:48 --> Session: Class initialized using 'CodeIgniter\Session\Handlers\FileHandler' driver.
INFO - 2025-05-22 20:44:48 --> Cart Class Initialized
INFO - 2025-05-22 20:44:50 --> Session: Class initialized using 'CodeIgniter\Session\Handlers\FileHandler' driver.
INFO - 2025-05-22 20:44:50 --> Cart Class Initialized
INFO - 2025-05-22 20:44:51 --> Session: Class initialized using 'CodeIgniter\Session\Handlers\FileHandler' driver.
INFO - 2025-05-22 20:44:51 --> Cart Class Initialized
INFO - 2025-05-22 20:44:53 --> Session: Class initialized using 'CodeIgniter\Session\Handlers\FileHandler' driver.
INFO - 2025-05-22 20:44:53 --> Cart Class Initialized
INFO - 2025-05-22 20:54:47 --> Session: Class initialized using 'CodeIgniter\Session\Handlers\FileHandler' driver.
INFO - 2025-05-22 20:54:47 --> Cart Class Initialized
INFO - 2025-05-22 20:55:07 --> Session: Class initialized using 'CodeIgniter\Session\Handlers\FileHandler' driver.
INFO - 2025-05-22 20:55:07 --> Cart Class Initialized
INFO - 2025-05-22 20:55:35 --> Session: Class initialized using 'CodeIgniter\Session\Handlers\FileHandler' driver.
INFO - 2025-05-22 20:55:35 --> Cart Class Initialized
INFO - 2025-05-22 20:55:40 --> Session: Class initialized using 'CodeIgniter\Session\Handlers\FileHandler' driver.
INFO - 2025-05-22 20:55:40 --> Cart Class Initialized
INFO - 2025-05-22 20:55:44 --> Session: Class initialized using 'CodeIgniter\Session\Handlers\FileHandler' driver.
INFO - 2025-05-22 20:55:44 --> Cart Class Initialized
INFO - 2025-05-22 20:55:44 --> Session: Class initialized using 'CodeIgniter\Session\Handlers\FileHandler' driver.
INFO - 2025-05-22 20:55:44 --> Cart Class Initialized
INFO - 2025-05-22 20:55:46 --> Session: Class initialized using 'CodeIgniter\Session\Handlers\FileHandler' driver.
INFO - 2025-05-22 20:55:46 --> Cart Class Initialized
INFO - 2025-05-22 20:55:47 --> Session: Class initialized using 'CodeIgniter\Session\Handlers\FileHandler' driver.
INFO - 2025-05-22 20:55:47 --> Cart Class Initialized
INFO - 2025-05-22 20:55:49 --> Session: Class initialized using 'CodeIgniter\Session\Handlers\FileHandler' driver.
INFO - 2025-05-22 20:55:49 --> Cart Class Initialized
INFO - 2025-05-22 20:55:50 --> Session: Class initialized using 'CodeIgniter\Session\Handlers\FileHandler' driver.
INFO - 2025-05-22 20:55:50 --> Cart Class Initialized
INFO - 2025-05-22 20:55:52 --> Session: Class initialized using 'CodeIgniter\Session\Handlers\FileHandler' driver.
INFO - 2025-05-22 20:55:52 --> Cart Class Initialized
INFO - 2025-05-22 20:56:08 --> Session: Class initialized using 'CodeIgniter\Session\Handlers\FileHandler' driver.
INFO - 2025-05-22 20:56:08 --> Cart Class Initialized
INFO - 2025-05-22 20:56:20 --> Session: Class initialized using 'CodeIgniter\Session\Handlers\FileHandler' driver.
INFO - 2025-05-22 20:56:20 --> Cart Class Initialized
INFO - 2025-05-22 20:56:20 --> Session: Class initialized using 'CodeIgniter\Session\Handlers\FileHandler' driver.
INFO - 2025-05-22 20:56:20 --> Cart Class Initialized
INFO - 2025-05-22 20:57:02 --> Session: Class initialized using 'CodeIgniter\Session\Handlers\FileHandler' driver.
INFO - 2025-05-22 20:57:02 --> Cart Class Initialized
INFO - 2025-05-22 20:57:05 --> Session: Class initialized using 'CodeIgniter\Session\Handlers\FileHandler' driver.
INFO - 2025-05-22 20:57:05 --> Cart Class Initialized
INFO - 2025-05-22 20:57:10 --> Session: Class initialized using 'CodeIgniter\Session\Handlers\FileHandler' driver.
INFO - 2025-05-22 20:57:10 --> Cart Class Initialized
INFO - 2025-05-22 20:57:13 --> Session: Class initialized using 'CodeIgniter\Session\Handlers\FileHandler' driver.
INFO - 2025-05-22 20:57:13 --> Cart Class Initialized
INFO - 2025-05-22 20:57:14 --> Session: Class initialized using 'CodeIgniter\Session\Handlers\FileHandler' driver.
INFO - 2025-05-22 20:57:14 --> Cart Class Initialized
INFO - 2025-05-22 20:57:16 --> Session: Class initialized using 'CodeIgniter\Session\Handlers\FileHandler' driver.
INFO - 2025-05-22 20:57:16 --> Cart Class Initialized
INFO - 2025-05-22 20:57:16 --> Session: Class initialized using 'CodeIgniter\Session\Handlers\FileHandler' driver.
INFO - 2025-05-22 20:57:16 --> Cart Class Initialized
INFO - 2025-05-22 20:57:18 --> Session: Class initialized using 'CodeIgniter\Session\Handlers\FileHandler' driver.
INFO - 2025-05-22 20:57:18 --> Cart Class Initialized
INFO - 2025-05-22 20:57:19 --> Session: Class initialized using 'CodeIgniter\Session\Handlers\FileHandler' driver.
INFO - 2025-05-22 20:57:19 --> Cart Class Initialized
INFO - 2025-05-22 21:01:00 --> Session: Class initialized using 'CodeIgniter\Session\Handlers\FileHandler' driver.
INFO - 2025-05-22 21:01:00 --> Cart Class Initialized
INFO - 2025-05-22 21:01:30 --> Session: Class initialized using 'CodeIgniter\Session\Handlers\FileHandler' driver.
INFO - 2025-05-22 21:01:30 --> Cart Class Initialized
INFO - 2025-05-22 21:01:30 --> Session: Class initialized using 'CodeIgniter\Session\Handlers\FileHandler' driver.
INFO - 2025-05-22 21:01:30 --> Cart Class Initialized
INFO - 2025-05-22 21:05:37 --> Session: Class initialized using 'CodeIgniter\Session\Handlers\FileHandler' driver.
INFO - 2025-05-22 21:05:37 --> Cart Class Initialized
INFO - 2025-05-22 21:06:12 --> Session: Class initialized using 'CodeIgniter\Session\Handlers\FileHandler' driver.
INFO - 2025-05-22 21:06:12 --> Cart Class Initialized
INFO - 2025-05-22 21:10:29 --> Session: Class initialized using 'CodeIgniter\Session\Handlers\FileHandler' driver.
INFO - 2025-05-22 21:10:29 --> Cart Class Initialized
INFO - 2025-05-22 21:11:03 --> Session: Class initialized using 'CodeIgniter\Session\Handlers\FileHandler' driver.
INFO - 2025-05-22 21:11:03 --> Cart Class Initialized
INFO - 2025-05-22 21:11:20 --> Session: Class initialized using 'CodeIgniter\Session\Handlers\FileHandler' driver.
INFO - 2025-05-22 21:11:20 --> Cart Class Initialized
INFO - 2025-05-22 21:11:24 --> Session: Class initialized using 'CodeIgniter\Session\Handlers\FileHandler' driver.
INFO - 2025-05-22 21:11:24 --> Cart Class Initialized
INFO - 2025-05-22 21:11:24 --> Session: Class initialized using 'CodeIgniter\Session\Handlers\FileHandler' driver.
INFO - 2025-05-22 21:11:24 --> Cart Class Initialized
INFO - 2025-05-22 21:11:28 --> Session: Class initialized using 'CodeIgniter\Session\Handlers\FileHandler' driver.
INFO - 2025-05-22 21:11:28 --> Cart Class Initialized
INFO - 2025-05-22 21:11:28 --> Session: Class initialized using 'CodeIgniter\Session\Handlers\FileHandler' driver.
INFO - 2025-05-22 21:11:28 --> Cart Class Initialized
INFO - 2025-05-22 21:11:33 --> Session: Class initialized using 'CodeIgniter\Session\Handlers\FileHandler' driver.
INFO - 2025-05-22 21:11:33 --> Cart Class Initialized
INFO - 2025-05-22 21:11:33 --> Session: Class initialized using 'CodeIgniter\Session\Handlers\FileHandler' driver.
INFO - 2025-05-22 21:11:33 --> Cart Class Initialized
INFO - 2025-05-22 21:11:37 --> Session: Class initialized using 'CodeIgniter\Session\Handlers\FileHandler' driver.
INFO - 2025-05-22 21:11:37 --> Cart Class Initialized
INFO - 2025-05-22 21:12:34 --> Session: Class initialized using 'CodeIgniter\Session\Handlers\FileHandler' driver.
INFO - 2025-05-22 21:12:34 --> Cart Class Initialized
INFO - 2025-05-22 21:12:56 --> Session: Class initialized using 'CodeIgniter\Session\Handlers\FileHandler' driver.
INFO - 2025-05-22 21:12:56 --> Cart Class Initialized
INFO - 2025-05-22 21:13:01 --> Session: Class initialized using 'CodeIgniter\Session\Handlers\FileHandler' driver.
INFO - 2025-05-22 21:13:01 --> Cart Class Initialized
INFO - 2025-05-22 21:21:32 --> Session: Class initialized using 'CodeIgniter\Session\Handlers\FileHandler' driver.
INFO - 2025-05-22 21:21:32 --> Cart Class Initialized
INFO - 2025-05-22 21:21:35 --> Session: Class initialized using 'CodeIgniter\Session\Handlers\FileHandler' driver.
INFO - 2025-05-22 21:21:35 --> Cart Class Initialized
INFO - 2025-05-22 21:21:38 --> Session: Class initialized using 'CodeIgniter\Session\Handlers\FileHandler' driver.
INFO - 2025-05-22 21:21:38 --> Cart Class Initialized
INFO - 2025-05-22 21:21:38 --> Session: Class initialized using 'CodeIgniter\Session\Handlers\FileHandler' driver.
INFO - 2025-05-22 21:21:38 --> Cart Class Initialized
INFO - 2025-05-22 21:21:41 --> Session: Class initialized using 'CodeIgniter\Session\Handlers\FileHandler' driver.
INFO - 2025-05-22 21:21:41 --> Cart Class Initialized
INFO - 2025-05-22 21:21:42 --> Session: Class initialized using 'CodeIgniter\Session\Handlers\FileHandler' driver.
INFO - 2025-05-22 21:21:42 --> Cart Class Initialized
INFO - 2025-05-22 21:21:45 --> Session: Class initialized using 'CodeIgniter\Session\Handlers\FileHandler' driver.
INFO - 2025-05-22 21:21:45 --> Cart Class Initialized
INFO - 2025-05-22 21:21:45 --> Session: Class initialized using 'CodeIgniter\Session\Handlers\FileHandler' driver.
INFO - 2025-05-22 21:21:45 --> Cart Class Initialized
INFO - 2025-05-22 21:21:49 --> Session: Class initialized using 'CodeIgniter\Session\Handlers\FileHandler' driver.
INFO - 2025-05-22 21:21:49 --> Cart Class Initialized
INFO - 2025-05-22 21:21:50 --> Session: Class initialized using 'CodeIgniter\Session\Handlers\FileHandler' driver.
INFO - 2025-05-22 21:21:50 --> Cart Class Initialized
INFO - 2025-05-22 21:21:53 --> Session: Class initialized using 'CodeIgniter\Session\Handlers\FileHandler' driver.
INFO - 2025-05-22 21:21:53 --> Cart Class Initialized
INFO - 2025-05-22 21:21:57 --> Session: Class initialized using 'CodeIgniter\Session\Handlers\FileHandler' driver.
INFO - 2025-05-22 21:21:57 --> Cart Class Initialized
INFO - 2025-05-22 21:26:04 --> Session: Class initialized using 'CodeIgniter\Session\Handlers\FileHandler' driver.
INFO - 2025-05-22 21:26:04 --> Cart Class Initialized
INFO - 2025-05-22 21:26:08 --> Session: Class initialized using 'CodeIgniter\Session\Handlers\FileHandler' driver.
INFO - 2025-05-22 21:26:08 --> Cart Class Initialized
INFO - 2025-05-22 21:26:11 --> Session: Class initialized using 'CodeIgniter\Session\Handlers\FileHandler' driver.
INFO - 2025-05-22 21:26:11 --> Cart Class Initialized
INFO - 2025-05-22 21:26:11 --> Session: Class initialized using 'CodeIgniter\Session\Handlers\FileHandler' driver.
INFO - 2025-05-22 21:26:11 --> Cart Class Initialized
INFO - 2025-05-22 21:26:14 --> Session: Class initialized using 'CodeIgniter\Session\Handlers\FileHandler' driver.
INFO - 2025-05-22 21:26:14 --> Cart Class Initialized
INFO - 2025-05-22 21:26:14 --> Session: Class initialized using 'CodeIgniter\Session\Handlers\FileHandler' driver.
INFO - 2025-05-22 21:26:14 --> Cart Class Initialized
INFO - 2025-05-22 21:26:18 --> Session: Class initialized using 'CodeIgniter\Session\Handlers\FileHandler' driver.
INFO - 2025-05-22 21:26:18 --> Cart Class Initialized
INFO - 2025-05-22 21:26:19 --> Session: Class initialized using 'CodeIgniter\Session\Handlers\FileHandler' driver.
INFO - 2025-05-22 21:26:19 --> Cart Class Initialized
INFO - 2025-05-22 21:26:22 --> Session: Class initialized using 'CodeIgniter\Session\Handlers\FileHandler' driver.
INFO - 2025-05-22 21:26:22 --> Cart Class Initialized
INFO - 2025-05-22 21:26:23 --> Session: Class initialized using 'CodeIgniter\Session\Handlers\FileHandler' driver.
INFO - 2025-05-22 21:26:23 --> Cart Class Initialized
INFO - 2025-05-22 21:26:25 --> Session: Class initialized using 'CodeIgniter\Session\Handlers\FileHandler' driver.
INFO - 2025-05-22 21:26:25 --> Cart Class Initialized
INFO - 2025-05-22 21:26:26 --> Session: Class initialized using 'CodeIgniter\Session\Handlers\FileHandler' driver.
INFO - 2025-05-22 21:26:26 --> Cart Class Initialized
INFO - 2025-05-22 21:26:28 --> Session: Class initialized using 'CodeIgniter\Session\Handlers\FileHandler' driver.
INFO - 2025-05-22 21:26:28 --> Cart Class Initialized
INFO - 2025-05-22 21:26:33 --> Session: Class initialized using 'CodeIgniter\Session\Handlers\FileHandler' driver.
INFO - 2025-05-22 21:26:33 --> Cart Class Initialized
INFO - 2025-05-22 21:26:33 --> Session: Class initialized using 'CodeIgniter\Session\Handlers\FileHandler' driver.
INFO - 2025-05-22 21:26:33 --> Cart Class Initialized
INFO - 2025-05-22 21:26:47 --> Session: Class initialized using 'CodeIgniter\Session\Handlers\FileHandler' driver.
INFO - 2025-05-22 21:26:47 --> Cart Class Initialized
INFO - 2025-05-22 21:32:08 --> Session: Class initialized using 'CodeIgniter\Session\Handlers\FileHandler' driver.
INFO - 2025-05-22 21:32:08 --> Cart Class Initialized
INFO - 2025-05-22 21:34:37 --> Session: Class initialized using 'CodeIgniter\Session\Handlers\FileHandler' driver.
INFO - 2025-05-22 21:34:37 --> Cart Class Initialized
INFO - 2025-05-22 21:34:53 --> Session: Class initialized using 'CodeIgniter\Session\Handlers\FileHandler' driver.
INFO - 2025-05-22 21:34:53 --> Cart Class Initialized
INFO - 2025-05-22 21:35:07 --> Session: Class initialized using 'CodeIgniter\Session\Handlers\FileHandler' driver.
INFO - 2025-05-22 21:35:07 --> Cart Class Initialized
INFO - 2025-05-22 21:35:41 --> Session: Class initialized using 'CodeIgniter\Session\Handlers\FileHandler' driver.
INFO - 2025-05-22 21:35:41 --> Cart Class Initialized
INFO - 2025-05-22 21:35:46 --> Session: Class initialized using 'CodeIgniter\Session\Handlers\FileHandler' driver.
INFO - 2025-05-22 21:35:46 --> Session: Class initialized using 'CodeIgniter\Session\Handlers\FileHandler' driver.
INFO - 2025-05-22 21:35:46 --> Cart Class Initialized
INFO - 2025-05-22 21:35:55 --> Session: Class initialized using 'CodeIgniter\Session\Handlers\FileHandler' driver.
INFO - 2025-05-22 21:35:55 --> Session: Class initialized using 'CodeIgniter\Session\Handlers\FileHandler' driver.
INFO - 2025-05-22 21:35:55 --> Cart Class Initialized
INFO - 2025-05-22 21:36:01 --> Session: Class initialized using 'CodeIgniter\Session\Handlers\FileHandler' driver.
INFO - 2025-05-22 21:36:01 --> Cart Class Initialized
INFO - 2025-05-22 21:36:08 --> Session: Class initialized using 'CodeIgniter\Session\Handlers\FileHandler' driver.
INFO - 2025-05-22 21:36:08 --> Cart Class Initialized
INFO - 2025-05-22 21:36:10 --> Session: Class initialized using 'CodeIgniter\Session\Handlers\FileHandler' driver.
INFO - 2025-05-22 21:36:11 --> Cart Class Initialized
CRITICAL - 2025-05-22 21:36:11 --> Undefined variable: item
in APPPATH\Views\Productos\Crud_Producto.php on line 110.
 1 APPPATH\Views\Productos\Crud_Producto.php(110): CodeIgniter\Debug\Exceptions->errorHandler(8, 'Undefined variable: item', 'APPPATH\\Views\\Productos\\Crud_Producto.php', 110, [...])
 2 SYSTEMPATH\View\View.php(213): include('APPPATH\\Views\\Productos\\Crud_Producto.php')
 3 SYSTEMPATH\View\View.php(216): CodeIgniter\View\View->CodeIgniter\View\{closure}()
 4 SYSTEMPATH\Common.php(1184): CodeIgniter\View\View->render('Views/Productos/Crud_Producto', [], true)
 5 APPPATH\Controllers\Producto_controller.php(36): view('Views/Productos/Crud_Producto', [...])
 6 SYSTEMPATH\CodeIgniter.php(934): App\Controllers\Producto_controller->Crud()
 7 SYSTEMPATH\CodeIgniter.php(499): CodeIgniter\CodeIgniter->runController(Object(App\Controllers\Producto_controller))
 8 SYSTEMPATH\CodeIgniter.php(368): CodeIgniter\CodeIgniter->handleRequest(null, Object(Config\Cache), false)
 9 FCPATH\index.php(67): CodeIgniter\CodeIgniter->run()
INFO - 2025-05-22 21:47:28 --> Session: Class initialized using 'CodeIgniter\Session\Handlers\FileHandler' driver.
INFO - 2025-05-22 21:47:28 --> Cart Class Initialized
CRITICAL - 2025-05-22 21:47:28 --> Undefined variable: item
in APPPATH\Views\Productos\Crud_Producto.php on line 110.
 1 APPPATH\Views\Productos\Crud_Producto.php(110): CodeIgniter\Debug\Exceptions->errorHandler(8, 'Undefined variable: item', 'APPPATH\\Views\\Productos\\Crud_Producto.php', 110, [...])
 2 SYSTEMPATH\View\View.php(213): include('APPPATH\\Views\\Productos\\Crud_Producto.php')
 3 SYSTEMPATH\View\View.php(216): CodeIgniter\View\View->CodeIgniter\View\{closure}()
 4 SYSTEMPATH\Common.php(1184): CodeIgniter\View\View->render('Views/Productos/Crud_Producto', [], true)
 5 APPPATH\Controllers\Producto_controller.php(36): view('Views/Productos/Crud_Producto', [...])
 6 SYSTEMPATH\CodeIgniter.php(934): App\Controllers\Producto_controller->Crud()
 7 SYSTEMPATH\CodeIgniter.php(499): CodeIgniter\CodeIgniter->runController(Object(App\Controllers\Producto_controller))
 8 SYSTEMPATH\CodeIgniter.php(368): CodeIgniter\CodeIgniter->handleRequest(null, Object(Config\Cache), false)
 9 FCPATH\index.php(67): CodeIgniter\CodeIgniter->run()
INFO - 2025-05-22 21:59:43 --> Session: Class initialized using 'CodeIgniter\Session\Handlers\FileHandler' driver.
INFO - 2025-05-22 22:02:14 --> Session: Class initialized using 'CodeIgniter\Session\Handlers\FileHandler' driver.
INFO - 2025-05-22 22:02:16 --> Session: Class initialized using 'CodeIgniter\Session\Handlers\FileHandler' driver.
INFO - 2025-05-22 22:02:16 --> Cart Class Initialized
CRITICAL - 2025-05-22 22:02:16 --> Undefined variable: item
in APPPATH\Views\Productos\Crud_Producto.php on line 110.
 1 APPPATH\Views\Productos\Crud_Producto.php(110): CodeIgniter\Debug\Exceptions->errorHandler(8, 'Undefined variable: item', 'APPPATH\\Views\\Productos\\Crud_Producto.php', 110, [...])
 2 SYSTEMPATH\View\View.php(213): include('APPPATH\\Views\\Productos\\Crud_Producto.php')
 3 SYSTEMPATH\View\View.php(216): CodeIgniter\View\View->CodeIgniter\View\{closure}()
 4 SYSTEMPATH\Common.php(1184): CodeIgniter\View\View->render('Views/Productos/Crud_Producto', [], true)
 5 APPPATH\Controllers\Producto_controller.php(36): view('Views/Productos/Crud_Producto', [...])
 6 SYSTEMPATH\CodeIgniter.php(934): App\Controllers\Producto_controller->Crud()
 7 SYSTEMPATH\CodeIgniter.php(499): CodeIgniter\CodeIgniter->runController(Object(App\Controllers\Producto_controller))
 8 SYSTEMPATH\CodeIgniter.php(368): CodeIgniter\CodeIgniter->handleRequest(null, Object(Config\Cache), false)
 9 FCPATH\index.php(67): CodeIgniter\CodeIgniter->run()
INFO - 2025-05-22 22:02:22 --> Session: Class initialized using 'CodeIgniter\Session\Handlers\FileHandler' driver.
INFO - 2025-05-22 22:03:26 --> Session: Class initialized using 'CodeIgniter\Session\Handlers\FileHandler' driver.
INFO - 2025-05-22 22:03:26 --> Cart Class Initialized
CRITICAL - 2025-05-22 22:03:26 --> Invalid argument supplied for foreach()
in APPPATH\Controllers\Ventascontroller.php on line 40.
 1 APPPATH\Controllers\Ventascontroller.php(40): CodeIgniter\Debug\Exceptions->errorHandler(2, 'Invalid argument supplied for foreach()', 'APPPATH\\Controllers\\Ventascontroller.php', 40, [...])
 2 SYSTEMPATH\CodeIgniter.php(934): App\Controllers\Ventascontroller->actualizar_carrito()
 3 SYSTEMPATH\CodeIgniter.php(499): CodeIgniter\CodeIgniter->runController(Object(App\Controllers\Ventascontroller))
 4 SYSTEMPATH\CodeIgniter.php(368): CodeIgniter\CodeIgniter->handleRequest(null, Object(Config\Cache), false)
 5 FCPATH\index.php(67): CodeIgniter\CodeIgniter->run()
INFO - 2025-05-22 22:15:33 --> Session: Class initialized using 'CodeIgniter\Session\Handlers\FileHandler' driver.
INFO - 2025-05-22 22:15:33 --> Cart Class Initialized
CRITICAL - 2025-05-22 22:15:33 --> Undefined variable: item
in APPPATH\Views\Productos\Crud_Producto.php on line 110.
 1 APPPATH\Views\Productos\Crud_Producto.php(110): CodeIgniter\Debug\Exceptions->errorHandler(8, 'Undefined variable: item', 'APPPATH\\Views\\Productos\\Crud_Producto.php', 110, [...])
 2 SYSTEMPATH\View\View.php(213): include('APPPATH\\Views\\Productos\\Crud_Producto.php')
 3 SYSTEMPATH\View\View.php(216): CodeIgniter\View\View->CodeIgniter\View\{closure}()
 4 SYSTEMPATH\Common.php(1184): CodeIgniter\View\View->render('Views/Productos/Crud_Producto', [], true)
 5 APPPATH\Controllers\Producto_controller.php(36): view('Views/Productos/Crud_Producto', [...])
 6 SYSTEMPATH\CodeIgniter.php(934): App\Controllers\Producto_controller->Crud()
 7 SYSTEMPATH\CodeIgniter.php(499): CodeIgniter\CodeIgniter->runController(Object(App\Controllers\Producto_controller))
 8 SYSTEMPATH\CodeIgniter.php(368): CodeIgniter\CodeIgniter->handleRequest(null, Object(Config\Cache), false)
 9 FCPATH\index.php(67): CodeIgniter\CodeIgniter->run()
INFO - 2025-05-22 22:15:36 --> Session: Class initialized using 'CodeIgniter\Session\Handlers\FileHandler' driver.
INFO - 2025-05-22 22:15:36 --> Cart Class Initialized
CRITICAL - 2025-05-22 22:15:36 --> Undefined variable: item
in APPPATH\Views\Productos\Crud_Producto.php on line 110.
 1 APPPATH\Views\Productos\Crud_Producto.php(110): CodeIgniter\Debug\Exceptions->errorHandler(8, 'Undefined variable: item', 'APPPATH\\Views\\Productos\\Crud_Producto.php', 110, [...])
 2 SYSTEMPATH\View\View.php(213): include('APPPATH\\Views\\Productos\\Crud_Producto.php')
 3 SYSTEMPATH\View\View.php(216): CodeIgniter\View\View->CodeIgniter\View\{closure}()
 4 SYSTEMPATH\Common.php(1184): CodeIgniter\View\View->render('Views/Productos/Crud_Producto', [], true)
 5 APPPATH\Controllers\Producto_controller.php(36): view('Views/Productos/Crud_Producto', [...])
 6 SYSTEMPATH\CodeIgniter.php(934): App\Controllers\Producto_controller->Crud()
 7 SYSTEMPATH\CodeIgniter.php(499): CodeIgniter\CodeIgniter->runController(Object(App\Controllers\Producto_controller))
 8 SYSTEMPATH\CodeIgniter.php(368): CodeIgniter\CodeIgniter->handleRequest(null, Object(Config\Cache), false)
 9 FCPATH\index.php(67): CodeIgniter\CodeIgniter->run()
INFO - 2025-05-22 22:29:19 --> Session: Class initialized using 'CodeIgniter\Session\Handlers\FileHandler' driver.
INFO - 2025-05-22 22:29:19 --> Cart Class Initialized
INFO - 2025-05-22 22:29:25 --> Session: Class initialized using 'CodeIgniter\Session\Handlers\FileHandler' driver.
INFO - 2025-05-22 22:29:25 --> Cart Class Initialized
INFO - 2025-05-22 22:30:02 --> Session: Class initialized using 'CodeIgniter\Session\Handlers\FileHandler' driver.
INFO - 2025-05-22 22:30:02 --> Cart Class Initialized
INFO - 2025-05-22 22:30:31 --> Session: Class initialized using 'CodeIgniter\Session\Handlers\FileHandler' driver.
INFO - 2025-05-22 22:30:31 --> Session: Class initialized using 'CodeIgniter\Session\Handlers\FileHandler' driver.
INFO - 2025-05-22 22:30:31 --> Cart Class Initialized
INFO - 2025-05-22 22:30:39 --> Session: Class initialized using 'CodeIgniter\Session\Handlers\FileHandler' driver.
INFO - 2025-05-22 22:30:40 --> Session: Class initialized using 'CodeIgniter\Session\Handlers\FileHandler' driver.
INFO - 2025-05-22 22:30:40 --> Cart Class Initialized
INFO - 2025-05-22 22:30:47 --> Session: Class initialized using 'CodeIgniter\Session\Handlers\FileHandler' driver.
INFO - 2025-05-22 22:30:48 --> Session: Class initialized using 'CodeIgniter\Session\Handlers\FileHandler' driver.
INFO - 2025-05-22 22:30:48 --> Cart Class Initialized
INFO - 2025-05-22 22:30:50 --> Session: Class initialized using 'CodeIgniter\Session\Handlers\FileHandler' driver.
INFO - 2025-05-22 22:30:50 --> Cart Class Initialized
INFO - 2025-05-22 22:30:57 --> Session: Class initialized using 'CodeIgniter\Session\Handlers\FileHandler' driver.
INFO - 2025-05-22 22:30:57 --> Session: Class initialized using 'CodeIgniter\Session\Handlers\FileHandler' driver.
INFO - 2025-05-22 22:30:57 --> Cart Class Initialized
INFO - 2025-05-22 22:31:01 --> Session: Class initialized using 'CodeIgniter\Session\Handlers\FileHandler' driver.
INFO - 2025-05-22 22:31:01 --> Cart Class Initialized
INFO - 2025-05-22 22:31:05 --> Session: Class initialized using 'CodeIgniter\Session\Handlers\FileHandler' driver.
INFO - 2025-05-22 22:31:06 --> Cart Class Initialized
INFO - 2025-05-22 22:31:13 --> Session: Class initialized using 'CodeIgniter\Session\Handlers\FileHandler' driver.
INFO - 2025-05-22 22:31:13 --> Session: Class initialized using 'CodeIgniter\Session\Handlers\FileHandler' driver.
INFO - 2025-05-22 22:31:13 --> Cart Class Initialized
INFO - 2025-05-22 22:31:44 --> Session: Class initialized using 'CodeIgniter\Session\Handlers\FileHandler' driver.
INFO - 2025-05-22 22:31:44 --> Cart Class Initialized
INFO - 2025-05-22 22:31:50 --> Session: Class initialized using 'CodeIgniter\Session\Handlers\FileHandler' driver.
INFO - 2025-05-22 22:31:50 --> Cart Class Initialized
INFO - 2025-05-22 22:36:41 --> Session: Class initialized using 'CodeIgniter\Session\Handlers\FileHandler' driver.
INFO - 2025-05-22 22:36:41 --> Cart Class Initialized
INFO - 2025-05-22 22:40:26 --> Session: Class initialized using 'CodeIgniter\Session\Handlers\FileHandler' driver.
INFO - 2025-05-22 22:40:26 --> Cart Class Initialized
INFO - 2025-05-22 22:41:15 --> Session: Class initialized using 'CodeIgniter\Session\Handlers\FileHandler' driver.
INFO - 2025-05-22 22:41:15 --> Cart Class Initialized
INFO - 2025-05-22 22:42:26 --> Session: Class initialized using 'CodeIgniter\Session\Handlers\FileHandler' driver.
INFO - 2025-05-22 22:42:26 --> Cart Class Initialized
INFO - 2025-05-22 22:42:51 --> Session: Class initialized using 'CodeIgniter\Session\Handlers\FileHandler' driver.
INFO - 2025-05-22 22:42:51 --> Cart Class Initialized
INFO - 2025-05-22 22:43:35 --> Session: Class initialized using 'CodeIgniter\Session\Handlers\FileHandler' driver.
INFO - 2025-05-22 22:43:35 --> Cart Class Initialized
INFO - 2025-05-22 22:44:18 --> Session: Class initialized using 'CodeIgniter\Session\Handlers\FileHandler' driver.
INFO - 2025-05-22 22:44:18 --> Cart Class Initialized
INFO - 2025-05-22 22:44:43 --> Session: Class initialized using 'CodeIgniter\Session\Handlers\FileHandler' driver.
INFO - 2025-05-22 22:44:43 --> Cart Class Initialized
INFO - 2025-05-22 22:44:59 --> Session: Class initialized using 'CodeIgniter\Session\Handlers\FileHandler' driver.
INFO - 2025-05-22 22:44:59 --> Cart Class Initialized
INFO - 2025-05-22 22:45:06 --> Session: Class initialized using 'CodeIgniter\Session\Handlers\FileHandler' driver.
INFO - 2025-05-22 22:45:06 --> Session: Class initialized using 'CodeIgniter\Session\Handlers\FileHandler' driver.
INFO - 2025-05-22 22:45:06 --> Cart Class Initialized
INFO - 2025-05-22 22:45:15 --> Session: Class initialized using 'CodeIgniter\Session\Handlers\FileHandler' driver.
INFO - 2025-05-22 22:45:15 --> Session: Class initialized using 'CodeIgniter\Session\Handlers\FileHandler' driver.
INFO - 2025-05-22 22:45:16 --> Cart Class Initialized
INFO - 2025-05-22 22:45:24 --> Session: Class initialized using 'CodeIgniter\Session\Handlers\FileHandler' driver.
INFO - 2025-05-22 22:45:24 --> Session: Class initialized using 'CodeIgniter\Session\Handlers\FileHandler' driver.
INFO - 2025-05-22 22:45:24 --> Cart Class Initialized
INFO - 2025-05-22 22:45:36 --> Session: Class initialized using 'CodeIgniter\Session\Handlers\FileHandler' driver.
INFO - 2025-05-22 22:45:36 --> Session: Class initialized using 'CodeIgniter\Session\Handlers\FileHandler' driver.
INFO - 2025-05-22 22:45:36 --> Cart Class Initialized
INFO - 2025-05-22 22:45:42 --> Session: Class initialized using 'CodeIgniter\Session\Handlers\FileHandler' driver.
INFO - 2025-05-22 22:45:42 --> Cart Class Initialized
CRITICAL - 2025-05-22 22:45:42 --> Invalid argument supplied for foreach()
in APPPATH\Controllers\Ventascontroller.php on line 40.
 1 APPPATH\Controllers\Ventascontroller.php(40): CodeIgniter\Debug\Exceptions->errorHandler(2, 'Invalid argument supplied for foreach()', 'APPPATH\\Controllers\\Ventascontroller.php', 40, [...])
 2 SYSTEMPATH\CodeIgniter.php(934): App\Controllers\Ventascontroller->actualizar_carrito()
 3 SYSTEMPATH\CodeIgniter.php(499): CodeIgniter\CodeIgniter->runController(Object(App\Controllers\Ventascontroller))
 4 SYSTEMPATH\CodeIgniter.php(368): CodeIgniter\CodeIgniter->handleRequest(null, Object(Config\Cache), false)
 5 FCPATH\index.php(67): CodeIgniter\CodeIgniter->run()
INFO - 2025-05-22 22:47:06 --> Session: Class initialized using 'CodeIgniter\Session\Handlers\FileHandler' driver.
INFO - 2025-05-22 22:47:07 --> Cart Class Initialized
INFO - 2025-05-22 22:47:10 --> Session: Class initialized using 'CodeIgniter\Session\Handlers\FileHandler' driver.
INFO - 2025-05-22 22:47:10 --> Session: Class initialized using 'CodeIgniter\Session\Handlers\FileHandler' driver.
INFO - 2025-05-22 22:47:10 --> Cart Class Initialized
INFO - 2025-05-22 22:47:12 --> Session: Class initialized using 'CodeIgniter\Session\Handlers\FileHandler' driver.
INFO - 2025-05-22 22:47:12 --> Cart Class Initialized
INFO - 2025-05-22 22:47:28 --> Session: Class initialized using 'CodeIgniter\Session\Handlers\FileHandler' driver.
INFO - 2025-05-22 22:49:29 --> Session: Class initialized using 'CodeIgniter\Session\Handlers\FileHandler' driver.
INFO - 2025-05-22 22:49:29 --> Cart Class Initialized
INFO - 2025-05-22 22:49:32 --> Session: Class initialized using 'CodeIgniter\Session\Handlers\FileHandler' driver.
INFO - 2025-05-22 22:50:02 --> Session: Class initialized using 'CodeIgniter\Session\Handlers\FileHandler' driver.
INFO - 2025-05-22 22:54:52 --> Session: Class initialized using 'CodeIgniter\Session\Handlers\FileHandler' driver.
INFO - 2025-05-22 23:08:15 --> Session: Class initialized using 'CodeIgniter\Session\Handlers\FileHandler' driver.
INFO - 2025-05-22 23:08:15 --> Cart Class Initialized
INFO - 2025-05-22 23:08:19 --> Session: Class initialized using 'CodeIgniter\Session\Handlers\FileHandler' driver.
INFO - 2025-05-22 23:08:19 --> Cart Class Initialized
INFO - 2025-05-22 23:08:27 --> Session: Class initialized using 'CodeIgniter\Session\Handlers\FileHandler' driver.
INFO - 2025-05-22 23:08:28 --> Session: Class initialized using 'CodeIgniter\Session\Handlers\FileHandler' driver.
INFO - 2025-05-22 23:08:28 --> Cart Class Initialized
INFO - 2025-05-22 23:08:40 --> Session: Class initialized using 'CodeIgniter\Session\Handlers\FileHandler' driver.
INFO - 2025-05-22 23:08:40 --> Cart Class Initialized
CRITICAL - 2025-05-22 23:08:40 --> Invalid argument supplied for foreach()
in APPPATH\Controllers\Ventascontroller.php on line 40.
 1 APPPATH\Controllers\Ventascontroller.php(40): CodeIgniter\Debug\Exceptions->errorHandler(2, 'Invalid argument supplied for foreach()', 'APPPATH\\Controllers\\Ventascontroller.php', 40, [...])
 2 SYSTEMPATH\CodeIgniter.php(934): App\Controllers\Ventascontroller->actualizar_carrito()
 3 SYSTEMPATH\CodeIgniter.php(499): CodeIgniter\CodeIgniter->runController(Object(App\Controllers\Ventascontroller))
 4 SYSTEMPATH\CodeIgniter.php(368): CodeIgniter\CodeIgniter->handleRequest(null, Object(Config\Cache), false)
 5 FCPATH\index.php(67): CodeIgniter\CodeIgniter->run()
INFO - 2025-05-22 23:14:55 --> Session: Class initialized using 'CodeIgniter\Session\Handlers\FileHandler' driver.
INFO - 2025-05-22 23:14:55 --> Cart Class Initialized
INFO - 2025-05-22 23:14:58 --> Session: Class initialized using 'CodeIgniter\Session\Handlers\FileHandler' driver.
INFO - 2025-05-22 23:14:58 --> Cart Class Initialized
CRITICAL - 2025-05-22 23:14:58 --> Invalid argument supplied for foreach()
in APPPATH\Controllers\Ventascontroller.php on line 40.
 1 APPPATH\Controllers\Ventascontroller.php(40): CodeIgniter\Debug\Exceptions->errorHandler(2, 'Invalid argument supplied for foreach()', 'APPPATH\\Controllers\\Ventascontroller.php', 40, [...])
 2 SYSTEMPATH\CodeIgniter.php(934): App\Controllers\Ventascontroller->actualizar_carrito()
 3 SYSTEMPATH\CodeIgniter.php(499): CodeIgniter\CodeIgniter->runController(Object(App\Controllers\Ventascontroller))
 4 SYSTEMPATH\CodeIgniter.php(368): CodeIgniter\CodeIgniter->handleRequest(null, Object(Config\Cache), false)
 5 FCPATH\index.php(67): CodeIgniter\CodeIgniter->run()
INFO - 2025-05-22 23:16:41 --> Session: Class initialized using 'CodeIgniter\Session\Handlers\FileHandler' driver.
INFO - 2025-05-22 23:16:41 --> Cart Class Initialized
INFO - 2025-05-22 23:16:50 --> Session: Class initialized using 'CodeIgniter\Session\Handlers\FileHandler' driver.
INFO - 2025-05-22 23:16:50 --> Cart Class Initialized
INFO - 2025-05-22 23:17:00 --> Session: Class initialized using 'CodeIgniter\Session\Handlers\FileHandler' driver.
INFO - 2025-05-22 23:17:00 --> Session: Class initialized using 'CodeIgniter\Session\Handlers\FileHandler' driver.
INFO - 2025-05-22 23:17:00 --> Cart Class Initialized
INFO - 2025-05-22 23:17:03 --> Session: Class initialized using 'CodeIgniter\Session\Handlers\FileHandler' driver.
INFO - 2025-05-22 23:17:03 --> Cart Class Initialized
INFO - 2025-05-22 23:17:06 --> Session: Class initialized using 'CodeIgniter\Session\Handlers\FileHandler' driver.
INFO - 2025-05-22 23:17:13 --> Session: Class initialized using 'CodeIgniter\Session\Handlers\FileHandler' driver.
INFO - 2025-05-22 23:17:13 --> Cart Class Initialized
INFO - 2025-05-22 23:17:56 --> Session: Class initialized using 'CodeIgniter\Session\Handlers\FileHandler' driver.
INFO - 2025-05-22 23:17:57 --> Session: Class initialized using 'CodeIgniter\Session\Handlers\FileHandler' driver.
INFO - 2025-05-22 23:17:57 --> Cart Class Initialized
INFO - 2025-05-22 23:18:25 --> Session: Class initialized using 'CodeIgniter\Session\Handlers\FileHandler' driver.
INFO - 2025-05-22 23:18:25 --> Cart Class Initialized
INFO - 2025-05-22 23:18:29 --> Session: Class initialized using 'CodeIgniter\Session\Handlers\FileHandler' driver.
INFO - 2025-05-22 23:18:29 --> Cart Class Initialized
INFO - 2025-05-22 23:18:29 --> Session: Class initialized using 'CodeIgniter\Session\Handlers\FileHandler' driver.
INFO - 2025-05-22 23:18:29 --> Cart Class Initialized
INFO - 2025-05-22 23:18:31 --> Session: Class initialized using 'CodeIgniter\Session\Handlers\FileHandler' driver.
INFO - 2025-05-22 23:18:31 --> Cart Class Initialized
INFO - 2025-05-22 23:18:32 --> Session: Class initialized using 'CodeIgniter\Session\Handlers\FileHandler' driver.
INFO - 2025-05-22 23:18:32 --> Cart Class Initialized
INFO - 2025-05-22 23:18:34 --> Session: Class initialized using 'CodeIgniter\Session\Handlers\FileHandler' driver.
INFO - 2025-05-22 23:18:34 --> Cart Class Initialized
INFO - 2025-05-22 23:18:34 --> Session: Class initialized using 'CodeIgniter\Session\Handlers\FileHandler' driver.
INFO - 2025-05-22 23:18:34 --> Cart Class Initialized
INFO - 2025-05-22 23:18:36 --> Session: Class initialized using 'CodeIgniter\Session\Handlers\FileHandler' driver.
INFO - 2025-05-22 23:18:36 --> Cart Class Initialized
INFO - 2025-05-22 23:18:36 --> Session: Class initialized using 'CodeIgniter\Session\Handlers\FileHandler' driver.
INFO - 2025-05-22 23:18:36 --> Cart Class Initialized
INFO - 2025-05-22 23:18:38 --> Session: Class initialized using 'CodeIgniter\Session\Handlers\FileHandler' driver.
INFO - 2025-05-22 23:18:38 --> Cart Class Initialized
INFO - 2025-05-22 23:18:39 --> Session: Class initialized using 'CodeIgniter\Session\Handlers\FileHandler' driver.
INFO - 2025-05-22 23:18:39 --> Cart Class Initialized
INFO - 2025-05-22 23:18:41 --> Session: Class initialized using 'CodeIgniter\Session\Handlers\FileHandler' driver.
INFO - 2025-05-22 23:18:41 --> Cart Class Initialized
INFO - 2025-05-22 23:18:57 --> Session: Class initialized using 'CodeIgniter\Session\Handlers\FileHandler' driver.
INFO - 2025-05-22 23:18:57 --> Cart Class Initialized
INFO - 2025-05-22 23:18:57 --> Session: Class initialized using 'CodeIgniter\Session\Handlers\FileHandler' driver.
INFO - 2025-05-22 23:18:57 --> Cart Class Initialized
INFO - 2025-05-22 23:19:05 --> Session: Class initialized using 'CodeIgniter\Session\Handlers\FileHandler' driver.
INFO - 2025-05-22 23:19:05 --> Session: Class initialized using 'CodeIgniter\Session\Handlers\FileHandler' driver.
INFO - 2025-05-22 23:19:05 --> Cart Class Initialized
INFO - 2025-05-22 23:19:12 --> Session: Class initialized using 'CodeIgniter\Session\Handlers\FileHandler' driver.
INFO - 2025-05-22 23:19:12 --> Session: Class initialized using 'CodeIgniter\Session\Handlers\FileHandler' driver.
INFO - 2025-05-22 23:19:12 --> Cart Class Initialized
INFO - 2025-05-22 23:19:15 --> Session: Class initialized using 'CodeIgniter\Session\Handlers\FileHandler' driver.
INFO - 2025-05-22 23:19:15 --> Cart Class Initialized
INFO - 2025-05-22 23:19:35 --> Session: Class initialized using 'CodeIgniter\Session\Handlers\FileHandler' driver.
INFO - 2025-05-22 23:19:35 --> Cart Class Initialized
INFO - 2025-05-22 23:27:39 --> Session: Class initialized using 'CodeIgniter\Session\Handlers\FileHandler' driver.
INFO - 2025-05-22 23:27:39 --> Cart Class Initialized
INFO - 2025-05-22 23:28:32 --> Session: Class initialized using 'CodeIgniter\Session\Handlers\FileHandler' driver.
INFO - 2025-05-22 23:28:32 --> Cart Class Initialized
INFO - 2025-05-22 23:28:42 --> Session: Class initialized using 'CodeIgniter\Session\Handlers\FileHandler' driver.
INFO - 2025-05-22 23:28:42 --> Cart Class Initialized
INFO - 2025-05-22 23:32:35 --> Session: Class initialized using 'CodeIgniter\Session\Handlers\FileHandler' driver.
INFO - 2025-05-22 23:32:35 --> Cart Class Initialized
INFO - 2025-05-22 23:32:49 --> Session: Class initialized using 'CodeIgniter\Session\Handlers\FileHandler' driver.
INFO - 2025-05-22 23:32:49 --> Cart Class Initialized
INFO - 2025-05-22 23:32:57 --> Session: Class initialized using 'CodeIgniter\Session\Handlers\FileHandler' driver.
INFO - 2025-05-22 23:32:57 --> Cart Class Initialized
INFO - 2025-05-22 23:33:06 --> Session: Class initialized using 'CodeIgniter\Session\Handlers\FileHandler' driver.
INFO - 2025-05-22 23:33:06 --> Cart Class Initialized
INFO - 2025-05-22 23:33:20 --> Session: Class initialized using 'CodeIgniter\Session\Handlers\FileHandler' driver.
INFO - 2025-05-22 23:33:20 --> Cart Class Initialized
INFO - 2025-05-22 23:33:23 --> Session: Class initialized using 'CodeIgniter\Session\Handlers\FileHandler' driver.
INFO - 2025-05-22 23:33:23 --> Cart Class Initialized
INFO - 2025-05-22 23:33:45 --> Session: Class initialized using 'CodeIgniter\Session\Handlers\FileHandler' driver.
INFO - 2025-05-22 23:33:49 --> Session: Class initialized using 'CodeIgniter\Session\Handlers\FileHandler' driver.
INFO - 2025-05-22 23:33:49 --> Cart Class Initialized
INFO - 2025-05-22 23:49:50 --> Session: Class initialized using 'CodeIgniter\Session\Handlers\FileHandler' driver.
INFO - 2025-05-22 23:49:50 --> Cart Class Initialized
INFO - 2025-05-22 23:49:53 --> Session: Class initialized using 'CodeIgniter\Session\Handlers\FileHandler' driver.
INFO - 2025-05-22 23:49:53 --> Session: Class initialized using 'CodeIgniter\Session\Handlers\FileHandler' driver.
INFO - 2025-05-22 23:49:53 --> Cart Class Initialized
INFO - 2025-05-22 23:49:57 --> Session: Class initialized using 'CodeIgniter\Session\Handlers\FileHandler' driver.
INFO - 2025-05-22 23:49:57 --> Cart Class Initialized
INFO - 2025-05-22 23:50:00 --> Session: Class initialized using 'CodeIgniter\Session\Handlers\FileHandler' driver.
INFO - 2025-05-22 23:50:47 --> Session: Class initialized using 'CodeIgniter\Session\Handlers\FileHandler' driver.
INFO - 2025-05-22 23:50:47 --> Cart Class Initialized
INFO - 2025-05-22 23:51:09 --> Session: Class initialized using 'CodeIgniter\Session\Handlers\FileHandler' driver.
INFO - 2025-05-22 23:51:09 --> Cart Class Initialized
INFO - 2025-05-22 23:51:47 --> Session: Class initialized using 'CodeIgniter\Session\Handlers\FileHandler' driver.
INFO - 2025-05-22 23:51:47 --> Cart Class Initialized
INFO - 2025-05-22 23:52:36 --> Session: Class initialized using 'CodeIgniter\Session\Handlers\FileHandler' driver.
INFO - 2025-05-22 23:53:30 --> Session: Class initialized using 'CodeIgniter\Session\Handlers\FileHandler' driver.
INFO - 2025-05-22 23:53:30 --> Cart Class Initialized
INFO - 2025-05-22 23:54:24 --> Session: Class initialized using 'CodeIgniter\Session\Handlers\FileHandler' driver.
INFO - 2025-05-22 23:54:24 --> Cart Class Initialized
INFO - 2025-05-22 23:55:39 --> Session: Class initialized using 'CodeIgniter\Session\Handlers\FileHandler' driver.
INFO - 2025-05-22 23:55:39 --> Cart Class Initialized
INFO - 2025-05-22 23:56:20 --> Session: Class initialized using 'CodeIgniter\Session\Handlers\FileHandler' driver.
INFO - 2025-05-22 23:56:20 --> Cart Class Initialized
INFO - 2025-05-22 23:56:50 --> Session: Class initialized using 'CodeIgniter\Session\Handlers\FileHandler' driver.
INFO - 2025-05-22 23:56:50 --> Cart Class Initialized
INFO - 2025-05-22 23:57:00 --> Session: Class initialized using 'CodeIgniter\Session\Handlers\FileHandler' driver.
INFO - 2025-05-22 23:57:00 --> Cart Class Initialized
INFO - 2025-05-22 23:57:07 --> Session: Class initialized using 'CodeIgniter\Session\Handlers\FileHandler' driver.
INFO - 2025-05-22 23:57:08 --> Session: Class initialized using 'CodeIgniter\Session\Handlers\FileHandler' driver.
INFO - 2025-05-22 23:57:08 --> Cart Class Initialized
INFO - 2025-05-22 23:57:11 --> Session: Class initialized using 'CodeIgniter\Session\Handlers\FileHandler' driver.
INFO - 2025-05-22 23:57:12 --> Session: Class initialized using 'CodeIgniter\Session\Handlers\FileHandler' driver.
INFO - 2025-05-22 23:57:12 --> Cart Class Initialized
INFO - 2025-05-22 23:59:25 --> Session: Class initialized using 'CodeIgniter\Session\Handlers\FileHandler' driver.
INFO - 2025-05-22 23:59:25 --> Cart Class Initialized
INFO - 2025-05-22 23:59:52 --> Session: Class initialized using 'CodeIgniter\Session\Handlers\FileHandler' driver.
INFO - 2025-05-22 23:59:52 --> Cart Class Initialized
INFO - 2025-05-22 23:59:55 --> Session: Class initialized using 'CodeIgniter\Session\Handlers\FileHandler' driver.
INFO - 2025-05-22 23:59:55 --> Cart Class Initialized
