INFO - 2024-06-17 00:10:51 --> Session: Class initialized using 'CodeIgniter\Session\Handlers\FileHandler' driver.
INFO - 2024-06-17 00:10:51 --> Cart Class Initialized
INFO - 2024-06-17 00:10:54 --> Session: Class initialized using 'CodeIgniter\Session\Handlers\FileHandler' driver.
INFO - 2024-06-17 00:10:54 --> Session: Class initialized using 'CodeIgniter\Session\Handlers\FileHandler' driver.
INFO - 2024-06-17 00:10:54 --> Cart Class Initialized
INFO - 2024-06-17 00:11:01 --> Session: Class initialized using 'CodeIgniter\Session\Handlers\FileHandler' driver.
INFO - 2024-06-17 00:11:01 --> Session: Class initialized using 'CodeIgniter\Session\Handlers\FileHandler' driver.
INFO - 2024-06-17 00:11:01 --> Cart Class Initialized
INFO - 2024-06-17 00:11:04 --> Session: Class initialized using 'CodeIgniter\Session\Handlers\FileHandler' driver.
INFO - 2024-06-17 00:11:04 --> Cart Class Initialized
INFO - 2024-06-17 00:11:06 --> Session: Class initialized using 'CodeIgniter\Session\Handlers\FileHandler' driver.
INFO - 2024-06-17 00:11:06 --> Cart Class Initialized
INFO - 2024-06-17 00:11:07 --> Session: Class initialized using 'CodeIgniter\Session\Handlers\FileHandler' driver.
INFO - 2024-06-17 00:11:07 --> Cart Class Initialized
INFO - 2024-06-17 00:11:07 --> Session: Class initialized using 'CodeIgniter\Session\Handlers\FileHandler' driver.
INFO - 2024-06-17 00:11:07 --> Cart Class Initialized
INFO - 2024-06-17 00:11:08 --> Session: Class initialized using 'CodeIgniter\Session\Handlers\FileHandler' driver.
INFO - 2024-06-17 00:11:08 --> Cart Class Initialized
INFO - 2024-06-17 00:11:10 --> Session: Class initialized using 'CodeIgniter\Session\Handlers\FileHandler' driver.
INFO - 2024-06-17 00:11:10 --> Cart Class Initialized
INFO - 2024-06-17 00:11:11 --> Session: Class initialized using 'CodeIgniter\Session\Handlers\FileHandler' driver.
INFO - 2024-06-17 00:11:11 --> Cart Class Initialized
INFO - 2024-06-17 00:11:12 --> Session: Class initialized using 'CodeIgniter\Session\Handlers\FileHandler' driver.
INFO - 2024-06-17 00:11:12 --> Cart Class Initialized
INFO - 2024-06-17 00:11:12 --> Session: Class initialized using 'CodeIgniter\Session\Handlers\FileHandler' driver.
INFO - 2024-06-17 00:11:13 --> Cart Class Initialized
INFO - 2024-06-17 00:11:15 --> Session: Class initialized using 'CodeIgniter\Session\Handlers\FileHandler' driver.
INFO - 2024-06-17 00:11:15 --> Cart Class Initialized
INFO - 2024-06-17 00:13:35 --> Session: Class initialized using 'CodeIgniter\Session\Handlers\FileHandler' driver.
INFO - 2024-06-17 00:13:35 --> Cart Class Initialized
CRITICAL - 2024-06-17 00:13:45 --> syntax error, unexpected ';', expecting identifier (T_STRING) or '{'
in APPPATH\Controllers\Productocontroller.php on line 5.
 1 SYSTEMPATH\Autoloader\Autoloader.php(289): CodeIgniter\Autoloader\Autoloader->includeFile('APPPATH\\Controllers\\Productocontroller.php')
 2 SYSTEMPATH\Autoloader\Autoloader.php(267): CodeIgniter\Autoloader\Autoloader->loadInNamespace('App\\Controllers\\ProductoController')
 3 [internal function]: CodeIgniter\Autoloader\Autoloader->loadClass('App\\Controllers\\ProductoController')
 4 [internal function]: spl_autoload_call('App\\Controllers\\ProductoController')
 5 SYSTEMPATH\CodeIgniter.php(892): class_exists('\\App\\Controllers\\ProductoController', true)
 6 SYSTEMPATH\CodeIgniter.php(486): CodeIgniter\CodeIgniter->startController()
 7 SYSTEMPATH\CodeIgniter.php(368): CodeIgniter\CodeIgniter->handleRequest(null, Object(Config\Cache), false)
 8 FCPATH\index.php(67): CodeIgniter\CodeIgniter->run()
INFO - 2024-06-17 00:13:50 --> Session: Class initialized using 'CodeIgniter\Session\Handlers\FileHandler' driver.
INFO - 2024-06-17 00:13:50 --> Cart Class Initialized
INFO - 2024-06-17 00:15:19 --> Session: Class initialized using 'CodeIgniter\Session\Handlers\FileHandler' driver.
INFO - 2024-06-17 00:17:47 --> Session: Class initialized using 'CodeIgniter\Session\Handlers\FileHandler' driver.
INFO - 2024-06-17 00:17:47 --> Cart Class Initialized
INFO - 2024-06-17 00:17:49 --> Session: Class initialized using 'CodeIgniter\Session\Handlers\FileHandler' driver.
INFO - 2024-06-17 00:23:13 --> Session: Class initialized using 'CodeIgniter\Session\Handlers\FileHandler' driver.
INFO - 2024-06-17 00:23:13 --> Cart Class Initialized
CRITICAL - 2024-06-17 00:23:18 --> syntax error, unexpected ';', expecting identifier (T_STRING) or '{'
in APPPATH\Controllers\Productocontroller.php on line 5.
 1 SYSTEMPATH\Autoloader\Autoloader.php(289): CodeIgniter\Autoloader\Autoloader->includeFile('APPPATH\\Controllers\\Productocontroller.php')
 2 SYSTEMPATH\Autoloader\Autoloader.php(267): CodeIgniter\Autoloader\Autoloader->loadInNamespace('App\\Controllers\\ProductoController')
 3 [internal function]: CodeIgniter\Autoloader\Autoloader->loadClass('App\\Controllers\\ProductoController')
 4 [internal function]: spl_autoload_call('App\\Controllers\\ProductoController')
 5 SYSTEMPATH\CodeIgniter.php(892): class_exists('\\App\\Controllers\\ProductoController', true)
 6 SYSTEMPATH\CodeIgniter.php(486): CodeIgniter\CodeIgniter->startController()
 7 SYSTEMPATH\CodeIgniter.php(368): CodeIgniter\CodeIgniter->handleRequest(null, Object(Config\Cache), false)
 8 FCPATH\index.php(67): CodeIgniter\CodeIgniter->run()
INFO - 2024-06-17 00:24:57 --> Session: Class initialized using 'CodeIgniter\Session\Handlers\FileHandler' driver.
INFO - 2024-06-17 00:24:57 --> Cart Class Initialized
INFO - 2024-06-17 00:25:12 --> Session: Class initialized using 'CodeIgniter\Session\Handlers\FileHandler' driver.
INFO - 2024-06-17 00:25:12 --> Cart Class Initialized
INFO - 2024-06-17 00:25:12 --> Session: Class initialized using 'CodeIgniter\Session\Handlers\FileHandler' driver.
INFO - 2024-06-17 00:25:12 --> Cart Class Initialized
CRITICAL - 2024-06-17 00:25:14 --> syntax error, unexpected 'public' (T_PUBLIC), expecting end of file
in APPPATH\Controllers\Productocontroller.php on line 8.
 1 SYSTEMPATH\Autoloader\Autoloader.php(289): CodeIgniter\Autoloader\Autoloader->includeFile('APPPATH\\Controllers\\Productocontroller.php')
 2 SYSTEMPATH\Autoloader\Autoloader.php(267): CodeIgniter\Autoloader\Autoloader->loadInNamespace('App\\Controllers\\ProductoController')
 3 [internal function]: CodeIgniter\Autoloader\Autoloader->loadClass('App\\Controllers\\ProductoController')
 4 [internal function]: spl_autoload_call('App\\Controllers\\ProductoController')
 5 SYSTEMPATH\CodeIgniter.php(892): class_exists('\\App\\Controllers\\ProductoController', true)
 6 SYSTEMPATH\CodeIgniter.php(486): CodeIgniter\CodeIgniter->startController()
 7 SYSTEMPATH\CodeIgniter.php(368): CodeIgniter\CodeIgniter->handleRequest(null, Object(Config\Cache), false)
 8 FCPATH\index.php(67): CodeIgniter\CodeIgniter->run()
INFO - 2024-06-17 00:28:54 --> Session: Class initialized using 'CodeIgniter\Session\Handlers\FileHandler' driver.
INFO - 2024-06-17 00:28:54 --> Cart Class Initialized
INFO - 2024-06-17 00:28:59 --> Session: Class initialized using 'CodeIgniter\Session\Handlers\FileHandler' driver.
INFO - 2024-06-17 00:28:59 --> Cart Class Initialized
INFO - 2024-06-17 00:41:58 --> Session: Class initialized using 'CodeIgniter\Session\Handlers\FileHandler' driver.
INFO - 2024-06-17 00:41:58 --> Cart Class Initialized
INFO - 2024-06-17 00:42:16 --> Session: Class initialized using 'CodeIgniter\Session\Handlers\FileHandler' driver.
INFO - 2024-06-17 00:42:16 --> Session: Class initialized using 'CodeIgniter\Session\Handlers\FileHandler' driver.
INFO - 2024-06-17 00:42:16 --> Cart Class Initialized
INFO - 2024-06-17 00:42:22 --> Session: Class initialized using 'CodeIgniter\Session\Handlers\FileHandler' driver.
INFO - 2024-06-17 00:42:22 --> Cart Class Initialized
INFO - 2024-06-17 00:42:31 --> Session: Class initialized using 'CodeIgniter\Session\Handlers\FileHandler' driver.
INFO - 2024-06-17 00:42:31 --> Cart Class Initialized
INFO - 2024-06-17 00:42:36 --> Session: Class initialized using 'CodeIgniter\Session\Handlers\FileHandler' driver.
INFO - 2024-06-17 00:42:36 --> Cart Class Initialized
INFO - 2024-06-17 00:42:44 --> Session: Class initialized using 'CodeIgniter\Session\Handlers\FileHandler' driver.
INFO - 2024-06-17 00:42:44 --> Cart Class Initialized
INFO - 2024-06-17 00:42:55 --> Session: Class initialized using 'CodeIgniter\Session\Handlers\FileHandler' driver.
INFO - 2024-06-17 00:42:56 --> Session: Class initialized using 'CodeIgniter\Session\Handlers\FileHandler' driver.
INFO - 2024-06-17 00:42:56 --> Cart Class Initialized
INFO - 2024-06-17 00:44:38 --> Session: Class initialized using 'CodeIgniter\Session\Handlers\FileHandler' driver.
INFO - 2024-06-17 00:44:38 --> Cart Class Initialized
INFO - 2024-06-17 02:49:18 --> Session: Class initialized using 'CodeIgniter\Session\Handlers\FileHandler' driver.
INFO - 2024-06-17 02:49:18 --> Cart Class Initialized
INFO - 2024-06-17 02:49:21 --> Session: Class initialized using 'CodeIgniter\Session\Handlers\FileHandler' driver.
INFO - 2024-06-17 02:49:21 --> Cart Class Initialized
INFO - 2024-06-17 02:49:25 --> Session: Class initialized using 'CodeIgniter\Session\Handlers\FileHandler' driver.
INFO - 2024-06-17 02:49:25 --> Cart Class Initialized
INFO - 2024-06-17 02:49:31 --> Session: Class initialized using 'CodeIgniter\Session\Handlers\FileHandler' driver.
INFO - 2024-06-17 02:49:31 --> Cart Class Initialized
INFO - 2024-06-17 02:49:38 --> Session: Class initialized using 'CodeIgniter\Session\Handlers\FileHandler' driver.
INFO - 2024-06-17 02:49:39 --> Session: Class initialized using 'CodeIgniter\Session\Handlers\FileHandler' driver.
INFO - 2024-06-17 02:49:39 --> Cart Class Initialized
INFO - 2024-06-17 02:49:45 --> Session: Class initialized using 'CodeIgniter\Session\Handlers\FileHandler' driver.
INFO - 2024-06-17 02:49:45 --> Cart Class Initialized
INFO - 2024-06-17 02:49:48 --> Session: Class initialized using 'CodeIgniter\Session\Handlers\FileHandler' driver.
INFO - 2024-06-17 02:49:48 --> Cart Class Initialized
INFO - 2024-06-17 02:49:51 --> Session: Class initialized using 'CodeIgniter\Session\Handlers\FileHandler' driver.
INFO - 2024-06-17 02:49:51 --> Cart Class Initialized
INFO - 2024-06-17 02:49:51 --> Session: Class initialized using 'CodeIgniter\Session\Handlers\FileHandler' driver.
INFO - 2024-06-17 02:49:51 --> Cart Class Initialized
INFO - 2024-06-17 02:49:53 --> Session: Class initialized using 'CodeIgniter\Session\Handlers\FileHandler' driver.
INFO - 2024-06-17 02:49:53 --> Cart Class Initialized
INFO - 2024-06-17 02:49:53 --> Session: Class initialized using 'CodeIgniter\Session\Handlers\FileHandler' driver.
INFO - 2024-06-17 02:49:53 --> Cart Class Initialized
INFO - 2024-06-17 02:49:55 --> Session: Class initialized using 'CodeIgniter\Session\Handlers\FileHandler' driver.
INFO - 2024-06-17 02:49:55 --> Cart Class Initialized
INFO - 2024-06-17 02:49:55 --> Session: Class initialized using 'CodeIgniter\Session\Handlers\FileHandler' driver.
INFO - 2024-06-17 02:49:55 --> Cart Class Initialized
INFO - 2024-06-17 02:49:56 --> Session: Class initialized using 'CodeIgniter\Session\Handlers\FileHandler' driver.
INFO - 2024-06-17 02:49:56 --> Cart Class Initialized
INFO - 2024-06-17 02:49:56 --> Session: Class initialized using 'CodeIgniter\Session\Handlers\FileHandler' driver.
INFO - 2024-06-17 02:49:56 --> Cart Class Initialized
INFO - 2024-06-17 02:49:58 --> Session: Class initialized using 'CodeIgniter\Session\Handlers\FileHandler' driver.
INFO - 2024-06-17 02:49:58 --> Cart Class Initialized
INFO - 2024-06-17 02:52:07 --> Session: Class initialized using 'CodeIgniter\Session\Handlers\FileHandler' driver.
INFO - 2024-06-17 02:52:07 --> Cart Class Initialized
INFO - 2024-06-17 02:53:24 --> Session: Class initialized using 'CodeIgniter\Session\Handlers\FileHandler' driver.
INFO - 2024-06-17 02:53:24 --> Cart Class Initialized
INFO - 2024-06-17 02:53:40 --> Session: Class initialized using 'CodeIgniter\Session\Handlers\FileHandler' driver.
INFO - 2024-06-17 02:53:40 --> Cart Class Initialized
INFO - 2024-06-17 02:54:11 --> Session: Class initialized using 'CodeIgniter\Session\Handlers\FileHandler' driver.
INFO - 2024-06-17 02:54:11 --> Cart Class Initialized
INFO - 2024-06-17 02:55:44 --> Session: Class initialized using 'CodeIgniter\Session\Handlers\FileHandler' driver.
INFO - 2024-06-17 02:55:44 --> Cart Class Initialized
INFO - 2024-06-17 02:56:08 --> Session: Class initialized using 'CodeIgniter\Session\Handlers\FileHandler' driver.
INFO - 2024-06-17 02:56:08 --> Cart Class Initialized
INFO - 2024-06-17 02:56:21 --> Session: Class initialized using 'CodeIgniter\Session\Handlers\FileHandler' driver.
INFO - 2024-06-17 02:56:21 --> Cart Class Initialized
INFO - 2024-06-17 02:57:18 --> Session: Class initialized using 'CodeIgniter\Session\Handlers\FileHandler' driver.
INFO - 2024-06-17 02:57:18 --> Cart Class Initialized
CRITICAL - 2024-06-17 02:58:54 --> Call to a member function first() on string
in APPPATH\Controllers\Producto_controller.php on line 41.
 1 SYSTEMPATH\CodeIgniter.php(934): App\Controllers\Producto_controller->deleteproducto('$1')
 2 SYSTEMPATH\CodeIgniter.php(499): CodeIgniter\CodeIgniter->runController(Object(App\Controllers\Producto_controller))
 3 SYSTEMPATH\CodeIgniter.php(368): CodeIgniter\CodeIgniter->handleRequest(null, Object(Config\Cache), false)
 4 FCPATH\index.php(67): CodeIgniter\CodeIgniter->run()
CRITICAL - 2024-06-17 03:02:16 --> Call to a member function first() on string
in APPPATH\Controllers\Producto_controller.php on line 41.
 1 SYSTEMPATH\CodeIgniter.php(934): App\Controllers\Producto_controller->deleteproducto('$1')
 2 SYSTEMPATH\CodeIgniter.php(499): CodeIgniter\CodeIgniter->runController(Object(App\Controllers\Producto_controller))
 3 SYSTEMPATH\CodeIgniter.php(368): CodeIgniter\CodeIgniter->handleRequest(null, Object(Config\Cache), false)
 4 FCPATH\index.php(67): CodeIgniter\CodeIgniter->run()
CRITICAL - 2024-06-17 03:02:40 --> Undefined variable: Producto_Model
in APPPATH\Controllers\Producto_controller.php on line 41.
 1 APPPATH\Controllers\Producto_controller.php(41): CodeIgniter\Debug\Exceptions->errorHandler(8, 'Undefined variable: Producto_Model', 'APPPATH\\Controllers\\Producto_controller.php', 41, [...])
 2 SYSTEMPATH\CodeIgniter.php(934): App\Controllers\Producto_controller->deleteproducto('$1')
 3 SYSTEMPATH\CodeIgniter.php(499): CodeIgniter\CodeIgniter->runController(Object(App\Controllers\Producto_controller))
 4 SYSTEMPATH\CodeIgniter.php(368): CodeIgniter\CodeIgniter->handleRequest(null, Object(Config\Cache), false)
 5 FCPATH\index.php(67): CodeIgniter\CodeIgniter->run()
CRITICAL - 2024-06-17 03:02:53 --> Undefined variable: Producto_Model
in APPPATH\Controllers\Producto_controller.php on line 41.
 1 APPPATH\Controllers\Producto_controller.php(41): CodeIgniter\Debug\Exceptions->errorHandler(8, 'Undefined variable: Producto_Model', 'APPPATH\\Controllers\\Producto_controller.php', 41, [...])
 2 SYSTEMPATH\CodeIgniter.php(934): App\Controllers\Producto_controller->deleteproducto('$1')
 3 SYSTEMPATH\CodeIgniter.php(499): CodeIgniter\CodeIgniter->runController(Object(App\Controllers\Producto_controller))
 4 SYSTEMPATH\CodeIgniter.php(368): CodeIgniter\CodeIgniter->handleRequest(null, Object(Config\Cache), false)
 5 FCPATH\index.php(67): CodeIgniter\CodeIgniter->run()
CRITICAL - 2024-06-17 03:03:06 --> Call to a member function first() on string
in APPPATH\Controllers\Producto_controller.php on line 41.
 1 SYSTEMPATH\CodeIgniter.php(934): App\Controllers\Producto_controller->deleteproducto('$1')
 2 SYSTEMPATH\CodeIgniter.php(499): CodeIgniter\CodeIgniter->runController(Object(App\Controllers\Producto_controller))
 3 SYSTEMPATH\CodeIgniter.php(368): CodeIgniter\CodeIgniter->handleRequest(null, Object(Config\Cache), false)
 4 FCPATH\index.php(67): CodeIgniter\CodeIgniter->run()
INFO - 2024-06-17 03:37:20 --> Session: Class initialized using 'CodeIgniter\Session\Handlers\FileHandler' driver.
INFO - 2024-06-17 03:37:20 --> Cart Class Initialized
INFO - 2024-06-17 03:37:28 --> Session: Class initialized using 'CodeIgniter\Session\Handlers\FileHandler' driver.
INFO - 2024-06-17 03:41:38 --> Session: Class initialized using 'CodeIgniter\Session\Handlers\FileHandler' driver.
INFO - 2024-06-17 03:41:38 --> Cart Class Initialized
INFO - 2024-06-17 03:41:50 --> Session: Class initialized using 'CodeIgniter\Session\Handlers\FileHandler' driver.
INFO - 2024-06-17 03:41:50 --> Cart Class Initialized
INFO - 2024-06-17 03:51:07 --> Session: Class initialized using 'CodeIgniter\Session\Handlers\FileHandler' driver.
INFO - 2024-06-17 03:51:07 --> Cart Class Initialized
INFO - 2024-06-17 03:51:37 --> Session: Class initialized using 'CodeIgniter\Session\Handlers\FileHandler' driver.
INFO - 2024-06-17 03:51:37 --> Cart Class Initialized
INFO - 2024-06-17 04:30:58 --> Session: Class initialized using 'CodeIgniter\Session\Handlers\FileHandler' driver.
INFO - 2024-06-17 04:30:58 --> Session: Class initialized using 'CodeIgniter\Session\Handlers\FileHandler' driver.
INFO - 2024-06-17 04:30:58 --> Cart Class Initialized
INFO - 2024-06-17 04:31:00 --> Session: Class initialized using 'CodeIgniter\Session\Handlers\FileHandler' driver.
INFO - 2024-06-17 04:31:00 --> Cart Class Initialized
INFO - 2024-06-17 04:31:06 --> Session: Class initialized using 'CodeIgniter\Session\Handlers\FileHandler' driver.
INFO - 2024-06-17 04:31:07 --> Session: Class initialized using 'CodeIgniter\Session\Handlers\FileHandler' driver.
INFO - 2024-06-17 04:31:07 --> Cart Class Initialized
INFO - 2024-06-17 04:31:47 --> Session: Class initialized using 'CodeIgniter\Session\Handlers\FileHandler' driver.
INFO - 2024-06-17 04:31:47 --> Cart Class Initialized
INFO - 2024-06-17 04:33:19 --> Session: Class initialized using 'CodeIgniter\Session\Handlers\FileHandler' driver.
INFO - 2024-06-17 04:33:19 --> Cart Class Initialized
INFO - 2024-06-17 04:33:20 --> Session: Class initialized using 'CodeIgniter\Session\Handlers\FileHandler' driver.
INFO - 2024-06-17 04:33:20 --> Cart Class Initialized
INFO - 2024-06-17 04:35:11 --> Session: Class initialized using 'CodeIgniter\Session\Handlers\FileHandler' driver.
INFO - 2024-06-17 04:35:11 --> Cart Class Initialized
INFO - 2024-06-17 10:50:23 --> Session: Class initialized using 'CodeIgniter\Session\Handlers\FileHandler' driver.
INFO - 2024-06-17 10:50:23 --> Cart Class Initialized
INFO - 2024-06-17 11:00:51 --> Session: Class initialized using 'CodeIgniter\Session\Handlers\FileHandler' driver.
INFO - 2024-06-17 11:00:51 --> Cart Class Initialized
INFO - 2024-06-17 11:00:58 --> Session: Class initialized using 'CodeIgniter\Session\Handlers\FileHandler' driver.
INFO - 2024-06-17 11:00:59 --> Session: Class initialized using 'CodeIgniter\Session\Handlers\FileHandler' driver.
INFO - 2024-06-17 11:00:59 --> Cart Class Initialized
INFO - 2024-06-17 11:01:04 --> Session: Class initialized using 'CodeIgniter\Session\Handlers\FileHandler' driver.
INFO - 2024-06-17 11:01:04 --> Cart Class Initialized
INFO - 2024-06-17 11:02:49 --> Session: Class initialized using 'CodeIgniter\Session\Handlers\FileHandler' driver.
INFO - 2024-06-17 11:02:49 --> Cart Class Initialized
INFO - 2024-06-17 11:13:56 --> Session: Class initialized using 'CodeIgniter\Session\Handlers\FileHandler' driver.
INFO - 2024-06-17 11:13:56 --> Cart Class Initialized
INFO - 2024-06-17 11:14:07 --> Session: Class initialized using 'CodeIgniter\Session\Handlers\FileHandler' driver.
INFO - 2024-06-17 11:14:08 --> Session: Class initialized using 'CodeIgniter\Session\Handlers\FileHandler' driver.
INFO - 2024-06-17 11:14:08 --> Cart Class Initialized
INFO - 2024-06-17 11:14:16 --> Session: Class initialized using 'CodeIgniter\Session\Handlers\FileHandler' driver.
INFO - 2024-06-17 11:14:17 --> Session: Class initialized using 'CodeIgniter\Session\Handlers\FileHandler' driver.
INFO - 2024-06-17 11:14:17 --> Cart Class Initialized
INFO - 2024-06-17 11:17:24 --> Session: Class initialized using 'CodeIgniter\Session\Handlers\FileHandler' driver.
INFO - 2024-06-17 11:17:24 --> Cart Class Initialized
INFO - 2024-06-17 11:17:30 --> Session: Class initialized using 'CodeIgniter\Session\Handlers\FileHandler' driver.
INFO - 2024-06-17 11:17:30 --> Cart Class Initialized
INFO - 2024-06-17 11:19:38 --> Session: Class initialized using 'CodeIgniter\Session\Handlers\FileHandler' driver.
INFO - 2024-06-17 11:19:38 --> Cart Class Initialized
INFO - 2024-06-17 11:19:51 --> Session: Class initialized using 'CodeIgniter\Session\Handlers\FileHandler' driver.
INFO - 2024-06-17 11:19:51 --> Cart Class Initialized
INFO - 2024-06-17 11:19:56 --> Session: Class initialized using 'CodeIgniter\Session\Handlers\FileHandler' driver.
INFO - 2024-06-17 11:19:56 --> Cart Class Initialized
INFO - 2024-06-17 11:20:13 --> Session: Class initialized using 'CodeIgniter\Session\Handlers\FileHandler' driver.
INFO - 2024-06-17 11:20:14 --> Session: Class initialized using 'CodeIgniter\Session\Handlers\FileHandler' driver.
INFO - 2024-06-17 11:20:14 --> Cart Class Initialized
INFO - 2024-06-17 11:20:23 --> Session: Class initialized using 'CodeIgniter\Session\Handlers\FileHandler' driver.
INFO - 2024-06-17 11:20:24 --> Session: Class initialized using 'CodeIgniter\Session\Handlers\FileHandler' driver.
INFO - 2024-06-17 11:20:24 --> Cart Class Initialized
INFO - 2024-06-17 11:20:28 --> Session: Class initialized using 'CodeIgniter\Session\Handlers\FileHandler' driver.
INFO - 2024-06-17 11:20:28 --> Cart Class Initialized
INFO - 2024-06-17 11:20:50 --> Session: Class initialized using 'CodeIgniter\Session\Handlers\FileHandler' driver.
INFO - 2024-06-17 11:20:50 --> Cart Class Initialized
INFO - 2024-06-17 11:21:28 --> Session: Class initialized using 'CodeIgniter\Session\Handlers\FileHandler' driver.
INFO - 2024-06-17 11:21:28 --> Cart Class Initialized
INFO - 2024-06-17 11:21:31 --> Session: Class initialized using 'CodeIgniter\Session\Handlers\FileHandler' driver.
INFO - 2024-06-17 11:21:31 --> Cart Class Initialized
INFO - 2024-06-17 11:21:32 --> Session: Class initialized using 'CodeIgniter\Session\Handlers\FileHandler' driver.
INFO - 2024-06-17 11:21:32 --> Cart Class Initialized
INFO - 2024-06-17 11:21:40 --> Session: Class initialized using 'CodeIgniter\Session\Handlers\FileHandler' driver.
INFO - 2024-06-17 11:21:40 --> Cart Class Initialized
INFO - 2024-06-17 11:21:45 --> Session: Class initialized using 'CodeIgniter\Session\Handlers\FileHandler' driver.
INFO - 2024-06-17 11:21:45 --> Cart Class Initialized
INFO - 2024-06-17 11:21:51 --> Session: Class initialized using 'CodeIgniter\Session\Handlers\FileHandler' driver.
INFO - 2024-06-17 11:21:51 --> Cart Class Initialized
INFO - 2024-06-17 11:21:52 --> Session: Class initialized using 'CodeIgniter\Session\Handlers\FileHandler' driver.
INFO - 2024-06-17 11:21:52 --> Cart Class Initialized
INFO - 2024-06-17 11:21:54 --> Session: Class initialized using 'CodeIgniter\Session\Handlers\FileHandler' driver.
INFO - 2024-06-17 11:21:54 --> Cart Class Initialized
INFO - 2024-06-17 11:21:54 --> Session: Class initialized using 'CodeIgniter\Session\Handlers\FileHandler' driver.
INFO - 2024-06-17 11:21:54 --> Cart Class Initialized
INFO - 2024-06-17 11:21:56 --> Session: Class initialized using 'CodeIgniter\Session\Handlers\FileHandler' driver.
INFO - 2024-06-17 11:21:56 --> Cart Class Initialized
INFO - 2024-06-17 11:21:56 --> Session: Class initialized using 'CodeIgniter\Session\Handlers\FileHandler' driver.
INFO - 2024-06-17 11:21:56 --> Cart Class Initialized
INFO - 2024-06-17 11:21:58 --> Session: Class initialized using 'CodeIgniter\Session\Handlers\FileHandler' driver.
INFO - 2024-06-17 11:21:58 --> Cart Class Initialized
INFO - 2024-06-17 11:21:58 --> Session: Class initialized using 'CodeIgniter\Session\Handlers\FileHandler' driver.
INFO - 2024-06-17 11:21:58 --> Cart Class Initialized
INFO - 2024-06-17 11:22:00 --> Session: Class initialized using 'CodeIgniter\Session\Handlers\FileHandler' driver.
INFO - 2024-06-17 11:22:00 --> Cart Class Initialized
INFO - 2024-06-17 11:22:07 --> Session: Class initialized using 'CodeIgniter\Session\Handlers\FileHandler' driver.
INFO - 2024-06-17 11:22:07 --> Cart Class Initialized
INFO - 2024-06-17 12:15:34 --> Session: Class initialized using 'CodeIgniter\Session\Handlers\FileHandler' driver.
INFO - 2024-06-17 12:15:34 --> Cart Class Initialized
INFO - 2024-06-17 12:29:32 --> Session: Class initialized using 'CodeIgniter\Session\Handlers\FileHandler' driver.
INFO - 2024-06-17 12:29:33 --> Cart Class Initialized
CRITICAL - 2024-06-17 12:29:37 --> Call to a member function first() on string
in APPPATH\Controllers\Producto_controller.php on line 40.
 1 SYSTEMPATH\CodeIgniter.php(934): App\Controllers\Producto_controller->deleteproducto('$1')
 2 SYSTEMPATH\CodeIgniter.php(499): CodeIgniter\CodeIgniter->runController(Object(App\Controllers\Producto_controller))
 3 SYSTEMPATH\CodeIgniter.php(368): CodeIgniter\CodeIgniter->handleRequest(null, Object(Config\Cache), false)
 4 FCPATH\index.php(67): CodeIgniter\CodeIgniter->run()
INFO - 2024-06-17 12:29:42 --> Session: Class initialized using 'CodeIgniter\Session\Handlers\FileHandler' driver.
INFO - 2024-06-17 12:29:42 --> Cart Class Initialized
INFO - 2024-06-17 12:29:47 --> Session: Class initialized using 'CodeIgniter\Session\Handlers\FileHandler' driver.
INFO - 2024-06-17 12:29:47 --> Cart Class Initialized
INFO - 2024-06-17 12:29:54 --> Session: Class initialized using 'CodeIgniter\Session\Handlers\FileHandler' driver.
INFO - 2024-06-17 12:29:54 --> Cart Class Initialized
