INFO - 2025-06-07 00:31:17 --> Session: Class initialized using 'CodeIgniter\Session\Handlers\FileHandler' driver.
INFO - 2025-06-07 00:31:17 --> Cart Class Initialized
INFO - 2025-06-07 00:31:22 --> Session: Class initialized using 'CodeIgniter\Session\Handlers\FileHandler' driver.
INFO - 2025-06-07 00:31:22 --> Cart Class Initialized
INFO - 2025-06-07 00:31:34 --> Session: Class initialized using 'CodeIgniter\Session\Handlers\FileHandler' driver.
INFO - 2025-06-07 00:31:34 --> Session: Class initialized using 'CodeIgniter\Session\Handlers\FileHandler' driver.
INFO - 2025-06-07 00:31:34 --> Cart Class Initialized
INFO - 2025-06-07 00:31:37 --> Session: Class initialized using 'CodeIgniter\Session\Handlers\FileHandler' driver.
INFO - 2025-06-07 00:31:37 --> Session: Class initialized using 'CodeIgniter\Session\Handlers\FileHandler' driver.
INFO - 2025-06-07 00:31:37 --> Cart Class Initialized
INFO - 2025-06-07 00:31:43 --> Session: Class initialized using 'CodeIgniter\Session\Handlers\FileHandler' driver.
INFO - 2025-06-07 00:31:43 --> Session: Class initialized using 'CodeIgniter\Session\Handlers\FileHandler' driver.
INFO - 2025-06-07 00:31:43 --> Cart Class Initialized
INFO - 2025-06-07 00:31:51 --> Session: Class initialized using 'CodeIgniter\Session\Handlers\FileHandler' driver.
INFO - 2025-06-07 00:31:51 --> Cart Class Initialized
INFO - 2025-06-07 00:34:33 --> Session: Class initialized using 'CodeIgniter\Session\Handlers\FileHandler' driver.
INFO - 2025-06-07 00:34:33 --> Cart Class Initialized
INFO - 2025-06-07 00:39:14 --> Session: Class initialized using 'CodeIgniter\Session\Handlers\FileHandler' driver.
INFO - 2025-06-07 00:39:14 --> Cart Class Initialized
INFO - 2025-06-07 00:41:45 --> Session: Class initialized using 'CodeIgniter\Session\Handlers\FileHandler' driver.
INFO - 2025-06-07 00:41:45 --> Cart Class Initialized
INFO - 2025-06-07 00:42:34 --> Session: Class initialized using 'CodeIgniter\Session\Handlers\FileHandler' driver.
INFO - 2025-06-07 00:42:34 --> Cart Class Initialized
INFO - 2025-06-07 00:45:55 --> Session: Class initialized using 'CodeIgniter\Session\Handlers\FileHandler' driver.
INFO - 2025-06-07 00:45:55 --> Cart Class Initialized
INFO - 2025-06-07 00:54:32 --> Session: Class initialized using 'CodeIgniter\Session\Handlers\FileHandler' driver.
INFO - 2025-06-07 00:54:32 --> Cart Class Initialized
INFO - 2025-06-07 00:54:33 --> Session: Class initialized using 'CodeIgniter\Session\Handlers\FileHandler' driver.
INFO - 2025-06-07 00:54:33 --> Cart Class Initialized
INFO - 2025-06-07 00:54:35 --> Session: Class initialized using 'CodeIgniter\Session\Handlers\FileHandler' driver.
INFO - 2025-06-07 00:54:35 --> Cart Class Initialized
INFO - 2025-06-07 00:54:35 --> Session: Class initialized using 'CodeIgniter\Session\Handlers\FileHandler' driver.
INFO - 2025-06-07 00:54:35 --> Cart Class Initialized
INFO - 2025-06-07 00:54:37 --> Session: Class initialized using 'CodeIgniter\Session\Handlers\FileHandler' driver.
INFO - 2025-06-07 00:54:37 --> Cart Class Initialized
INFO - 2025-06-07 00:54:39 --> Session: Class initialized using 'CodeIgniter\Session\Handlers\FileHandler' driver.
INFO - 2025-06-07 00:54:39 --> Cart Class Initialized
INFO - 2025-06-07 00:54:39 --> Session: Class initialized using 'CodeIgniter\Session\Handlers\FileHandler' driver.
INFO - 2025-06-07 00:54:39 --> Cart Class Initialized
INFO - 2025-06-07 00:54:43 --> Session: Class initialized using 'CodeIgniter\Session\Handlers\FileHandler' driver.
INFO - 2025-06-07 00:54:43 --> Cart Class Initialized
INFO - 2025-06-07 00:54:43 --> Session: Class initialized using 'CodeIgniter\Session\Handlers\FileHandler' driver.
INFO - 2025-06-07 00:54:43 --> Cart Class Initialized
INFO - 2025-06-07 00:57:14 --> Session: Class initialized using 'CodeIgniter\Session\Handlers\FileHandler' driver.
INFO - 2025-06-07 00:57:14 --> Cart Class Initialized
INFO - 2025-06-07 00:57:21 --> Session: Class initialized using 'CodeIgniter\Session\Handlers\FileHandler' driver.
INFO - 2025-06-07 00:57:21 --> Cart Class Initialized
INFO - 2025-06-07 00:57:22 --> Session: Class initialized using 'CodeIgniter\Session\Handlers\FileHandler' driver.
INFO - 2025-06-07 00:57:22 --> Cart Class Initialized
INFO - 2025-06-07 00:57:24 --> Session: Class initialized using 'CodeIgniter\Session\Handlers\FileHandler' driver.
INFO - 2025-06-07 00:57:24 --> Cart Class Initialized
INFO - 2025-06-07 00:57:24 --> Session: Class initialized using 'CodeIgniter\Session\Handlers\FileHandler' driver.
INFO - 2025-06-07 00:57:24 --> Cart Class Initialized
INFO - 2025-06-07 00:57:26 --> Session: Class initialized using 'CodeIgniter\Session\Handlers\FileHandler' driver.
INFO - 2025-06-07 00:57:26 --> Cart Class Initialized
INFO - 2025-06-07 00:57:27 --> Session: Class initialized using 'CodeIgniter\Session\Handlers\FileHandler' driver.
INFO - 2025-06-07 00:57:27 --> Cart Class Initialized
INFO - 2025-06-07 00:57:27 --> Session: Class initialized using 'CodeIgniter\Session\Handlers\FileHandler' driver.
INFO - 2025-06-07 00:57:27 --> Cart Class Initialized
INFO - 2025-06-07 00:57:28 --> Session: Class initialized using 'CodeIgniter\Session\Handlers\FileHandler' driver.
INFO - 2025-06-07 00:57:28 --> Cart Class Initialized
INFO - 2025-06-07 00:57:28 --> Session: Class initialized using 'CodeIgniter\Session\Handlers\FileHandler' driver.
INFO - 2025-06-07 00:57:28 --> Cart Class Initialized
INFO - 2025-06-07 00:57:29 --> Session: Class initialized using 'CodeIgniter\Session\Handlers\FileHandler' driver.
INFO - 2025-06-07 00:57:29 --> Cart Class Initialized
INFO - 2025-06-07 00:57:29 --> Session: Class initialized using 'CodeIgniter\Session\Handlers\FileHandler' driver.
INFO - 2025-06-07 00:57:29 --> Cart Class Initialized
INFO - 2025-06-07 00:57:30 --> Session: Class initialized using 'CodeIgniter\Session\Handlers\FileHandler' driver.
INFO - 2025-06-07 00:57:30 --> Cart Class Initialized
INFO - 2025-06-07 00:57:30 --> Session: Class initialized using 'CodeIgniter\Session\Handlers\FileHandler' driver.
INFO - 2025-06-07 00:57:30 --> Cart Class Initialized
INFO - 2025-06-07 00:57:32 --> Session: Class initialized using 'CodeIgniter\Session\Handlers\FileHandler' driver.
INFO - 2025-06-07 00:57:32 --> Cart Class Initialized
INFO - 2025-06-07 00:57:34 --> Session: Class initialized using 'CodeIgniter\Session\Handlers\FileHandler' driver.
INFO - 2025-06-07 00:57:34 --> Cart Class Initialized
INFO - 2025-06-07 00:58:49 --> Session: Class initialized using 'CodeIgniter\Session\Handlers\FileHandler' driver.
INFO - 2025-06-07 00:58:49 --> Cart Class Initialized
INFO - 2025-06-07 00:58:50 --> Session: Class initialized using 'CodeIgniter\Session\Handlers\FileHandler' driver.
INFO - 2025-06-07 00:58:50 --> Cart Class Initialized
INFO - 2025-06-07 00:58:52 --> Session: Class initialized using 'CodeIgniter\Session\Handlers\FileHandler' driver.
INFO - 2025-06-07 00:58:52 --> Cart Class Initialized
INFO - 2025-06-07 00:58:53 --> Session: Class initialized using 'CodeIgniter\Session\Handlers\FileHandler' driver.
INFO - 2025-06-07 00:58:53 --> Cart Class Initialized
INFO - 2025-06-07 00:58:54 --> Session: Class initialized using 'CodeIgniter\Session\Handlers\FileHandler' driver.
INFO - 2025-06-07 00:58:54 --> Cart Class Initialized
INFO - 2025-06-07 00:58:55 --> Session: Class initialized using 'CodeIgniter\Session\Handlers\FileHandler' driver.
INFO - 2025-06-07 00:58:55 --> Cart Class Initialized
INFO - 2025-06-07 00:59:11 --> Session: Class initialized using 'CodeIgniter\Session\Handlers\FileHandler' driver.
INFO - 2025-06-07 00:59:11 --> Session: Class initialized using 'CodeIgniter\Session\Handlers\FileHandler' driver.
INFO - 2025-06-07 00:59:11 --> Cart Class Initialized
INFO - 2025-06-07 00:59:16 --> Session: Class initialized using 'CodeIgniter\Session\Handlers\FileHandler' driver.
INFO - 2025-06-07 00:59:16 --> Session: Class initialized using 'CodeIgniter\Session\Handlers\FileHandler' driver.
INFO - 2025-06-07 00:59:16 --> Cart Class Initialized
INFO - 2025-06-07 00:59:18 --> Session: Class initialized using 'CodeIgniter\Session\Handlers\FileHandler' driver.
INFO - 2025-06-07 00:59:18 --> Cart Class Initialized
INFO - 2025-06-07 00:59:24 --> Session: Class initialized using 'CodeIgniter\Session\Handlers\FileHandler' driver.
INFO - 2025-06-07 00:59:24 --> Session: Class initialized using 'CodeIgniter\Session\Handlers\FileHandler' driver.
INFO - 2025-06-07 00:59:24 --> Cart Class Initialized
INFO - 2025-06-07 00:59:32 --> Session: Class initialized using 'CodeIgniter\Session\Handlers\FileHandler' driver.
INFO - 2025-06-07 00:59:33 --> Session: Class initialized using 'CodeIgniter\Session\Handlers\FileHandler' driver.
INFO - 2025-06-07 00:59:33 --> Cart Class Initialized
INFO - 2025-06-07 00:59:35 --> Session: Class initialized using 'CodeIgniter\Session\Handlers\FileHandler' driver.
INFO - 2025-06-07 00:59:35 --> Cart Class Initialized
INFO - 2025-06-07 01:00:22 --> Session: Class initialized using 'CodeIgniter\Session\Handlers\FileHandler' driver.
INFO - 2025-06-07 01:00:22 --> Cart Class Initialized
INFO - 2025-06-07 01:00:23 --> Session: Class initialized using 'CodeIgniter\Session\Handlers\FileHandler' driver.
INFO - 2025-06-07 01:00:23 --> Cart Class Initialized
INFO - 2025-06-07 01:04:08 --> Session: Class initialized using 'CodeIgniter\Session\Handlers\FileHandler' driver.
INFO - 2025-06-07 01:04:11 --> Session: Class initialized using 'CodeIgniter\Session\Handlers\FileHandler' driver.
INFO - 2025-06-07 01:04:11 --> Cart Class Initialized
INFO - 2025-06-07 01:04:12 --> Session: Class initialized using 'CodeIgniter\Session\Handlers\FileHandler' driver.
INFO - 2025-06-07 01:04:51 --> Session: Class initialized using 'CodeIgniter\Session\Handlers\FileHandler' driver.
INFO - 2025-06-07 01:04:53 --> Session: Class initialized using 'CodeIgniter\Session\Handlers\FileHandler' driver.
INFO - 2025-06-07 01:04:53 --> Cart Class Initialized
INFO - 2025-06-07 01:04:53 --> Session: Class initialized using 'CodeIgniter\Session\Handlers\FileHandler' driver.
INFO - 2025-06-07 01:04:53 --> Cart Class Initialized
INFO - 2025-06-07 01:04:55 --> Session: Class initialized using 'CodeIgniter\Session\Handlers\FileHandler' driver.
INFO - 2025-06-07 01:04:55 --> Session: Class initialized using 'CodeIgniter\Session\Handlers\FileHandler' driver.
INFO - 2025-06-07 01:04:55 --> Cart Class Initialized
INFO - 2025-06-07 01:05:01 --> Session: Class initialized using 'CodeIgniter\Session\Handlers\FileHandler' driver.
INFO - 2025-06-07 01:05:01 --> Session: Class initialized using 'CodeIgniter\Session\Handlers\FileHandler' driver.
INFO - 2025-06-07 01:05:01 --> Cart Class Initialized
INFO - 2025-06-07 01:05:02 --> Session: Class initialized using 'CodeIgniter\Session\Handlers\FileHandler' driver.
INFO - 2025-06-07 01:08:16 --> Session: Class initialized using 'CodeIgniter\Session\Handlers\FileHandler' driver.
ERROR - 2025-06-07 01:08:16 --> mysqli_sql_exception: Unknown column 'id_usuario' in 'where clause' in C:\xampp\htdocs\Proyecto-Emilio-Erk\system\Database\MySQLi\Connection.php:295
Stack trace:
#0 C:\xampp\htdocs\Proyecto-Emilio-Erk\system\Database\MySQLi\Connection.php(295): mysqli->query('SELECT *\nFROM `...', 0)
#1 C:\xampp\htdocs\Proyecto-Emilio-Erk\system\Database\BaseConnection.php(691): CodeIgniter\Database\MySQLi\Connection->execute('SELECT *\nFROM `...')
#2 C:\xampp\htdocs\Proyecto-Emilio-Erk\system\Database\BaseConnection.php(605): CodeIgniter\Database\BaseConnection->simpleQuery('SELECT *\nFROM `...')
#3 C:\xampp\htdocs\Proyecto-Emilio-Erk\system\Database\BaseBuilder.php(1616): CodeIgniter\Database\BaseConnection->query('SELECT *\nFROM `...', Array, false)
#4 C:\xampp\htdocs\Proyecto-Emilio-Erk\system\Model.php(241): CodeIgniter\Database\BaseBuilder->get()
#5 C:\xampp\htdocs\Proyecto-Emilio-Erk\system\BaseModel.php(618): CodeIgniter\Model->doFindAll(0, 0)
#6 C:\xampp\htdocs\Proyecto-Emilio-Erk\app\Controllers\Ventascontroller.php(245): CodeIgniter\BaseModel->findAll()
#7 C:\xampp\htdocs\Proyecto-Emilio-Erk\system\CodeIgniter.php(934): App\Controllers\Ventascontroller->ventasUsuario()
#8 C:\xampp\htdocs\Proyecto-Emilio-Erk\system\CodeIgniter.php(499): CodeIgniter\CodeIgniter->runController(Object(App\Controllers\Ventascontroller))
#9 C:\xampp\htdocs\Proyecto-Emilio-Erk\system\CodeIgniter.php(368): CodeIgniter\CodeIgniter->handleRequest(NULL, Object(Config\Cache), false)
#10 C:\xampp\htdocs\Proyecto-Emilio-Erk\index.php(67): CodeIgniter\CodeIgniter->run()
#11 {main}
CRITICAL - 2025-06-07 01:08:16 --> Unknown column 'id_usuario' in 'where clause'
in SYSTEMPATH\Database\BaseConnection.php on line 645.
 1 SYSTEMPATH\Database\BaseBuilder.php(1616): CodeIgniter\Database\BaseConnection->query('SELECT *
FROM `venta_cabecera`
WHERE `id_usuario` = :id_usuario:', [...], false)
 2 SYSTEMPATH\Model.php(241): CodeIgniter\Database\BaseBuilder->get()
 3 SYSTEMPATH\BaseModel.php(618): CodeIgniter\Model->doFindAll(0, 0)
 4 APPPATH\Controllers\Ventascontroller.php(245): CodeIgniter\BaseModel->findAll()
 5 SYSTEMPATH\CodeIgniter.php(934): App\Controllers\Ventascontroller->ventasUsuario()
 6 SYSTEMPATH\CodeIgniter.php(499): CodeIgniter\CodeIgniter->runController(Object(App\Controllers\Ventascontroller))
 7 SYSTEMPATH\CodeIgniter.php(368): CodeIgniter\CodeIgniter->handleRequest(null, Object(Config\Cache), false)
 8 FCPATH\index.php(67): CodeIgniter\CodeIgniter->run()
INFO - 2025-06-07 01:08:36 --> Session: Class initialized using 'CodeIgniter\Session\Handlers\FileHandler' driver.
ERROR - 2025-06-07 01:08:36 --> mysqli_sql_exception: Unknown column 'id_usuario' in 'where clause' in C:\xampp\htdocs\Proyecto-Emilio-Erk\system\Database\MySQLi\Connection.php:295
Stack trace:
#0 C:\xampp\htdocs\Proyecto-Emilio-Erk\system\Database\MySQLi\Connection.php(295): mysqli->query('SELECT *\nFROM `...', 0)
#1 C:\xampp\htdocs\Proyecto-Emilio-Erk\system\Database\BaseConnection.php(691): CodeIgniter\Database\MySQLi\Connection->execute('SELECT *\nFROM `...')
#2 C:\xampp\htdocs\Proyecto-Emilio-Erk\system\Database\BaseConnection.php(605): CodeIgniter\Database\BaseConnection->simpleQuery('SELECT *\nFROM `...')
#3 C:\xampp\htdocs\Proyecto-Emilio-Erk\system\Database\BaseBuilder.php(1616): CodeIgniter\Database\BaseConnection->query('SELECT *\nFROM `...', Array, false)
#4 C:\xampp\htdocs\Proyecto-Emilio-Erk\system\Model.php(241): CodeIgniter\Database\BaseBuilder->get()
#5 C:\xampp\htdocs\Proyecto-Emilio-Erk\system\BaseModel.php(618): CodeIgniter\Model->doFindAll(0, 0)
#6 C:\xampp\htdocs\Proyecto-Emilio-Erk\app\Controllers\Ventascontroller.php(238): CodeIgniter\BaseModel->findAll()
#7 C:\xampp\htdocs\Proyecto-Emilio-Erk\system\CodeIgniter.php(934): App\Controllers\Ventascontroller->ventasUsuario()
#8 C:\xampp\htdocs\Proyecto-Emilio-Erk\system\CodeIgniter.php(499): CodeIgniter\CodeIgniter->runController(Object(App\Controllers\Ventascontroller))
#9 C:\xampp\htdocs\Proyecto-Emilio-Erk\system\CodeIgniter.php(368): CodeIgniter\CodeIgniter->handleRequest(NULL, Object(Config\Cache), false)
#10 C:\xampp\htdocs\Proyecto-Emilio-Erk\index.php(67): CodeIgniter\CodeIgniter->run()
#11 {main}
CRITICAL - 2025-06-07 01:08:36 --> Unknown column 'id_usuario' in 'where clause'
in SYSTEMPATH\Database\BaseConnection.php on line 645.
 1 SYSTEMPATH\Database\BaseBuilder.php(1616): CodeIgniter\Database\BaseConnection->query('SELECT *
FROM `venta_cabecera`
WHERE `id_usuario` = :id_usuario:', [...], false)
 2 SYSTEMPATH\Model.php(241): CodeIgniter\Database\BaseBuilder->get()
 3 SYSTEMPATH\BaseModel.php(618): CodeIgniter\Model->doFindAll(0, 0)
 4 APPPATH\Controllers\Ventascontroller.php(238): CodeIgniter\BaseModel->findAll()
 5 SYSTEMPATH\CodeIgniter.php(934): App\Controllers\Ventascontroller->ventasUsuario()
 6 SYSTEMPATH\CodeIgniter.php(499): CodeIgniter\CodeIgniter->runController(Object(App\Controllers\Ventascontroller))
 7 SYSTEMPATH\CodeIgniter.php(368): CodeIgniter\CodeIgniter->handleRequest(null, Object(Config\Cache), false)
 8 FCPATH\index.php(67): CodeIgniter\CodeIgniter->run()
INFO - 2025-06-07 01:10:49 --> Session: Class initialized using 'CodeIgniter\Session\Handlers\FileHandler' driver.
ERROR - 2025-06-07 01:10:49 --> mysqli_sql_exception: Table 'emilio.productos' doesn't exist in C:\xampp\htdocs\Proyecto-Emilio-Erk\system\Database\MySQLi\Connection.php:295
Stack trace:
#0 C:\xampp\htdocs\Proyecto-Emilio-Erk\system\Database\MySQLi\Connection.php(295): mysqli->query('SELECT `venta_d...', 0)
#1 C:\xampp\htdocs\Proyecto-Emilio-Erk\system\Database\BaseConnection.php(691): CodeIgniter\Database\MySQLi\Connection->execute('SELECT `venta_d...')
#2 C:\xampp\htdocs\Proyecto-Emilio-Erk\system\Database\BaseConnection.php(605): CodeIgniter\Database\BaseConnection->simpleQuery('SELECT `venta_d...')
#3 C:\xampp\htdocs\Proyecto-Emilio-Erk\system\Database\BaseBuilder.php(1616): CodeIgniter\Database\BaseConnection->query('SELECT `venta_d...', Array, false)
#4 C:\xampp\htdocs\Proyecto-Emilio-Erk\system\Model.php(241): CodeIgniter\Database\BaseBuilder->get()
#5 C:\xampp\htdocs\Proyecto-Emilio-Erk\system\BaseModel.php(618): CodeIgniter\Model->doFindAll(0, 0)
#6 C:\xampp\htdocs\Proyecto-Emilio-Erk\app\Models\Ventas_detalle_model.php(18): CodeIgniter\BaseModel->findAll()
#7 C:\xampp\htdocs\Proyecto-Emilio-Erk\app\Controllers\Ventascontroller.php(242): App\Models\Ventas_detalle_model->obtenerDetallesPorVentaId('1')
#8 C:\xampp\htdocs\Proyecto-Emilio-Erk\system\CodeIgniter.php(934): App\Controllers\Ventascontroller->ventasUsuario()
#9 C:\xampp\htdocs\Proyecto-Emilio-Erk\system\CodeIgniter.php(499): CodeIgniter\CodeIgniter->runController(Object(App\Controllers\Ventascontroller))
#10 C:\xampp\htdocs\Proyecto-Emilio-Erk\system\CodeIgniter.php(368): CodeIgniter\CodeIgniter->handleRequest(NULL, Object(Config\Cache), false)
#11 C:\xampp\htdocs\Proyecto-Emilio-Erk\index.php(67): CodeIgniter\CodeIgniter->run()
#12 {main}
CRITICAL - 2025-06-07 01:10:49 --> Table 'emilio.productos' doesn't exist
in SYSTEMPATH\Database\BaseConnection.php on line 645.
 1 SYSTEMPATH\Database\BaseBuilder.php(1616): CodeIgniter\Database\BaseConnection->query('SELECT `venta_detalle`.*, `productos`.`nombre` AS `producto_nombre`
FROM `venta_detalle`
JOIN `productos` ON `productos`.`id` = `venta_detalle`.`producto_id`
WHERE `venta_detalle`.`venta_id` = :venta_detalle.venta_id:', [...], false)
 2 SYSTEMPATH\Model.php(241): CodeIgniter\Database\BaseBuilder->get()
 3 SYSTEMPATH\BaseModel.php(618): CodeIgniter\Model->doFindAll(0, 0)
 4 APPPATH\Models\Ventas_detalle_model.php(18): CodeIgniter\BaseModel->findAll()
 5 APPPATH\Controllers\Ventascontroller.php(242): App\Models\Ventas_detalle_model->obtenerDetallesPorVentaId('1')
 6 SYSTEMPATH\CodeIgniter.php(934): App\Controllers\Ventascontroller->ventasUsuario()
 7 SYSTEMPATH\CodeIgniter.php(499): CodeIgniter\CodeIgniter->runController(Object(App\Controllers\Ventascontroller))
 8 SYSTEMPATH\CodeIgniter.php(368): CodeIgniter\CodeIgniter->handleRequest(null, Object(Config\Cache), false)
 9 FCPATH\index.php(67): CodeIgniter\CodeIgniter->run()
INFO - 2025-06-07 01:13:37 --> Session: Class initialized using 'CodeIgniter\Session\Handlers\FileHandler' driver.
INFO - 2025-06-07 01:13:37 --> Cart Class Initialized
INFO - 2025-06-07 01:14:59 --> Session: Class initialized using 'CodeIgniter\Session\Handlers\FileHandler' driver.
INFO - 2025-06-07 01:14:59 --> Cart Class Initialized
ERROR - 2025-06-07 01:15:05 --> mysqli_sql_exception: Unknown column 'id_ventaCab' in 'where clause' in C:\xampp\htdocs\Proyecto-Emilio-Erk\system\Database\MySQLi\Connection.php:295
Stack trace:
#0 C:\xampp\htdocs\Proyecto-Emilio-Erk\system\Database\MySQLi\Connection.php(295): mysqli->query('SELECT *\nFROM `...', 0)
#1 C:\xampp\htdocs\Proyecto-Emilio-Erk\system\Database\BaseConnection.php(691): CodeIgniter\Database\MySQLi\Connection->execute('SELECT *\nFROM `...')
#2 C:\xampp\htdocs\Proyecto-Emilio-Erk\system\Database\BaseConnection.php(605): CodeIgniter\Database\BaseConnection->simpleQuery('SELECT *\nFROM `...')
#3 C:\xampp\htdocs\Proyecto-Emilio-Erk\system\Database\BaseBuilder.php(1616): CodeIgniter\Database\BaseConnection->query('SELECT *\nFROM `...', Array, false)
#4 C:\xampp\htdocs\Proyecto-Emilio-Erk\system\Model.php(268): CodeIgniter\Database\BaseBuilder->get()
#5 C:\xampp\htdocs\Proyecto-Emilio-Erk\system\BaseModel.php(656): CodeIgniter\Model->doFirst()
#6 C:\xampp\htdocs\Proyecto-Emilio-Erk\app\Controllers\Ventascontroller.php(263): CodeIgniter\BaseModel->first()
#7 C:\xampp\htdocs\Proyecto-Emilio-Erk\system\CodeIgniter.php(934): App\Controllers\Ventascontroller->factura('2')
#8 C:\xampp\htdocs\Proyecto-Emilio-Erk\system\CodeIgniter.php(499): CodeIgniter\CodeIgniter->runController(Object(App\Controllers\Ventascontroller))
#9 C:\xampp\htdocs\Proyecto-Emilio-Erk\system\CodeIgniter.php(368): CodeIgniter\CodeIgniter->handleRequest(NULL, Object(Config\Cache), false)
#10 C:\xampp\htdocs\Proyecto-Emilio-Erk\index.php(67): CodeIgniter\CodeIgniter->run()
#11 {main}
CRITICAL - 2025-06-07 01:15:05 --> Unknown column 'id_ventaCab' in 'where clause'
in SYSTEMPATH\Database\BaseConnection.php on line 645.
 1 SYSTEMPATH\Database\BaseBuilder.php(1616): CodeIgniter\Database\BaseConnection->query('SELECT *
FROM `venta_cabecera`
JOIN `usuarios` ON `usuarios`.`id_usuario` = `venta_cabecera`.`usuario_idlo`
WHERE `id_ventaCab` = :id_ventaCab:
 LIMIT 1', [...], false)
 2 SYSTEMPATH\Model.php(268): CodeIgniter\Database\BaseBuilder->get()
 3 SYSTEMPATH\BaseModel.php(656): CodeIgniter\Model->doFirst()
 4 APPPATH\Controllers\Ventascontroller.php(263): CodeIgniter\BaseModel->first()
 5 SYSTEMPATH\CodeIgniter.php(934): App\Controllers\Ventascontroller->factura('2')
 6 SYSTEMPATH\CodeIgniter.php(499): CodeIgniter\CodeIgniter->runController(Object(App\Controllers\Ventascontroller))
 7 SYSTEMPATH\CodeIgniter.php(368): CodeIgniter\CodeIgniter->handleRequest(null, Object(Config\Cache), false)
 8 FCPATH\index.php(67): CodeIgniter\CodeIgniter->run()
INFO - 2025-06-07 01:15:08 --> Session: Class initialized using 'CodeIgniter\Session\Handlers\FileHandler' driver.
INFO - 2025-06-07 01:15:08 --> Cart Class Initialized
INFO - 2025-06-07 01:15:23 --> Session: Class initialized using 'CodeIgniter\Session\Handlers\FileHandler' driver.
INFO - 2025-06-07 01:15:23 --> Cart Class Initialized
INFO - 2025-06-07 01:15:25 --> Session: Class initialized using 'CodeIgniter\Session\Handlers\FileHandler' driver.
INFO - 2025-06-07 01:15:25 --> Cart Class Initialized
INFO - 2025-06-07 01:15:30 --> Session: Class initialized using 'CodeIgniter\Session\Handlers\FileHandler' driver.
INFO - 2025-06-07 01:15:30 --> Session: Class initialized using 'CodeIgniter\Session\Handlers\FileHandler' driver.
INFO - 2025-06-07 01:15:30 --> Cart Class Initialized
INFO - 2025-06-07 01:15:33 --> Session: Class initialized using 'CodeIgniter\Session\Handlers\FileHandler' driver.
INFO - 2025-06-07 01:15:33 --> Cart Class Initialized
INFO - 2025-06-07 01:20:22 --> Session: Class initialized using 'CodeIgniter\Session\Handlers\FileHandler' driver.
INFO - 2025-06-07 01:20:22 --> Cart Class Initialized
INFO - 2025-06-07 01:21:20 --> Session: Class initialized using 'CodeIgniter\Session\Handlers\FileHandler' driver.
INFO - 2025-06-07 01:21:20 --> Cart Class Initialized
INFO - 2025-06-07 01:21:33 --> Session: Class initialized using 'CodeIgniter\Session\Handlers\FileHandler' driver.
INFO - 2025-06-07 01:21:33 --> Cart Class Initialized
INFO - 2025-06-07 01:21:35 --> Session: Class initialized using 'CodeIgniter\Session\Handlers\FileHandler' driver.
INFO - 2025-06-07 01:21:35 --> Cart Class Initialized
INFO - 2025-06-07 01:21:35 --> Session: Class initialized using 'CodeIgniter\Session\Handlers\FileHandler' driver.
INFO - 2025-06-07 01:21:35 --> Cart Class Initialized
INFO - 2025-06-07 01:21:37 --> Session: Class initialized using 'CodeIgniter\Session\Handlers\FileHandler' driver.
INFO - 2025-06-07 01:21:37 --> Cart Class Initialized
INFO - 2025-06-07 01:21:50 --> Session: Class initialized using 'CodeIgniter\Session\Handlers\FileHandler' driver.
INFO - 2025-06-07 01:21:50 --> Cart Class Initialized
INFO - 2025-06-07 01:22:10 --> Session: Class initialized using 'CodeIgniter\Session\Handlers\FileHandler' driver.
INFO - 2025-06-07 01:22:10 --> Cart Class Initialized
INFO - 2025-06-07 01:22:21 --> Session: Class initialized using 'CodeIgniter\Session\Handlers\FileHandler' driver.
INFO - 2025-06-07 01:22:21 --> Cart Class Initialized
INFO - 2025-06-07 01:22:27 --> Session: Class initialized using 'CodeIgniter\Session\Handlers\FileHandler' driver.
INFO - 2025-06-07 01:22:27 --> Cart Class Initialized
INFO - 2025-06-07 01:23:42 --> Session: Class initialized using 'CodeIgniter\Session\Handlers\FileHandler' driver.
INFO - 2025-06-07 01:23:42 --> Cart Class Initialized
INFO - 2025-06-07 01:23:44 --> Session: Class initialized using 'CodeIgniter\Session\Handlers\FileHandler' driver.
INFO - 2025-06-07 01:23:44 --> Cart Class Initialized
INFO - 2025-06-07 01:23:47 --> Session: Class initialized using 'CodeIgniter\Session\Handlers\FileHandler' driver.
INFO - 2025-06-07 01:23:47 --> Cart Class Initialized
INFO - 2025-06-07 01:25:49 --> Session: Class initialized using 'CodeIgniter\Session\Handlers\FileHandler' driver.
INFO - 2025-06-07 01:25:49 --> Cart Class Initialized
INFO - 2025-06-07 01:26:15 --> Session: Class initialized using 'CodeIgniter\Session\Handlers\FileHandler' driver.
INFO - 2025-06-07 01:26:15 --> Cart Class Initialized
INFO - 2025-06-07 01:28:05 --> Session: Class initialized using 'CodeIgniter\Session\Handlers\FileHandler' driver.
INFO - 2025-06-07 01:28:05 --> Cart Class Initialized
INFO - 2025-06-07 01:28:07 --> Session: Class initialized using 'CodeIgniter\Session\Handlers\FileHandler' driver.
INFO - 2025-06-07 01:28:07 --> Cart Class Initialized
INFO - 2025-06-07 01:28:07 --> Session: Class initialized using 'CodeIgniter\Session\Handlers\FileHandler' driver.
INFO - 2025-06-07 01:28:07 --> Cart Class Initialized
INFO - 2025-06-07 01:28:08 --> Session: Class initialized using 'CodeIgniter\Session\Handlers\FileHandler' driver.
INFO - 2025-06-07 01:28:08 --> Cart Class Initialized
INFO - 2025-06-07 01:28:08 --> Session: Class initialized using 'CodeIgniter\Session\Handlers\FileHandler' driver.
INFO - 2025-06-07 01:28:08 --> Cart Class Initialized
INFO - 2025-06-07 01:28:10 --> Session: Class initialized using 'CodeIgniter\Session\Handlers\FileHandler' driver.
INFO - 2025-06-07 01:28:10 --> Cart Class Initialized
INFO - 2025-06-07 01:32:41 --> Session: Class initialized using 'CodeIgniter\Session\Handlers\FileHandler' driver.
INFO - 2025-06-07 01:32:41 --> Cart Class Initialized
INFO - 2025-06-07 01:43:16 --> Session: Class initialized using 'CodeIgniter\Session\Handlers\FileHandler' driver.
INFO - 2025-06-07 01:43:16 --> Cart Class Initialized
INFO - 2025-06-07 01:43:18 --> Session: Class initialized using 'CodeIgniter\Session\Handlers\FileHandler' driver.
INFO - 2025-06-07 01:43:18 --> Cart Class Initialized
CRITICAL - 2025-06-07 01:43:18 --> Undefined variable: cart
in APPPATH\Views\Carrito\Carrito_parte_view.php on line 62.
 1 APPPATH\Views\Carrito\Carrito_parte_view.php(62): CodeIgniter\Debug\Exceptions->errorHandler(8, 'Undefined variable: cart', 'APPPATH\\Views\\Carrito\\Carrito_parte_view.php', 62, [...])
 2 SYSTEMPATH\View\View.php(213): include('APPPATH\\Views\\Carrito\\Carrito_parte_view.php')
 3 SYSTEMPATH\View\View.php(216): CodeIgniter\View\View->CodeIgniter\View\{closure}()
 4 SYSTEMPATH\Common.php(1184): CodeIgniter\View\View->render('Carrito/Carrito_parte_view', [], true)
 5 APPPATH\Controllers\Carrito_controller.php(86): view('Carrito/Carrito_parte_view')
 6 SYSTEMPATH\CodeIgniter.php(934): App\Controllers\Carrito_controller->muestra()
 7 SYSTEMPATH\CodeIgniter.php(499): CodeIgniter\CodeIgniter->runController(Object(App\Controllers\Carrito_controller))
 8 SYSTEMPATH\CodeIgniter.php(368): CodeIgniter\CodeIgniter->handleRequest(null, Object(Config\Cache), false)
 9 FCPATH\index.php(67): CodeIgniter\CodeIgniter->run()
INFO - 2025-06-07 01:46:51 --> Session: Class initialized using 'CodeIgniter\Session\Handlers\FileHandler' driver.
INFO - 2025-06-07 01:46:51 --> Cart Class Initialized
CRITICAL - 2025-06-07 01:46:51 --> Undefined variable: total
in APPPATH\Views\Carrito\Carrito_parte_view.php on line 75.
 1 APPPATH\Views\Carrito\Carrito_parte_view.php(75): CodeIgniter\Debug\Exceptions->errorHandler(8, 'Undefined variable: total', 'APPPATH\\Views\\Carrito\\Carrito_parte_view.php', 75, [...])
 2 SYSTEMPATH\View\View.php(213): include('APPPATH\\Views\\Carrito\\Carrito_parte_view.php')
 3 SYSTEMPATH\View\View.php(216): CodeIgniter\View\View->CodeIgniter\View\{closure}()
 4 SYSTEMPATH\Common.php(1184): CodeIgniter\View\View->render('Carrito/Carrito_parte_view', [], true)
 5 APPPATH\Controllers\Carrito_controller.php(87): view('Carrito/Carrito_parte_view', [...])
 6 SYSTEMPATH\CodeIgniter.php(934): App\Controllers\Carrito_controller->muestra()
 7 SYSTEMPATH\CodeIgniter.php(499): CodeIgniter\CodeIgniter->runController(Object(App\Controllers\Carrito_controller))
 8 SYSTEMPATH\CodeIgniter.php(368): CodeIgniter\CodeIgniter->handleRequest(null, Object(Config\Cache), false)
 9 FCPATH\index.php(67): CodeIgniter\CodeIgniter->run()
INFO - 2025-06-07 01:48:13 --> Session: Class initialized using 'CodeIgniter\Session\Handlers\FileHandler' driver.
INFO - 2025-06-07 01:48:13 --> Cart Class Initialized
CRITICAL - 2025-06-07 01:48:13 --> Undefined variable: gran_total
in APPPATH\Views\Carrito\Carrito_parte_view.php on line 75.
 1 APPPATH\Views\Carrito\Carrito_parte_view.php(75): CodeIgniter\Debug\Exceptions->errorHandler(8, 'Undefined variable: gran_total', 'APPPATH\\Views\\Carrito\\Carrito_parte_view.php', 75, [...])
 2 SYSTEMPATH\View\View.php(213): include('APPPATH\\Views\\Carrito\\Carrito_parte_view.php')
 3 SYSTEMPATH\View\View.php(216): CodeIgniter\View\View->CodeIgniter\View\{closure}()
 4 SYSTEMPATH\Common.php(1184): CodeIgniter\View\View->render('Carrito/Carrito_parte_view', [], true)
 5 APPPATH\Controllers\Carrito_controller.php(87): view('Carrito/Carrito_parte_view', [...])
 6 SYSTEMPATH\CodeIgniter.php(934): App\Controllers\Carrito_controller->muestra()
 7 SYSTEMPATH\CodeIgniter.php(499): CodeIgniter\CodeIgniter->runController(Object(App\Controllers\Carrito_controller))
 8 SYSTEMPATH\CodeIgniter.php(368): CodeIgniter\CodeIgniter->handleRequest(null, Object(Config\Cache), false)
 9 FCPATH\index.php(67): CodeIgniter\CodeIgniter->run()
INFO - 2025-06-07 01:49:18 --> Session: Class initialized using 'CodeIgniter\Session\Handlers\FileHandler' driver.
INFO - 2025-06-07 01:49:18 --> Cart Class Initialized
CRITICAL - 2025-06-07 01:49:18 --> Undefined variable: total
in APPPATH\Views\Carrito\Carrito_parte_view.php on line 76.
 1 APPPATH\Views\Carrito\Carrito_parte_view.php(76): CodeIgniter\Debug\Exceptions->errorHandler(8, 'Undefined variable: total', 'APPPATH\\Views\\Carrito\\Carrito_parte_view.php', 76, [...])
 2 SYSTEMPATH\View\View.php(213): include('APPPATH\\Views\\Carrito\\Carrito_parte_view.php')
 3 SYSTEMPATH\View\View.php(216): CodeIgniter\View\View->CodeIgniter\View\{closure}()
 4 SYSTEMPATH\Common.php(1184): CodeIgniter\View\View->render('Carrito/Carrito_parte_view', [], true)
 5 APPPATH\Controllers\Carrito_controller.php(87): view('Carrito/Carrito_parte_view', [...])
 6 SYSTEMPATH\CodeIgniter.php(934): App\Controllers\Carrito_controller->muestra()
 7 SYSTEMPATH\CodeIgniter.php(499): CodeIgniter\CodeIgniter->runController(Object(App\Controllers\Carrito_controller))
 8 SYSTEMPATH\CodeIgniter.php(368): CodeIgniter\CodeIgniter->handleRequest(null, Object(Config\Cache), false)
 9 FCPATH\index.php(67): CodeIgniter\CodeIgniter->run()
INFO - 2025-06-07 01:51:11 --> Session: Class initialized using 'CodeIgniter\Session\Handlers\FileHandler' driver.
INFO - 2025-06-07 01:51:11 --> Cart Class Initialized
INFO - 2025-06-07 01:51:21 --> Session: Class initialized using 'CodeIgniter\Session\Handlers\FileHandler' driver.
INFO - 2025-06-07 01:51:21 --> Cart Class Initialized
