INFO - 2025-05-27 22:32:05 --> Session: Class initialized using 'CodeIgniter\Session\Handlers\FileHandler' driver.
INFO - 2025-05-27 22:32:05 --> Cart Class Initialized
INFO - 2025-05-27 22:34:16 --> Session: Class initialized using 'CodeIgniter\Session\Handlers\FileHandler' driver.
INFO - 2025-05-27 22:34:16 --> Cart Class Initialized
INFO - 2025-05-27 22:34:18 --> Session: Class initialized using 'CodeIgniter\Session\Handlers\FileHandler' driver.
INFO - 2025-05-27 22:34:18 --> Cart Class Initialized
INFO - 2025-05-27 22:34:58 --> Session: Class initialized using 'CodeIgniter\Session\Handlers\FileHandler' driver.
INFO - 2025-05-27 22:34:58 --> Cart Class Initialized
INFO - 2025-05-27 22:35:14 --> Session: Class initialized using 'CodeIgniter\Session\Handlers\FileHandler' driver.
INFO - 2025-05-27 22:35:14 --> Session: Class initialized using 'CodeIgniter\Session\Handlers\FileHandler' driver.
INFO - 2025-05-27 22:35:14 --> Cart Class Initialized
INFO - 2025-05-27 22:35:17 --> Session: Class initialized using 'CodeIgniter\Session\Handlers\FileHandler' driver.
INFO - 2025-05-27 22:35:17 --> Cart Class Initialized
INFO - 2025-05-27 22:36:43 --> Session: Class initialized using 'CodeIgniter\Session\Handlers\FileHandler' driver.
INFO - 2025-05-27 22:36:50 --> Session: Class initialized using 'CodeIgniter\Session\Handlers\FileHandler' driver.
INFO - 2025-05-27 22:36:50 --> Cart Class Initialized
INFO - 2025-05-27 22:37:02 --> Session: Class initialized using 'CodeIgniter\Session\Handlers\FileHandler' driver.
INFO - 2025-05-27 22:37:02 --> Cart Class Initialized
CRITICAL - 2025-05-27 22:37:02 --> Invalid argument supplied for foreach()
in APPPATH\Controllers\Ventascontroller.php on line 40.
 1 APPPATH\Controllers\Ventascontroller.php(40): CodeIgniter\Debug\Exceptions->errorHandler(2, 'Invalid argument supplied for foreach()', 'APPPATH\\Controllers\\Ventascontroller.php', 40, [...])
 2 SYSTEMPATH\CodeIgniter.php(934): App\Controllers\Ventascontroller->actualizar_carrito()
 3 SYSTEMPATH\CodeIgniter.php(499): CodeIgniter\CodeIgniter->runController(Object(App\Controllers\Ventascontroller))
 4 SYSTEMPATH\CodeIgniter.php(368): CodeIgniter\CodeIgniter->handleRequest(null, Object(Config\Cache), false)
 5 FCPATH\index.php(67): CodeIgniter\CodeIgniter->run()
INFO - 2025-05-27 22:37:05 --> Session: Class initialized using 'CodeIgniter\Session\Handlers\FileHandler' driver.
INFO - 2025-05-27 22:37:05 --> Cart Class Initialized
INFO - 2025-05-27 23:08:27 --> Session: Class initialized using 'CodeIgniter\Session\Handlers\FileHandler' driver.
INFO - 2025-05-27 23:08:27 --> Cart Class Initialized
INFO - 2025-05-27 23:09:12 --> Session: Class initialized using 'CodeIgniter\Session\Handlers\FileHandler' driver.
INFO - 2025-05-27 23:09:12 --> Session: Class initialized using 'CodeIgniter\Session\Handlers\FileHandler' driver.
INFO - 2025-05-27 23:09:12 --> Cart Class Initialized
INFO - 2025-05-27 23:09:17 --> Session: Class initialized using 'CodeIgniter\Session\Handlers\FileHandler' driver.
INFO - 2025-05-27 23:09:17 --> Cart Class Initialized
INFO - 2025-05-27 23:09:21 --> Session: Class initialized using 'CodeIgniter\Session\Handlers\FileHandler' driver.
INFO - 2025-05-27 23:09:21 --> Cart Class Initialized
INFO - 2025-05-27 23:09:29 --> Session: Class initialized using 'CodeIgniter\Session\Handlers\FileHandler' driver.
INFO - 2025-05-27 23:09:29 --> Session: Class initialized using 'CodeIgniter\Session\Handlers\FileHandler' driver.
INFO - 2025-05-27 23:09:29 --> Cart Class Initialized
INFO - 2025-05-27 23:09:38 --> Session: Class initialized using 'CodeIgniter\Session\Handlers\FileHandler' driver.
INFO - 2025-05-27 23:09:38 --> Cart Class Initialized
INFO - 2025-05-27 23:09:41 --> Session: Class initialized using 'CodeIgniter\Session\Handlers\FileHandler' driver.
INFO - 2025-05-27 23:09:41 --> Cart Class Initialized
INFO - 2025-05-27 23:09:50 --> Session: Class initialized using 'CodeIgniter\Session\Handlers\FileHandler' driver.
INFO - 2025-05-27 23:09:50 --> Session: Class initialized using 'CodeIgniter\Session\Handlers\FileHandler' driver.
INFO - 2025-05-27 23:09:50 --> Cart Class Initialized
INFO - 2025-05-27 23:09:52 --> Session: Class initialized using 'CodeIgniter\Session\Handlers\FileHandler' driver.
INFO - 2025-05-27 23:09:52 --> Cart Class Initialized
INFO - 2025-05-27 23:10:02 --> Session: Class initialized using 'CodeIgniter\Session\Handlers\FileHandler' driver.
INFO - 2025-05-27 23:10:02 --> Cart Class Initialized
INFO - 2025-05-27 23:10:31 --> Session: Class initialized using 'CodeIgniter\Session\Handlers\FileHandler' driver.
INFO - 2025-05-27 23:10:31 --> Session: Class initialized using 'CodeIgniter\Session\Handlers\FileHandler' driver.
INFO - 2025-05-27 23:10:31 --> Cart Class Initialized
INFO - 2025-05-27 23:10:33 --> Session: Class initialized using 'CodeIgniter\Session\Handlers\FileHandler' driver.
INFO - 2025-05-27 23:10:33 --> Cart Class Initialized
INFO - 2025-05-27 23:10:56 --> Session: Class initialized using 'CodeIgniter\Session\Handlers\FileHandler' driver.
INFO - 2025-05-27 23:10:56 --> Cart Class Initialized
INFO - 2025-05-27 23:10:59 --> Session: Class initialized using 'CodeIgniter\Session\Handlers\FileHandler' driver.
INFO - 2025-05-27 23:10:59 --> Cart Class Initialized
INFO - 2025-05-27 23:11:22 --> Session: Class initialized using 'CodeIgniter\Session\Handlers\FileHandler' driver.
INFO - 2025-05-27 23:11:22 --> Session: Class initialized using 'CodeIgniter\Session\Handlers\FileHandler' driver.
INFO - 2025-05-27 23:11:22 --> Cart Class Initialized
INFO - 2025-05-27 23:11:24 --> Session: Class initialized using 'CodeIgniter\Session\Handlers\FileHandler' driver.
INFO - 2025-05-27 23:11:24 --> Cart Class Initialized
INFO - 2025-05-27 23:11:34 --> Session: Class initialized using 'CodeIgniter\Session\Handlers\FileHandler' driver.
INFO - 2025-05-27 23:11:34 --> Cart Class Initialized
INFO - 2025-05-27 23:11:43 --> Session: Class initialized using 'CodeIgniter\Session\Handlers\FileHandler' driver.
INFO - 2025-05-27 23:11:43 --> Cart Class Initialized
INFO - 2025-05-27 23:11:49 --> Session: Class initialized using 'CodeIgniter\Session\Handlers\FileHandler' driver.
INFO - 2025-05-27 23:11:49 --> Cart Class Initialized
INFO - 2025-05-27 23:12:45 --> Session: Class initialized using 'CodeIgniter\Session\Handlers\FileHandler' driver.
INFO - 2025-05-27 23:12:45 --> Cart Class Initialized
INFO - 2025-05-27 23:12:50 --> Session: Class initialized using 'CodeIgniter\Session\Handlers\FileHandler' driver.
INFO - 2025-05-27 23:12:50 --> Cart Class Initialized
INFO - 2025-05-27 23:12:57 --> Session: Class initialized using 'CodeIgniter\Session\Handlers\FileHandler' driver.
INFO - 2025-05-27 23:12:57 --> Session: Class initialized using 'CodeIgniter\Session\Handlers\FileHandler' driver.
INFO - 2025-05-27 23:12:57 --> Cart Class Initialized
INFO - 2025-05-27 23:12:59 --> Session: Class initialized using 'CodeIgniter\Session\Handlers\FileHandler' driver.
INFO - 2025-05-27 23:12:59 --> Cart Class Initialized
INFO - 2025-05-27 23:13:07 --> Session: Class initialized using 'CodeIgniter\Session\Handlers\FileHandler' driver.
INFO - 2025-05-27 23:13:07 --> Session: Class initialized using 'CodeIgniter\Session\Handlers\FileHandler' driver.
INFO - 2025-05-27 23:13:07 --> Cart Class Initialized
INFO - 2025-05-27 23:13:09 --> Session: Class initialized using 'CodeIgniter\Session\Handlers\FileHandler' driver.
INFO - 2025-05-27 23:13:09 --> Cart Class Initialized
INFO - 2025-05-27 23:13:15 --> Session: Class initialized using 'CodeIgniter\Session\Handlers\FileHandler' driver.
INFO - 2025-05-27 23:13:15 --> Cart Class Initialized
INFO - 2025-05-27 23:13:47 --> Session: Class initialized using 'CodeIgniter\Session\Handlers\FileHandler' driver.
INFO - 2025-05-27 23:13:47 --> Session: Class initialized using 'CodeIgniter\Session\Handlers\FileHandler' driver.
INFO - 2025-05-27 23:13:47 --> Cart Class Initialized
INFO - 2025-05-27 23:13:55 --> Session: Class initialized using 'CodeIgniter\Session\Handlers\FileHandler' driver.
INFO - 2025-05-27 23:13:55 --> Cart Class Initialized
INFO - 2025-05-27 23:18:34 --> Session: Class initialized using 'CodeIgniter\Session\Handlers\FileHandler' driver.
INFO - 2025-05-27 23:18:34 --> Cart Class Initialized
INFO - 2025-05-27 23:22:26 --> Session: Class initialized using 'CodeIgniter\Session\Handlers\FileHandler' driver.
INFO - 2025-05-27 23:22:26 --> Cart Class Initialized
INFO - 2025-05-27 23:33:10 --> Session: Class initialized using 'CodeIgniter\Session\Handlers\FileHandler' driver.
INFO - 2025-05-27 23:33:10 --> Cart Class Initialized
INFO - 2025-05-27 23:33:22 --> Session: Class initialized using 'CodeIgniter\Session\Handlers\FileHandler' driver.
INFO - 2025-05-27 23:33:22 --> Cart Class Initialized
INFO - 2025-05-27 23:33:29 --> Session: Class initialized using 'CodeIgniter\Session\Handlers\FileHandler' driver.
INFO - 2025-05-27 23:33:29 --> Session: Class initialized using 'CodeIgniter\Session\Handlers\FileHandler' driver.
INFO - 2025-05-27 23:33:29 --> Cart Class Initialized
INFO - 2025-05-27 23:43:09 --> Session: Class initialized using 'CodeIgniter\Session\Handlers\FileHandler' driver.
INFO - 2025-05-27 23:43:09 --> Cart Class Initialized
INFO - 2025-05-27 23:45:43 --> Session: Class initialized using 'CodeIgniter\Session\Handlers\FileHandler' driver.
INFO - 2025-05-27 23:45:43 --> Cart Class Initialized
CRITICAL - 2025-05-27 23:50:34 --> Invalid file: "Views/nav-view.php"
in SYSTEMPATH\Exceptions\FrameworkException.php on line 33.
 1 SYSTEMPATH\View\View.php(201): CodeIgniter\Exceptions\FrameworkException::forInvalidFile('Views/nav-view.php')
 2 SYSTEMPATH\Common.php(1184): CodeIgniter\View\View->render('Views/nav-view', [], true)
 3 APPPATH\Controllers\Home.php(56): view('Views/nav-view')
 4 SYSTEMPATH\CodeIgniter.php(934): App\Controllers\Home->Registrar()
 5 SYSTEMPATH\CodeIgniter.php(499): CodeIgniter\CodeIgniter->runController(Object(App\Controllers\Home))
 6 SYSTEMPATH\CodeIgniter.php(368): CodeIgniter\CodeIgniter->handleRequest(null, Object(Config\Cache), false)
 7 FCPATH\index.php(67): CodeIgniter\CodeIgniter->run()
CRITICAL - 2025-05-27 23:52:59 --> Invalid file: "Views/nav-view.php"
in SYSTEMPATH\Exceptions\FrameworkException.php on line 33.
 1 SYSTEMPATH\View\View.php(201): CodeIgniter\Exceptions\FrameworkException::forInvalidFile('Views/nav-view.php')
 2 SYSTEMPATH\Common.php(1184): CodeIgniter\View\View->render('Views/nav-view', [], true)
 3 APPPATH\Controllers\Home.php(56): view('Views/nav-view')
 4 SYSTEMPATH\CodeIgniter.php(934): App\Controllers\Home->Registrar()
 5 SYSTEMPATH\CodeIgniter.php(499): CodeIgniter\CodeIgniter->runController(Object(App\Controllers\Home))
 6 SYSTEMPATH\CodeIgniter.php(368): CodeIgniter\CodeIgniter->handleRequest(null, Object(Config\Cache), false)
 7 FCPATH\index.php(67): CodeIgniter\CodeIgniter->run()
INFO - 2025-05-27 23:54:51 --> Session: Class initialized using 'CodeIgniter\Session\Handlers\FileHandler' driver.
INFO - 2025-05-27 23:54:51 --> Cart Class Initialized
INFO - 2025-05-27 23:59:05 --> Session: Class initialized using 'CodeIgniter\Session\Handlers\FileHandler' driver.
INFO - 2025-05-27 23:59:05 --> Cart Class Initialized
