INFO - 2025-05-30 00:02:52 --> Session: Class initialized using 'CodeIgniter\Session\Handlers\FileHandler' driver.
INFO - 2025-05-30 00:02:52 --> Session: Class initialized using 'CodeIgniter\Session\Handlers\FileHandler' driver.
INFO - 2025-05-30 00:02:52 --> Cart Class Initialized
INFO - 2025-05-30 00:03:03 --> Session: Class initialized using 'CodeIgniter\Session\Handlers\FileHandler' driver.
INFO - 2025-05-30 00:03:03 --> Cart Class Initialized
INFO - 2025-05-30 00:03:14 --> Session: Class initialized using 'CodeIgniter\Session\Handlers\FileHandler' driver.
INFO - 2025-05-30 00:03:14 --> Cart Class Initialized
INFO - 2025-05-30 00:03:20 --> Session: Class initialized using 'CodeIgniter\Session\Handlers\FileHandler' driver.
INFO - 2025-05-30 00:03:20 --> Session: Class initialized using 'CodeIgniter\Session\Handlers\FileHandler' driver.
INFO - 2025-05-30 00:03:20 --> Cart Class Initialized
INFO - 2025-05-30 00:03:22 --> Session: Class initialized using 'CodeIgniter\Session\Handlers\FileHandler' driver.
INFO - 2025-05-30 00:03:22 --> Cart Class Initialized
INFO - 2025-05-30 00:03:22 --> Session: Class initialized using 'CodeIgniter\Session\Handlers\FileHandler' driver.
INFO - 2025-05-30 00:03:22 --> Cart Class Initialized
INFO - 2025-05-30 00:09:16 --> Session: Class initialized using 'CodeIgniter\Session\Handlers\FileHandler' driver.
INFO - 2025-05-30 00:09:16 --> Cart Class Initialized
INFO - 2025-05-30 00:38:46 --> Session: Class initialized using 'CodeIgniter\Session\Handlers\FileHandler' driver.
INFO - 2025-05-30 00:38:46 --> Session: Class initialized using 'CodeIgniter\Session\Handlers\FileHandler' driver.
INFO - 2025-05-30 00:38:46 --> Cart Class Initialized
INFO - 2025-05-30 00:38:54 --> Session: Class initialized using 'CodeIgniter\Session\Handlers\FileHandler' driver.
INFO - 2025-05-30 00:38:54 --> Session: Class initialized using 'CodeIgniter\Session\Handlers\FileHandler' driver.
INFO - 2025-05-30 00:38:54 --> Cart Class Initialized
INFO - 2025-05-30 00:38:56 --> Session: Class initialized using 'CodeIgniter\Session\Handlers\FileHandler' driver.
INFO - 2025-05-30 00:38:56 --> Cart Class Initialized
INFO - 2025-05-30 00:38:59 --> Session: Class initialized using 'CodeIgniter\Session\Handlers\FileHandler' driver.
INFO - 2025-05-30 00:38:59 --> Cart Class Initialized
INFO - 2025-05-30 00:38:59 --> Session: Class initialized using 'CodeIgniter\Session\Handlers\FileHandler' driver.
INFO - 2025-05-30 00:38:59 --> Cart Class Initialized
INFO - 2025-05-30 00:39:00 --> Session: Class initialized using 'CodeIgniter\Session\Handlers\FileHandler' driver.
INFO - 2025-05-30 00:39:00 --> Cart Class Initialized
INFO - 2025-05-30 00:39:00 --> Session: Class initialized using 'CodeIgniter\Session\Handlers\FileHandler' driver.
INFO - 2025-05-30 00:39:00 --> Cart Class Initialized
INFO - 2025-05-30 00:39:02 --> Session: Class initialized using 'CodeIgniter\Session\Handlers\FileHandler' driver.
INFO - 2025-05-30 00:39:02 --> Cart Class Initialized
INFO - 2025-05-30 00:39:02 --> Session: Class initialized using 'CodeIgniter\Session\Handlers\FileHandler' driver.
INFO - 2025-05-30 00:39:02 --> Cart Class Initialized
INFO - 2025-05-30 00:39:03 --> Session: Class initialized using 'CodeIgniter\Session\Handlers\FileHandler' driver.
INFO - 2025-05-30 00:39:03 --> Cart Class Initialized
INFO - 2025-05-30 00:39:08 --> Session: Class initialized using 'CodeIgniter\Session\Handlers\FileHandler' driver.
INFO - 2025-05-30 00:39:08 --> Cart Class Initialized
INFO - 2025-05-30 00:39:08 --> Session: Class initialized using 'CodeIgniter\Session\Handlers\FileHandler' driver.
INFO - 2025-05-30 00:39:08 --> Cart Class Initialized
INFO - 2025-05-30 00:39:08 --> Session: Class initialized using 'CodeIgniter\Session\Handlers\FileHandler' driver.
INFO - 2025-05-30 00:39:08 --> Cart Class Initialized
INFO - 2025-05-30 00:39:08 --> Session: Class initialized using 'CodeIgniter\Session\Handlers\FileHandler' driver.
INFO - 2025-05-30 00:39:08 --> Cart Class Initialized
INFO - 2025-05-30 00:39:08 --> Session: Class initialized using 'CodeIgniter\Session\Handlers\FileHandler' driver.
INFO - 2025-05-30 00:39:08 --> Cart Class Initialized
INFO - 2025-05-30 00:39:09 --> Session: Class initialized using 'CodeIgniter\Session\Handlers\FileHandler' driver.
INFO - 2025-05-30 00:39:09 --> Cart Class Initialized
INFO - 2025-05-30 00:39:11 --> Session: Class initialized using 'CodeIgniter\Session\Handlers\FileHandler' driver.
INFO - 2025-05-30 00:39:11 --> Cart Class Initialized
INFO - 2025-05-30 00:39:11 --> Session: Class initialized using 'CodeIgniter\Session\Handlers\FileHandler' driver.
INFO - 2025-05-30 00:39:11 --> Cart Class Initialized
INFO - 2025-05-30 00:39:16 --> Session: Class initialized using 'CodeIgniter\Session\Handlers\FileHandler' driver.
INFO - 2025-05-30 00:39:16 --> Cart Class Initialized
INFO - 2025-05-30 00:39:16 --> Session: Class initialized using 'CodeIgniter\Session\Handlers\FileHandler' driver.
INFO - 2025-05-30 00:39:16 --> Cart Class Initialized
INFO - 2025-05-30 00:48:25 --> Session: Class initialized using 'CodeIgniter\Session\Handlers\FileHandler' driver.
INFO - 2025-05-30 00:48:25 --> Cart Class Initialized
INFO - 2025-05-30 00:48:27 --> Session: Class initialized using 'CodeIgniter\Session\Handlers\FileHandler' driver.
INFO - 2025-05-30 00:48:27 --> Cart Class Initialized
INFO - 2025-05-30 00:48:28 --> Session: Class initialized using 'CodeIgniter\Session\Handlers\FileHandler' driver.
INFO - 2025-05-30 00:48:28 --> Cart Class Initialized
INFO - 2025-05-30 00:48:29 --> Session: Class initialized using 'CodeIgniter\Session\Handlers\FileHandler' driver.
INFO - 2025-05-30 00:48:29 --> Cart Class Initialized
INFO - 2025-05-30 00:48:30 --> Session: Class initialized using 'CodeIgniter\Session\Handlers\FileHandler' driver.
INFO - 2025-05-30 00:48:30 --> Cart Class Initialized
INFO - 2025-05-30 00:48:30 --> Session: Class initialized using 'CodeIgniter\Session\Handlers\FileHandler' driver.
INFO - 2025-05-30 00:48:30 --> Cart Class Initialized
INFO - 2025-05-30 00:48:32 --> Session: Class initialized using 'CodeIgniter\Session\Handlers\FileHandler' driver.
INFO - 2025-05-30 00:48:32 --> Cart Class Initialized
INFO - 2025-05-30 00:48:36 --> Session: Class initialized using 'CodeIgniter\Session\Handlers\FileHandler' driver.
INFO - 2025-05-30 00:48:36 --> Cart Class Initialized
INFO - 2025-05-30 00:48:36 --> Session: Class initialized using 'CodeIgniter\Session\Handlers\FileHandler' driver.
INFO - 2025-05-30 00:48:36 --> Cart Class Initialized
INFO - 2025-05-30 00:58:59 --> Session: Class initialized using 'CodeIgniter\Session\Handlers\FileHandler' driver.
INFO - 2025-05-30 00:58:59 --> Cart Class Initialized
INFO - 2025-05-30 01:01:41 --> Session: Class initialized using 'CodeIgniter\Session\Handlers\FileHandler' driver.
INFO - 2025-05-30 01:01:41 --> Session: Class initialized using 'CodeIgniter\Session\Handlers\FileHandler' driver.
INFO - 2025-05-30 01:01:41 --> Cart Class Initialized
INFO - 2025-05-30 01:01:50 --> Session: Class initialized using 'CodeIgniter\Session\Handlers\FileHandler' driver.
INFO - 2025-05-30 01:01:50 --> Session: Class initialized using 'CodeIgniter\Session\Handlers\FileHandler' driver.
INFO - 2025-05-30 01:01:50 --> Cart Class Initialized
INFO - 2025-05-30 01:02:38 --> Session: Class initialized using 'CodeIgniter\Session\Handlers\FileHandler' driver.
INFO - 2025-05-30 01:02:38 --> Cart Class Initialized
INFO - 2025-05-30 01:02:44 --> Session: Class initialized using 'CodeIgniter\Session\Handlers\FileHandler' driver.
INFO - 2025-05-30 01:02:44 --> Session: Class initialized using 'CodeIgniter\Session\Handlers\FileHandler' driver.
INFO - 2025-05-30 01:02:44 --> Cart Class Initialized
INFO - 2025-05-30 01:02:50 --> Session: Class initialized using 'CodeIgniter\Session\Handlers\FileHandler' driver.
INFO - 2025-05-30 01:02:50 --> Session: Class initialized using 'CodeIgniter\Session\Handlers\FileHandler' driver.
INFO - 2025-05-30 01:02:50 --> Cart Class Initialized
INFO - 2025-05-30 01:02:52 --> Session: Class initialized using 'CodeIgniter\Session\Handlers\FileHandler' driver.
INFO - 2025-05-30 01:02:52 --> Cart Class Initialized
INFO - 2025-05-30 01:02:54 --> Session: Class initialized using 'CodeIgniter\Session\Handlers\FileHandler' driver.
INFO - 2025-05-30 01:02:54 --> Cart Class Initialized
INFO - 2025-05-30 01:02:54 --> Session: Class initialized using 'CodeIgniter\Session\Handlers\FileHandler' driver.
INFO - 2025-05-30 01:02:54 --> Cart Class Initialized
INFO - 2025-05-30 01:02:55 --> Session: Class initialized using 'CodeIgniter\Session\Handlers\FileHandler' driver.
INFO - 2025-05-30 01:02:55 --> Cart Class Initialized
INFO - 2025-05-30 01:02:57 --> Session: Class initialized using 'CodeIgniter\Session\Handlers\FileHandler' driver.
INFO - 2025-05-30 01:02:57 --> Cart Class Initialized
INFO - 2025-05-30 01:02:58 --> Session: Class initialized using 'CodeIgniter\Session\Handlers\FileHandler' driver.
INFO - 2025-05-30 01:02:58 --> Cart Class Initialized
INFO - 2025-05-30 01:03:11 --> Session: Class initialized using 'CodeIgniter\Session\Handlers\FileHandler' driver.
INFO - 2025-05-30 01:03:11 --> Cart Class Initialized
INFO - 2025-05-30 01:03:36 --> Session: Class initialized using 'CodeIgniter\Session\Handlers\FileHandler' driver.
INFO - 2025-05-30 01:03:36 --> Cart Class Initialized
INFO - 2025-05-30 01:03:38 --> Session: Class initialized using 'CodeIgniter\Session\Handlers\FileHandler' driver.
INFO - 2025-05-30 01:03:38 --> Cart Class Initialized
INFO - 2025-05-30 01:03:47 --> Session: Class initialized using 'CodeIgniter\Session\Handlers\FileHandler' driver.
INFO - 2025-05-30 01:03:47 --> Cart Class Initialized
INFO - 2025-05-30 01:04:05 --> Session: Class initialized using 'CodeIgniter\Session\Handlers\FileHandler' driver.
INFO - 2025-05-30 01:04:05 --> Cart Class Initialized
INFO - 2025-05-30 01:04:05 --> Session: Class initialized using 'CodeIgniter\Session\Handlers\FileHandler' driver.
INFO - 2025-05-30 01:04:05 --> Cart Class Initialized
INFO - 2025-05-30 01:04:07 --> Session: Class initialized using 'CodeIgniter\Session\Handlers\FileHandler' driver.
INFO - 2025-05-30 01:04:07 --> Cart Class Initialized
INFO - 2025-05-30 01:04:07 --> Session: Class initialized using 'CodeIgniter\Session\Handlers\FileHandler' driver.
INFO - 2025-05-30 01:04:07 --> Cart Class Initialized
INFO - 2025-05-30 01:04:47 --> Session: Class initialized using 'CodeIgniter\Session\Handlers\FileHandler' driver.
INFO - 2025-05-30 01:04:47 --> Cart Class Initialized
INFO - 2025-05-30 01:06:19 --> Session: Class initialized using 'CodeIgniter\Session\Handlers\FileHandler' driver.
INFO - 2025-05-30 01:06:19 --> Cart Class Initialized
INFO - 2025-05-30 01:06:19 --> Session: Class initialized using 'CodeIgniter\Session\Handlers\FileHandler' driver.
INFO - 2025-05-30 01:06:19 --> Cart Class Initialized
INFO - 2025-05-30 01:09:40 --> Session: Class initialized using 'CodeIgniter\Session\Handlers\FileHandler' driver.
INFO - 2025-05-30 01:09:40 --> Cart Class Initialized
INFO - 2025-05-30 01:09:44 --> Session: Class initialized using 'CodeIgniter\Session\Handlers\FileHandler' driver.
INFO - 2025-05-30 01:09:44 --> Cart Class Initialized
INFO - 2025-05-30 01:09:51 --> Session: Class initialized using 'CodeIgniter\Session\Handlers\FileHandler' driver.
INFO - 2025-05-30 01:09:51 --> Cart Class Initialized
INFO - 2025-05-30 01:09:51 --> Session: Class initialized using 'CodeIgniter\Session\Handlers\FileHandler' driver.
INFO - 2025-05-30 01:09:51 --> Cart Class Initialized
INFO - 2025-05-30 01:09:53 --> Session: Class initialized using 'CodeIgniter\Session\Handlers\FileHandler' driver.
INFO - 2025-05-30 01:09:53 --> Cart Class Initialized
INFO - 2025-05-30 01:09:53 --> Session: Class initialized using 'CodeIgniter\Session\Handlers\FileHandler' driver.
INFO - 2025-05-30 01:09:53 --> Cart Class Initialized
INFO - 2025-05-30 01:09:56 --> Session: Class initialized using 'CodeIgniter\Session\Handlers\FileHandler' driver.
INFO - 2025-05-30 01:09:56 --> Cart Class Initialized
INFO - 2025-05-30 01:10:02 --> Session: Class initialized using 'CodeIgniter\Session\Handlers\FileHandler' driver.
INFO - 2025-05-30 01:10:02 --> Cart Class Initialized
INFO - 2025-05-30 01:10:02 --> Session: Class initialized using 'CodeIgniter\Session\Handlers\FileHandler' driver.
INFO - 2025-05-30 01:10:02 --> Cart Class Initialized
INFO - 2025-05-30 01:15:56 --> Session: Class initialized using 'CodeIgniter\Session\Handlers\FileHandler' driver.
INFO - 2025-05-30 01:15:56 --> Cart Class Initialized
INFO - 2025-05-30 01:15:58 --> Session: Class initialized using 'CodeIgniter\Session\Handlers\FileHandler' driver.
INFO - 2025-05-30 01:15:58 --> Cart Class Initialized
INFO - 2025-05-30 01:16:20 --> Session: Class initialized using 'CodeIgniter\Session\Handlers\FileHandler' driver.
INFO - 2025-05-30 01:16:20 --> Cart Class Initialized
INFO - 2025-05-30 01:16:20 --> Session: Class initialized using 'CodeIgniter\Session\Handlers\FileHandler' driver.
INFO - 2025-05-30 01:16:20 --> Cart Class Initialized
INFO - 2025-05-30 01:16:29 --> Session: Class initialized using 'CodeIgniter\Session\Handlers\FileHandler' driver.
INFO - 2025-05-30 01:16:29 --> Cart Class Initialized
INFO - 2025-05-30 01:16:32 --> Session: Class initialized using 'CodeIgniter\Session\Handlers\FileHandler' driver.
INFO - 2025-05-30 01:16:32 --> Cart Class Initialized
INFO - 2025-05-30 01:16:32 --> Session: Class initialized using 'CodeIgniter\Session\Handlers\FileHandler' driver.
INFO - 2025-05-30 01:16:32 --> Cart Class Initialized
INFO - 2025-05-30 01:20:03 --> Session: Class initialized using 'CodeIgniter\Session\Handlers\FileHandler' driver.
INFO - 2025-05-30 01:20:03 --> Cart Class Initialized
INFO - 2025-05-30 01:20:20 --> Session: Class initialized using 'CodeIgniter\Session\Handlers\FileHandler' driver.
INFO - 2025-05-30 01:20:20 --> Cart Class Initialized
INFO - 2025-05-30 01:20:24 --> Session: Class initialized using 'CodeIgniter\Session\Handlers\FileHandler' driver.
INFO - 2025-05-30 01:20:24 --> Cart Class Initialized
INFO - 2025-05-30 01:20:24 --> Session: Class initialized using 'CodeIgniter\Session\Handlers\FileHandler' driver.
INFO - 2025-05-30 01:20:24 --> Cart Class Initialized
INFO - 2025-05-30 01:20:28 --> Session: Class initialized using 'CodeIgniter\Session\Handlers\FileHandler' driver.
INFO - 2025-05-30 01:20:28 --> Cart Class Initialized
INFO - 2025-05-30 01:20:48 --> Session: Class initialized using 'CodeIgniter\Session\Handlers\FileHandler' driver.
INFO - 2025-05-30 01:20:48 --> Cart Class Initialized
INFO - 2025-05-30 01:20:48 --> Session: Class initialized using 'CodeIgniter\Session\Handlers\FileHandler' driver.
INFO - 2025-05-30 01:20:48 --> Cart Class Initialized
INFO - 2025-05-30 01:37:37 --> Session: Class initialized using 'CodeIgniter\Session\Handlers\FileHandler' driver.
INFO - 2025-05-30 01:37:37 --> Cart Class Initialized
INFO - 2025-05-30 01:37:41 --> Session: Class initialized using 'CodeIgniter\Session\Handlers\FileHandler' driver.
INFO - 2025-05-30 01:37:41 --> Cart Class Initialized
INFO - 2025-05-30 01:37:45 --> Session: Class initialized using 'CodeIgniter\Session\Handlers\FileHandler' driver.
INFO - 2025-05-30 01:37:45 --> Cart Class Initialized
INFO - 2025-05-30 01:37:45 --> Session: Class initialized using 'CodeIgniter\Session\Handlers\FileHandler' driver.
INFO - 2025-05-30 01:37:45 --> Cart Class Initialized
INFO - 2025-05-30 01:37:48 --> Session: Class initialized using 'CodeIgniter\Session\Handlers\FileHandler' driver.
INFO - 2025-05-30 01:37:48 --> Cart Class Initialized
INFO - 2025-05-30 01:37:58 --> Session: Class initialized using 'CodeIgniter\Session\Handlers\FileHandler' driver.
INFO - 2025-05-30 01:37:58 --> Cart Class Initialized
INFO - 2025-05-30 01:37:58 --> Session: Class initialized using 'CodeIgniter\Session\Handlers\FileHandler' driver.
INFO - 2025-05-30 01:37:58 --> Cart Class Initialized
INFO - 2025-05-30 01:38:25 --> Session: Class initialized using 'CodeIgniter\Session\Handlers\FileHandler' driver.
INFO - 2025-05-30 01:38:42 --> Session: Class initialized using 'CodeIgniter\Session\Handlers\FileHandler' driver.
INFO - 2025-05-30 01:38:42 --> Cart Class Initialized
INFO - 2025-05-30 01:38:46 --> Session: Class initialized using 'CodeIgniter\Session\Handlers\FileHandler' driver.
INFO - 2025-05-30 01:38:46 --> Cart Class Initialized
INFO - 2025-05-30 01:38:57 --> Session: Class initialized using 'CodeIgniter\Session\Handlers\FileHandler' driver.
INFO - 2025-05-30 01:38:58 --> Session: Class initialized using 'CodeIgniter\Session\Handlers\FileHandler' driver.
INFO - 2025-05-30 01:38:58 --> Cart Class Initialized
INFO - 2025-05-30 01:39:00 --> Session: Class initialized using 'CodeIgniter\Session\Handlers\FileHandler' driver.
INFO - 2025-05-30 01:39:00 --> Cart Class Initialized
INFO - 2025-05-30 01:39:03 --> Session: Class initialized using 'CodeIgniter\Session\Handlers\FileHandler' driver.
INFO - 2025-05-30 01:39:03 --> Cart Class Initialized
INFO - 2025-05-30 01:39:03 --> Session: Class initialized using 'CodeIgniter\Session\Handlers\FileHandler' driver.
INFO - 2025-05-30 01:39:03 --> Cart Class Initialized
INFO - 2025-05-30 01:39:07 --> Session: Class initialized using 'CodeIgniter\Session\Handlers\FileHandler' driver.
INFO - 2025-05-30 01:39:07 --> Cart Class Initialized
INFO - 2025-05-30 01:39:17 --> Session: Class initialized using 'CodeIgniter\Session\Handlers\FileHandler' driver.
INFO - 2025-05-30 01:39:17 --> Cart Class Initialized
INFO - 2025-05-30 01:39:18 --> Session: Class initialized using 'CodeIgniter\Session\Handlers\FileHandler' driver.
INFO - 2025-05-30 01:39:18 --> Cart Class Initialized
INFO - 2025-05-30 02:50:23 --> Session: Class initialized using 'CodeIgniter\Session\Handlers\FileHandler' driver.
INFO - 2025-05-30 02:50:23 --> Cart Class Initialized
INFO - 2025-05-30 02:50:26 --> Session: Class initialized using 'CodeIgniter\Session\Handlers\FileHandler' driver.
INFO - 2025-05-30 02:50:26 --> Cart Class Initialized
INFO - 2025-05-30 02:50:26 --> Session: Class initialized using 'CodeIgniter\Session\Handlers\FileHandler' driver.
INFO - 2025-05-30 02:50:26 --> Cart Class Initialized
INFO - 2025-05-30 02:50:47 --> Session: Class initialized using 'CodeIgniter\Session\Handlers\FileHandler' driver.
INFO - 2025-05-30 02:50:47 --> Cart Class Initialized
INFO - 2025-05-30 02:51:01 --> Session: Class initialized using 'CodeIgniter\Session\Handlers\FileHandler' driver.
INFO - 2025-05-30 02:51:01 --> Cart Class Initialized
INFO - 2025-05-30 02:51:03 --> Session: Class initialized using 'CodeIgniter\Session\Handlers\FileHandler' driver.
INFO - 2025-05-30 02:51:03 --> Cart Class Initialized
INFO - 2025-05-30 02:51:03 --> Session: Class initialized using 'CodeIgniter\Session\Handlers\FileHandler' driver.
INFO - 2025-05-30 02:51:03 --> Cart Class Initialized
INFO - 2025-05-30 02:55:14 --> Session: Class initialized using 'CodeIgniter\Session\Handlers\FileHandler' driver.
INFO - 2025-05-30 02:55:20 --> Session: Class initialized using 'CodeIgniter\Session\Handlers\FileHandler' driver.
INFO - 2025-05-30 02:55:20 --> Cart Class Initialized
INFO - 2025-05-30 02:55:22 --> Session: Class initialized using 'CodeIgniter\Session\Handlers\FileHandler' driver.
INFO - 2025-05-30 02:55:22 --> Cart Class Initialized
INFO - 2025-05-30 02:55:28 --> Session: Class initialized using 'CodeIgniter\Session\Handlers\FileHandler' driver.
INFO - 2025-05-30 02:55:28 --> Session: Class initialized using 'CodeIgniter\Session\Handlers\FileHandler' driver.
INFO - 2025-05-30 02:55:28 --> Cart Class Initialized
INFO - 2025-05-30 02:55:32 --> Session: Class initialized using 'CodeIgniter\Session\Handlers\FileHandler' driver.
INFO - 2025-05-30 02:55:32 --> Cart Class Initialized
INFO - 2025-05-30 02:55:34 --> Session: Class initialized using 'CodeIgniter\Session\Handlers\FileHandler' driver.
INFO - 2025-05-30 02:55:34 --> Cart Class Initialized
INFO - 2025-05-30 02:55:34 --> Session: Class initialized using 'CodeIgniter\Session\Handlers\FileHandler' driver.
INFO - 2025-05-30 02:55:34 --> Cart Class Initialized
INFO - 2025-05-30 02:55:36 --> Session: Class initialized using 'CodeIgniter\Session\Handlers\FileHandler' driver.
INFO - 2025-05-30 02:55:36 --> Cart Class Initialized
INFO - 2025-05-30 02:55:38 --> Session: Class initialized using 'CodeIgniter\Session\Handlers\FileHandler' driver.
INFO - 2025-05-30 02:55:38 --> Cart Class Initialized
INFO - 2025-05-30 02:55:38 --> Session: Class initialized using 'CodeIgniter\Session\Handlers\FileHandler' driver.
INFO - 2025-05-30 02:55:38 --> Cart Class Initialized
INFO - 2025-05-30 02:56:22 --> Session: Class initialized using 'CodeIgniter\Session\Handlers\FileHandler' driver.
INFO - 2025-05-30 02:56:22 --> Cart Class Initialized
INFO - 2025-05-30 03:00:12 --> Session: Class initialized using 'CodeIgniter\Session\Handlers\FileHandler' driver.
INFO - 2025-05-30 03:00:12 --> Cart Class Initialized
INFO - 2025-05-30 03:00:31 --> Session: Class initialized using 'CodeIgniter\Session\Handlers\FileHandler' driver.
INFO - 2025-05-30 03:00:31 --> Cart Class Initialized
INFO - 2025-05-30 03:00:32 --> Session: Class initialized using 'CodeIgniter\Session\Handlers\FileHandler' driver.
INFO - 2025-05-30 03:00:32 --> Cart Class Initialized
INFO - 2025-05-30 03:00:37 --> Session: Class initialized using 'CodeIgniter\Session\Handlers\FileHandler' driver.
INFO - 2025-05-30 03:00:37 --> Session: Class initialized using 'CodeIgniter\Session\Handlers\FileHandler' driver.
INFO - 2025-05-30 03:00:37 --> Cart Class Initialized
INFO - 2025-05-30 03:00:39 --> Session: Class initialized using 'CodeIgniter\Session\Handlers\FileHandler' driver.
INFO - 2025-05-30 03:00:39 --> Cart Class Initialized
INFO - 2025-05-30 03:00:41 --> Session: Class initialized using 'CodeIgniter\Session\Handlers\FileHandler' driver.
INFO - 2025-05-30 03:00:41 --> Cart Class Initialized
INFO - 2025-05-30 03:00:41 --> Session: Class initialized using 'CodeIgniter\Session\Handlers\FileHandler' driver.
INFO - 2025-05-30 03:00:41 --> Cart Class Initialized
INFO - 2025-05-30 03:00:43 --> Session: Class initialized using 'CodeIgniter\Session\Handlers\FileHandler' driver.
INFO - 2025-05-30 03:00:43 --> Cart Class Initialized
INFO - 2025-05-30 03:01:00 --> Session: Class initialized using 'CodeIgniter\Session\Handlers\FileHandler' driver.
INFO - 2025-05-30 03:01:00 --> Cart Class Initialized
INFO - 2025-05-30 03:01:00 --> Session: Class initialized using 'CodeIgniter\Session\Handlers\FileHandler' driver.
INFO - 2025-05-30 03:01:00 --> Cart Class Initialized
INFO - 2025-05-30 03:04:27 --> Session: Class initialized using 'CodeIgniter\Session\Handlers\FileHandler' driver.
INFO - 2025-05-30 03:04:27 --> Cart Class Initialized
INFO - 2025-05-30 03:04:27 --> Session: Class initialized using 'CodeIgniter\Session\Handlers\FileHandler' driver.
INFO - 2025-05-30 03:04:27 --> Cart Class Initialized
INFO - 2025-05-30 03:04:44 --> Session: Class initialized using 'CodeIgniter\Session\Handlers\FileHandler' driver.
INFO - 2025-05-30 03:04:44 --> Cart Class Initialized
INFO - 2025-05-30 03:04:44 --> Session: Class initialized using 'CodeIgniter\Session\Handlers\FileHandler' driver.
INFO - 2025-05-30 03:04:44 --> Cart Class Initialized
INFO - 2025-05-30 03:04:50 --> Session: Class initialized using 'CodeIgniter\Session\Handlers\FileHandler' driver.
INFO - 2025-05-30 03:04:50 --> Cart Class Initialized
INFO - 2025-05-30 03:04:54 --> Session: Class initialized using 'CodeIgniter\Session\Handlers\FileHandler' driver.
INFO - 2025-05-30 03:04:54 --> Session: Class initialized using 'CodeIgniter\Session\Handlers\FileHandler' driver.
INFO - 2025-05-30 03:04:54 --> Cart Class Initialized
INFO - 2025-05-30 03:05:00 --> Session: Class initialized using 'CodeIgniter\Session\Handlers\FileHandler' driver.
INFO - 2025-05-30 03:05:00 --> Session: Class initialized using 'CodeIgniter\Session\Handlers\FileHandler' driver.
INFO - 2025-05-30 03:05:00 --> Cart Class Initialized
INFO - 2025-05-30 03:05:02 --> Session: Class initialized using 'CodeIgniter\Session\Handlers\FileHandler' driver.
INFO - 2025-05-30 03:05:02 --> Cart Class Initialized
INFO - 2025-05-30 03:05:04 --> Session: Class initialized using 'CodeIgniter\Session\Handlers\FileHandler' driver.
INFO - 2025-05-30 03:05:04 --> Cart Class Initialized
INFO - 2025-05-30 03:05:04 --> Session: Class initialized using 'CodeIgniter\Session\Handlers\FileHandler' driver.
INFO - 2025-05-30 03:05:04 --> Cart Class Initialized
INFO - 2025-05-30 03:05:05 --> Session: Class initialized using 'CodeIgniter\Session\Handlers\FileHandler' driver.
INFO - 2025-05-30 03:05:05 --> Cart Class Initialized
INFO - 2025-05-30 03:05:05 --> Session: Class initialized using 'CodeIgniter\Session\Handlers\FileHandler' driver.
INFO - 2025-05-30 03:05:05 --> Cart Class Initialized
INFO - 2025-05-30 03:05:06 --> Session: Class initialized using 'CodeIgniter\Session\Handlers\FileHandler' driver.
INFO - 2025-05-30 03:05:06 --> Cart Class Initialized
INFO - 2025-05-30 03:05:08 --> Session: Class initialized using 'CodeIgniter\Session\Handlers\FileHandler' driver.
INFO - 2025-05-30 03:05:08 --> Cart Class Initialized
INFO - 2025-05-30 03:05:08 --> Session: Class initialized using 'CodeIgniter\Session\Handlers\FileHandler' driver.
INFO - 2025-05-30 03:05:08 --> Cart Class Initialized
INFO - 2025-05-30 03:06:03 --> Session: Class initialized using 'CodeIgniter\Session\Handlers\FileHandler' driver.
INFO - 2025-05-30 03:06:03 --> Cart Class Initialized
INFO - 2025-05-30 03:07:32 --> Session: Class initialized using 'CodeIgniter\Session\Handlers\FileHandler' driver.
INFO - 2025-05-30 03:07:32 --> Cart Class Initialized
INFO - 2025-05-30 03:13:12 --> Session: Class initialized using 'CodeIgniter\Session\Handlers\FileHandler' driver.
INFO - 2025-05-30 03:13:12 --> Cart Class Initialized
INFO - 2025-05-30 03:13:14 --> Session: Class initialized using 'CodeIgniter\Session\Handlers\FileHandler' driver.
INFO - 2025-05-30 03:13:14 --> Session: Class initialized using 'CodeIgniter\Session\Handlers\FileHandler' driver.
INFO - 2025-05-30 03:13:14 --> Cart Class Initialized
INFO - 2025-05-30 03:13:22 --> Session: Class initialized using 'CodeIgniter\Session\Handlers\FileHandler' driver.
INFO - 2025-05-30 03:13:22 --> Session: Class initialized using 'CodeIgniter\Session\Handlers\FileHandler' driver.
INFO - 2025-05-30 03:13:22 --> Cart Class Initialized
INFO - 2025-05-30 03:16:54 --> Session: Class initialized using 'CodeIgniter\Session\Handlers\FileHandler' driver.
INFO - 2025-05-30 03:16:54 --> Cart Class Initialized
INFO - 2025-05-30 03:16:59 --> Session: Class initialized using 'CodeIgniter\Session\Handlers\FileHandler' driver.
INFO - 2025-05-30 03:16:59 --> Session: Class initialized using 'CodeIgniter\Session\Handlers\FileHandler' driver.
INFO - 2025-05-30 03:16:59 --> Cart Class Initialized
INFO - 2025-05-30 03:17:02 --> Session: Class initialized using 'CodeIgniter\Session\Handlers\FileHandler' driver.
INFO - 2025-05-30 03:17:02 --> Cart Class Initialized
INFO - 2025-05-30 03:17:03 --> Session: Class initialized using 'CodeIgniter\Session\Handlers\FileHandler' driver.
INFO - 2025-05-30 03:17:03 --> Cart Class Initialized
INFO - 2025-05-30 03:17:03 --> Session: Class initialized using 'CodeIgniter\Session\Handlers\FileHandler' driver.
INFO - 2025-05-30 03:17:03 --> Cart Class Initialized
INFO - 2025-05-30 03:17:05 --> Session: Class initialized using 'CodeIgniter\Session\Handlers\FileHandler' driver.
INFO - 2025-05-30 03:17:05 --> Cart Class Initialized
INFO - 2025-05-30 03:17:08 --> Session: Class initialized using 'CodeIgniter\Session\Handlers\FileHandler' driver.
INFO - 2025-05-30 03:17:08 --> Cart Class Initialized
INFO - 2025-05-30 03:23:36 --> Session: Class initialized using 'CodeIgniter\Session\Handlers\FileHandler' driver.
INFO - 2025-05-30 03:23:36 --> Cart Class Initialized
INFO - 2025-05-30 03:23:43 --> Session: Class initialized using 'CodeIgniter\Session\Handlers\FileHandler' driver.
INFO - 2025-05-30 03:23:43 --> Cart Class Initialized
INFO - 2025-05-30 03:23:43 --> Session: Class initialized using 'CodeIgniter\Session\Handlers\FileHandler' driver.
INFO - 2025-05-30 03:23:43 --> Cart Class Initialized
INFO - 2025-05-30 03:23:45 --> Session: Class initialized using 'CodeIgniter\Session\Handlers\FileHandler' driver.
INFO - 2025-05-30 03:23:45 --> Cart Class Initialized
INFO - 2025-05-30 03:23:47 --> Session: Class initialized using 'CodeIgniter\Session\Handlers\FileHandler' driver.
INFO - 2025-05-30 03:23:47 --> Cart Class Initialized
INFO - 2025-05-30 03:23:47 --> Session: Class initialized using 'CodeIgniter\Session\Handlers\FileHandler' driver.
INFO - 2025-05-30 03:23:47 --> Cart Class Initialized
INFO - 2025-05-30 03:23:48 --> Session: Class initialized using 'CodeIgniter\Session\Handlers\FileHandler' driver.
INFO - 2025-05-30 03:23:48 --> Cart Class Initialized
INFO - 2025-05-30 03:23:49 --> Session: Class initialized using 'CodeIgniter\Session\Handlers\FileHandler' driver.
INFO - 2025-05-30 03:23:49 --> Cart Class Initialized
INFO - 2025-05-30 03:23:50 --> Session: Class initialized using 'CodeIgniter\Session\Handlers\FileHandler' driver.
INFO - 2025-05-30 03:23:50 --> Cart Class Initialized
INFO - 2025-05-30 03:23:52 --> Session: Class initialized using 'CodeIgniter\Session\Handlers\FileHandler' driver.
INFO - 2025-05-30 03:23:52 --> Cart Class Initialized
INFO - 2025-05-30 03:23:52 --> Session: Class initialized using 'CodeIgniter\Session\Handlers\FileHandler' driver.
INFO - 2025-05-30 03:23:52 --> Cart Class Initialized
INFO - 2025-05-30 03:24:49 --> Session: Class initialized using 'CodeIgniter\Session\Handlers\FileHandler' driver.
INFO - 2025-05-30 03:24:49 --> Cart Class Initialized
INFO - 2025-05-30 03:24:51 --> Session: Class initialized using 'CodeIgniter\Session\Handlers\FileHandler' driver.
INFO - 2025-05-30 03:24:51 --> Cart Class Initialized
INFO - 2025-05-30 03:24:58 --> Session: Class initialized using 'CodeIgniter\Session\Handlers\FileHandler' driver.
INFO - 2025-05-30 03:24:58 --> Session: Class initialized using 'CodeIgniter\Session\Handlers\FileHandler' driver.
INFO - 2025-05-30 03:24:58 --> Cart Class Initialized
INFO - 2025-05-30 03:25:08 --> Session: Class initialized using 'CodeIgniter\Session\Handlers\FileHandler' driver.
INFO - 2025-05-30 03:25:08 --> Session: Class initialized using 'CodeIgniter\Session\Handlers\FileHandler' driver.
INFO - 2025-05-30 03:25:08 --> Session: Class initialized using 'CodeIgniter\Session\Handlers\FileHandler' driver.
INFO - 2025-05-30 03:25:08 --> Cart Class Initialized
INFO - 2025-05-30 03:25:18 --> Session: Class initialized using 'CodeIgniter\Session\Handlers\FileHandler' driver.
INFO - 2025-05-30 03:25:18 --> Session: Class initialized using 'CodeIgniter\Session\Handlers\FileHandler' driver.
INFO - 2025-05-30 03:25:18 --> Cart Class Initialized
INFO - 2025-05-30 03:25:22 --> Session: Class initialized using 'CodeIgniter\Session\Handlers\FileHandler' driver.
INFO - 2025-05-30 03:25:23 --> Session: Class initialized using 'CodeIgniter\Session\Handlers\FileHandler' driver.
INFO - 2025-05-30 03:25:23 --> Cart Class Initialized
INFO - 2025-05-30 03:25:27 --> Session: Class initialized using 'CodeIgniter\Session\Handlers\FileHandler' driver.
INFO - 2025-05-30 03:25:27 --> Cart Class Initialized
INFO - 2025-05-30 03:25:27 --> Session: Class initialized using 'CodeIgniter\Session\Handlers\FileHandler' driver.
INFO - 2025-05-30 03:25:27 --> Cart Class Initialized
INFO - 2025-05-30 03:26:00 --> Session: Class initialized using 'CodeIgniter\Session\Handlers\FileHandler' driver.
INFO - 2025-05-30 03:26:00 --> Session: Class initialized using 'CodeIgniter\Session\Handlers\FileHandler' driver.
INFO - 2025-05-30 03:26:00 --> Cart Class Initialized
INFO - 2025-05-30 23:02:14 --> Session: Class initialized using 'CodeIgniter\Session\Handlers\FileHandler' driver.
INFO - 2025-05-30 23:02:14 --> Cart Class Initialized
INFO - 2025-05-30 23:02:17 --> Session: Class initialized using 'CodeIgniter\Session\Handlers\FileHandler' driver.
INFO - 2025-05-30 23:02:17 --> Cart Class Initialized
INFO - 2025-05-30 23:02:24 --> Session: Class initialized using 'CodeIgniter\Session\Handlers\FileHandler' driver.
INFO - 2025-05-30 23:02:24 --> Session: Class initialized using 'CodeIgniter\Session\Handlers\FileHandler' driver.
INFO - 2025-05-30 23:02:24 --> Cart Class Initialized
INFO - 2025-05-30 23:03:01 --> Session: Class initialized using 'CodeIgniter\Session\Handlers\FileHandler' driver.
INFO - 2025-05-30 23:03:01 --> Cart Class Initialized
INFO - 2025-05-30 23:03:08 --> Session: Class initialized using 'CodeIgniter\Session\Handlers\FileHandler' driver.
INFO - 2025-05-30 23:03:08 --> Cart Class Initialized
INFO - 2025-05-30 23:03:09 --> Session: Class initialized using 'CodeIgniter\Session\Handlers\FileHandler' driver.
INFO - 2025-05-30 23:03:09 --> Cart Class Initialized
INFO - 2025-05-30 23:03:11 --> Session: Class initialized using 'CodeIgniter\Session\Handlers\FileHandler' driver.
INFO - 2025-05-30 23:03:11 --> Cart Class Initialized
INFO - 2025-05-30 23:03:12 --> Session: Class initialized using 'CodeIgniter\Session\Handlers\FileHandler' driver.
INFO - 2025-05-30 23:03:12 --> Cart Class Initialized
INFO - 2025-05-30 23:03:13 --> Session: Class initialized using 'CodeIgniter\Session\Handlers\FileHandler' driver.
INFO - 2025-05-30 23:03:13 --> Cart Class Initialized
INFO - 2025-05-30 23:03:13 --> Session: Class initialized using 'CodeIgniter\Session\Handlers\FileHandler' driver.
INFO - 2025-05-30 23:03:13 --> Cart Class Initialized
INFO - 2025-05-30 23:03:13 --> Session: Class initialized using 'CodeIgniter\Session\Handlers\FileHandler' driver.
INFO - 2025-05-30 23:03:13 --> Cart Class Initialized
INFO - 2025-05-30 23:03:16 --> Session: Class initialized using 'CodeIgniter\Session\Handlers\FileHandler' driver.
INFO - 2025-05-30 23:03:16 --> Cart Class Initialized
INFO - 2025-05-30 23:03:16 --> Session: Class initialized using 'CodeIgniter\Session\Handlers\FileHandler' driver.
INFO - 2025-05-30 23:03:16 --> Cart Class Initialized
INFO - 2025-05-30 23:03:18 --> Session: Class initialized using 'CodeIgniter\Session\Handlers\FileHandler' driver.
INFO - 2025-05-30 23:03:18 --> Cart Class Initialized
INFO - 2025-05-30 23:07:45 --> Session: Class initialized using 'CodeIgniter\Session\Handlers\FileHandler' driver.
INFO - 2025-05-30 23:07:45 --> Session: Class initialized using 'CodeIgniter\Session\Handlers\FileHandler' driver.
INFO - 2025-05-30 23:07:45 --> Cart Class Initialized
INFO - 2025-05-30 23:08:37 --> Session: Class initialized using 'CodeIgniter\Session\Handlers\FileHandler' driver.
INFO - 2025-05-30 23:08:37 --> Session: Class initialized using 'CodeIgniter\Session\Handlers\FileHandler' driver.
INFO - 2025-05-30 23:08:37 --> Cart Class Initialized
INFO - 2025-05-30 23:08:39 --> Session: Class initialized using 'CodeIgniter\Session\Handlers\FileHandler' driver.
INFO - 2025-05-30 23:20:34 --> Session: Class initialized using 'CodeIgniter\Session\Handlers\FileHandler' driver.
INFO - 2025-05-30 23:20:35 --> Session: Class initialized using 'CodeIgniter\Session\Handlers\FileHandler' driver.
INFO - 2025-05-30 23:20:35 --> Cart Class Initialized
INFO - 2025-05-30 23:20:37 --> Session: Class initialized using 'CodeIgniter\Session\Handlers\FileHandler' driver.
INFO - 2025-05-30 23:23:03 --> Session: Class initialized using 'CodeIgniter\Session\Handlers\FileHandler' driver.
INFO - 2025-05-30 23:23:04 --> Session: Class initialized using 'CodeIgniter\Session\Handlers\FileHandler' driver.
INFO - 2025-05-30 23:23:05 --> Session: Class initialized using 'CodeIgniter\Session\Handlers\FileHandler' driver.
INFO - 2025-05-30 23:23:05 --> Cart Class Initialized
INFO - 2025-05-30 23:23:07 --> Session: Class initialized using 'CodeIgniter\Session\Handlers\FileHandler' driver.
INFO - 2025-05-30 23:23:45 --> Session: Class initialized using 'CodeIgniter\Session\Handlers\FileHandler' driver.
INFO - 2025-05-30 23:23:46 --> Session: Class initialized using 'CodeIgniter\Session\Handlers\FileHandler' driver.
INFO - 2025-05-30 23:49:21 --> Session: Class initialized using 'CodeIgniter\Session\Handlers\FileHandler' driver.
INFO - 2025-05-30 23:49:22 --> Session: Class initialized using 'CodeIgniter\Session\Handlers\FileHandler' driver.
INFO - 2025-05-30 23:49:23 --> Session: Class initialized using 'CodeIgniter\Session\Handlers\FileHandler' driver.
INFO - 2025-05-30 23:49:23 --> Cart Class Initialized
INFO - 2025-05-30 23:49:25 --> Session: Class initialized using 'CodeIgniter\Session\Handlers\FileHandler' driver.
INFO - 2025-05-30 23:49:39 --> Session: Class initialized using 'CodeIgniter\Session\Handlers\FileHandler' driver.
INFO - 2025-05-30 23:49:39 --> Cart Class Initialized
INFO - 2025-05-30 23:49:41 --> Session: Class initialized using 'CodeIgniter\Session\Handlers\FileHandler' driver.
INFO - 2025-05-30 23:49:41 --> Cart Class Initialized
INFO - 2025-05-30 23:49:56 --> Session: Class initialized using 'CodeIgniter\Session\Handlers\FileHandler' driver.
INFO - 2025-05-30 23:49:57 --> Session: Class initialized using 'CodeIgniter\Session\Handlers\FileHandler' driver.
INFO - 2025-05-30 23:49:57 --> Cart Class Initialized
INFO - 2025-05-30 23:49:58 --> Session: Class initialized using 'CodeIgniter\Session\Handlers\FileHandler' driver.
INFO - 2025-05-30 23:50:42 --> Session: Class initialized using 'CodeIgniter\Session\Handlers\FileHandler' driver.
INFO - 2025-05-30 23:50:43 --> Session: Class initialized using 'CodeIgniter\Session\Handlers\FileHandler' driver.
INFO - 2025-05-30 23:50:47 --> Session: Class initialized using 'CodeIgniter\Session\Handlers\FileHandler' driver.
INFO - 2025-05-30 23:50:47 --> Cart Class Initialized
INFO - 2025-05-30 23:50:48 --> Session: Class initialized using 'CodeIgniter\Session\Handlers\FileHandler' driver.
INFO - 2025-05-30 23:51:25 --> Session: Class initialized using 'CodeIgniter\Session\Handlers\FileHandler' driver.
CRITICAL - 2025-05-30 23:51:25 --> Undefined variable: productos
in APPPATH\Views\Productos\Muestra_Ventas.php on line 18.
 1 APPPATH\Views\Productos\Muestra_Ventas.php(18): CodeIgniter\Debug\Exceptions->errorHandler(8, 'Undefined variable: productos', 'APPPATH\\Views\\Productos\\Muestra_Ventas.php', 18, [...])
 2 SYSTEMPATH\View\View.php(213): include('APPPATH\\Views\\Productos\\Muestra_Ventas.php')
 3 SYSTEMPATH\View\View.php(216): CodeIgniter\View\View->CodeIgniter\View\{closure}()
 4 SYSTEMPATH\Common.php(1184): CodeIgniter\View\View->render('Productos/Muestra_Ventas', [], true)
 5 APPPATH\Controllers\Ventascontroller.php(163): view('Productos/Muestra_Ventas', [...])
 6 SYSTEMPATH\CodeIgniter.php(934): App\Controllers\Ventascontroller->mostrar()
 7 SYSTEMPATH\CodeIgniter.php(499): CodeIgniter\CodeIgniter->runController(Object(App\Controllers\Ventascontroller))
 8 SYSTEMPATH\CodeIgniter.php(368): CodeIgniter\CodeIgniter->handleRequest(null, Object(Config\Cache), false)
 9 FCPATH\index.php(67): CodeIgniter\CodeIgniter->run()
INFO - 2025-05-30 23:55:03 --> Session: Class initialized using 'CodeIgniter\Session\Handlers\FileHandler' driver.
CRITICAL - 2025-05-30 23:55:03 --> syntax error, unexpected '}', expecting end of file
in APPPATH\Views\Productos\Muestra_Ventas.php on line 170.
 1 SYSTEMPATH\View\View.php(216): CodeIgniter\View\View->CodeIgniter\View\{closure}()
 2 SYSTEMPATH\Common.php(1184): CodeIgniter\View\View->render('Productos/Muestra_Ventas', [], true)
 3 APPPATH\Controllers\Ventascontroller.php(163): view('Productos/Muestra_Ventas', [...])
 4 SYSTEMPATH\CodeIgniter.php(934): App\Controllers\Ventascontroller->mostrar()
 5 SYSTEMPATH\CodeIgniter.php(499): CodeIgniter\CodeIgniter->runController(Object(App\Controllers\Ventascontroller))
 6 SYSTEMPATH\CodeIgniter.php(368): CodeIgniter\CodeIgniter->handleRequest(null, Object(Config\Cache), false)
 7 FCPATH\index.php(67): CodeIgniter\CodeIgniter->run()
INFO - 2025-05-30 23:55:30 --> Session: Class initialized using 'CodeIgniter\Session\Handlers\FileHandler' driver.
CRITICAL - 2025-05-30 23:55:30 --> Undefined variable: venta
in APPPATH\Views\Productos\Muestra_Ventas.php on line 18.
 1 APPPATH\Views\Productos\Muestra_Ventas.php(18): CodeIgniter\Debug\Exceptions->errorHandler(8, 'Undefined variable: venta', 'APPPATH\\Views\\Productos\\Muestra_Ventas.php', 18, [...])
 2 SYSTEMPATH\View\View.php(213): include('APPPATH\\Views\\Productos\\Muestra_Ventas.php')
 3 SYSTEMPATH\View\View.php(216): CodeIgniter\View\View->CodeIgniter\View\{closure}()
 4 SYSTEMPATH\Common.php(1184): CodeIgniter\View\View->render('Productos/Muestra_Ventas', [], true)
 5 APPPATH\Controllers\Ventascontroller.php(163): view('Productos/Muestra_Ventas', [...])
 6 SYSTEMPATH\CodeIgniter.php(934): App\Controllers\Ventascontroller->mostrar()
 7 SYSTEMPATH\CodeIgniter.php(499): CodeIgniter\CodeIgniter->runController(Object(App\Controllers\Ventascontroller))
 8 SYSTEMPATH\CodeIgniter.php(368): CodeIgniter\CodeIgniter->handleRequest(null, Object(Config\Cache), false)
 9 FCPATH\index.php(67): CodeIgniter\CodeIgniter->run()
