INFO - 2025-06-05 00:14:33 --> Session: Class initialized using 'CodeIgniter\Session\Handlers\FileHandler' driver.
INFO - 2025-06-05 00:14:33 --> Cart Class Initialized
INFO - 2025-06-05 00:16:25 --> Session: Class initialized using 'CodeIgniter\Session\Handlers\FileHandler' driver.
INFO - 2025-06-05 00:16:25 --> Cart Class Initialized
INFO - 2025-06-05 00:16:27 --> Session: Class initialized using 'CodeIgniter\Session\Handlers\FileHandler' driver.
INFO - 2025-06-05 00:16:27 --> Cart Class Initialized
INFO - 2025-06-05 00:16:28 --> Session: Class initialized using 'CodeIgniter\Session\Handlers\FileHandler' driver.
INFO - 2025-06-05 00:16:28 --> Cart Class Initialized
INFO - 2025-06-05 00:16:29 --> Session: Class initialized using 'CodeIgniter\Session\Handlers\FileHandler' driver.
INFO - 2025-06-05 00:16:29 --> Cart Class Initialized
INFO - 2025-06-05 00:16:30 --> Session: Class initialized using 'CodeIgniter\Session\Handlers\FileHandler' driver.
INFO - 2025-06-05 00:16:30 --> Cart Class Initialized
INFO - 2025-06-05 00:16:30 --> Session: Class initialized using 'CodeIgniter\Session\Handlers\FileHandler' driver.
INFO - 2025-06-05 00:16:30 --> Cart Class Initialized
INFO - 2025-06-05 00:16:31 --> Session: Class initialized using 'CodeIgniter\Session\Handlers\FileHandler' driver.
INFO - 2025-06-05 00:16:31 --> Cart Class Initialized
INFO - 2025-06-05 00:16:31 --> Session: Class initialized using 'CodeIgniter\Session\Handlers\FileHandler' driver.
INFO - 2025-06-05 00:16:31 --> Cart Class Initialized
INFO - 2025-06-05 00:16:51 --> Session: Class initialized using 'CodeIgniter\Session\Handlers\FileHandler' driver.
INFO - 2025-06-05 00:16:51 --> Cart Class Initialized
INFO - 2025-06-05 00:19:08 --> Session: Class initialized using 'CodeIgniter\Session\Handlers\FileHandler' driver.
INFO - 2025-06-05 00:19:08 --> Session: Class initialized using 'CodeIgniter\Session\Handlers\FileHandler' driver.
INFO - 2025-06-05 00:19:08 --> Cart Class Initialized
INFO - 2025-06-05 00:19:13 --> Session: Class initialized using 'CodeIgniter\Session\Handlers\FileHandler' driver.
INFO - 2025-06-05 00:19:13 --> Session: Class initialized using 'CodeIgniter\Session\Handlers\FileHandler' driver.
INFO - 2025-06-05 00:19:13 --> Cart Class Initialized
INFO - 2025-06-05 00:19:15 --> Session: Class initialized using 'CodeIgniter\Session\Handlers\FileHandler' driver.
INFO - 2025-06-05 00:19:15 --> Session: Class initialized using 'CodeIgniter\Session\Handlers\FileHandler' driver.
INFO - 2025-06-05 00:19:15 --> Cart Class Initialized
INFO - 2025-06-05 00:19:20 --> Session: Class initialized using 'CodeIgniter\Session\Handlers\FileHandler' driver.
INFO - 2025-06-05 00:19:20 --> Session: Class initialized using 'CodeIgniter\Session\Handlers\FileHandler' driver.
INFO - 2025-06-05 00:19:20 --> Cart Class Initialized
INFO - 2025-06-05 00:19:22 --> Session: Class initialized using 'CodeIgniter\Session\Handlers\FileHandler' driver.
INFO - 2025-06-05 00:19:22 --> Cart Class Initialized
INFO - 2025-06-05 00:19:24 --> Session: Class initialized using 'CodeIgniter\Session\Handlers\FileHandler' driver.
INFO - 2025-06-05 00:19:24 --> Cart Class Initialized
INFO - 2025-06-05 00:19:28 --> Session: Class initialized using 'CodeIgniter\Session\Handlers\FileHandler' driver.
INFO - 2025-06-05 00:19:28 --> Cart Class Initialized
INFO - 2025-06-05 01:04:58 --> Session: Class initialized using 'CodeIgniter\Session\Handlers\FileHandler' driver.
INFO - 2025-06-05 01:04:58 --> Session: Class initialized using 'CodeIgniter\Session\Handlers\FileHandler' driver.
INFO - 2025-06-05 01:04:58 --> Cart Class Initialized
INFO - 2025-06-05 01:05:03 --> Session: Class initialized using 'CodeIgniter\Session\Handlers\FileHandler' driver.
INFO - 2025-06-05 01:05:03 --> Session: Class initialized using 'CodeIgniter\Session\Handlers\FileHandler' driver.
INFO - 2025-06-05 01:05:03 --> Cart Class Initialized
INFO - 2025-06-05 01:05:07 --> Session: Class initialized using 'CodeIgniter\Session\Handlers\FileHandler' driver.
INFO - 2025-06-05 01:05:07 --> Cart Class Initialized
INFO - 2025-06-05 01:14:48 --> Session: Class initialized using 'CodeIgniter\Session\Handlers\FileHandler' driver.
INFO - 2025-06-05 01:14:48 --> Cart Class Initialized
INFO - 2025-06-05 01:14:50 --> Session: Class initialized using 'CodeIgniter\Session\Handlers\FileHandler' driver.
INFO - 2025-06-05 01:14:50 --> Cart Class Initialized
INFO - 2025-06-05 01:15:09 --> Session: Class initialized using 'CodeIgniter\Session\Handlers\FileHandler' driver.
INFO - 2025-06-05 01:15:09 --> Cart Class Initialized
INFO - 2025-06-05 01:15:42 --> Session: Class initialized using 'CodeIgniter\Session\Handlers\FileHandler' driver.
INFO - 2025-06-05 01:15:42 --> Session: Class initialized using 'CodeIgniter\Session\Handlers\FileHandler' driver.
INFO - 2025-06-05 01:15:42 --> Cart Class Initialized
INFO - 2025-06-05 01:20:43 --> Session: Class initialized using 'CodeIgniter\Session\Handlers\FileHandler' driver.
INFO - 2025-06-05 01:20:43 --> Cart Class Initialized
INFO - 2025-06-05 01:22:08 --> Session: Class initialized using 'CodeIgniter\Session\Handlers\FileHandler' driver.
INFO - 2025-06-05 01:22:08 --> Cart Class Initialized
INFO - 2025-06-05 01:22:45 --> Session: Class initialized using 'CodeIgniter\Session\Handlers\FileHandler' driver.
INFO - 2025-06-05 01:22:45 --> Cart Class Initialized
INFO - 2025-06-05 01:24:39 --> Session: Class initialized using 'CodeIgniter\Session\Handlers\FileHandler' driver.
INFO - 2025-06-05 01:24:39 --> Cart Class Initialized
INFO - 2025-06-05 01:28:07 --> Session: Class initialized using 'CodeIgniter\Session\Handlers\FileHandler' driver.
INFO - 2025-06-05 01:28:07 --> Cart Class Initialized
INFO - 2025-06-05 01:28:23 --> Session: Class initialized using 'CodeIgniter\Session\Handlers\FileHandler' driver.
INFO - 2025-06-05 01:28:28 --> Session: Class initialized using 'CodeIgniter\Session\Handlers\FileHandler' driver.
INFO - 2025-06-05 01:28:28 --> Cart Class Initialized
INFO - 2025-06-05 01:28:29 --> Session: Class initialized using 'CodeIgniter\Session\Handlers\FileHandler' driver.
INFO - 2025-06-05 01:28:29 --> Cart Class Initialized
INFO - 2025-06-05 01:28:34 --> Session: Class initialized using 'CodeIgniter\Session\Handlers\FileHandler' driver.
INFO - 2025-06-05 01:28:34 --> Session: Class initialized using 'CodeIgniter\Session\Handlers\FileHandler' driver.
INFO - 2025-06-05 01:28:34 --> Cart Class Initialized
INFO - 2025-06-05 01:28:36 --> Session: Class initialized using 'CodeIgniter\Session\Handlers\FileHandler' driver.
INFO - 2025-06-05 01:28:36 --> Cart Class Initialized
INFO - 2025-06-05 01:31:12 --> Session: Class initialized using 'CodeIgniter\Session\Handlers\FileHandler' driver.
INFO - 2025-06-05 01:31:12 --> Cart Class Initialized
INFO - 2025-06-05 01:31:13 --> Session: Class initialized using 'CodeIgniter\Session\Handlers\FileHandler' driver.
INFO - 2025-06-05 01:31:13 --> Cart Class Initialized
INFO - 2025-06-05 01:31:29 --> Session: Class initialized using 'CodeIgniter\Session\Handlers\FileHandler' driver.
INFO - 2025-06-05 01:31:29 --> Cart Class Initialized
INFO - 2025-06-05 01:31:30 --> Session: Class initialized using 'CodeIgniter\Session\Handlers\FileHandler' driver.
INFO - 2025-06-05 01:31:30 --> Cart Class Initialized
INFO - 2025-06-05 01:31:34 --> Session: Class initialized using 'CodeIgniter\Session\Handlers\FileHandler' driver.
INFO - 2025-06-05 01:31:34 --> Session: Class initialized using 'CodeIgniter\Session\Handlers\FileHandler' driver.
INFO - 2025-06-05 01:31:34 --> Cart Class Initialized
INFO - 2025-06-05 01:31:36 --> Session: Class initialized using 'CodeIgniter\Session\Handlers\FileHandler' driver.
INFO - 2025-06-05 01:31:36 --> Cart Class Initialized
INFO - 2025-06-05 01:31:45 --> Session: Class initialized using 'CodeIgniter\Session\Handlers\FileHandler' driver.
INFO - 2025-06-05 01:31:45 --> Cart Class Initialized
INFO - 2025-06-05 01:31:49 --> Session: Class initialized using 'CodeIgniter\Session\Handlers\FileHandler' driver.
INFO - 2025-06-05 01:31:49 --> Cart Class Initialized
INFO - 2025-06-05 01:34:03 --> Session: Class initialized using 'CodeIgniter\Session\Handlers\FileHandler' driver.
INFO - 2025-06-05 01:34:03 --> Cart Class Initialized
INFO - 2025-06-05 01:37:34 --> Session: Class initialized using 'CodeIgniter\Session\Handlers\FileHandler' driver.
INFO - 2025-06-05 01:37:34 --> Cart Class Initialized
INFO - 2025-06-05 01:37:52 --> Session: Class initialized using 'CodeIgniter\Session\Handlers\FileHandler' driver.
INFO - 2025-06-05 01:37:52 --> Session: Class initialized using 'CodeIgniter\Session\Handlers\FileHandler' driver.
INFO - 2025-06-05 01:37:52 --> Cart Class Initialized
INFO - 2025-06-05 01:39:35 --> Session: Class initialized using 'CodeIgniter\Session\Handlers\FileHandler' driver.
INFO - 2025-06-05 01:39:35 --> Cart Class Initialized
INFO - 2025-06-05 01:51:02 --> Session: Class initialized using 'CodeIgniter\Session\Handlers\FileHandler' driver.
INFO - 2025-06-05 01:51:02 --> Cart Class Initialized
INFO - 2025-06-05 01:51:13 --> Session: Class initialized using 'CodeIgniter\Session\Handlers\FileHandler' driver.
INFO - 2025-06-05 01:51:13 --> Cart Class Initialized
INFO - 2025-06-05 01:51:18 --> Session: Class initialized using 'CodeIgniter\Session\Handlers\FileHandler' driver.
INFO - 2025-06-05 01:51:18 --> Cart Class Initialized
INFO - 2025-06-05 01:51:19 --> Session: Class initialized using 'CodeIgniter\Session\Handlers\FileHandler' driver.
INFO - 2025-06-05 01:51:19 --> Cart Class Initialized
INFO - 2025-06-05 01:51:20 --> Session: Class initialized using 'CodeIgniter\Session\Handlers\FileHandler' driver.
INFO - 2025-06-05 01:51:20 --> Cart Class Initialized
INFO - 2025-06-05 01:54:29 --> Session: Class initialized using 'CodeIgniter\Session\Handlers\FileHandler' driver.
INFO - 2025-06-05 01:54:29 --> Cart Class Initialized
CRITICAL - 2025-06-05 01:54:29 --> Undefined variable: ventasPorQuincena
in APPPATH\Views\Productos\Muestra_Ventas.php on line 4.
 1 APPPATH\Views\Productos\Muestra_Ventas.php(4): CodeIgniter\Debug\Exceptions->errorHandler(8, 'Undefined variable: ventasPorQuincena', 'APPPATH\\Views\\Productos\\Muestra_Ventas.php', 4, [...])
 2 SYSTEMPATH\View\View.php(213): include('APPPATH\\Views\\Productos\\Muestra_Ventas.php')
 3 SYSTEMPATH\View\View.php(216): CodeIgniter\View\View->CodeIgniter\View\{closure}()
 4 SYSTEMPATH\Common.php(1184): CodeIgniter\View\View->render('Productos/Muestra_Ventas', [], true)
 5 APPPATH\Controllers\Ventascontroller.php(198): view('Productos/Muestra_Ventas', [...])
 6 SYSTEMPATH\CodeIgniter.php(934): App\Controllers\Ventascontroller->mostrar()
 7 SYSTEMPATH\CodeIgniter.php(499): CodeIgniter\CodeIgniter->runController(Object(App\Controllers\Ventascontroller))
 8 SYSTEMPATH\CodeIgniter.php(368): CodeIgniter\CodeIgniter->handleRequest(null, Object(Config\Cache), false)
 9 FCPATH\index.php(67): CodeIgniter\CodeIgniter->run()
INFO - 2025-06-05 02:03:38 --> Session: Class initialized using 'CodeIgniter\Session\Handlers\FileHandler' driver.
INFO - 2025-06-05 02:03:38 --> Cart Class Initialized
INFO - 2025-06-05 02:03:57 --> Session: Class initialized using 'CodeIgniter\Session\Handlers\FileHandler' driver.
INFO - 2025-06-05 02:03:57 --> Session: Class initialized using 'CodeIgniter\Session\Handlers\FileHandler' driver.
INFO - 2025-06-05 02:03:57 --> Cart Class Initialized
INFO - 2025-06-05 02:04:19 --> Session: Class initialized using 'CodeIgniter\Session\Handlers\FileHandler' driver.
INFO - 2025-06-05 02:04:19 --> Cart Class Initialized
INFO - 2025-06-05 02:05:51 --> Session: Class initialized using 'CodeIgniter\Session\Handlers\FileHandler' driver.
INFO - 2025-06-05 02:05:51 --> Cart Class Initialized
INFO - 2025-06-05 02:06:13 --> Session: Class initialized using 'CodeIgniter\Session\Handlers\FileHandler' driver.
INFO - 2025-06-05 02:06:13 --> Session: Class initialized using 'CodeIgniter\Session\Handlers\FileHandler' driver.
INFO - 2025-06-05 02:06:13 --> Cart Class Initialized
INFO - 2025-06-05 02:06:21 --> Session: Class initialized using 'CodeIgniter\Session\Handlers\FileHandler' driver.
INFO - 2025-06-05 02:06:21 --> Session: Class initialized using 'CodeIgniter\Session\Handlers\FileHandler' driver.
INFO - 2025-06-05 02:06:21 --> Cart Class Initialized
INFO - 2025-06-05 02:06:22 --> Session: Class initialized using 'CodeIgniter\Session\Handlers\FileHandler' driver.
INFO - 2025-06-05 02:06:22 --> Cart Class Initialized
INFO - 2025-06-05 02:06:24 --> Session: Class initialized using 'CodeIgniter\Session\Handlers\FileHandler' driver.
INFO - 2025-06-05 02:06:24 --> Cart Class Initialized
INFO - 2025-06-05 02:06:30 --> Session: Class initialized using 'CodeIgniter\Session\Handlers\FileHandler' driver.
INFO - 2025-06-05 02:06:30 --> Session: Class initialized using 'CodeIgniter\Session\Handlers\FileHandler' driver.
INFO - 2025-06-05 02:06:30 --> Cart Class Initialized
INFO - 2025-06-05 02:06:31 --> Session: Class initialized using 'CodeIgniter\Session\Handlers\FileHandler' driver.
INFO - 2025-06-05 02:06:31 --> Cart Class Initialized
INFO - 2025-06-05 02:06:32 --> Session: Class initialized using 'CodeIgniter\Session\Handlers\FileHandler' driver.
INFO - 2025-06-05 02:06:32 --> Cart Class Initialized
INFO - 2025-06-05 02:06:32 --> Session: Class initialized using 'CodeIgniter\Session\Handlers\FileHandler' driver.
INFO - 2025-06-05 02:06:32 --> Cart Class Initialized
INFO - 2025-06-05 02:06:33 --> Session: Class initialized using 'CodeIgniter\Session\Handlers\FileHandler' driver.
INFO - 2025-06-05 02:06:33 --> Cart Class Initialized
INFO - 2025-06-05 02:06:35 --> Session: Class initialized using 'CodeIgniter\Session\Handlers\FileHandler' driver.
INFO - 2025-06-05 02:06:35 --> Cart Class Initialized
INFO - 2025-06-05 02:06:35 --> Session: Class initialized using 'CodeIgniter\Session\Handlers\FileHandler' driver.
INFO - 2025-06-05 02:06:35 --> Cart Class Initialized
INFO - 2025-06-05 02:06:35 --> Session: Class initialized using 'CodeIgniter\Session\Handlers\FileHandler' driver.
INFO - 2025-06-05 02:06:35 --> Cart Class Initialized
INFO - 2025-06-05 02:06:35 --> Session: Class initialized using 'CodeIgniter\Session\Handlers\FileHandler' driver.
INFO - 2025-06-05 02:06:35 --> Cart Class Initialized
INFO - 2025-06-05 02:06:36 --> Session: Class initialized using 'CodeIgniter\Session\Handlers\FileHandler' driver.
INFO - 2025-06-05 02:06:36 --> Cart Class Initialized
INFO - 2025-06-05 02:06:36 --> Session: Class initialized using 'CodeIgniter\Session\Handlers\FileHandler' driver.
INFO - 2025-06-05 02:06:36 --> Cart Class Initialized
INFO - 2025-06-05 02:06:36 --> Session: Class initialized using 'CodeIgniter\Session\Handlers\FileHandler' driver.
INFO - 2025-06-05 02:06:36 --> Cart Class Initialized
INFO - 2025-06-05 02:06:36 --> Session: Class initialized using 'CodeIgniter\Session\Handlers\FileHandler' driver.
INFO - 2025-06-05 02:06:36 --> Cart Class Initialized
INFO - 2025-06-05 02:06:37 --> Session: Class initialized using 'CodeIgniter\Session\Handlers\FileHandler' driver.
INFO - 2025-06-05 02:06:37 --> Cart Class Initialized
INFO - 2025-06-05 02:06:37 --> Session: Class initialized using 'CodeIgniter\Session\Handlers\FileHandler' driver.
INFO - 2025-06-05 02:06:37 --> Cart Class Initialized
INFO - 2025-06-05 02:06:39 --> Session: Class initialized using 'CodeIgniter\Session\Handlers\FileHandler' driver.
INFO - 2025-06-05 02:06:39 --> Session: Class initialized using 'CodeIgniter\Session\Handlers\FileHandler' driver.
INFO - 2025-06-05 02:06:39 --> Cart Class Initialized
INFO - 2025-06-05 02:06:46 --> Session: Class initialized using 'CodeIgniter\Session\Handlers\FileHandler' driver.
INFO - 2025-06-05 02:06:46 --> Session: Class initialized using 'CodeIgniter\Session\Handlers\FileHandler' driver.
INFO - 2025-06-05 02:06:46 --> Cart Class Initialized
INFO - 2025-06-05 02:06:47 --> Session: Class initialized using 'CodeIgniter\Session\Handlers\FileHandler' driver.
INFO - 2025-06-05 02:06:47 --> Cart Class Initialized
INFO - 2025-06-05 02:06:53 --> Session: Class initialized using 'CodeIgniter\Session\Handlers\FileHandler' driver.
INFO - 2025-06-05 02:06:54 --> Session: Class initialized using 'CodeIgniter\Session\Handlers\FileHandler' driver.
INFO - 2025-06-05 02:06:54 --> Cart Class Initialized
INFO - 2025-06-05 02:08:11 --> Session: Class initialized using 'CodeIgniter\Session\Handlers\FileHandler' driver.
INFO - 2025-06-05 02:08:12 --> Session: Class initialized using 'CodeIgniter\Session\Handlers\FileHandler' driver.
INFO - 2025-06-05 02:08:12 --> Cart Class Initialized
INFO - 2025-06-05 02:09:00 --> Session: Class initialized using 'CodeIgniter\Session\Handlers\FileHandler' driver.
INFO - 2025-06-05 02:09:00 --> Cart Class Initialized
INFO - 2025-06-05 02:09:02 --> Session: Class initialized using 'CodeIgniter\Session\Handlers\FileHandler' driver.
INFO - 2025-06-05 02:09:02 --> Cart Class Initialized
INFO - 2025-06-05 02:09:02 --> Session: Class initialized using 'CodeIgniter\Session\Handlers\FileHandler' driver.
INFO - 2025-06-05 02:09:02 --> Cart Class Initialized
INFO - 2025-06-05 02:09:02 --> Session: Class initialized using 'CodeIgniter\Session\Handlers\FileHandler' driver.
INFO - 2025-06-05 02:09:02 --> Cart Class Initialized
INFO - 2025-06-05 02:13:41 --> Session: Class initialized using 'CodeIgniter\Session\Handlers\FileHandler' driver.
INFO - 2025-06-05 02:13:41 --> Cart Class Initialized
INFO - 2025-06-05 02:13:41 --> Session: Class initialized using 'CodeIgniter\Session\Handlers\FileHandler' driver.
INFO - 2025-06-05 02:13:41 --> Cart Class Initialized
INFO - 2025-06-05 02:17:18 --> Session: Class initialized using 'CodeIgniter\Session\Handlers\FileHandler' driver.
INFO - 2025-06-05 02:17:18 --> Cart Class Initialized
INFO - 2025-06-05 02:19:03 --> Session: Class initialized using 'CodeIgniter\Session\Handlers\FileHandler' driver.
INFO - 2025-06-05 02:19:03 --> Cart Class Initialized
INFO - 2025-06-05 02:20:16 --> Session: Class initialized using 'CodeIgniter\Session\Handlers\FileHandler' driver.
INFO - 2025-06-05 02:20:16 --> Cart Class Initialized
INFO - 2025-06-05 12:20:30 --> Session: Class initialized using 'CodeIgniter\Session\Handlers\FileHandler' driver.
INFO - 2025-06-05 12:20:33 --> Session: Class initialized using 'CodeIgniter\Session\Handlers\FileHandler' driver.
INFO - 2025-06-05 12:20:33 --> Cart Class Initialized
INFO - 2025-06-05 12:20:43 --> Session: Class initialized using 'CodeIgniter\Session\Handlers\FileHandler' driver.
INFO - 2025-06-05 12:20:43 --> Cart Class Initialized
INFO - 2025-06-05 12:20:45 --> Session: Class initialized using 'CodeIgniter\Session\Handlers\FileHandler' driver.
INFO - 2025-06-05 12:20:45 --> Cart Class Initialized
INFO - 2025-06-05 12:21:21 --> Session: Class initialized using 'CodeIgniter\Session\Handlers\FileHandler' driver.
INFO - 2025-06-05 12:21:21 --> Session: Class initialized using 'CodeIgniter\Session\Handlers\FileHandler' driver.
INFO - 2025-06-05 12:21:21 --> Cart Class Initialized
INFO - 2025-06-05 12:26:22 --> Session: Class initialized using 'CodeIgniter\Session\Handlers\FileHandler' driver.
INFO - 2025-06-05 12:26:22 --> Cart Class Initialized
INFO - 2025-06-05 12:26:31 --> Session: Class initialized using 'CodeIgniter\Session\Handlers\FileHandler' driver.
INFO - 2025-06-05 12:26:31 --> Cart Class Initialized
INFO - 2025-06-05 12:26:32 --> Session: Class initialized using 'CodeIgniter\Session\Handlers\FileHandler' driver.
INFO - 2025-06-05 12:26:32 --> Cart Class Initialized
INFO - 2025-06-05 12:27:07 --> Session: Class initialized using 'CodeIgniter\Session\Handlers\FileHandler' driver.
INFO - 2025-06-05 12:27:07 --> Cart Class Initialized
INFO - 2025-06-05 12:27:08 --> Session: Class initialized using 'CodeIgniter\Session\Handlers\FileHandler' driver.
INFO - 2025-06-05 12:27:08 --> Cart Class Initialized
INFO - 2025-06-05 12:27:15 --> Session: Class initialized using 'CodeIgniter\Session\Handlers\FileHandler' driver.
INFO - 2025-06-05 12:27:15 --> Session: Class initialized using 'CodeIgniter\Session\Handlers\FileHandler' driver.
INFO - 2025-06-05 12:27:15 --> Cart Class Initialized
INFO - 2025-06-05 12:28:43 --> Session: Class initialized using 'CodeIgniter\Session\Handlers\FileHandler' driver.
INFO - 2025-06-05 12:28:43 --> Cart Class Initialized
INFO - 2025-06-05 12:28:44 --> Session: Class initialized using 'CodeIgniter\Session\Handlers\FileHandler' driver.
INFO - 2025-06-05 12:28:44 --> Cart Class Initialized
INFO - 2025-06-05 12:28:50 --> Session: Class initialized using 'CodeIgniter\Session\Handlers\FileHandler' driver.
INFO - 2025-06-05 12:28:50 --> Session: Class initialized using 'CodeIgniter\Session\Handlers\FileHandler' driver.
INFO - 2025-06-05 12:28:50 --> Cart Class Initialized
INFO - 2025-06-05 12:28:53 --> Session: Class initialized using 'CodeIgniter\Session\Handlers\FileHandler' driver.
INFO - 2025-06-05 12:28:53 --> Session: Class initialized using 'CodeIgniter\Session\Handlers\FileHandler' driver.
INFO - 2025-06-05 12:28:53 --> Cart Class Initialized
INFO - 2025-06-05 12:28:58 --> Session: Class initialized using 'CodeIgniter\Session\Handlers\FileHandler' driver.
INFO - 2025-06-05 12:28:58 --> Session: Class initialized using 'CodeIgniter\Session\Handlers\FileHandler' driver.
INFO - 2025-06-05 12:28:58 --> Cart Class Initialized
INFO - 2025-06-05 12:30:55 --> Session: Class initialized using 'CodeIgniter\Session\Handlers\FileHandler' driver.
INFO - 2025-06-05 12:30:55 --> Session: Class initialized using 'CodeIgniter\Session\Handlers\FileHandler' driver.
INFO - 2025-06-05 12:30:55 --> Cart Class Initialized
INFO - 2025-06-05 12:30:57 --> Session: Class initialized using 'CodeIgniter\Session\Handlers\FileHandler' driver.
INFO - 2025-06-05 12:30:57 --> Session: Class initialized using 'CodeIgniter\Session\Handlers\FileHandler' driver.
INFO - 2025-06-05 12:30:57 --> Cart Class Initialized
INFO - 2025-06-05 12:30:58 --> Session: Class initialized using 'CodeIgniter\Session\Handlers\FileHandler' driver.
INFO - 2025-06-05 12:30:58 --> Session: Class initialized using 'CodeIgniter\Session\Handlers\FileHandler' driver.
INFO - 2025-06-05 12:30:58 --> Cart Class Initialized
INFO - 2025-06-05 12:30:59 --> Session: Class initialized using 'CodeIgniter\Session\Handlers\FileHandler' driver.
INFO - 2025-06-05 12:30:59 --> Session: Class initialized using 'CodeIgniter\Session\Handlers\FileHandler' driver.
INFO - 2025-06-05 12:30:59 --> Cart Class Initialized
INFO - 2025-06-05 12:31:05 --> Session: Class initialized using 'CodeIgniter\Session\Handlers\FileHandler' driver.
INFO - 2025-06-05 12:31:05 --> Session: Class initialized using 'CodeIgniter\Session\Handlers\FileHandler' driver.
INFO - 2025-06-05 12:31:05 --> Cart Class Initialized
INFO - 2025-06-05 12:31:26 --> Session: Class initialized using 'CodeIgniter\Session\Handlers\FileHandler' driver.
INFO - 2025-06-05 12:31:26 --> Cart Class Initialized
INFO - 2025-06-05 12:31:27 --> Session: Class initialized using 'CodeIgniter\Session\Handlers\FileHandler' driver.
INFO - 2025-06-05 12:31:27 --> Cart Class Initialized
INFO - 2025-06-05 12:31:28 --> Session: Class initialized using 'CodeIgniter\Session\Handlers\FileHandler' driver.
INFO - 2025-06-05 12:31:28 --> Cart Class Initialized
INFO - 2025-06-05 12:31:28 --> Session: Class initialized using 'CodeIgniter\Session\Handlers\FileHandler' driver.
INFO - 2025-06-05 12:31:28 --> Cart Class Initialized
INFO - 2025-06-05 12:31:29 --> Session: Class initialized using 'CodeIgniter\Session\Handlers\FileHandler' driver.
INFO - 2025-06-05 12:31:29 --> Cart Class Initialized
INFO - 2025-06-05 12:31:29 --> Session: Class initialized using 'CodeIgniter\Session\Handlers\FileHandler' driver.
INFO - 2025-06-05 12:31:29 --> Cart Class Initialized
INFO - 2025-06-05 12:31:31 --> Session: Class initialized using 'CodeIgniter\Session\Handlers\FileHandler' driver.
INFO - 2025-06-05 12:31:31 --> Cart Class Initialized
INFO - 2025-06-05 12:31:32 --> Session: Class initialized using 'CodeIgniter\Session\Handlers\FileHandler' driver.
INFO - 2025-06-05 12:31:32 --> Cart Class Initialized
INFO - 2025-06-05 12:31:32 --> Session: Class initialized using 'CodeIgniter\Session\Handlers\FileHandler' driver.
INFO - 2025-06-05 12:31:32 --> Cart Class Initialized
INFO - 2025-06-05 12:31:33 --> Session: Class initialized using 'CodeIgniter\Session\Handlers\FileHandler' driver.
INFO - 2025-06-05 12:31:33 --> Session: Class initialized using 'CodeIgniter\Session\Handlers\FileHandler' driver.
INFO - 2025-06-05 12:31:33 --> Cart Class Initialized
INFO - 2025-06-05 12:31:35 --> Session: Class initialized using 'CodeIgniter\Session\Handlers\FileHandler' driver.
INFO - 2025-06-05 12:31:35 --> Session: Class initialized using 'CodeIgniter\Session\Handlers\FileHandler' driver.
INFO - 2025-06-05 12:31:35 --> Cart Class Initialized
INFO - 2025-06-05 12:31:47 --> Session: Class initialized using 'CodeIgniter\Session\Handlers\FileHandler' driver.
INFO - 2025-06-05 12:31:47 --> Session: Class initialized using 'CodeIgniter\Session\Handlers\FileHandler' driver.
INFO - 2025-06-05 12:31:47 --> Cart Class Initialized
ERROR - 2025-06-05 12:32:01 --> mysqli_sql_exception: Table 'emilio.productos' doesn't exist in C:\xampp\htdocs\Proyecto-Emilio-Erk\system\Database\MySQLi\Connection.php:295
Stack trace:
#0 C:\xampp\htdocs\Proyecto-Emilio-Erk\system\Database\MySQLi\Connection.php(295): mysqli->query('SELECT `venta_d...', 0)
#1 C:\xampp\htdocs\Proyecto-Emilio-Erk\system\Database\BaseConnection.php(691): CodeIgniter\Database\MySQLi\Connection->execute('SELECT `venta_d...')
#2 C:\xampp\htdocs\Proyecto-Emilio-Erk\system\Database\BaseConnection.php(605): CodeIgniter\Database\BaseConnection->simpleQuery('SELECT `venta_d...')
#3 C:\xampp\htdocs\Proyecto-Emilio-Erk\system\Database\BaseBuilder.php(1616): CodeIgniter\Database\BaseConnection->query('SELECT `venta_d...', Array, false)
#4 C:\xampp\htdocs\Proyecto-Emilio-Erk\system\Model.php(241): CodeIgniter\Database\BaseBuilder->get()
#5 C:\xampp\htdocs\Proyecto-Emilio-Erk\system\BaseModel.php(618): CodeIgniter\Model->doFindAll(0, 0)
#6 C:\xampp\htdocs\Proyecto-Emilio-Erk\app\Controllers\Ventascontroller.php(256): CodeIgniter\BaseModel->findAll()
#7 C:\xampp\htdocs\Proyecto-Emilio-Erk\system\CodeIgniter.php(934): App\Controllers\Ventascontroller->resumen()
#8 C:\xampp\htdocs\Proyecto-Emilio-Erk\system\CodeIgniter.php(499): CodeIgniter\CodeIgniter->runController(Object(App\Controllers\Ventascontroller))
#9 C:\xampp\htdocs\Proyecto-Emilio-Erk\system\CodeIgniter.php(368): CodeIgniter\CodeIgniter->handleRequest(NULL, Object(Config\Cache), false)
#10 C:\xampp\htdocs\Proyecto-Emilio-Erk\index.php(67): CodeIgniter\CodeIgniter->run()
#11 {main}
CRITICAL - 2025-06-05 12:32:01 --> Table 'emilio.productos' doesn't exist
in SYSTEMPATH\Database\BaseConnection.php on line 645.
 1 SYSTEMPATH\Database\BaseBuilder.php(1616): CodeIgniter\Database\BaseConnection->query('SELECT `venta_detalle`.*, `productos`.`Nombre` as `producto_nombre`
FROM `venta_detalle`
JOIN `productos` ON `productos`.`ID_Pro` = `venta_detalle`.`producto_id`
WHERE `venta_id` IS NULL', [], false)
 2 SYSTEMPATH\Model.php(241): CodeIgniter\Database\BaseBuilder->get()
 3 SYSTEMPATH\BaseModel.php(618): CodeIgniter\Model->doFindAll(0, 0)
 4 APPPATH\Controllers\Ventascontroller.php(256): CodeIgniter\BaseModel->findAll()
 5 SYSTEMPATH\CodeIgniter.php(934): App\Controllers\Ventascontroller->resumen()
 6 SYSTEMPATH\CodeIgniter.php(499): CodeIgniter\CodeIgniter->runController(Object(App\Controllers\Ventascontroller))
 7 SYSTEMPATH\CodeIgniter.php(368): CodeIgniter\CodeIgniter->handleRequest(null, Object(Config\Cache), false)
 8 FCPATH\index.php(67): CodeIgniter\CodeIgniter->run()
INFO - 2025-06-05 12:34:34 --> Session: Class initialized using 'CodeIgniter\Session\Handlers\FileHandler' driver.
INFO - 2025-06-05 12:34:34 --> Cart Class Initialized
CRITICAL - 2025-06-05 12:35:35 --> Too few arguments to function App\Controllers\Ventascontroller::resumen(), 0 passed in C:\xampp\htdocs\Proyecto-Emilio-Erk\system\CodeIgniter.php on line 934 and exactly 1 expected
in APPPATH\Controllers\Ventascontroller.php on line 237.
 1 SYSTEMPATH\CodeIgniter.php(934): App\Controllers\Ventascontroller->resumen()
 2 SYSTEMPATH\CodeIgniter.php(499): CodeIgniter\CodeIgniter->runController(Object(App\Controllers\Ventascontroller))
 3 SYSTEMPATH\CodeIgniter.php(368): CodeIgniter\CodeIgniter->handleRequest(null, Object(Config\Cache), false)
 4 FCPATH\index.php(67): CodeIgniter\CodeIgniter->run()
INFO - 2025-06-05 12:37:39 --> Session: Class initialized using 'CodeIgniter\Session\Handlers\FileHandler' driver.
INFO - 2025-06-05 12:37:39 --> Cart Class Initialized
INFO - 2025-06-05 12:38:32 --> Session: Class initialized using 'CodeIgniter\Session\Handlers\FileHandler' driver.
INFO - 2025-06-05 12:38:32 --> Cart Class Initialized
INFO - 2025-06-05 12:38:35 --> Session: Class initialized using 'CodeIgniter\Session\Handlers\FileHandler' driver.
INFO - 2025-06-05 12:38:35 --> Session: Class initialized using 'CodeIgniter\Session\Handlers\FileHandler' driver.
INFO - 2025-06-05 12:38:35 --> Cart Class Initialized
INFO - 2025-06-05 12:38:42 --> Session: Class initialized using 'CodeIgniter\Session\Handlers\FileHandler' driver.
INFO - 2025-06-05 12:38:43 --> Session: Class initialized using 'CodeIgniter\Session\Handlers\FileHandler' driver.
INFO - 2025-06-05 12:38:43 --> Cart Class Initialized
INFO - 2025-06-05 12:38:45 --> Session: Class initialized using 'CodeIgniter\Session\Handlers\FileHandler' driver.
INFO - 2025-06-05 12:38:45 --> Cart Class Initialized
INFO - 2025-06-05 12:39:59 --> Session: Class initialized using 'CodeIgniter\Session\Handlers\FileHandler' driver.
INFO - 2025-06-05 12:39:59 --> Session: Class initialized using 'CodeIgniter\Session\Handlers\FileHandler' driver.
INFO - 2025-06-05 12:39:59 --> Cart Class Initialized
INFO - 2025-06-05 12:40:15 --> Session: Class initialized using 'CodeIgniter\Session\Handlers\FileHandler' driver.
INFO - 2025-06-05 12:40:15 --> Session: Class initialized using 'CodeIgniter\Session\Handlers\FileHandler' driver.
INFO - 2025-06-05 12:40:15 --> Cart Class Initialized
INFO - 2025-06-05 12:45:06 --> Session: Class initialized using 'CodeIgniter\Session\Handlers\FileHandler' driver.
INFO - 2025-06-05 12:45:06 --> Cart Class Initialized
INFO - 2025-06-05 12:45:19 --> Session: Class initialized using 'CodeIgniter\Session\Handlers\FileHandler' driver.
INFO - 2025-06-05 12:45:19 --> Cart Class Initialized
INFO - 2025-06-05 12:45:20 --> Session: Class initialized using 'CodeIgniter\Session\Handlers\FileHandler' driver.
INFO - 2025-06-05 12:45:20 --> Cart Class Initialized
INFO - 2025-06-05 12:45:22 --> Session: Class initialized using 'CodeIgniter\Session\Handlers\FileHandler' driver.
INFO - 2025-06-05 12:45:22 --> Cart Class Initialized
INFO - 2025-06-05 12:55:55 --> Session: Class initialized using 'CodeIgniter\Session\Handlers\FileHandler' driver.
INFO - 2025-06-05 12:55:55 --> Cart Class Initialized
INFO - 2025-06-05 12:56:03 --> Session: Class initialized using 'CodeIgniter\Session\Handlers\FileHandler' driver.
INFO - 2025-06-05 12:56:03 --> Cart Class Initialized
INFO - 2025-06-05 19:38:21 --> Session: Class initialized using 'CodeIgniter\Session\Handlers\FileHandler' driver.
INFO - 2025-06-05 19:38:21 --> Cart Class Initialized
INFO - 2025-06-05 19:44:40 --> Session: Class initialized using 'CodeIgniter\Session\Handlers\FileHandler' driver.
INFO - 2025-06-05 19:44:40 --> Cart Class Initialized
INFO - 2025-06-05 19:44:45 --> Session: Class initialized using 'CodeIgniter\Session\Handlers\FileHandler' driver.
INFO - 2025-06-05 19:44:45 --> Session: Class initialized using 'CodeIgniter\Session\Handlers\FileHandler' driver.
INFO - 2025-06-05 19:44:45 --> Cart Class Initialized
INFO - 2025-06-05 19:52:55 --> Session: Class initialized using 'CodeIgniter\Session\Handlers\FileHandler' driver.
INFO - 2025-06-05 19:52:56 --> Session: Class initialized using 'CodeIgniter\Session\Handlers\FileHandler' driver.
INFO - 2025-06-05 19:52:56 --> Cart Class Initialized
INFO - 2025-06-05 19:53:07 --> Session: Class initialized using 'CodeIgniter\Session\Handlers\FileHandler' driver.
INFO - 2025-06-05 19:53:07 --> Session: Class initialized using 'CodeIgniter\Session\Handlers\FileHandler' driver.
INFO - 2025-06-05 19:53:07 --> Cart Class Initialized
INFO - 2025-06-05 19:53:16 --> Session: Class initialized using 'CodeIgniter\Session\Handlers\FileHandler' driver.
INFO - 2025-06-05 19:53:16 --> Session: Class initialized using 'CodeIgniter\Session\Handlers\FileHandler' driver.
INFO - 2025-06-05 19:53:16 --> Cart Class Initialized
INFO - 2025-06-05 19:54:13 --> Session: Class initialized using 'CodeIgniter\Session\Handlers\FileHandler' driver.
INFO - 2025-06-05 19:54:13 --> Cart Class Initialized
INFO - 2025-06-05 19:56:41 --> Session: Class initialized using 'CodeIgniter\Session\Handlers\FileHandler' driver.
INFO - 2025-06-05 19:56:41 --> Cart Class Initialized
INFO - 2025-06-05 20:11:49 --> Session: Class initialized using 'CodeIgniter\Session\Handlers\FileHandler' driver.
INFO - 2025-06-05 20:11:49 --> Cart Class Initialized
INFO - 2025-06-05 20:15:05 --> Session: Class initialized using 'CodeIgniter\Session\Handlers\FileHandler' driver.
INFO - 2025-06-05 20:15:05 --> Cart Class Initialized
INFO - 2025-06-05 20:15:19 --> Session: Class initialized using 'CodeIgniter\Session\Handlers\FileHandler' driver.
INFO - 2025-06-05 20:15:20 --> Session: Class initialized using 'CodeIgniter\Session\Handlers\FileHandler' driver.
INFO - 2025-06-05 20:15:20 --> Cart Class Initialized
INFO - 2025-06-05 20:15:26 --> Session: Class initialized using 'CodeIgniter\Session\Handlers\FileHandler' driver.
INFO - 2025-06-05 20:15:26 --> Session: Class initialized using 'CodeIgniter\Session\Handlers\FileHandler' driver.
INFO - 2025-06-05 20:15:26 --> Cart Class Initialized
INFO - 2025-06-05 20:15:29 --> Session: Class initialized using 'CodeIgniter\Session\Handlers\FileHandler' driver.
INFO - 2025-06-05 20:15:29 --> Cart Class Initialized
INFO - 2025-06-05 20:15:32 --> Session: Class initialized using 'CodeIgniter\Session\Handlers\FileHandler' driver.
INFO - 2025-06-05 20:15:32 --> Session: Class initialized using 'CodeIgniter\Session\Handlers\FileHandler' driver.
INFO - 2025-06-05 20:15:32 --> Cart Class Initialized
INFO - 2025-06-05 20:15:37 --> Session: Class initialized using 'CodeIgniter\Session\Handlers\FileHandler' driver.
INFO - 2025-06-05 20:15:37 --> Session: Class initialized using 'CodeIgniter\Session\Handlers\FileHandler' driver.
INFO - 2025-06-05 20:15:37 --> Cart Class Initialized
INFO - 2025-06-05 20:15:44 --> Session: Class initialized using 'CodeIgniter\Session\Handlers\FileHandler' driver.
INFO - 2025-06-05 20:15:44 --> Session: Class initialized using 'CodeIgniter\Session\Handlers\FileHandler' driver.
INFO - 2025-06-05 20:15:44 --> Cart Class Initialized
INFO - 2025-06-05 20:16:05 --> Session: Class initialized using 'CodeIgniter\Session\Handlers\FileHandler' driver.
INFO - 2025-06-05 20:16:05 --> Cart Class Initialized
INFO - 2025-06-05 20:16:07 --> Session: Class initialized using 'CodeIgniter\Session\Handlers\FileHandler' driver.
INFO - 2025-06-05 20:16:07 --> Cart Class Initialized
INFO - 2025-06-05 20:16:12 --> Session: Class initialized using 'CodeIgniter\Session\Handlers\FileHandler' driver.
INFO - 2025-06-05 20:16:12 --> Session: Class initialized using 'CodeIgniter\Session\Handlers\FileHandler' driver.
INFO - 2025-06-05 20:16:12 --> Cart Class Initialized
ERROR - 2025-06-05 20:17:38 --> mysqli_sql_exception: Table 'emilio.productos' doesn't exist in C:\xampp\htdocs\Proyecto-Emilio-Erk\system\Database\MySQLi\Connection.php:295
Stack trace:
#0 C:\xampp\htdocs\Proyecto-Emilio-Erk\system\Database\MySQLi\Connection.php(295): mysqli->query('SELECT `venta_d...', 0)
#1 C:\xampp\htdocs\Proyecto-Emilio-Erk\system\Database\BaseConnection.php(691): CodeIgniter\Database\MySQLi\Connection->execute('SELECT `venta_d...')
#2 C:\xampp\htdocs\Proyecto-Emilio-Erk\system\Database\BaseConnection.php(605): CodeIgniter\Database\BaseConnection->simpleQuery('SELECT `venta_d...')
#3 C:\xampp\htdocs\Proyecto-Emilio-Erk\system\Database\BaseBuilder.php(1616): CodeIgniter\Database\BaseConnection->query('SELECT `venta_d...', Array, false)
#4 C:\xampp\htdocs\Proyecto-Emilio-Erk\system\Model.php(241): CodeIgniter\Database\BaseBuilder->get()
#5 C:\xampp\htdocs\Proyecto-Emilio-Erk\system\BaseModel.php(618): CodeIgniter\Model->doFindAll(0, 0)
#6 C:\xampp\htdocs\Proyecto-Emilio-Erk\app\Controllers\Ventascontroller.php(263): CodeIgniter\BaseModel->findAll()
#7 C:\xampp\htdocs\Proyecto-Emilio-Erk\system\CodeIgniter.php(934): App\Controllers\Ventascontroller->resumen('5')
#8 C:\xampp\htdocs\Proyecto-Emilio-Erk\system\CodeIgniter.php(499): CodeIgniter\CodeIgniter->runController(Object(App\Controllers\Ventascontroller))
#9 C:\xampp\htdocs\Proyecto-Emilio-Erk\system\CodeIgniter.php(368): CodeIgniter\CodeIgniter->handleRequest(NULL, Object(Config\Cache), false)
#10 C:\xampp\htdocs\Proyecto-Emilio-Erk\index.php(67): CodeIgniter\CodeIgniter->run()
#11 {main}
CRITICAL - 2025-06-05 20:17:38 --> Table 'emilio.productos' doesn't exist
in SYSTEMPATH\Database\BaseConnection.php on line 645.
 1 SYSTEMPATH\Database\BaseBuilder.php(1616): CodeIgniter\Database\BaseConnection->query('SELECT `venta_detalle`.*, `productos`.`Nombre` as `producto_nombre`
FROM `venta_detalle`
JOIN `productos` ON `productos`.`ID_Pro` = `venta_detalle`.`producto_id`
WHERE `venta_id` = :venta_id:', [...], false)
 2 SYSTEMPATH\Model.php(241): CodeIgniter\Database\BaseBuilder->get()
 3 SYSTEMPATH\BaseModel.php(618): CodeIgniter\Model->doFindAll(0, 0)
 4 APPPATH\Controllers\Ventascontroller.php(263): CodeIgniter\BaseModel->findAll()
 5 SYSTEMPATH\CodeIgniter.php(934): App\Controllers\Ventascontroller->resumen('5')
 6 SYSTEMPATH\CodeIgniter.php(499): CodeIgniter\CodeIgniter->runController(Object(App\Controllers\Ventascontroller))
 7 SYSTEMPATH\CodeIgniter.php(368): CodeIgniter\CodeIgniter->handleRequest(null, Object(Config\Cache), false)
 8 FCPATH\index.php(67): CodeIgniter\CodeIgniter->run()
ERROR - 2025-06-05 20:22:46 --> mysqli_sql_exception: Table 'emilio.productos' doesn't exist in C:\xampp\htdocs\Proyecto-Emilio-Erk\system\Database\MySQLi\Connection.php:295
Stack trace:
#0 C:\xampp\htdocs\Proyecto-Emilio-Erk\system\Database\MySQLi\Connection.php(295): mysqli->query('SELECT `venta_d...', 0)
#1 C:\xampp\htdocs\Proyecto-Emilio-Erk\system\Database\BaseConnection.php(691): CodeIgniter\Database\MySQLi\Connection->execute('SELECT `venta_d...')
#2 C:\xampp\htdocs\Proyecto-Emilio-Erk\system\Database\BaseConnection.php(605): CodeIgniter\Database\BaseConnection->simpleQuery('SELECT `venta_d...')
#3 C:\xampp\htdocs\Proyecto-Emilio-Erk\system\Database\BaseBuilder.php(1616): CodeIgniter\Database\BaseConnection->query('SELECT `venta_d...', Array, false)
#4 C:\xampp\htdocs\Proyecto-Emilio-Erk\system\Model.php(241): CodeIgniter\Database\BaseBuilder->get()
#5 C:\xampp\htdocs\Proyecto-Emilio-Erk\system\BaseModel.php(618): CodeIgniter\Model->doFindAll(0, 0)
#6 C:\xampp\htdocs\Proyecto-Emilio-Erk\app\Controllers\Ventascontroller.php(263): CodeIgniter\BaseModel->findAll()
#7 C:\xampp\htdocs\Proyecto-Emilio-Erk\system\CodeIgniter.php(934): App\Controllers\Ventascontroller->resumen('5')
#8 C:\xampp\htdocs\Proyecto-Emilio-Erk\system\CodeIgniter.php(499): CodeIgniter\CodeIgniter->runController(Object(App\Controllers\Ventascontroller))
#9 C:\xampp\htdocs\Proyecto-Emilio-Erk\system\CodeIgniter.php(368): CodeIgniter\CodeIgniter->handleRequest(NULL, Object(Config\Cache), false)
#10 C:\xampp\htdocs\Proyecto-Emilio-Erk\index.php(67): CodeIgniter\CodeIgniter->run()
#11 {main}
CRITICAL - 2025-06-05 20:22:46 --> Table 'emilio.productos' doesn't exist
in SYSTEMPATH\Database\BaseConnection.php on line 645.
 1 SYSTEMPATH\Database\BaseBuilder.php(1616): CodeIgniter\Database\BaseConnection->query('SELECT `venta_detalle`.*, `producto`.`Nombre` as `producto_nombre`
FROM `venta_detalle`
JOIN `productos` ON `producto`.`ID_Pro` = `venta_detalle`.`producto_id`
WHERE `venta_id` = :venta_id:', [...], false)
 2 SYSTEMPATH\Model.php(241): CodeIgniter\Database\BaseBuilder->get()
 3 SYSTEMPATH\BaseModel.php(618): CodeIgniter\Model->doFindAll(0, 0)
 4 APPPATH\Controllers\Ventascontroller.php(263): CodeIgniter\BaseModel->findAll()
 5 SYSTEMPATH\CodeIgniter.php(934): App\Controllers\Ventascontroller->resumen('5')
 6 SYSTEMPATH\CodeIgniter.php(499): CodeIgniter\CodeIgniter->runController(Object(App\Controllers\Ventascontroller))
 7 SYSTEMPATH\CodeIgniter.php(368): CodeIgniter\CodeIgniter->handleRequest(null, Object(Config\Cache), false)
 8 FCPATH\index.php(67): CodeIgniter\CodeIgniter->run()
ERROR - 2025-06-05 20:22:47 --> mysqli_sql_exception: Table 'emilio.productos' doesn't exist in C:\xampp\htdocs\Proyecto-Emilio-Erk\system\Database\MySQLi\Connection.php:295
Stack trace:
#0 C:\xampp\htdocs\Proyecto-Emilio-Erk\system\Database\MySQLi\Connection.php(295): mysqli->query('SELECT `venta_d...', 0)
#1 C:\xampp\htdocs\Proyecto-Emilio-Erk\system\Database\BaseConnection.php(691): CodeIgniter\Database\MySQLi\Connection->execute('SELECT `venta_d...')
#2 C:\xampp\htdocs\Proyecto-Emilio-Erk\system\Database\BaseConnection.php(605): CodeIgniter\Database\BaseConnection->simpleQuery('SELECT `venta_d...')
#3 C:\xampp\htdocs\Proyecto-Emilio-Erk\system\Database\BaseBuilder.php(1616): CodeIgniter\Database\BaseConnection->query('SELECT `venta_d...', Array, false)
#4 C:\xampp\htdocs\Proyecto-Emilio-Erk\system\Model.php(241): CodeIgniter\Database\BaseBuilder->get()
#5 C:\xampp\htdocs\Proyecto-Emilio-Erk\system\BaseModel.php(618): CodeIgniter\Model->doFindAll(0, 0)
#6 C:\xampp\htdocs\Proyecto-Emilio-Erk\app\Controllers\Ventascontroller.php(263): CodeIgniter\BaseModel->findAll()
#7 C:\xampp\htdocs\Proyecto-Emilio-Erk\system\CodeIgniter.php(934): App\Controllers\Ventascontroller->resumen('5')
#8 C:\xampp\htdocs\Proyecto-Emilio-Erk\system\CodeIgniter.php(499): CodeIgniter\CodeIgniter->runController(Object(App\Controllers\Ventascontroller))
#9 C:\xampp\htdocs\Proyecto-Emilio-Erk\system\CodeIgniter.php(368): CodeIgniter\CodeIgniter->handleRequest(NULL, Object(Config\Cache), false)
#10 C:\xampp\htdocs\Proyecto-Emilio-Erk\index.php(67): CodeIgniter\CodeIgniter->run()
#11 {main}
CRITICAL - 2025-06-05 20:22:47 --> Table 'emilio.productos' doesn't exist
in SYSTEMPATH\Database\BaseConnection.php on line 645.
 1 SYSTEMPATH\Database\BaseBuilder.php(1616): CodeIgniter\Database\BaseConnection->query('SELECT `venta_detalle`.*, `producto`.`Nombre` as `producto_nombre`
FROM `venta_detalle`
JOIN `productos` ON `producto`.`ID_Pro` = `venta_detalle`.`producto_id`
WHERE `venta_id` = :venta_id:', [...], false)
 2 SYSTEMPATH\Model.php(241): CodeIgniter\Database\BaseBuilder->get()
 3 SYSTEMPATH\BaseModel.php(618): CodeIgniter\Model->doFindAll(0, 0)
 4 APPPATH\Controllers\Ventascontroller.php(263): CodeIgniter\BaseModel->findAll()
 5 SYSTEMPATH\CodeIgniter.php(934): App\Controllers\Ventascontroller->resumen('5')
 6 SYSTEMPATH\CodeIgniter.php(499): CodeIgniter\CodeIgniter->runController(Object(App\Controllers\Ventascontroller))
 7 SYSTEMPATH\CodeIgniter.php(368): CodeIgniter\CodeIgniter->handleRequest(null, Object(Config\Cache), false)
 8 FCPATH\index.php(67): CodeIgniter\CodeIgniter->run()
INFO - 2025-06-05 20:22:51 --> Session: Class initialized using 'CodeIgniter\Session\Handlers\FileHandler' driver.
INFO - 2025-06-05 20:22:51 --> Cart Class Initialized
INFO - 2025-06-05 20:49:55 --> Session: Class initialized using 'CodeIgniter\Session\Handlers\FileHandler' driver.
INFO - 2025-06-05 20:49:55 --> Cart Class Initialized
INFO - 2025-06-05 20:49:56 --> Session: Class initialized using 'CodeIgniter\Session\Handlers\FileHandler' driver.
INFO - 2025-06-05 20:49:56 --> Session: Class initialized using 'CodeIgniter\Session\Handlers\FileHandler' driver.
INFO - 2025-06-05 20:49:56 --> Cart Class Initialized
INFO - 2025-06-05 20:55:33 --> Session: Class initialized using 'CodeIgniter\Session\Handlers\FileHandler' driver.
INFO - 2025-06-05 20:55:33 --> Cart Class Initialized
INFO - 2025-06-05 20:55:38 --> Session: Class initialized using 'CodeIgniter\Session\Handlers\FileHandler' driver.
INFO - 2025-06-05 20:55:38 --> Session: Class initialized using 'CodeIgniter\Session\Handlers\FileHandler' driver.
INFO - 2025-06-05 20:55:38 --> Cart Class Initialized
ERROR - 2025-06-05 20:55:45 --> mysqli_sql_exception: Table 'emilio.productos' doesn't exist in C:\xampp\htdocs\Proyecto-Emilio-Erk\system\Database\MySQLi\Connection.php:295
Stack trace:
#0 C:\xampp\htdocs\Proyecto-Emilio-Erk\system\Database\MySQLi\Connection.php(295): mysqli->query('SELECT `venta_d...', 0)
#1 C:\xampp\htdocs\Proyecto-Emilio-Erk\system\Database\BaseConnection.php(691): CodeIgniter\Database\MySQLi\Connection->execute('SELECT `venta_d...')
#2 C:\xampp\htdocs\Proyecto-Emilio-Erk\system\Database\BaseConnection.php(605): CodeIgniter\Database\BaseConnection->simpleQuery('SELECT `venta_d...')
#3 C:\xampp\htdocs\Proyecto-Emilio-Erk\system\Database\BaseBuilder.php(1616): CodeIgniter\Database\BaseConnection->query('SELECT `venta_d...', Array, false)
#4 C:\xampp\htdocs\Proyecto-Emilio-Erk\system\Model.php(241): CodeIgniter\Database\BaseBuilder->get()
#5 C:\xampp\htdocs\Proyecto-Emilio-Erk\system\BaseModel.php(618): CodeIgniter\Model->doFindAll(0, 0)
#6 C:\xampp\htdocs\Proyecto-Emilio-Erk\app\Controllers\Ventascontroller.php(263): CodeIgniter\BaseModel->findAll()
#7 C:\xampp\htdocs\Proyecto-Emilio-Erk\system\CodeIgniter.php(934): App\Controllers\Ventascontroller->resumen('5')
#8 C:\xampp\htdocs\Proyecto-Emilio-Erk\system\CodeIgniter.php(499): CodeIgniter\CodeIgniter->runController(Object(App\Controllers\Ventascontroller))
#9 C:\xampp\htdocs\Proyecto-Emilio-Erk\system\CodeIgniter.php(368): CodeIgniter\CodeIgniter->handleRequest(NULL, Object(Config\Cache), false)
#10 C:\xampp\htdocs\Proyecto-Emilio-Erk\index.php(67): CodeIgniter\CodeIgniter->run()
#11 {main}
CRITICAL - 2025-06-05 20:55:45 --> Table 'emilio.productos' doesn't exist
in SYSTEMPATH\Database\BaseConnection.php on line 645.
 1 SYSTEMPATH\Database\BaseBuilder.php(1616): CodeIgniter\Database\BaseConnection->query('SELECT `venta_detalle`.*, `producto`.`Nombre` as `producto_nombre`
FROM `venta_detalle`
JOIN `productos` ON `producto`.`ID_Pro` = `venta_detalle`.`producto_id`
WHERE `venta_id` = :venta_id:', [...], false)
 2 SYSTEMPATH\Model.php(241): CodeIgniter\Database\BaseBuilder->get()
 3 SYSTEMPATH\BaseModel.php(618): CodeIgniter\Model->doFindAll(0, 0)
 4 APPPATH\Controllers\Ventascontroller.php(263): CodeIgniter\BaseModel->findAll()
 5 SYSTEMPATH\CodeIgniter.php(934): App\Controllers\Ventascontroller->resumen('5')
 6 SYSTEMPATH\CodeIgniter.php(499): CodeIgniter\CodeIgniter->runController(Object(App\Controllers\Ventascontroller))
 7 SYSTEMPATH\CodeIgniter.php(368): CodeIgniter\CodeIgniter->handleRequest(null, Object(Config\Cache), false)
 8 FCPATH\index.php(67): CodeIgniter\CodeIgniter->run()
CRITICAL - 2025-06-05 20:56:42 --> Invalid file: "post-venta.php"
in SYSTEMPATH\Exceptions\FrameworkException.php on line 33.
 1 SYSTEMPATH\View\View.php(201): CodeIgniter\Exceptions\FrameworkException::forInvalidFile('post-venta.php')
 2 SYSTEMPATH\Common.php(1184): CodeIgniter\View\View->render('post-venta', [], true)
 3 APPPATH\Controllers\Ventascontroller.php(268): view('post-venta', [...])
 4 SYSTEMPATH\CodeIgniter.php(934): App\Controllers\Ventascontroller->resumen('5')
 5 SYSTEMPATH\CodeIgniter.php(499): CodeIgniter\CodeIgniter->runController(Object(App\Controllers\Ventascontroller))
 6 SYSTEMPATH\CodeIgniter.php(368): CodeIgniter\CodeIgniter->handleRequest(null, Object(Config\Cache), false)
 7 FCPATH\index.php(67): CodeIgniter\CodeIgniter->run()
INFO - 2025-06-05 21:00:16 --> Session: Class initialized using 'CodeIgniter\Session\Handlers\FileHandler' driver.
INFO - 2025-06-05 21:00:16 --> Cart Class Initialized
CRITICAL - 2025-06-05 21:07:28 --> Invalid file: "post-venta.php"
in SYSTEMPATH\Exceptions\FrameworkException.php on line 33.
 1 SYSTEMPATH\View\View.php(201): CodeIgniter\Exceptions\FrameworkException::forInvalidFile('post-venta.php')
 2 SYSTEMPATH\Common.php(1184): CodeIgniter\View\View->render('post-venta', [], true)
 3 APPPATH\Controllers\Ventascontroller.php(268): view('post-venta', [...])
 4 SYSTEMPATH\CodeIgniter.php(934): App\Controllers\Ventascontroller->resumen('5')
 5 SYSTEMPATH\CodeIgniter.php(499): CodeIgniter\CodeIgniter->runController(Object(App\Controllers\Ventascontroller))
 6 SYSTEMPATH\CodeIgniter.php(368): CodeIgniter\CodeIgniter->handleRequest(null, Object(Config\Cache), false)
 7 FCPATH\index.php(67): CodeIgniter\CodeIgniter->run()
CRITICAL - 2025-06-05 21:07:54 --> Invalid file: "post-venta.php"
in SYSTEMPATH\Exceptions\FrameworkException.php on line 33.
 1 SYSTEMPATH\View\View.php(201): CodeIgniter\Exceptions\FrameworkException::forInvalidFile('post-venta.php')
 2 SYSTEMPATH\Common.php(1184): CodeIgniter\View\View->render('post-venta', [], true)
 3 APPPATH\Controllers\Ventascontroller.php(268): view('post-venta', [...])
 4 SYSTEMPATH\CodeIgniter.php(934): App\Controllers\Ventascontroller->resumen('5')
 5 SYSTEMPATH\CodeIgniter.php(499): CodeIgniter\CodeIgniter->runController(Object(App\Controllers\Ventascontroller))
 6 SYSTEMPATH\CodeIgniter.php(368): CodeIgniter\CodeIgniter->handleRequest(null, Object(Config\Cache), false)
 7 FCPATH\index.php(67): CodeIgniter\CodeIgniter->run()
INFO - 2025-06-05 21:14:04 --> Session: Class initialized using 'CodeIgniter\Session\Handlers\FileHandler' driver.
INFO - 2025-06-05 21:14:04 --> Cart Class Initialized
INFO - 2025-06-05 21:14:25 --> Session: Class initialized using 'CodeIgniter\Session\Handlers\FileHandler' driver.
INFO - 2025-06-05 21:14:25 --> Cart Class Initialized
INFO - 2025-06-05 21:14:44 --> Session: Class initialized using 'CodeIgniter\Session\Handlers\FileHandler' driver.
INFO - 2025-06-05 21:14:44 --> Cart Class Initialized
INFO - 2025-06-05 21:14:45 --> Session: Class initialized using 'CodeIgniter\Session\Handlers\FileHandler' driver.
INFO - 2025-06-05 21:14:45 --> Cart Class Initialized
INFO - 2025-06-05 21:14:45 --> Session: Class initialized using 'CodeIgniter\Session\Handlers\FileHandler' driver.
INFO - 2025-06-05 21:14:45 --> Cart Class Initialized
INFO - 2025-06-05 21:14:47 --> Session: Class initialized using 'CodeIgniter\Session\Handlers\FileHandler' driver.
INFO - 2025-06-05 21:14:47 --> Cart Class Initialized
INFO - 2025-06-05 21:14:47 --> Session: Class initialized using 'CodeIgniter\Session\Handlers\FileHandler' driver.
INFO - 2025-06-05 21:14:47 --> Cart Class Initialized
INFO - 2025-06-05 21:14:48 --> Session: Class initialized using 'CodeIgniter\Session\Handlers\FileHandler' driver.
INFO - 2025-06-05 21:14:48 --> Cart Class Initialized
INFO - 2025-06-05 21:14:49 --> Session: Class initialized using 'CodeIgniter\Session\Handlers\FileHandler' driver.
INFO - 2025-06-05 21:14:49 --> Cart Class Initialized
INFO - 2025-06-05 21:14:49 --> Session: Class initialized using 'CodeIgniter\Session\Handlers\FileHandler' driver.
INFO - 2025-06-05 21:14:49 --> Cart Class Initialized
INFO - 2025-06-05 21:17:23 --> Session: Class initialized using 'CodeIgniter\Session\Handlers\FileHandler' driver.
INFO - 2025-06-05 21:17:23 --> Cart Class Initialized
INFO - 2025-06-05 21:17:25 --> Session: Class initialized using 'CodeIgniter\Session\Handlers\FileHandler' driver.
INFO - 2025-06-05 21:17:25 --> Cart Class Initialized
INFO - 2025-06-05 21:17:26 --> Session: Class initialized using 'CodeIgniter\Session\Handlers\FileHandler' driver.
INFO - 2025-06-05 21:17:26 --> Cart Class Initialized
INFO - 2025-06-05 21:17:28 --> Session: Class initialized using 'CodeIgniter\Session\Handlers\FileHandler' driver.
INFO - 2025-06-05 21:17:28 --> Cart Class Initialized
INFO - 2025-06-05 21:17:28 --> Session: Class initialized using 'CodeIgniter\Session\Handlers\FileHandler' driver.
INFO - 2025-06-05 21:17:28 --> Cart Class Initialized
INFO - 2025-06-05 21:17:29 --> Session: Class initialized using 'CodeIgniter\Session\Handlers\FileHandler' driver.
INFO - 2025-06-05 21:17:29 --> Cart Class Initialized
INFO - 2025-06-05 21:17:31 --> Session: Class initialized using 'CodeIgniter\Session\Handlers\FileHandler' driver.
INFO - 2025-06-05 21:17:31 --> Cart Class Initialized
INFO - 2025-06-05 21:17:31 --> Session: Class initialized using 'CodeIgniter\Session\Handlers\FileHandler' driver.
INFO - 2025-06-05 21:17:31 --> Cart Class Initialized
INFO - 2025-06-05 21:17:32 --> Session: Class initialized using 'CodeIgniter\Session\Handlers\FileHandler' driver.
INFO - 2025-06-05 21:17:32 --> Cart Class Initialized
INFO - 2025-06-05 21:17:32 --> Session: Class initialized using 'CodeIgniter\Session\Handlers\FileHandler' driver.
INFO - 2025-06-05 21:17:32 --> Cart Class Initialized
INFO - 2025-06-05 21:17:32 --> Session: Class initialized using 'CodeIgniter\Session\Handlers\FileHandler' driver.
INFO - 2025-06-05 21:17:32 --> Cart Class Initialized
INFO - 2025-06-05 21:17:32 --> Session: Class initialized using 'CodeIgniter\Session\Handlers\FileHandler' driver.
INFO - 2025-06-05 21:17:32 --> Cart Class Initialized
INFO - 2025-06-05 21:17:33 --> Session: Class initialized using 'CodeIgniter\Session\Handlers\FileHandler' driver.
INFO - 2025-06-05 21:17:33 --> Cart Class Initialized
INFO - 2025-06-05 21:17:33 --> Session: Class initialized using 'CodeIgniter\Session\Handlers\FileHandler' driver.
INFO - 2025-06-05 21:17:33 --> Cart Class Initialized
INFO - 2025-06-05 21:17:34 --> Session: Class initialized using 'CodeIgniter\Session\Handlers\FileHandler' driver.
INFO - 2025-06-05 21:17:34 --> Cart Class Initialized
INFO - 2025-06-05 21:17:34 --> Session: Class initialized using 'CodeIgniter\Session\Handlers\FileHandler' driver.
INFO - 2025-06-05 21:17:34 --> Cart Class Initialized
INFO - 2025-06-05 21:17:38 --> Session: Class initialized using 'CodeIgniter\Session\Handlers\FileHandler' driver.
INFO - 2025-06-05 21:17:38 --> Cart Class Initialized
INFO - 2025-06-05 21:17:38 --> Session: Class initialized using 'CodeIgniter\Session\Handlers\FileHandler' driver.
INFO - 2025-06-05 21:17:38 --> Cart Class Initialized
INFO - 2025-06-05 21:17:40 --> Session: Class initialized using 'CodeIgniter\Session\Handlers\FileHandler' driver.
INFO - 2025-06-05 21:17:40 --> Cart Class Initialized
INFO - 2025-06-05 21:17:41 --> Session: Class initialized using 'CodeIgniter\Session\Handlers\FileHandler' driver.
INFO - 2025-06-05 21:17:41 --> Cart Class Initialized
INFO - 2025-06-05 21:17:41 --> Session: Class initialized using 'CodeIgniter\Session\Handlers\FileHandler' driver.
INFO - 2025-06-05 21:17:41 --> Cart Class Initialized
INFO - 2025-06-05 21:17:42 --> Session: Class initialized using 'CodeIgniter\Session\Handlers\FileHandler' driver.
INFO - 2025-06-05 21:17:42 --> Cart Class Initialized
INFO - 2025-06-05 21:17:43 --> Session: Class initialized using 'CodeIgniter\Session\Handlers\FileHandler' driver.
INFO - 2025-06-05 21:17:43 --> Cart Class Initialized
INFO - 2025-06-05 21:17:43 --> Session: Class initialized using 'CodeIgniter\Session\Handlers\FileHandler' driver.
INFO - 2025-06-05 21:17:43 --> Cart Class Initialized
INFO - 2025-06-05 21:17:44 --> Session: Class initialized using 'CodeIgniter\Session\Handlers\FileHandler' driver.
INFO - 2025-06-05 21:17:44 --> Cart Class Initialized
INFO - 2025-06-05 21:17:44 --> Session: Class initialized using 'CodeIgniter\Session\Handlers\FileHandler' driver.
INFO - 2025-06-05 21:17:44 --> Cart Class Initialized
INFO - 2025-06-05 21:17:44 --> Session: Class initialized using 'CodeIgniter\Session\Handlers\FileHandler' driver.
INFO - 2025-06-05 21:17:44 --> Cart Class Initialized
INFO - 2025-06-05 21:17:44 --> Session: Class initialized using 'CodeIgniter\Session\Handlers\FileHandler' driver.
INFO - 2025-06-05 21:17:44 --> Cart Class Initialized
INFO - 2025-06-05 21:17:44 --> Session: Class initialized using 'CodeIgniter\Session\Handlers\FileHandler' driver.
INFO - 2025-06-05 21:17:44 --> Cart Class Initialized
INFO - 2025-06-05 21:17:45 --> Session: Class initialized using 'CodeIgniter\Session\Handlers\FileHandler' driver.
INFO - 2025-06-05 21:17:45 --> Cart Class Initialized
INFO - 2025-06-05 21:17:46 --> Session: Class initialized using 'CodeIgniter\Session\Handlers\FileHandler' driver.
INFO - 2025-06-05 21:17:46 --> Cart Class Initialized
INFO - 2025-06-05 21:17:46 --> Session: Class initialized using 'CodeIgniter\Session\Handlers\FileHandler' driver.
INFO - 2025-06-05 21:17:46 --> Cart Class Initialized
INFO - 2025-06-05 23:21:02 --> Session: Class initialized using 'CodeIgniter\Session\Handlers\FileHandler' driver.
INFO - 2025-06-05 23:21:02 --> Cart Class Initialized
INFO - 2025-06-05 23:21:32 --> Session: Class initialized using 'CodeIgniter\Session\Handlers\FileHandler' driver.
INFO - 2025-06-05 23:21:32 --> Cart Class Initialized
INFO - 2025-06-05 23:21:38 --> Session: Class initialized using 'CodeIgniter\Session\Handlers\FileHandler' driver.
INFO - 2025-06-05 23:21:38 --> Session: Class initialized using 'CodeIgniter\Session\Handlers\FileHandler' driver.
INFO - 2025-06-05 23:21:38 --> Cart Class Initialized
INFO - 2025-06-05 23:21:44 --> Session: Class initialized using 'CodeIgniter\Session\Handlers\FileHandler' driver.
INFO - 2025-06-05 23:21:44 --> Cart Class Initialized
INFO - 2025-06-05 23:22:41 --> Session: Class initialized using 'CodeIgniter\Session\Handlers\FileHandler' driver.
INFO - 2025-06-05 23:22:41 --> Cart Class Initialized
INFO - 2025-06-05 23:29:38 --> Session: Class initialized using 'CodeIgniter\Session\Handlers\FileHandler' driver.
INFO - 2025-06-05 23:29:38 --> Cart Class Initialized
CRITICAL - 2025-06-05 23:29:38 --> Undefined variable: detalles
in APPPATH\Views\post-venta.php on line 28.
 1 APPPATH\Views\post-venta.php(28): CodeIgniter\Debug\Exceptions->errorHandler(8, 'Undefined variable: detalles', 'APPPATH\\Views\\post-venta.php', 28, [...])
 2 SYSTEMPATH\View\View.php(213): include('APPPATH\\Views\\post-venta.php')
 3 SYSTEMPATH\View\View.php(216): CodeIgniter\View\View->CodeIgniter\View\{closure}()
 4 SYSTEMPATH\Common.php(1184): CodeIgniter\View\View->render('post-venta', [], true)
 5 APPPATH\Controllers\Ventascontroller.php(269): view('post-venta', [...])
 6 SYSTEMPATH\CodeIgniter.php(934): App\Controllers\Ventascontroller->resumen('3')
 7 SYSTEMPATH\CodeIgniter.php(499): CodeIgniter\CodeIgniter->runController(Object(App\Controllers\Ventascontroller))
 8 SYSTEMPATH\CodeIgniter.php(368): CodeIgniter\CodeIgniter->handleRequest(null, Object(Config\Cache), false)
 9 FCPATH\index.php(67): CodeIgniter\CodeIgniter->run()
CRITICAL - 2025-06-05 23:31:39 --> syntax error, unexpected '=>' (T_DOUBLE_ARROW), expecting ')'
in APPPATH\Controllers\Ventascontroller.php on line 269.
 1 SYSTEMPATH\Autoloader\Autoloader.php(289): CodeIgniter\Autoloader\Autoloader->includeFile('APPPATH\\Controllers\\Ventascontroller.php')
 2 SYSTEMPATH\Autoloader\Autoloader.php(267): CodeIgniter\Autoloader\Autoloader->loadInNamespace('App\\Controllers\\Ventascontroller')
 3 [internal function]: CodeIgniter\Autoloader\Autoloader->loadClass('App\\Controllers\\Ventascontroller')
 4 [internal function]: spl_autoload_call('App\\Controllers\\Ventascontroller')
 5 SYSTEMPATH\CodeIgniter.php(892): class_exists('\\App\\Controllers\\Ventascontroller', true)
 6 SYSTEMPATH\CodeIgniter.php(486): CodeIgniter\CodeIgniter->startController()
 7 SYSTEMPATH\CodeIgniter.php(368): CodeIgniter\CodeIgniter->handleRequest(null, Object(Config\Cache), false)
 8 FCPATH\index.php(67): CodeIgniter\CodeIgniter->run()
INFO - 2025-06-05 23:33:37 --> Session: Class initialized using 'CodeIgniter\Session\Handlers\FileHandler' driver.
INFO - 2025-06-05 23:33:37 --> Cart Class Initialized
CRITICAL - 2025-06-05 23:33:37 --> Undefined variable: detalle
in APPPATH\Controllers\Ventascontroller.php on line 270.
 1 APPPATH\Controllers\Ventascontroller.php(270): CodeIgniter\Debug\Exceptions->errorHandler(8, 'Undefined variable: detalle', 'APPPATH\\Controllers\\Ventascontroller.php', 270, [...])
 2 SYSTEMPATH\CodeIgniter.php(934): App\Controllers\Ventascontroller->resumen('3')
 3 SYSTEMPATH\CodeIgniter.php(499): CodeIgniter\CodeIgniter->runController(Object(App\Controllers\Ventascontroller))
 4 SYSTEMPATH\CodeIgniter.php(368): CodeIgniter\CodeIgniter->handleRequest(null, Object(Config\Cache), false)
 5 FCPATH\index.php(67): CodeIgniter\CodeIgniter->run()
INFO - 2025-06-05 23:34:56 --> Session: Class initialized using 'CodeIgniter\Session\Handlers\FileHandler' driver.
INFO - 2025-06-05 23:34:56 --> Cart Class Initialized
INFO - 2025-06-05 23:35:00 --> Session: Class initialized using 'CodeIgniter\Session\Handlers\FileHandler' driver.
INFO - 2025-06-05 23:35:00 --> Cart Class Initialized
INFO - 2025-06-05 23:35:43 --> Session: Class initialized using 'CodeIgniter\Session\Handlers\FileHandler' driver.
INFO - 2025-06-05 23:35:43 --> Cart Class Initialized
INFO - 2025-06-05 23:40:02 --> Session: Class initialized using 'CodeIgniter\Session\Handlers\FileHandler' driver.
INFO - 2025-06-05 23:40:02 --> Cart Class Initialized
INFO - 2025-06-05 23:42:25 --> Session: Class initialized using 'CodeIgniter\Session\Handlers\FileHandler' driver.
INFO - 2025-06-05 23:42:25 --> Cart Class Initialized
INFO - 2025-06-05 23:42:35 --> Session: Class initialized using 'CodeIgniter\Session\Handlers\FileHandler' driver.
INFO - 2025-06-05 23:42:35 --> Cart Class Initialized
INFO - 2025-06-05 23:44:11 --> Session: Class initialized using 'CodeIgniter\Session\Handlers\FileHandler' driver.
INFO - 2025-06-05 23:44:11 --> Cart Class Initialized
INFO - 2025-06-05 23:51:33 --> Session: Class initialized using 'CodeIgniter\Session\Handlers\FileHandler' driver.
INFO - 2025-06-05 23:51:33 --> Cart Class Initialized
INFO - 2025-06-05 23:56:53 --> Session: Class initialized using 'CodeIgniter\Session\Handlers\FileHandler' driver.
INFO - 2025-06-05 23:56:53 --> Cart Class Initialized
INFO - 2025-06-05 23:57:18 --> Session: Class initialized using 'CodeIgniter\Session\Handlers\FileHandler' driver.
INFO - 2025-06-05 23:57:18 --> Cart Class Initialized
INFO - 2025-06-05 23:57:22 --> Session: Class initialized using 'CodeIgniter\Session\Handlers\FileHandler' driver.
INFO - 2025-06-05 23:57:22 --> Cart Class Initialized
INFO - 2025-06-05 23:57:24 --> Session: Class initialized using 'CodeIgniter\Session\Handlers\FileHandler' driver.
INFO - 2025-06-05 23:57:24 --> Cart Class Initialized
INFO - 2025-06-05 23:57:25 --> Session: Class initialized using 'CodeIgniter\Session\Handlers\FileHandler' driver.
INFO - 2025-06-05 23:57:25 --> Cart Class Initialized
INFO - 2025-06-05 23:57:25 --> Session: Class initialized using 'CodeIgniter\Session\Handlers\FileHandler' driver.
INFO - 2025-06-05 23:57:25 --> Cart Class Initialized
INFO - 2025-06-05 23:57:26 --> Session: Class initialized using 'CodeIgniter\Session\Handlers\FileHandler' driver.
INFO - 2025-06-05 23:57:26 --> Cart Class Initialized
INFO - 2025-06-05 23:57:26 --> Session: Class initialized using 'CodeIgniter\Session\Handlers\FileHandler' driver.
INFO - 2025-06-05 23:57:26 --> Cart Class Initialized
INFO - 2025-06-05 23:57:29 --> Session: Class initialized using 'CodeIgniter\Session\Handlers\FileHandler' driver.
INFO - 2025-06-05 23:57:29 --> Cart Class Initialized
INFO - 2025-06-05 23:57:37 --> Session: Class initialized using 'CodeIgniter\Session\Handlers\FileHandler' driver.
INFO - 2025-06-05 23:57:37 --> Cart Class Initialized
INFO - 2025-06-05 23:57:41 --> Session: Class initialized using 'CodeIgniter\Session\Handlers\FileHandler' driver.
INFO - 2025-06-05 23:57:41 --> Cart Class Initialized
INFO - 2025-06-05 23:57:41 --> Session: Class initialized using 'CodeIgniter\Session\Handlers\FileHandler' driver.
INFO - 2025-06-05 23:57:41 --> Cart Class Initialized
