INFO - 2025-05-29 00:44:42 --> Session: Class initialized using 'CodeIgniter\Session\Handlers\FileHandler' driver.
INFO - 2025-05-29 00:44:42 --> Cart Class Initialized
INFO - 2025-05-29 00:44:48 --> Session: Class initialized using 'CodeIgniter\Session\Handlers\FileHandler' driver.
INFO - 2025-05-29 00:44:48 --> Cart Class Initialized
INFO - 2025-05-29 00:44:48 --> Session: Class initialized using 'CodeIgniter\Session\Handlers\FileHandler' driver.
INFO - 2025-05-29 00:44:48 --> Cart Class Initialized
INFO - 2025-05-29 00:44:50 --> Session: Class initialized using 'CodeIgniter\Session\Handlers\FileHandler' driver.
INFO - 2025-05-29 00:44:51 --> Session: Class initialized using 'CodeIgniter\Session\Handlers\FileHandler' driver.
INFO - 2025-05-29 00:44:51 --> Cart Class Initialized
INFO - 2025-05-29 00:44:52 --> Session: Class initialized using 'CodeIgniter\Session\Handlers\FileHandler' driver.
INFO - 2025-05-29 00:44:52 --> Session: Class initialized using 'CodeIgniter\Session\Handlers\FileHandler' driver.
INFO - 2025-05-29 00:44:52 --> Cart Class Initialized
INFO - 2025-05-29 00:44:57 --> Session: Class initialized using 'CodeIgniter\Session\Handlers\FileHandler' driver.
INFO - 2025-05-29 00:44:57 --> Cart Class Initialized
INFO - 2025-05-29 00:45:08 --> Session: Class initialized using 'CodeIgniter\Session\Handlers\FileHandler' driver.
INFO - 2025-05-29 00:45:08 --> Cart Class Initialized
INFO - 2025-05-29 00:45:16 --> Session: Class initialized using 'CodeIgniter\Session\Handlers\FileHandler' driver.
INFO - 2025-05-29 00:45:16 --> Session: Class initialized using 'CodeIgniter\Session\Handlers\FileHandler' driver.
INFO - 2025-05-29 00:45:16 --> Cart Class Initialized
INFO - 2025-05-29 00:45:18 --> Session: Class initialized using 'CodeIgniter\Session\Handlers\FileHandler' driver.
INFO - 2025-05-29 00:45:18 --> Cart Class Initialized
INFO - 2025-05-29 00:45:26 --> Session: Class initialized using 'CodeIgniter\Session\Handlers\FileHandler' driver.
INFO - 2025-05-29 00:45:26 --> Session: Class initialized using 'CodeIgniter\Session\Handlers\FileHandler' driver.
INFO - 2025-05-29 00:45:26 --> Cart Class Initialized
INFO - 2025-05-29 00:45:31 --> Session: Class initialized using 'CodeIgniter\Session\Handlers\FileHandler' driver.
INFO - 2025-05-29 00:45:31 --> Session: Class initialized using 'CodeIgniter\Session\Handlers\FileHandler' driver.
INFO - 2025-05-29 00:45:31 --> Cart Class Initialized
INFO - 2025-05-29 00:45:32 --> Session: Class initialized using 'CodeIgniter\Session\Handlers\FileHandler' driver.
INFO - 2025-05-29 00:45:32 --> Cart Class Initialized
INFO - 2025-05-29 00:45:34 --> Session: Class initialized using 'CodeIgniter\Session\Handlers\FileHandler' driver.
INFO - 2025-05-29 00:45:34 --> Cart Class Initialized
INFO - 2025-05-29 00:45:34 --> Session: Class initialized using 'CodeIgniter\Session\Handlers\FileHandler' driver.
INFO - 2025-05-29 00:45:34 --> Cart Class Initialized
INFO - 2025-05-29 00:45:35 --> Session: Class initialized using 'CodeIgniter\Session\Handlers\FileHandler' driver.
INFO - 2025-05-29 00:45:35 --> Cart Class Initialized
INFO - 2025-05-29 00:45:35 --> Session: Class initialized using 'CodeIgniter\Session\Handlers\FileHandler' driver.
INFO - 2025-05-29 00:45:35 --> Cart Class Initialized
INFO - 2025-05-29 00:45:37 --> Session: Class initialized using 'CodeIgniter\Session\Handlers\FileHandler' driver.
INFO - 2025-05-29 00:45:37 --> Cart Class Initialized
INFO - 2025-05-29 00:45:37 --> Session: Class initialized using 'CodeIgniter\Session\Handlers\FileHandler' driver.
INFO - 2025-05-29 00:45:37 --> Cart Class Initialized
INFO - 2025-05-29 00:45:38 --> Session: Class initialized using 'CodeIgniter\Session\Handlers\FileHandler' driver.
INFO - 2025-05-29 00:45:38 --> Cart Class Initialized
INFO - 2025-05-29 00:45:38 --> Session: Class initialized using 'CodeIgniter\Session\Handlers\FileHandler' driver.
INFO - 2025-05-29 00:45:38 --> Cart Class Initialized
INFO - 2025-05-29 00:45:40 --> Session: Class initialized using 'CodeIgniter\Session\Handlers\FileHandler' driver.
INFO - 2025-05-29 00:45:40 --> Cart Class Initialized
INFO - 2025-05-29 00:45:42 --> Session: Class initialized using 'CodeIgniter\Session\Handlers\FileHandler' driver.
INFO - 2025-05-29 00:45:42 --> Cart Class Initialized
INFO - 2025-05-29 00:45:42 --> Session: Class initialized using 'CodeIgniter\Session\Handlers\FileHandler' driver.
INFO - 2025-05-29 00:45:42 --> Cart Class Initialized
INFO - 2025-05-29 00:55:30 --> Session: Class initialized using 'CodeIgniter\Session\Handlers\FileHandler' driver.
INFO - 2025-05-29 00:55:30 --> Cart Class Initialized
INFO - 2025-05-29 00:55:31 --> Session: Class initialized using 'CodeIgniter\Session\Handlers\FileHandler' driver.
INFO - 2025-05-29 00:55:31 --> Cart Class Initialized
INFO - 2025-05-29 00:55:33 --> Session: Class initialized using 'CodeIgniter\Session\Handlers\FileHandler' driver.
INFO - 2025-05-29 00:55:33 --> Cart Class Initialized
INFO - 2025-05-29 00:55:33 --> Session: Class initialized using 'CodeIgniter\Session\Handlers\FileHandler' driver.
INFO - 2025-05-29 00:55:33 --> Cart Class Initialized
INFO - 2025-05-29 00:55:34 --> Session: Class initialized using 'CodeIgniter\Session\Handlers\FileHandler' driver.
INFO - 2025-05-29 00:55:34 --> Cart Class Initialized
INFO - 2025-05-29 00:55:34 --> Session: Class initialized using 'CodeIgniter\Session\Handlers\FileHandler' driver.
INFO - 2025-05-29 00:55:34 --> Cart Class Initialized
INFO - 2025-05-29 00:55:35 --> Session: Class initialized using 'CodeIgniter\Session\Handlers\FileHandler' driver.
INFO - 2025-05-29 00:55:35 --> Cart Class Initialized
INFO - 2025-05-29 00:55:35 --> Session: Class initialized using 'CodeIgniter\Session\Handlers\FileHandler' driver.
INFO - 2025-05-29 00:55:35 --> Cart Class Initialized
INFO - 2025-05-29 00:55:37 --> Session: Class initialized using 'CodeIgniter\Session\Handlers\FileHandler' driver.
INFO - 2025-05-29 00:55:37 --> Cart Class Initialized
INFO - 2025-05-29 00:55:38 --> Session: Class initialized using 'CodeIgniter\Session\Handlers\FileHandler' driver.
INFO - 2025-05-29 00:55:38 --> Cart Class Initialized
INFO - 2025-05-29 00:55:39 --> Session: Class initialized using 'CodeIgniter\Session\Handlers\FileHandler' driver.
INFO - 2025-05-29 00:55:39 --> Cart Class Initialized
INFO - 2025-05-29 00:55:41 --> Session: Class initialized using 'CodeIgniter\Session\Handlers\FileHandler' driver.
INFO - 2025-05-29 00:55:41 --> Cart Class Initialized
INFO - 2025-05-29 00:55:41 --> Session: Class initialized using 'CodeIgniter\Session\Handlers\FileHandler' driver.
INFO - 2025-05-29 00:55:41 --> Cart Class Initialized
INFO - 2025-05-29 00:55:46 --> Session: Class initialized using 'CodeIgniter\Session\Handlers\FileHandler' driver.
INFO - 2025-05-29 00:55:46 --> Cart Class Initialized
INFO - 2025-05-29 00:55:47 --> Session: Class initialized using 'CodeIgniter\Session\Handlers\FileHandler' driver.
INFO - 2025-05-29 00:55:47 --> Cart Class Initialized
INFO - 2025-05-29 00:55:48 --> Session: Class initialized using 'CodeIgniter\Session\Handlers\FileHandler' driver.
INFO - 2025-05-29 00:55:48 --> Cart Class Initialized
INFO - 2025-05-29 00:55:49 --> Session: Class initialized using 'CodeIgniter\Session\Handlers\FileHandler' driver.
INFO - 2025-05-29 00:55:49 --> Cart Class Initialized
INFO - 2025-05-29 00:55:49 --> Session: Class initialized using 'CodeIgniter\Session\Handlers\FileHandler' driver.
INFO - 2025-05-29 00:55:49 --> Cart Class Initialized
INFO - 2025-05-29 00:55:50 --> Session: Class initialized using 'CodeIgniter\Session\Handlers\FileHandler' driver.
INFO - 2025-05-29 00:55:50 --> Cart Class Initialized
INFO - 2025-05-29 00:55:50 --> Session: Class initialized using 'CodeIgniter\Session\Handlers\FileHandler' driver.
INFO - 2025-05-29 00:55:50 --> Cart Class Initialized
INFO - 2025-05-29 00:55:53 --> Session: Class initialized using 'CodeIgniter\Session\Handlers\FileHandler' driver.
INFO - 2025-05-29 00:55:53 --> Cart Class Initialized
INFO - 2025-05-29 00:55:53 --> Session: Class initialized using 'CodeIgniter\Session\Handlers\FileHandler' driver.
INFO - 2025-05-29 00:55:53 --> Cart Class Initialized
INFO - 2025-05-29 00:55:54 --> Session: Class initialized using 'CodeIgniter\Session\Handlers\FileHandler' driver.
INFO - 2025-05-29 00:55:54 --> Cart Class Initialized
INFO - 2025-05-29 00:55:55 --> Session: Class initialized using 'CodeIgniter\Session\Handlers\FileHandler' driver.
INFO - 2025-05-29 00:55:55 --> Cart Class Initialized
INFO - 2025-05-29 00:55:55 --> Session: Class initialized using 'CodeIgniter\Session\Handlers\FileHandler' driver.
INFO - 2025-05-29 00:55:55 --> Cart Class Initialized
INFO - 2025-05-29 01:00:48 --> Session: Class initialized using 'CodeIgniter\Session\Handlers\FileHandler' driver.
INFO - 2025-05-29 01:00:48 --> Cart Class Initialized
INFO - 2025-05-29 01:00:49 --> Session: Class initialized using 'CodeIgniter\Session\Handlers\FileHandler' driver.
INFO - 2025-05-29 01:00:49 --> Cart Class Initialized
INFO - 2025-05-29 01:00:49 --> Session: Class initialized using 'CodeIgniter\Session\Handlers\FileHandler' driver.
INFO - 2025-05-29 01:00:49 --> Cart Class Initialized
INFO - 2025-05-29 01:00:50 --> Session: Class initialized using 'CodeIgniter\Session\Handlers\FileHandler' driver.
INFO - 2025-05-29 01:00:50 --> Cart Class Initialized
INFO - 2025-05-29 01:00:50 --> Session: Class initialized using 'CodeIgniter\Session\Handlers\FileHandler' driver.
INFO - 2025-05-29 01:00:50 --> Cart Class Initialized
INFO - 2025-05-29 01:00:51 --> Session: Class initialized using 'CodeIgniter\Session\Handlers\FileHandler' driver.
INFO - 2025-05-29 01:00:51 --> Cart Class Initialized
CRITICAL - 2025-05-29 01:00:51 --> Call to a member function totalItems() on array
in APPPATH\Views\Carrito\Carrito_parte_view.php on line 66.
 1 SYSTEMPATH\View\View.php(213): include()
 2 SYSTEMPATH\View\View.php(216): CodeIgniter\View\View->CodeIgniter\View\{closure}()
 3 SYSTEMPATH\Common.php(1184): CodeIgniter\View\View->render('Carrito/Carrito_parte_view', [], true)
 4 APPPATH\Controllers\Carrito_controller.php(86): view('Carrito/Carrito_parte_view')
 5 SYSTEMPATH\CodeIgniter.php(934): App\Controllers\Carrito_controller->muestra()
 6 SYSTEMPATH\CodeIgniter.php(499): CodeIgniter\CodeIgniter->runController(Object(App\Controllers\Carrito_controller))
 7 SYSTEMPATH\CodeIgniter.php(368): CodeIgniter\CodeIgniter->handleRequest(null, Object(Config\Cache), false)
 8 FCPATH\index.php(67): CodeIgniter\CodeIgniter->run()
INFO - 2025-05-29 01:01:28 --> Session: Class initialized using 'CodeIgniter\Session\Handlers\FileHandler' driver.
INFO - 2025-05-29 01:01:28 --> Cart Class Initialized
INFO - 2025-05-29 01:01:29 --> Session: Class initialized using 'CodeIgniter\Session\Handlers\FileHandler' driver.
INFO - 2025-05-29 01:01:29 --> Cart Class Initialized
INFO - 2025-05-29 01:01:29 --> Session: Class initialized using 'CodeIgniter\Session\Handlers\FileHandler' driver.
INFO - 2025-05-29 01:01:29 --> Cart Class Initialized
INFO - 2025-05-29 01:01:32 --> Session: Class initialized using 'CodeIgniter\Session\Handlers\FileHandler' driver.
INFO - 2025-05-29 01:01:32 --> Cart Class Initialized
INFO - 2025-05-29 01:01:33 --> Session: Class initialized using 'CodeIgniter\Session\Handlers\FileHandler' driver.
INFO - 2025-05-29 01:01:33 --> Cart Class Initialized
INFO - 2025-05-29 01:01:33 --> Session: Class initialized using 'CodeIgniter\Session\Handlers\FileHandler' driver.
INFO - 2025-05-29 01:01:33 --> Cart Class Initialized
INFO - 2025-05-29 01:01:34 --> Session: Class initialized using 'CodeIgniter\Session\Handlers\FileHandler' driver.
INFO - 2025-05-29 01:01:34 --> Cart Class Initialized
INFO - 2025-05-29 01:01:34 --> Session: Class initialized using 'CodeIgniter\Session\Handlers\FileHandler' driver.
INFO - 2025-05-29 01:01:34 --> Cart Class Initialized
INFO - 2025-05-29 01:01:35 --> Session: Class initialized using 'CodeIgniter\Session\Handlers\FileHandler' driver.
INFO - 2025-05-29 01:01:35 --> Cart Class Initialized
INFO - 2025-05-29 01:01:36 --> Session: Class initialized using 'CodeIgniter\Session\Handlers\FileHandler' driver.
INFO - 2025-05-29 01:01:36 --> Cart Class Initialized
INFO - 2025-05-29 01:01:36 --> Session: Class initialized using 'CodeIgniter\Session\Handlers\FileHandler' driver.
INFO - 2025-05-29 01:01:36 --> Cart Class Initialized
INFO - 2025-05-29 01:04:21 --> Session: Class initialized using 'CodeIgniter\Session\Handlers\FileHandler' driver.
INFO - 2025-05-29 01:04:21 --> Cart Class Initialized
INFO - 2025-05-29 01:04:22 --> Session: Class initialized using 'CodeIgniter\Session\Handlers\FileHandler' driver.
INFO - 2025-05-29 01:04:22 --> Cart Class Initialized
INFO - 2025-05-29 01:04:24 --> Session: Class initialized using 'CodeIgniter\Session\Handlers\FileHandler' driver.
INFO - 2025-05-29 01:04:24 --> Cart Class Initialized
INFO - 2025-05-29 01:04:24 --> Session: Class initialized using 'CodeIgniter\Session\Handlers\FileHandler' driver.
INFO - 2025-05-29 01:04:24 --> Cart Class Initialized
INFO - 2025-05-29 01:04:25 --> Session: Class initialized using 'CodeIgniter\Session\Handlers\FileHandler' driver.
INFO - 2025-05-29 01:04:25 --> Cart Class Initialized
INFO - 2025-05-29 01:04:25 --> Session: Class initialized using 'CodeIgniter\Session\Handlers\FileHandler' driver.
INFO - 2025-05-29 01:04:25 --> Cart Class Initialized
INFO - 2025-05-29 01:04:27 --> Session: Class initialized using 'CodeIgniter\Session\Handlers\FileHandler' driver.
INFO - 2025-05-29 01:04:27 --> Cart Class Initialized
INFO - 2025-05-29 01:04:27 --> Session: Class initialized using 'CodeIgniter\Session\Handlers\FileHandler' driver.
INFO - 2025-05-29 01:04:27 --> Cart Class Initialized
INFO - 2025-05-29 01:04:28 --> Session: Class initialized using 'CodeIgniter\Session\Handlers\FileHandler' driver.
INFO - 2025-05-29 01:04:28 --> Cart Class Initialized
INFO - 2025-05-29 01:04:30 --> Session: Class initialized using 'CodeIgniter\Session\Handlers\FileHandler' driver.
INFO - 2025-05-29 01:04:30 --> Cart Class Initialized
INFO - 2025-05-29 01:04:30 --> Session: Class initialized using 'CodeIgniter\Session\Handlers\FileHandler' driver.
INFO - 2025-05-29 01:04:30 --> Cart Class Initialized
INFO - 2025-05-29 01:04:36 --> Session: Class initialized using 'CodeIgniter\Session\Handlers\FileHandler' driver.
INFO - 2025-05-29 01:04:36 --> Cart Class Initialized
INFO - 2025-05-29 01:04:38 --> Session: Class initialized using 'CodeIgniter\Session\Handlers\FileHandler' driver.
INFO - 2025-05-29 01:04:38 --> Cart Class Initialized
INFO - 2025-05-29 01:04:38 --> Session: Class initialized using 'CodeIgniter\Session\Handlers\FileHandler' driver.
INFO - 2025-05-29 01:04:38 --> Cart Class Initialized
INFO - 2025-05-29 01:04:39 --> Session: Class initialized using 'CodeIgniter\Session\Handlers\FileHandler' driver.
INFO - 2025-05-29 01:04:39 --> Cart Class Initialized
INFO - 2025-05-29 01:04:39 --> Session: Class initialized using 'CodeIgniter\Session\Handlers\FileHandler' driver.
INFO - 2025-05-29 01:04:39 --> Cart Class Initialized
INFO - 2025-05-29 01:04:41 --> Session: Class initialized using 'CodeIgniter\Session\Handlers\FileHandler' driver.
INFO - 2025-05-29 01:04:41 --> Cart Class Initialized
INFO - 2025-05-29 01:04:41 --> Session: Class initialized using 'CodeIgniter\Session\Handlers\FileHandler' driver.
INFO - 2025-05-29 01:04:41 --> Cart Class Initialized
INFO - 2025-05-29 01:04:42 --> Session: Class initialized using 'CodeIgniter\Session\Handlers\FileHandler' driver.
INFO - 2025-05-29 01:04:42 --> Cart Class Initialized
INFO - 2025-05-29 01:04:43 --> Session: Class initialized using 'CodeIgniter\Session\Handlers\FileHandler' driver.
INFO - 2025-05-29 01:04:43 --> Cart Class Initialized
INFO - 2025-05-29 01:04:43 --> Session: Class initialized using 'CodeIgniter\Session\Handlers\FileHandler' driver.
INFO - 2025-05-29 01:04:43 --> Cart Class Initialized
INFO - 2025-05-29 01:04:45 --> Session: Class initialized using 'CodeIgniter\Session\Handlers\FileHandler' driver.
INFO - 2025-05-29 01:04:45 --> Cart Class Initialized
INFO - 2025-05-29 01:07:49 --> Session: Class initialized using 'CodeIgniter\Session\Handlers\FileHandler' driver.
INFO - 2025-05-29 01:07:49 --> Cart Class Initialized
INFO - 2025-05-29 01:07:49 --> Session: Class initialized using 'CodeIgniter\Session\Handlers\FileHandler' driver.
INFO - 2025-05-29 01:07:49 --> Cart Class Initialized
INFO - 2025-05-29 01:07:50 --> Session: Class initialized using 'CodeIgniter\Session\Handlers\FileHandler' driver.
INFO - 2025-05-29 01:07:50 --> Cart Class Initialized
INFO - 2025-05-29 01:07:50 --> Session: Class initialized using 'CodeIgniter\Session\Handlers\FileHandler' driver.
INFO - 2025-05-29 01:07:50 --> Cart Class Initialized
INFO - 2025-05-29 01:07:52 --> Session: Class initialized using 'CodeIgniter\Session\Handlers\FileHandler' driver.
INFO - 2025-05-29 01:07:52 --> Cart Class Initialized
INFO - 2025-05-29 01:07:52 --> Session: Class initialized using 'CodeIgniter\Session\Handlers\FileHandler' driver.
INFO - 2025-05-29 01:07:52 --> Cart Class Initialized
INFO - 2025-05-29 01:07:53 --> Session: Class initialized using 'CodeIgniter\Session\Handlers\FileHandler' driver.
INFO - 2025-05-29 01:07:53 --> Cart Class Initialized
INFO - 2025-05-29 01:07:54 --> Session: Class initialized using 'CodeIgniter\Session\Handlers\FileHandler' driver.
INFO - 2025-05-29 01:07:54 --> Cart Class Initialized
INFO - 2025-05-29 01:07:54 --> Session: Class initialized using 'CodeIgniter\Session\Handlers\FileHandler' driver.
INFO - 2025-05-29 01:07:54 --> Cart Class Initialized
INFO - 2025-05-29 01:07:57 --> Session: Class initialized using 'CodeIgniter\Session\Handlers\FileHandler' driver.
INFO - 2025-05-29 01:07:57 --> Cart Class Initialized
INFO - 2025-05-29 01:07:59 --> Session: Class initialized using 'CodeIgniter\Session\Handlers\FileHandler' driver.
INFO - 2025-05-29 01:07:59 --> Cart Class Initialized
INFO - 2025-05-29 01:07:59 --> Session: Class initialized using 'CodeIgniter\Session\Handlers\FileHandler' driver.
INFO - 2025-05-29 01:07:59 --> Cart Class Initialized
INFO - 2025-05-29 01:08:00 --> Session: Class initialized using 'CodeIgniter\Session\Handlers\FileHandler' driver.
INFO - 2025-05-29 01:08:00 --> Cart Class Initialized
INFO - 2025-05-29 01:08:00 --> Session: Class initialized using 'CodeIgniter\Session\Handlers\FileHandler' driver.
INFO - 2025-05-29 01:08:00 --> Cart Class Initialized
INFO - 2025-05-29 01:08:02 --> Session: Class initialized using 'CodeIgniter\Session\Handlers\FileHandler' driver.
INFO - 2025-05-29 01:08:02 --> Cart Class Initialized
INFO - 2025-05-29 01:08:02 --> Session: Class initialized using 'CodeIgniter\Session\Handlers\FileHandler' driver.
INFO - 2025-05-29 01:08:02 --> Cart Class Initialized
INFO - 2025-05-29 01:08:03 --> Session: Class initialized using 'CodeIgniter\Session\Handlers\FileHandler' driver.
INFO - 2025-05-29 01:08:03 --> Cart Class Initialized
INFO - 2025-05-29 01:08:04 --> Session: Class initialized using 'CodeIgniter\Session\Handlers\FileHandler' driver.
INFO - 2025-05-29 01:08:04 --> Cart Class Initialized
INFO - 2025-05-29 01:08:04 --> Session: Class initialized using 'CodeIgniter\Session\Handlers\FileHandler' driver.
INFO - 2025-05-29 01:08:04 --> Cart Class Initialized
INFO - 2025-05-29 01:08:07 --> Session: Class initialized using 'CodeIgniter\Session\Handlers\FileHandler' driver.
INFO - 2025-05-29 01:08:07 --> Cart Class Initialized
INFO - 2025-05-29 01:09:29 --> Session: Class initialized using 'CodeIgniter\Session\Handlers\FileHandler' driver.
INFO - 2025-05-29 01:09:29 --> Cart Class Initialized
INFO - 2025-05-29 01:09:29 --> Session: Class initialized using 'CodeIgniter\Session\Handlers\FileHandler' driver.
INFO - 2025-05-29 01:09:29 --> Cart Class Initialized
INFO - 2025-05-29 01:09:30 --> Session: Class initialized using 'CodeIgniter\Session\Handlers\FileHandler' driver.
INFO - 2025-05-29 01:09:30 --> Cart Class Initialized
INFO - 2025-05-29 01:09:30 --> Session: Class initialized using 'CodeIgniter\Session\Handlers\FileHandler' driver.
INFO - 2025-05-29 01:09:30 --> Cart Class Initialized
INFO - 2025-05-29 01:09:31 --> Session: Class initialized using 'CodeIgniter\Session\Handlers\FileHandler' driver.
INFO - 2025-05-29 01:09:31 --> Cart Class Initialized
INFO - 2025-05-29 01:09:32 --> Session: Class initialized using 'CodeIgniter\Session\Handlers\FileHandler' driver.
INFO - 2025-05-29 01:09:32 --> Cart Class Initialized
INFO - 2025-05-29 01:09:32 --> Session: Class initialized using 'CodeIgniter\Session\Handlers\FileHandler' driver.
INFO - 2025-05-29 01:09:32 --> Cart Class Initialized
INFO - 2025-05-29 01:09:35 --> Session: Class initialized using 'CodeIgniter\Session\Handlers\FileHandler' driver.
INFO - 2025-05-29 01:09:35 --> Cart Class Initialized
INFO - 2025-05-29 01:09:37 --> Session: Class initialized using 'CodeIgniter\Session\Handlers\FileHandler' driver.
INFO - 2025-05-29 01:09:37 --> Cart Class Initialized
INFO - 2025-05-29 01:09:37 --> Session: Class initialized using 'CodeIgniter\Session\Handlers\FileHandler' driver.
INFO - 2025-05-29 01:09:37 --> Cart Class Initialized
INFO - 2025-05-29 01:09:38 --> Session: Class initialized using 'CodeIgniter\Session\Handlers\FileHandler' driver.
INFO - 2025-05-29 01:09:38 --> Cart Class Initialized
INFO - 2025-05-29 01:09:39 --> Session: Class initialized using 'CodeIgniter\Session\Handlers\FileHandler' driver.
INFO - 2025-05-29 01:09:39 --> Cart Class Initialized
INFO - 2025-05-29 01:09:39 --> Session: Class initialized using 'CodeIgniter\Session\Handlers\FileHandler' driver.
INFO - 2025-05-29 01:09:39 --> Cart Class Initialized
INFO - 2025-05-29 01:09:42 --> Session: Class initialized using 'CodeIgniter\Session\Handlers\FileHandler' driver.
INFO - 2025-05-29 01:09:42 --> Cart Class Initialized
INFO - 2025-05-29 01:09:44 --> Session: Class initialized using 'CodeIgniter\Session\Handlers\FileHandler' driver.
INFO - 2025-05-29 01:09:44 --> Cart Class Initialized
INFO - 2025-05-29 01:09:44 --> Session: Class initialized using 'CodeIgniter\Session\Handlers\FileHandler' driver.
INFO - 2025-05-29 01:09:44 --> Cart Class Initialized
INFO - 2025-05-29 01:09:45 --> Session: Class initialized using 'CodeIgniter\Session\Handlers\FileHandler' driver.
INFO - 2025-05-29 01:09:45 --> Cart Class Initialized
INFO - 2025-05-29 01:12:22 --> Session: Class initialized using 'CodeIgniter\Session\Handlers\FileHandler' driver.
INFO - 2025-05-29 01:12:22 --> Cart Class Initialized
INFO - 2025-05-29 01:12:22 --> Session: Class initialized using 'CodeIgniter\Session\Handlers\FileHandler' driver.
INFO - 2025-05-29 01:12:22 --> Cart Class Initialized
INFO - 2025-05-29 01:12:25 --> Session: Class initialized using 'CodeIgniter\Session\Handlers\FileHandler' driver.
INFO - 2025-05-29 01:12:25 --> Cart Class Initialized
INFO - 2025-05-29 01:12:26 --> Session: Class initialized using 'CodeIgniter\Session\Handlers\FileHandler' driver.
INFO - 2025-05-29 01:12:26 --> Cart Class Initialized
INFO - 2025-05-29 01:12:27 --> Session: Class initialized using 'CodeIgniter\Session\Handlers\FileHandler' driver.
INFO - 2025-05-29 01:12:27 --> Cart Class Initialized
INFO - 2025-05-29 01:12:27 --> Session: Class initialized using 'CodeIgniter\Session\Handlers\FileHandler' driver.
INFO - 2025-05-29 01:12:27 --> Cart Class Initialized
INFO - 2025-05-29 01:12:29 --> Session: Class initialized using 'CodeIgniter\Session\Handlers\FileHandler' driver.
INFO - 2025-05-29 01:12:29 --> Cart Class Initialized
INFO - 2025-05-29 01:12:30 --> Session: Class initialized using 'CodeIgniter\Session\Handlers\FileHandler' driver.
INFO - 2025-05-29 01:12:30 --> Cart Class Initialized
INFO - 2025-05-29 01:12:30 --> Session: Class initialized using 'CodeIgniter\Session\Handlers\FileHandler' driver.
INFO - 2025-05-29 01:12:30 --> Cart Class Initialized
INFO - 2025-05-29 01:12:32 --> Session: Class initialized using 'CodeIgniter\Session\Handlers\FileHandler' driver.
INFO - 2025-05-29 01:12:32 --> Cart Class Initialized
INFO - 2025-05-29 01:16:01 --> Session: Class initialized using 'CodeIgniter\Session\Handlers\FileHandler' driver.
INFO - 2025-05-29 01:16:01 --> Cart Class Initialized
INFO - 2025-05-29 01:16:01 --> Session: Class initialized using 'CodeIgniter\Session\Handlers\FileHandler' driver.
INFO - 2025-05-29 01:16:01 --> Cart Class Initialized
INFO - 2025-05-29 01:16:02 --> Session: Class initialized using 'CodeIgniter\Session\Handlers\FileHandler' driver.
INFO - 2025-05-29 01:16:02 --> Cart Class Initialized
INFO - 2025-05-29 01:16:04 --> Session: Class initialized using 'CodeIgniter\Session\Handlers\FileHandler' driver.
INFO - 2025-05-29 01:16:04 --> Cart Class Initialized
INFO - 2025-05-29 01:16:04 --> Session: Class initialized using 'CodeIgniter\Session\Handlers\FileHandler' driver.
INFO - 2025-05-29 01:16:04 --> Cart Class Initialized
INFO - 2025-05-29 01:16:05 --> Session: Class initialized using 'CodeIgniter\Session\Handlers\FileHandler' driver.
INFO - 2025-05-29 01:16:05 --> Cart Class Initialized
INFO - 2025-05-29 01:16:06 --> Session: Class initialized using 'CodeIgniter\Session\Handlers\FileHandler' driver.
INFO - 2025-05-29 01:16:06 --> Cart Class Initialized
INFO - 2025-05-29 01:16:07 --> Session: Class initialized using 'CodeIgniter\Session\Handlers\FileHandler' driver.
INFO - 2025-05-29 01:16:07 --> Cart Class Initialized
INFO - 2025-05-29 01:16:07 --> Session: Class initialized using 'CodeIgniter\Session\Handlers\FileHandler' driver.
INFO - 2025-05-29 01:16:07 --> Cart Class Initialized
INFO - 2025-05-29 01:16:08 --> Session: Class initialized using 'CodeIgniter\Session\Handlers\FileHandler' driver.
INFO - 2025-05-29 01:16:08 --> Cart Class Initialized
INFO - 2025-05-29 01:16:09 --> Session: Class initialized using 'CodeIgniter\Session\Handlers\FileHandler' driver.
INFO - 2025-05-29 01:16:09 --> Cart Class Initialized
INFO - 2025-05-29 01:16:09 --> Session: Class initialized using 'CodeIgniter\Session\Handlers\FileHandler' driver.
INFO - 2025-05-29 01:16:09 --> Cart Class Initialized
INFO - 2025-05-29 01:16:10 --> Session: Class initialized using 'CodeIgniter\Session\Handlers\FileHandler' driver.
INFO - 2025-05-29 01:16:10 --> Cart Class Initialized
INFO - 2025-05-29 01:16:31 --> Session: Class initialized using 'CodeIgniter\Session\Handlers\FileHandler' driver.
INFO - 2025-05-29 01:16:31 --> Cart Class Initialized
INFO - 2025-05-29 01:16:31 --> Session: Class initialized using 'CodeIgniter\Session\Handlers\FileHandler' driver.
INFO - 2025-05-29 01:16:31 --> Cart Class Initialized
INFO - 2025-05-29 01:16:32 --> Session: Class initialized using 'CodeIgniter\Session\Handlers\FileHandler' driver.
INFO - 2025-05-29 01:16:32 --> Cart Class Initialized
INFO - 2025-05-29 01:16:33 --> Session: Class initialized using 'CodeIgniter\Session\Handlers\FileHandler' driver.
INFO - 2025-05-29 01:16:33 --> Cart Class Initialized
INFO - 2025-05-29 01:16:33 --> Session: Class initialized using 'CodeIgniter\Session\Handlers\FileHandler' driver.
INFO - 2025-05-29 01:16:33 --> Cart Class Initialized
INFO - 2025-05-29 01:16:35 --> Session: Class initialized using 'CodeIgniter\Session\Handlers\FileHandler' driver.
INFO - 2025-05-29 01:16:35 --> Cart Class Initialized
INFO - 2025-05-29 01:17:02 --> Session: Class initialized using 'CodeIgniter\Session\Handlers\FileHandler' driver.
INFO - 2025-05-29 01:17:02 --> Cart Class Initialized
INFO - 2025-05-29 01:17:03 --> Session: Class initialized using 'CodeIgniter\Session\Handlers\FileHandler' driver.
INFO - 2025-05-29 01:17:03 --> Cart Class Initialized
INFO - 2025-05-29 01:17:03 --> Session: Class initialized using 'CodeIgniter\Session\Handlers\FileHandler' driver.
INFO - 2025-05-29 01:17:03 --> Cart Class Initialized
INFO - 2025-05-29 01:17:04 --> Session: Class initialized using 'CodeIgniter\Session\Handlers\FileHandler' driver.
INFO - 2025-05-29 01:17:04 --> Cart Class Initialized
INFO - 2025-05-29 01:17:05 --> Session: Class initialized using 'CodeIgniter\Session\Handlers\FileHandler' driver.
INFO - 2025-05-29 01:17:05 --> Cart Class Initialized
INFO - 2025-05-29 01:17:05 --> Session: Class initialized using 'CodeIgniter\Session\Handlers\FileHandler' driver.
INFO - 2025-05-29 01:17:05 --> Cart Class Initialized
INFO - 2025-05-29 01:17:08 --> Session: Class initialized using 'CodeIgniter\Session\Handlers\FileHandler' driver.
INFO - 2025-05-29 01:17:08 --> Cart Class Initialized
INFO - 2025-05-29 01:17:09 --> Session: Class initialized using 'CodeIgniter\Session\Handlers\FileHandler' driver.
INFO - 2025-05-29 01:17:09 --> Cart Class Initialized
INFO - 2025-05-29 01:17:09 --> Session: Class initialized using 'CodeIgniter\Session\Handlers\FileHandler' driver.
INFO - 2025-05-29 01:17:09 --> Cart Class Initialized
INFO - 2025-05-29 01:17:10 --> Session: Class initialized using 'CodeIgniter\Session\Handlers\FileHandler' driver.
INFO - 2025-05-29 01:17:10 --> Cart Class Initialized
INFO - 2025-05-29 01:17:11 --> Session: Class initialized using 'CodeIgniter\Session\Handlers\FileHandler' driver.
INFO - 2025-05-29 01:17:11 --> Cart Class Initialized
INFO - 2025-05-29 01:17:11 --> Session: Class initialized using 'CodeIgniter\Session\Handlers\FileHandler' driver.
INFO - 2025-05-29 01:17:11 --> Cart Class Initialized
INFO - 2025-05-29 01:17:13 --> Session: Class initialized using 'CodeIgniter\Session\Handlers\FileHandler' driver.
INFO - 2025-05-29 01:17:13 --> Cart Class Initialized
INFO - 2025-05-29 23:05:27 --> Session: Class initialized using 'CodeIgniter\Session\Handlers\FileHandler' driver.
INFO - 2025-05-29 23:05:27 --> Cart Class Initialized
INFO - 2025-05-29 23:05:36 --> Session: Class initialized using 'CodeIgniter\Session\Handlers\FileHandler' driver.
INFO - 2025-05-29 23:05:36 --> Cart Class Initialized
INFO - 2025-05-29 23:05:43 --> Session: Class initialized using 'CodeIgniter\Session\Handlers\FileHandler' driver.
INFO - 2025-05-29 23:05:43 --> Cart Class Initialized
INFO - 2025-05-29 23:05:53 --> Session: Class initialized using 'CodeIgniter\Session\Handlers\FileHandler' driver.
INFO - 2025-05-29 23:05:53 --> Cart Class Initialized
INFO - 2025-05-29 23:06:02 --> Session: Class initialized using 'CodeIgniter\Session\Handlers\FileHandler' driver.
INFO - 2025-05-29 23:06:02 --> Cart Class Initialized
INFO - 2025-05-29 23:06:10 --> Session: Class initialized using 'CodeIgniter\Session\Handlers\FileHandler' driver.
INFO - 2025-05-29 23:06:10 --> Cart Class Initialized
INFO - 2025-05-29 23:06:21 --> Session: Class initialized using 'CodeIgniter\Session\Handlers\FileHandler' driver.
INFO - 2025-05-29 23:06:21 --> Cart Class Initialized
INFO - 2025-05-29 23:06:23 --> Session: Class initialized using 'CodeIgniter\Session\Handlers\FileHandler' driver.
INFO - 2025-05-29 23:06:23 --> Cart Class Initialized
INFO - 2025-05-29 23:06:29 --> Session: Class initialized using 'CodeIgniter\Session\Handlers\FileHandler' driver.
INFO - 2025-05-29 23:06:29 --> Session: Class initialized using 'CodeIgniter\Session\Handlers\FileHandler' driver.
INFO - 2025-05-29 23:06:29 --> Cart Class Initialized
INFO - 2025-05-29 23:06:31 --> Session: Class initialized using 'CodeIgniter\Session\Handlers\FileHandler' driver.
INFO - 2025-05-29 23:06:31 --> Cart Class Initialized
INFO - 2025-05-29 23:06:37 --> Session: Class initialized using 'CodeIgniter\Session\Handlers\FileHandler' driver.
INFO - 2025-05-29 23:06:37 --> Cart Class Initialized
INFO - 2025-05-29 23:06:46 --> Session: Class initialized using 'CodeIgniter\Session\Handlers\FileHandler' driver.
INFO - 2025-05-29 23:06:46 --> Cart Class Initialized
INFO - 2025-05-29 23:06:46 --> Session: Class initialized using 'CodeIgniter\Session\Handlers\FileHandler' driver.
INFO - 2025-05-29 23:06:46 --> Cart Class Initialized
INFO - 2025-05-29 23:06:49 --> Session: Class initialized using 'CodeIgniter\Session\Handlers\FileHandler' driver.
INFO - 2025-05-29 23:06:52 --> Session: Class initialized using 'CodeIgniter\Session\Handlers\FileHandler' driver.
INFO - 2025-05-29 23:06:52 --> Cart Class Initialized
INFO - 2025-05-29 23:06:54 --> Session: Class initialized using 'CodeIgniter\Session\Handlers\FileHandler' driver.
INFO - 2025-05-29 23:06:54 --> Session: Class initialized using 'CodeIgniter\Session\Handlers\FileHandler' driver.
INFO - 2025-05-29 23:06:54 --> Cart Class Initialized
INFO - 2025-05-29 23:07:00 --> Session: Class initialized using 'CodeIgniter\Session\Handlers\FileHandler' driver.
INFO - 2025-05-29 23:07:00 --> Session: Class initialized using 'CodeIgniter\Session\Handlers\FileHandler' driver.
INFO - 2025-05-29 23:07:00 --> Cart Class Initialized
INFO - 2025-05-29 23:07:02 --> Session: Class initialized using 'CodeIgniter\Session\Handlers\FileHandler' driver.
INFO - 2025-05-29 23:07:02 --> Cart Class Initialized
INFO - 2025-05-29 23:07:03 --> Session: Class initialized using 'CodeIgniter\Session\Handlers\FileHandler' driver.
INFO - 2025-05-29 23:07:03 --> Cart Class Initialized
INFO - 2025-05-29 23:07:04 --> Session: Class initialized using 'CodeIgniter\Session\Handlers\FileHandler' driver.
INFO - 2025-05-29 23:07:04 --> Cart Class Initialized
INFO - 2025-05-29 23:07:05 --> Session: Class initialized using 'CodeIgniter\Session\Handlers\FileHandler' driver.
INFO - 2025-05-29 23:07:05 --> Cart Class Initialized
INFO - 2025-05-29 23:07:05 --> Session: Class initialized using 'CodeIgniter\Session\Handlers\FileHandler' driver.
INFO - 2025-05-29 23:07:05 --> Cart Class Initialized
INFO - 2025-05-29 23:07:08 --> Session: Class initialized using 'CodeIgniter\Session\Handlers\FileHandler' driver.
INFO - 2025-05-29 23:07:08 --> Cart Class Initialized
INFO - 2025-05-29 23:07:08 --> Session: Class initialized using 'CodeIgniter\Session\Handlers\FileHandler' driver.
INFO - 2025-05-29 23:07:08 --> Cart Class Initialized
INFO - 2025-05-29 23:07:09 --> Session: Class initialized using 'CodeIgniter\Session\Handlers\FileHandler' driver.
INFO - 2025-05-29 23:07:09 --> Cart Class Initialized
INFO - 2025-05-29 23:07:09 --> Session: Class initialized using 'CodeIgniter\Session\Handlers\FileHandler' driver.
INFO - 2025-05-29 23:07:09 --> Cart Class Initialized
INFO - 2025-05-29 23:07:10 --> Session: Class initialized using 'CodeIgniter\Session\Handlers\FileHandler' driver.
INFO - 2025-05-29 23:07:10 --> Cart Class Initialized
INFO - 2025-05-29 23:07:14 --> Session: Class initialized using 'CodeIgniter\Session\Handlers\FileHandler' driver.
INFO - 2025-05-29 23:07:14 --> Cart Class Initialized
INFO - 2025-05-29 23:07:15 --> Session: Class initialized using 'CodeIgniter\Session\Handlers\FileHandler' driver.
INFO - 2025-05-29 23:07:15 --> Cart Class Initialized
INFO - 2025-05-29 23:07:15 --> Session: Class initialized using 'CodeIgniter\Session\Handlers\FileHandler' driver.
INFO - 2025-05-29 23:07:15 --> Cart Class Initialized
INFO - 2025-05-29 23:07:16 --> Session: Class initialized using 'CodeIgniter\Session\Handlers\FileHandler' driver.
INFO - 2025-05-29 23:07:16 --> Cart Class Initialized
INFO - 2025-05-29 23:07:17 --> Session: Class initialized using 'CodeIgniter\Session\Handlers\FileHandler' driver.
INFO - 2025-05-29 23:07:17 --> Cart Class Initialized
INFO - 2025-05-29 23:07:17 --> Session: Class initialized using 'CodeIgniter\Session\Handlers\FileHandler' driver.
INFO - 2025-05-29 23:07:17 --> Cart Class Initialized
INFO - 2025-05-29 23:07:18 --> Session: Class initialized using 'CodeIgniter\Session\Handlers\FileHandler' driver.
INFO - 2025-05-29 23:07:18 --> Cart Class Initialized
INFO - 2025-05-29 23:07:18 --> Session: Class initialized using 'CodeIgniter\Session\Handlers\FileHandler' driver.
INFO - 2025-05-29 23:07:18 --> Cart Class Initialized
INFO - 2025-05-29 23:07:18 --> Session: Class initialized using 'CodeIgniter\Session\Handlers\FileHandler' driver.
INFO - 2025-05-29 23:07:18 --> Cart Class Initialized
INFO - 2025-05-29 23:07:19 --> Session: Class initialized using 'CodeIgniter\Session\Handlers\FileHandler' driver.
INFO - 2025-05-29 23:07:19 --> Cart Class Initialized
INFO - 2025-05-29 23:07:22 --> Session: Class initialized using 'CodeIgniter\Session\Handlers\FileHandler' driver.
INFO - 2025-05-29 23:07:22 --> Cart Class Initialized
INFO - 2025-05-29 23:07:22 --> Session: Class initialized using 'CodeIgniter\Session\Handlers\FileHandler' driver.
INFO - 2025-05-29 23:07:22 --> Cart Class Initialized
INFO - 2025-05-29 23:07:35 --> Session: Class initialized using 'CodeIgniter\Session\Handlers\FileHandler' driver.
INFO - 2025-05-29 23:07:35 --> Cart Class Initialized
INFO - 2025-05-29 23:07:36 --> Session: Class initialized using 'CodeIgniter\Session\Handlers\FileHandler' driver.
INFO - 2025-05-29 23:07:36 --> Cart Class Initialized
INFO - 2025-05-29 23:07:37 --> Session: Class initialized using 'CodeIgniter\Session\Handlers\FileHandler' driver.
INFO - 2025-05-29 23:07:37 --> Session: Class initialized using 'CodeIgniter\Session\Handlers\FileHandler' driver.
INFO - 2025-05-29 23:07:37 --> Cart Class Initialized
INFO - 2025-05-29 23:41:05 --> Session: Class initialized using 'CodeIgniter\Session\Handlers\FileHandler' driver.
INFO - 2025-05-29 23:41:05 --> Session: Class initialized using 'CodeIgniter\Session\Handlers\FileHandler' driver.
INFO - 2025-05-29 23:41:05 --> Cart Class Initialized
INFO - 2025-05-29 23:41:07 --> Session: Class initialized using 'CodeIgniter\Session\Handlers\FileHandler' driver.
INFO - 2025-05-29 23:41:07 --> Cart Class Initialized
INFO - 2025-05-29 23:41:07 --> Session: Class initialized using 'CodeIgniter\Session\Handlers\FileHandler' driver.
INFO - 2025-05-29 23:41:07 --> Cart Class Initialized
INFO - 2025-05-29 23:58:13 --> Session: Class initialized using 'CodeIgniter\Session\Handlers\FileHandler' driver.
INFO - 2025-05-29 23:58:13 --> Session: Class initialized using 'CodeIgniter\Session\Handlers\FileHandler' driver.
INFO - 2025-05-29 23:58:13 --> Cart Class Initialized
INFO - 2025-05-29 23:58:21 --> Session: Class initialized using 'CodeIgniter\Session\Handlers\FileHandler' driver.
INFO - 2025-05-29 23:58:21 --> Session: Class initialized using 'CodeIgniter\Session\Handlers\FileHandler' driver.
INFO - 2025-05-29 23:58:21 --> Cart Class Initialized
INFO - 2025-05-29 23:58:40 --> Session: Class initialized using 'CodeIgniter\Session\Handlers\FileHandler' driver.
INFO - 2025-05-29 23:58:40 --> Cart Class Initialized
INFO - 2025-05-29 23:58:41 --> Session: Class initialized using 'CodeIgniter\Session\Handlers\FileHandler' driver.
INFO - 2025-05-29 23:58:41 --> Cart Class Initialized
INFO - 2025-05-29 23:58:41 --> Session: Class initialized using 'CodeIgniter\Session\Handlers\FileHandler' driver.
INFO - 2025-05-29 23:58:41 --> Cart Class Initialized
INFO - 2025-05-29 23:58:42 --> Session: Class initialized using 'CodeIgniter\Session\Handlers\FileHandler' driver.
INFO - 2025-05-29 23:58:42 --> Cart Class Initialized
INFO - 2025-05-29 23:58:43 --> Session: Class initialized using 'CodeIgniter\Session\Handlers\FileHandler' driver.
INFO - 2025-05-29 23:58:43 --> Cart Class Initialized
INFO - 2025-05-29 23:58:44 --> Session: Class initialized using 'CodeIgniter\Session\Handlers\FileHandler' driver.
INFO - 2025-05-29 23:58:44 --> Cart Class Initialized
INFO - 2025-05-29 23:58:44 --> Session: Class initialized using 'CodeIgniter\Session\Handlers\FileHandler' driver.
INFO - 2025-05-29 23:58:44 --> Cart Class Initialized
INFO - 2025-05-29 23:58:45 --> Session: Class initialized using 'CodeIgniter\Session\Handlers\FileHandler' driver.
INFO - 2025-05-29 23:58:45 --> Cart Class Initialized
INFO - 2025-05-29 23:58:45 --> Session: Class initialized using 'CodeIgniter\Session\Handlers\FileHandler' driver.
INFO - 2025-05-29 23:58:45 --> Cart Class Initialized
INFO - 2025-05-29 23:58:50 --> Session: Class initialized using 'CodeIgniter\Session\Handlers\FileHandler' driver.
INFO - 2025-05-29 23:58:50 --> Cart Class Initialized
INFO - 2025-05-29 23:59:22 --> Session: Class initialized using 'CodeIgniter\Session\Handlers\FileHandler' driver.
INFO - 2025-05-29 23:59:22 --> Cart Class Initialized
INFO - 2025-05-29 23:59:22 --> Session: Class initialized using 'CodeIgniter\Session\Handlers\FileHandler' driver.
INFO - 2025-05-29 23:59:22 --> Cart Class Initialized
